[ 2018-01-24T14:59:20+08:00 ] 127.0.0.1 /
INFO: [ app_init ] --START--
INFO: Run Behavior\BuildLiteBehavior [ RunTime:0.000000s ]
INFO: [ app_init ] --END-- [ RunTime:0.000000s ]
INFO: [ app_begin ] --START--
INFO: Run Behavior\ReadHtmlCacheBehavior [ RunTime:0.001000s ]
INFO: [ app_begin ] --END-- [ RunTime:0.001000s ]
INFO: [ view_parse ] --START--
INFO: [ template_filter ] --START--
INFO: Run Behavior\ContentReplaceBehavior [ RunTime:0.000000s ]
INFO: [ template_filter ] --END-- [ RunTime:0.000000s ]
INFO: Run Behavior\ParseTemplateBehavior [ RunTime:0.014000s ]
INFO: [ view_parse ] --END-- [ RunTime:0.014000s ]
INFO: [ view_filter ] --START--
INFO: Run Behavior\WriteHtmlCacheBehavior [ RunTime:0.000000s ]
INFO: [ view_filter ] --END-- [ RunTime:0.000000s ]
INFO: [ app_end ] --START--
INFO: Run Behavior\ShowPageTraceBehavior [ RunTime:0.001000s ]
INFO: [ app_end ] --END-- [ RunTime:0.001000s ]

[ 2018-01-24T14:59:20+08:00 ] 127.0.0.1 /Admin/Verification/gt.html
INFO: [ app_init ] --START--
INFO: Run Behavior\BuildLiteBehavior [ RunTime:0.000000s ]
INFO: [ app_init ] --END-- [ RunTime:0.001000s ]
INFO: [ app_begin ] --START--
INFO: Run Behavior\ReadHtmlCacheBehavior [ RunTime:0.001000s ]
INFO: [ app_begin ] --END-- [ RunTime:0.001000s ]

[ 2018-01-24T14:59:23+08:00 ] 127.0.0.1 /Admin/Login/login.html
INFO: [ app_init ] --START--
INFO: Run Behavior\BuildLiteBehavior [ RunTime:0.000000s ]
INFO: [ app_init ] --END-- [ RunTime:0.000000s ]
INFO: [ app_begin ] --START--
INFO: Run Behavior\ReadHtmlCacheBehavior [ RunTime:0.000000s ]
INFO: [ app_begin ] --END-- [ RunTime:0.000000s ]
SQL: SELECT * FROM `api_user` WHERE `username` = 'kpzadmin  ' AND `password` = '87543278f1315d89849abcc67735def3' LIMIT 1   [ RunTime:0.0320s ]
SQL: SELECT * FROM `api_user_data` WHERE `uid` = '1' LIMIT 1   [ RunTime:0.0320s ]
SQL: UPDATE `api_user_data` SET `loginTimes`='430',`lastLoginIp`='2130706433',`lastLoginTime`='1516777162' WHERE `uid` = '1' [ RunTime:0.0390s ]

[ 2018-01-24T14:59:25+08:00 ] 127.0.0.1 /Admin/Index/index.html
INFO: [ app_init ] --START--
INFO: Run Behavior\BuildLiteBehavior [ RunTime:0.000000s ]
INFO: [ app_init ] --END-- [ RunTime:0.001000s ]
INFO: [ app_begin ] --START--
INFO: Run Behavior\ReadHtmlCacheBehavior [ RunTime:0.000000s ]
INFO: [ app_begin ] --END-- [ RunTime:0.000000s ]
SQL: SELECT * FROM `api_menu` ORDER BY sort asc  [ RunTime:0.0370s ]
SQL: SELECT * FROM `api_menu` WHERE `url` = 'Index/index' LIMIT 1   [ RunTime:0.0370s ]
SQL: SELECT * FROM `api_user` WHERE `id` = '1' LIMIT 1   [ RunTime:0.0370s ]
INFO: [ view_parse ] --START--
INFO: [ template_filter ] --START--
INFO: Run Behavior\ContentReplaceBehavior [ RunTime:0.000000s ]
INFO: [ template_filter ] --END-- [ RunTime:0.000000s ]
INFO: Run Behavior\ParseTemplateBehavior [ RunTime:0.011000s ]
INFO: [ view_parse ] --END-- [ RunTime:0.011000s ]
INFO: [ view_filter ] --START--
INFO: Run Behavior\WriteHtmlCacheBehavior [ RunTime:0.001000s ]
INFO: [ view_filter ] --END-- [ RunTime:0.001000s ]
INFO: [ app_end ] --START--
INFO: Run Behavior\ShowPageTraceBehavior [ RunTime:0.001000s ]
INFO: [ app_end ] --END-- [ RunTime:0.001000s ]

[ 2018-01-24T14:59:25+08:00 ] 127.0.0.1 /Admin/Index/welcome.html
INFO: [ app_init ] --START--
INFO: Run Behavior\BuildLiteBehavior [ RunTime:0.000000s ]
INFO: [ app_init ] --END-- [ RunTime:0.000000s ]
INFO: [ app_begin ] --START--
INFO: Run Behavior\ReadHtmlCacheBehavior [ RunTime:0.000000s ]
INFO: [ app_begin ] --END-- [ RunTime:0.000000s ]
SQL: SELECT * FROM `api_menu` ORDER BY sort asc  [ RunTime:0.0390s ]
SQL: SELECT * FROM `api_menu` WHERE `url` = 'Index/welcome' LIMIT 1   [ RunTime:0.0370s ]
SQL: SELECT * FROM `api_user` WHERE `id` = '1' LIMIT 1   [ RunTime:0.0380s ]
INFO: [ view_parse ] --START--
INFO: [ template_filter ] --START--
INFO: Run Behavior\ContentReplaceBehavior [ RunTime:0.001000s ]
INFO: [ template_filter ] --END-- [ RunTime:0.001000s ]
INFO: Run Behavior\ParseTemplateBehavior [ RunTime:0.006000s ]
INFO: [ view_parse ] --END-- [ RunTime:0.006000s ]
INFO: [ view_filter ] --START--
INFO: Run Behavior\WriteHtmlCacheBehavior [ RunTime:0.000000s ]
INFO: [ view_filter ] --END-- [ RunTime:0.000000s ]
INFO: [ app_end ] --START--
INFO: Run Behavior\ShowPageTraceBehavior [ RunTime:0.000000s ]
INFO: [ app_end ] --END-- [ RunTime:0.000000s ]

[ 2018-01-24T14:59:33+08:00 ] 127.0.0.1 /Admin/Coupon/index.html
INFO: [ app_init ] --START--
INFO: Run Behavior\BuildLiteBehavior [ RunTime:0.000000s ]
INFO: [ app_init ] --END-- [ RunTime:0.000000s ]
INFO: [ app_begin ] --START--
INFO: Run Behavior\ReadHtmlCacheBehavior [ RunTime:0.000000s ]
INFO: [ app_begin ] --END-- [ RunTime:0.000000s ]
SQL: SHOW COLUMNS FROM `api_coupon` [ RunTime:0.0380s ]
SQL: SELECT * FROM `api_menu` ORDER BY sort asc  [ RunTime:0.0420s ]
SQL: SELECT * FROM `api_menu` WHERE `url` = 'Coupon/index' LIMIT 1   [ RunTime:0.0370s ]
SQL: SELECT * FROM `api_user` WHERE `id` = '1' LIMIT 1   [ RunTime:0.0370s ]
SQL: SHOW COLUMNS FROM `api_coupon` [ RunTime:0.0390s ]
NOTIC: [8] Undefined index: p D:\phpStudy\WWW\csj\trunk\php\project\backend\Application\Admin\Model\CouponModel.class.php 第 28 行.
NOTIC: [2] Invalid argument supplied for foreach() D:\phpStudy\WWW\csj\trunk\php\project\ThinkPHP\Library\Think\Db\Driver.class.php 第 503 行.
SQL: SELECT api_coupon.*,api_merchant.title FROM `api_coupon` left join api_merchant  ON  api_coupon.merchant_id = api_merchant.id   ORDER BY id asc LIMIT 0,20   [ RunTime:0.0400s ]
NOTIC: [2] Invalid argument supplied for foreach() D:\phpStudy\WWW\csj\trunk\php\project\ThinkPHP\Library\Think\Db\Driver.class.php 第 503 行.
SQL: SELECT COUNT(*) AS tp_count FROM `api_coupon` left join api_merchant ON api_merchant.id = api_coupon.merchant_id  LIMIT 1   [ RunTime:0.0370s ]
INFO: [ view_parse ] --START--
INFO: [ template_filter ] --START--
INFO: Run Behavior\ContentReplaceBehavior [ RunTime:0.000000s ]
INFO: [ template_filter ] --END-- [ RunTime:0.001000s ]
INFO: Run Behavior\ParseTemplateBehavior [ RunTime:0.027000s ]
INFO: [ view_parse ] --END-- [ RunTime:0.027000s ]
INFO: [ view_filter ] --START--
INFO: Run Behavior\WriteHtmlCacheBehavior [ RunTime:0.000000s ]
INFO: [ view_filter ] --END-- [ RunTime:0.000000s ]
INFO: [ app_end ] --START--
INFO: Run Behavior\ShowPageTraceBehavior [ RunTime:0.001000s ]
INFO: [ app_end ] --END-- [ RunTime:0.001000s ]

[ 2018-01-24T15:00:09+08:00 ] 127.0.0.1 /Admin/Index/index.html
INFO: [ app_init ] --START--
INFO: Run Behavior\BuildLiteBehavior [ RunTime:0.000000s ]
INFO: [ app_init ] --END-- [ RunTime:0.000000s ]
INFO: [ app_begin ] --START--
INFO: Run Behavior\ReadHtmlCacheBehavior [ RunTime:0.000000s ]
INFO: [ app_begin ] --END-- [ RunTime:0.000000s ]
SQL: SELECT * FROM `api_menu` ORDER BY sort asc  [ RunTime:0.0090s ]
SQL: SELECT * FROM `api_menu` WHERE `url` = 'Index/index' LIMIT 1   [ RunTime:0.0060s ]
SQL: SELECT * FROM `api_user` WHERE `id` = '1' LIMIT 1   [ RunTime:0.0060s ]
INFO: [ view_parse ] --START--
INFO: [ template_filter ] --START--
INFO: Run Behavior\ContentReplaceBehavior [ RunTime:0.000000s ]
INFO: [ template_filter ] --END-- [ RunTime:0.000000s ]
INFO: Run Behavior\ParseTemplateBehavior [ RunTime:0.006000s ]
INFO: [ view_parse ] --END-- [ RunTime:0.006000s ]
INFO: [ view_filter ] --START--
INFO: Run Behavior\WriteHtmlCacheBehavior [ RunTime:0.000000s ]
INFO: [ view_filter ] --END-- [ RunTime:0.000000s ]
INFO: [ app_end ] --START--
INFO: Run Behavior\ShowPageTraceBehavior [ RunTime:0.000000s ]
INFO: [ app_end ] --END-- [ RunTime:0.000000s ]

[ 2018-01-24T15:00:09+08:00 ] 127.0.0.1 /Admin/Index/welcome.html
INFO: [ app_init ] --START--
INFO: Run Behavior\BuildLiteBehavior [ RunTime:0.000000s ]
INFO: [ app_init ] --END-- [ RunTime:0.000000s ]
INFO: [ app_begin ] --START--
INFO: Run Behavior\ReadHtmlCacheBehavior [ RunTime:0.000000s ]
INFO: [ app_begin ] --END-- [ RunTime:0.000000s ]
SQL: SELECT * FROM `api_menu` ORDER BY sort asc  [ RunTime:0.0090s ]
SQL: SELECT * FROM `api_menu` WHERE `url` = 'Index/welcome' LIMIT 1   [ RunTime:0.0060s ]
SQL: SELECT * FROM `api_user` WHERE `id` = '1' LIMIT 1   [ RunTime:0.0060s ]
INFO: [ view_parse ] --START--
INFO: [ template_filter ] --START--
INFO: Run Behavior\ContentReplaceBehavior [ RunTime:0.000000s ]
INFO: [ template_filter ] --END-- [ RunTime:0.000000s ]
INFO: Run Behavior\ParseTemplateBehavior [ RunTime:0.004000s ]
INFO: [ view_parse ] --END-- [ RunTime:0.004000s ]
INFO: [ view_filter ] --START--
INFO: Run Behavior\WriteHtmlCacheBehavior [ RunTime:0.000000s ]
INFO: [ view_filter ] --END-- [ RunTime:0.000000s ]
INFO: [ app_end ] --START--
INFO: Run Behavior\ShowPageTraceBehavior [ RunTime:0.000000s ]
INFO: [ app_end ] --END-- [ RunTime:0.000000s ]

[ 2018-01-24T15:00:20+08:00 ] 127.0.0.1 /Admin/Merchant/index.html
INFO: [ app_init ] --START--
INFO: Run Behavior\BuildLiteBehavior [ RunTime:0.000000s ]
INFO: [ app_init ] --END-- [ RunTime:0.000000s ]
INFO: [ app_begin ] --START--
INFO: Run Behavior\ReadHtmlCacheBehavior [ RunTime:0.000000s ]
INFO: [ app_begin ] --END-- [ RunTime:0.000000s ]
SQL: SHOW COLUMNS FROM `api_merchant` [ RunTime:0.0070s ]
NOTIC: [8] Undefined index: status D:\phpStudy\WWW\csj\trunk\php\project\backend\Application\Admin\Model\MerchantModel.class.php 第 121 行.
NOTIC: [8] Undefined variable: where D:\phpStudy\WWW\csj\trunk\php\project\backend\Application\Admin\Model\MerchantModel.class.php 第 127 行.
SQL: SELECT COUNT(*) AS tp_count FROM `api_merchant` LIMIT 1   [ RunTime:0.0050s ]
NOTIC: [8] Undefined variable: where D:\phpStudy\WWW\csj\trunk\php\project\backend\Application\Admin\Model\MerchantModel.class.php 第 129 行.
SQL: SELECT `id`,`title`,`tel`,`status`,`begin_time`,`end_time`,`avg_consume`,`preordain_cycle`,from_unixtime(created_time) as created_time FROM `api_merchant` LIMIT 0,20   [ RunTime:0.0060s ]
INFO: [ view_parse ] --START--
INFO: [ template_filter ] --START--
INFO: Run Behavior\ContentReplaceBehavior [ RunTime:0.000000s ]
INFO: [ template_filter ] --END-- [ RunTime:0.000000s ]
NOTIC: [8] Undefined index: logo D:\phpStudy\WWW\csj\trunk\php\project\backend\Application\Runtime\Cache\Admin\d278e6bf5e2b672db9da7a76be6ae9fd.php 第 50 行.
NOTIC: [8] Undefined index: logo D:\phpStudy\WWW\csj\trunk\php\project\backend\Application\Runtime\Cache\Admin\d278e6bf5e2b672db9da7a76be6ae9fd.php 第 50 行.
NOTIC: [8] Undefined index: logo D:\phpStudy\WWW\csj\trunk\php\project\backend\Application\Runtime\Cache\Admin\d278e6bf5e2b672db9da7a76be6ae9fd.php 第 50 行.
NOTIC: [8] Undefined index: logo D:\phpStudy\WWW\csj\trunk\php\project\backend\Application\Runtime\Cache\Admin\d278e6bf5e2b672db9da7a76be6ae9fd.php 第 50 行.
NOTIC: [8] Undefined index: logo D:\phpStudy\WWW\csj\trunk\php\project\backend\Application\Runtime\Cache\Admin\d278e6bf5e2b672db9da7a76be6ae9fd.php 第 50 行.
NOTIC: [8] Undefined index: logo D:\phpStudy\WWW\csj\trunk\php\project\backend\Application\Runtime\Cache\Admin\d278e6bf5e2b672db9da7a76be6ae9fd.php 第 50 行.
NOTIC: [8] Undefined index: logo D:\phpStudy\WWW\csj\trunk\php\project\backend\Application\Runtime\Cache\Admin\d278e6bf5e2b672db9da7a76be6ae9fd.php 第 50 行.
INFO: Run Behavior\ParseTemplateBehavior [ RunTime:0.011000s ]
INFO: [ view_parse ] --END-- [ RunTime:0.011000s ]
INFO: [ view_filter ] --START--
INFO: Run Behavior\WriteHtmlCacheBehavior [ RunTime:0.000000s ]
INFO: [ view_filter ] --END-- [ RunTime:0.000000s ]
INFO: [ app_end ] --START--
INFO: Run Behavior\ShowPageTraceBehavior [ RunTime:0.001000s ]
INFO: [ app_end ] --END-- [ RunTime:0.001000s ]

[ 2018-01-24T15:00:22+08:00 ] 127.0.0.1 /Admin/Merchant/edit/id/1.html
INFO: [ app_init ] --START--
INFO: Run Behavior\BuildLiteBehavior [ RunTime:0.000000s ]
INFO: [ app_init ] --END-- [ RunTime:0.001000s ]
INFO: [ app_begin ] --START--
INFO: Run Behavior\ReadHtmlCacheBehavior [ RunTime:0.001000s ]
INFO: [ app_begin ] --END-- [ RunTime:0.001000s ]
SQL: SHOW COLUMNS FROM `api_merchant` [ RunTime:0.0060s ]
SQL: SELECT * FROM `api_merchant` WHERE `id` = 1 LIMIT 1   [ RunTime:0.0080s ]
INFO: [ view_parse ] --START--
INFO: [ template_filter ] --START--
INFO: Run Behavior\ContentReplaceBehavior [ RunTime:0.001000s ]
INFO: [ template_filter ] --END-- [ RunTime:0.001000s ]
INFO: Run Behavior\ParseTemplateBehavior [ RunTime:0.025000s ]
INFO: [ view_parse ] --END-- [ RunTime:0.025000s ]
INFO: [ view_filter ] --START--
INFO: Run Behavior\WriteHtmlCacheBehavior [ RunTime:0.000000s ]
INFO: [ view_filter ] --END-- [ RunTime:0.000000s ]
INFO: [ app_end ] --START--
INFO: Run Behavior\ShowPageTraceBehavior [ RunTime:0.001000s ]
INFO: [ app_end ] --END-- [ RunTime:0.001000s ]

[ 2018-01-24T15:00:49+08:00 ] 127.0.0.1 /Admin/Index/index.html
INFO: [ app_init ] --START--
INFO: Run Behavior\BuildLiteBehavior [ RunTime:0.000000s ]
INFO: [ app_init ] --END-- [ RunTime:0.001000s ]
INFO: [ app_begin ] --START--
INFO: Run Behavior\ReadHtmlCacheBehavior [ RunTime:0.000000s ]
INFO: [ app_begin ] --END-- [ RunTime:0.000000s ]
SQL: SELECT * FROM `api_menu` ORDER BY sort asc  [ RunTime:0.0340s ]
SQL: SELECT * FROM `api_menu` WHERE `url` = 'Index/index' LIMIT 1   [ RunTime:0.0310s ]
SQL: SELECT * FROM `api_user` WHERE `id` = '1' LIMIT 1   [ RunTime:0.0320s ]
INFO: [ view_parse ] --START--
INFO: [ template_filter ] --START--
INFO: Run Behavior\ContentReplaceBehavior [ RunTime:0.000000s ]
INFO: [ template_filter ] --END-- [ RunTime:0.000000s ]
INFO: Run Behavior\ParseTemplateBehavior [ RunTime:0.003000s ]
INFO: [ view_parse ] --END-- [ RunTime:0.003000s ]
INFO: [ view_filter ] --START--
INFO: Run Behavior\WriteHtmlCacheBehavior [ RunTime:0.000000s ]
INFO: [ view_filter ] --END-- [ RunTime:0.001000s ]
INFO: [ app_end ] --START--
INFO: Run Behavior\ShowPageTraceBehavior [ RunTime:0.000000s ]
INFO: [ app_end ] --END-- [ RunTime:0.000000s ]

[ 2018-01-24T15:00:49+08:00 ] 127.0.0.1 /Admin/Index/welcome.html
INFO: [ app_init ] --START--
INFO: Run Behavior\BuildLiteBehavior [ RunTime:0.000000s ]
INFO: [ app_init ] --END-- [ RunTime:0.000000s ]
INFO: [ app_begin ] --START--
INFO: Run Behavior\ReadHtmlCacheBehavior [ RunTime:0.001000s ]
INFO: [ app_begin ] --END-- [ RunTime:0.001000s ]
SQL: SELECT * FROM `api_menu` ORDER BY sort asc  [ RunTime:0.0380s ]
SQL: SELECT * FROM `api_menu` WHERE `url` = 'Index/welcome' LIMIT 1   [ RunTime:0.0370s ]
SQL: SELECT * FROM `api_user` WHERE `id` = '1' LIMIT 1   [ RunTime:0.0370s ]
INFO: [ view_parse ] --START--
INFO: [ template_filter ] --START--
INFO: Run Behavior\ContentReplaceBehavior [ RunTime:0.000000s ]
INFO: [ template_filter ] --END-- [ RunTime:0.000000s ]
INFO: Run Behavior\ParseTemplateBehavior [ RunTime:0.004000s ]
INFO: [ view_parse ] --END-- [ RunTime:0.004000s ]
INFO: [ view_filter ] --START--
INFO: Run Behavior\WriteHtmlCacheBehavior [ RunTime:0.000000s ]
INFO: [ view_filter ] --END-- [ RunTime:0.000000s ]
INFO: [ app_end ] --START--
INFO: Run Behavior\ShowPageTraceBehavior [ RunTime:0.000000s ]
INFO: [ app_end ] --END-- [ RunTime:0.000000s ]

