[ 2018-04-20T10:55:15+08:00 ] 127.0.0.1 /
INFO: [ app_init ] --START--
INFO: Run Behavior\BuildLiteBehavior [ RunTime:0.000000s ]
INFO: [ app_init ] --END-- [ RunTime:0.002000s ]
INFO: [ app_begin ] --START--
INFO: Run Behavior\ReadHtmlCacheBehavior [ RunTime:0.001000s ]
INFO: [ app_begin ] --END-- [ RunTime:0.001000s ]
INFO: [ view_parse ] --START--
INFO: [ template_filter ] --START--
INFO: Run Behavior\ContentReplaceBehavior [ RunTime:0.001000s ]
INFO: [ template_filter ] --END-- [ RunTime:0.001000s ]
INFO: Run Behavior\ParseTemplateBehavior [ RunTime:0.013000s ]
INFO: [ view_parse ] --END-- [ RunTime:0.013000s ]
INFO: [ view_filter ] --START--
INFO: Run Behavior\WriteHtmlCacheBehavior [ RunTime:0.001000s ]
INFO: [ view_filter ] --END-- [ RunTime:0.001000s ]
INFO: [ app_end ] --START--
INFO: Run Behavior\ShowPageTraceBehavior [ RunTime:0.001000s ]
INFO: [ app_end ] --END-- [ RunTime:0.001000s ]

[ 2018-04-20T10:55:17+08:00 ] 127.0.0.1 /Admin/Login/login.html
INFO: [ app_init ] --START--
INFO: Run Behavior\BuildLiteBehavior [ RunTime:0.000000s ]
INFO: [ app_init ] --END-- [ RunTime:0.001000s ]
INFO: [ app_begin ] --START--
INFO: Run Behavior\ReadHtmlCacheBehavior [ RunTime:0.001000s ]
INFO: [ app_begin ] --END-- [ RunTime:0.001000s ]
SQL: SELECT * FROM `api_user` WHERE `username` = 'kpzadmin  ' AND `password` = '87543278f1315d89849abcc67735def3' LIMIT 1   [ RunTime:0.0410s ]
SQL: SELECT * FROM `api_user_data` WHERE `uid` = '1' LIMIT 1   [ RunTime:0.0410s ]
SQL: UPDATE `api_user_data` SET `loginTimes`='599',`lastLoginIp`='2130706433',`lastLoginTime`='1524192916' WHERE `uid` = '1' [ RunTime:0.0480s ]

[ 2018-04-20T10:55:19+08:00 ] 127.0.0.1 /Admin/Index/index.html
INFO: [ app_init ] --START--
INFO: Run Behavior\BuildLiteBehavior [ RunTime:0.000000s ]
INFO: [ app_init ] --END-- [ RunTime:0.001000s ]
INFO: [ app_begin ] --START--
INFO: Run Behavior\ReadHtmlCacheBehavior [ RunTime:0.001000s ]
INFO: [ app_begin ] --END-- [ RunTime:0.001000s ]
SQL: SELECT * FROM `api_menu` ORDER BY sort asc  [ RunTime:0.0440s ]
SQL: SELECT * FROM `api_menu` WHERE `url` = 'Index/index' LIMIT 1   [ RunTime:0.0410s ]
SQL: SELECT * FROM `api_user` WHERE `id` = '1' LIMIT 1   [ RunTime:0.0410s ]
INFO: [ view_parse ] --START--
INFO: [ template_filter ] --START--
INFO: Run Behavior\ContentReplaceBehavior [ RunTime:0.000000s ]
INFO: [ template_filter ] --END-- [ RunTime:0.000000s ]
INFO: Run Behavior\ParseTemplateBehavior [ RunTime:0.007000s ]
INFO: [ view_parse ] --END-- [ RunTime:0.007000s ]
INFO: [ view_filter ] --START--
INFO: Run Behavior\WriteHtmlCacheBehavior [ RunTime:0.001000s ]
INFO: [ view_filter ] --END-- [ RunTime:0.001000s ]
INFO: [ app_end ] --START--
INFO: Run Behavior\ShowPageTraceBehavior [ RunTime:0.000000s ]
INFO: [ app_end ] --END-- [ RunTime:0.000000s ]

[ 2018-04-20T10:55:19+08:00 ] 127.0.0.1 /Admin/Index/welcome.html
INFO: [ app_init ] --START--
INFO: Run Behavior\BuildLiteBehavior [ RunTime:0.000000s ]
INFO: [ app_init ] --END-- [ RunTime:0.001000s ]
INFO: [ app_begin ] --START--
INFO: Run Behavior\ReadHtmlCacheBehavior [ RunTime:0.001000s ]
INFO: [ app_begin ] --END-- [ RunTime:0.001000s ]
SQL: SELECT * FROM `api_menu` ORDER BY sort asc  [ RunTime:0.0370s ]
SQL: SELECT * FROM `api_menu` WHERE `url` = 'Index/welcome' LIMIT 1   [ RunTime:0.0350s ]
SQL: SELECT * FROM `api_user` WHERE `id` = '1' LIMIT 1   [ RunTime:0.0360s ]
INFO: [ view_parse ] --START--
INFO: [ template_filter ] --START--
INFO: Run Behavior\ContentReplaceBehavior [ RunTime:0.000000s ]
INFO: [ template_filter ] --END-- [ RunTime:0.000000s ]
INFO: Run Behavior\ParseTemplateBehavior [ RunTime:0.007000s ]
INFO: [ view_parse ] --END-- [ RunTime:0.007000s ]
INFO: [ view_filter ] --START--
INFO: Run Behavior\WriteHtmlCacheBehavior [ RunTime:0.000000s ]
INFO: [ view_filter ] --END-- [ RunTime:0.000000s ]
INFO: [ app_end ] --START--
INFO: Run Behavior\ShowPageTraceBehavior [ RunTime:0.000000s ]
INFO: [ app_end ] --END-- [ RunTime:0.001000s ]

[ 2018-04-20T10:55:22+08:00 ] 127.0.0.1 /Admin/Order/index.html
INFO: [ app_init ] --START--
INFO: Run Behavior\BuildLiteBehavior [ RunTime:0.000000s ]
INFO: [ app_init ] --END-- [ RunTime:0.000000s ]
INFO: [ app_begin ] --START--
INFO: Run Behavior\ReadHtmlCacheBehavior [ RunTime:0.001000s ]
INFO: [ app_begin ] --END-- [ RunTime:0.001000s ]
SQL: SHOW COLUMNS FROM `api_order` [ RunTime:0.0390s ]
SQL: SELECT * FROM `api_menu` ORDER BY sort asc  [ RunTime:0.0370s ]
SQL: SELECT * FROM `api_menu` WHERE `url` = 'Order/index' LIMIT 1   [ RunTime:0.0360s ]
SQL: SELECT * FROM `api_user` WHERE `id` = '1' LIMIT 1   [ RunTime:0.0350s ]
NOTIC: [8] Undefined index: status D:\phpStudy\WWW\csj\trunk\php\project\backend\Application\Admin\Model\OrderModel.class.php 第 47 行.
NOTIC: [8] Undefined index: settlement_status D:\phpStudy\WWW\csj\trunk\php\project\backend\Application\Admin\Model\OrderModel.class.php 第 52 行.
NOTIC: [8] Undefined index: order_type D:\phpStudy\WWW\csj\trunk\php\project\backend\Application\Admin\Model\OrderModel.class.php 第 57 行.
NOTIC: [8] Undefined index: payment D:\phpStudy\WWW\csj\trunk\php\project\backend\Application\Admin\Model\OrderModel.class.php 第 62 行.
SQL: SELECT COUNT(*) AS tp_count FROM `api_order` LEFT JOIN api_merchant ON api_merchant.id = api_order.merchant_id LEFT JOIN api_member ON api_member.id = api_order.member_id  LIMIT 1   [ RunTime:0.0340s ]
SQL: SELECT SUM(pay_price) AS tp_sum FROM `api_order` LEFT JOIN api_merchant ON api_merchant.id = api_order.merchant_id LEFT JOIN api_member ON api_member.id = api_order.member_id  LIMIT 1   [ RunTime:0.0350s ]
SQL: SELECT SUM(discount_money) AS tp_sum FROM `api_order` LEFT JOIN api_merchant ON api_merchant.id = api_order.merchant_id LEFT JOIN api_member ON api_member.id = api_order.member_id  LIMIT 1   [ RunTime:0.0350s ]
SQL: SELECT api_order.id,api_merchant.title as merchant_title,api_member.nickname,api_order.order_no,api_order.contacts_realname,api_order.contacts_tel,api_order.contacts_sex,api_order.total_price,api_order.pay_price,api_order.purchase_price,api_order.discount_money,api_order.status,api_order.settlement_status,api_order.order_type,api_order.payment,api_order.description,from_unixtime(api_order.arrives_time,"%Y-%m-%d") as arrives_time,api_order.incr_time,api_order.created_time,from_unixtime(api_order.created_time) as created_time,api_order.employee_id,api_order.employee_realname,api_order.employee_avatar,api_order.employee_tel,api_order.take_time,api_order.relation_order_no,api_order.is_bar FROM `api_order` LEFT JOIN api_merchant ON api_merchant.id = api_order.merchant_id LEFT JOIN api_member ON api_member.id = api_order.member_id LEFT JOIN api_coupon ON api_coupon.id = api_order.card_id  ORDER BY api_order.id desc LIMIT 0,50   [ RunTime:0.0400s ]
INFO: [ view_parse ] --START--
INFO: [ template_filter ] --START--
INFO: Run Behavior\ContentReplaceBehavior [ RunTime:0.000000s ]
INFO: [ template_filter ] --END-- [ RunTime:0.000000s ]
NOTIC: [8] Undefined offset: 0 D:\phpStudy\WWW\csj\trunk\php\project\backend\Application\Runtime\Cache\Admin\18bc66a7b6334412ab8e61a2539ecfbd.php 第 88 行.
NOTIC: [8] Undefined offset: 0 D:\phpStudy\WWW\csj\trunk\php\project\backend\Application\Runtime\Cache\Admin\18bc66a7b6334412ab8e61a2539ecfbd.php 第 88 行.
INFO: Run Behavior\ParseTemplateBehavior [ RunTime:0.040000s ]
INFO: [ view_parse ] --END-- [ RunTime:0.040000s ]
INFO: [ view_filter ] --START--
INFO: Run Behavior\WriteHtmlCacheBehavior [ RunTime:0.000000s ]
INFO: [ view_filter ] --END-- [ RunTime:0.001000s ]
INFO: [ app_end ] --START--
INFO: Run Behavior\ShowPageTraceBehavior [ RunTime:0.000000s ]
INFO: [ app_end ] --END-- [ RunTime:0.001000s ]

[ 2018-04-20T10:55:36+08:00 ] 127.0.0.1 /Admin/Order/index.html
INFO: [ app_init ] --START--
INFO: Run Behavior\BuildLiteBehavior [ RunTime:0.000000s ]
INFO: [ app_init ] --END-- [ RunTime:0.001000s ]
INFO: [ app_begin ] --START--
INFO: Run Behavior\ReadHtmlCacheBehavior [ RunTime:0.000000s ]
INFO: [ app_begin ] --END-- [ RunTime:0.000000s ]
SQL: SHOW COLUMNS FROM `api_order` [ RunTime:0.0400s ]
SQL: SELECT * FROM `api_menu` ORDER BY sort asc  [ RunTime:0.0400s ]
SQL: SELECT * FROM `api_menu` WHERE `url` = 'Order/index' LIMIT 1   [ RunTime:0.0400s ]
SQL: SELECT * FROM `api_user` WHERE `id` = '1' LIMIT 1   [ RunTime:0.0390s ]
NOTIC: [8] Undefined index: status D:\phpStudy\WWW\csj\trunk\php\project\backend\Application\Admin\Model\OrderModel.class.php 第 47 行.
NOTIC: [8] Undefined index: settlement_status D:\phpStudy\WWW\csj\trunk\php\project\backend\Application\Admin\Model\OrderModel.class.php 第 52 行.
NOTIC: [8] Undefined index: order_type D:\phpStudy\WWW\csj\trunk\php\project\backend\Application\Admin\Model\OrderModel.class.php 第 57 行.
NOTIC: [8] Undefined index: payment D:\phpStudy\WWW\csj\trunk\php\project\backend\Application\Admin\Model\OrderModel.class.php 第 62 行.
SQL: SELECT COUNT(*) AS tp_count FROM `api_order` LEFT JOIN api_merchant ON api_merchant.id = api_order.merchant_id LEFT JOIN api_member ON api_member.id = api_order.member_id  LIMIT 1   [ RunTime:0.0380s ]
SQL: SELECT SUM(pay_price) AS tp_sum FROM `api_order` LEFT JOIN api_merchant ON api_merchant.id = api_order.merchant_id LEFT JOIN api_member ON api_member.id = api_order.member_id  LIMIT 1   [ RunTime:0.0390s ]
SQL: SELECT SUM(discount_money) AS tp_sum FROM `api_order` LEFT JOIN api_merchant ON api_merchant.id = api_order.merchant_id LEFT JOIN api_member ON api_member.id = api_order.member_id  LIMIT 1   [ RunTime:0.0380s ]
SQL: SELECT api_order.id,api_merchant.title as merchant_title,api_member.nickname,api_order.order_no,api_order.contacts_realname,api_order.contacts_tel,api_order.contacts_sex,api_order.total_price,api_order.pay_price,api_order.purchase_price,api_order.discount_money,api_order.status,api_order.settlement_status,api_order.order_type,api_order.payment,api_order.description,from_unixtime(api_order.arrives_time,"%Y-%m-%d") as arrives_time,api_order.incr_time,api_order.created_time,from_unixtime(api_order.created_time) as created_time,api_order.employee_id,api_order.employee_realname,api_order.employee_avatar,api_order.employee_tel,api_order.take_time,api_order.relation_order_no,api_order.is_bar FROM `api_order` LEFT JOIN api_merchant ON api_merchant.id = api_order.merchant_id LEFT JOIN api_member ON api_member.id = api_order.member_id LEFT JOIN api_coupon ON api_coupon.id = api_order.card_id  ORDER BY api_order.id desc LIMIT 0,50   [ RunTime:0.0400s ]
INFO: [ view_parse ] --START--
INFO: [ template_filter ] --START--
INFO: Run Behavior\ContentReplaceBehavior [ RunTime:0.000000s ]
INFO: [ template_filter ] --END-- [ RunTime:0.000000s ]
NOTIC: [8] Undefined offset: 0 D:\phpStudy\WWW\csj\trunk\php\project\backend\Application\Runtime\Cache\Admin\18bc66a7b6334412ab8e61a2539ecfbd.php 第 88 行.
NOTIC: [8] Undefined offset: 0 D:\phpStudy\WWW\csj\trunk\php\project\backend\Application\Runtime\Cache\Admin\18bc66a7b6334412ab8e61a2539ecfbd.php 第 88 行.
INFO: Run Behavior\ParseTemplateBehavior [ RunTime:0.033000s ]
INFO: [ view_parse ] --END-- [ RunTime:0.033000s ]
INFO: [ view_filter ] --START--
INFO: Run Behavior\WriteHtmlCacheBehavior [ RunTime:0.000000s ]
INFO: [ view_filter ] --END-- [ RunTime:0.000000s ]
INFO: [ app_end ] --START--
INFO: Run Behavior\ShowPageTraceBehavior [ RunTime:0.000000s ]
INFO: [ app_end ] --END-- [ RunTime:0.000000s ]

[ 2018-04-20T10:55:46+08:00 ] 127.0.0.1 /Admin/Order/index.html
INFO: [ app_init ] --START--
INFO: Run Behavior\BuildLiteBehavior [ RunTime:0.000000s ]
INFO: [ app_init ] --END-- [ RunTime:0.001000s ]
INFO: [ app_begin ] --START--
INFO: Run Behavior\ReadHtmlCacheBehavior [ RunTime:0.000000s ]
INFO: [ app_begin ] --END-- [ RunTime:0.001000s ]
SQL: SHOW COLUMNS FROM `api_order` [ RunTime:0.0480s ]
SQL: SELECT * FROM `api_menu` ORDER BY sort asc  [ RunTime:0.0470s ]
SQL: SELECT * FROM `api_menu` WHERE `url` = 'Order/index' LIMIT 1   [ RunTime:0.0440s ]
SQL: SELECT * FROM `api_user` WHERE `id` = '1' LIMIT 1   [ RunTime:0.0450s ]
NOTIC: [8] Undefined index: status D:\phpStudy\WWW\csj\trunk\php\project\backend\Application\Admin\Model\OrderModel.class.php 第 47 行.
NOTIC: [8] Undefined index: settlement_status D:\phpStudy\WWW\csj\trunk\php\project\backend\Application\Admin\Model\OrderModel.class.php 第 52 行.
NOTIC: [8] Undefined index: order_type D:\phpStudy\WWW\csj\trunk\php\project\backend\Application\Admin\Model\OrderModel.class.php 第 57 行.
NOTIC: [8] Undefined index: payment D:\phpStudy\WWW\csj\trunk\php\project\backend\Application\Admin\Model\OrderModel.class.php 第 62 行.
SQL: SELECT COUNT(*) AS tp_count FROM `api_order` LEFT JOIN api_merchant ON api_merchant.id = api_order.merchant_id LEFT JOIN api_member ON api_member.id = api_order.member_id  LIMIT 1   [ RunTime:0.0440s ]
SQL: SELECT SUM(pay_price) AS tp_sum FROM `api_order` LEFT JOIN api_merchant ON api_merchant.id = api_order.merchant_id LEFT JOIN api_member ON api_member.id = api_order.member_id  LIMIT 1   [ RunTime:0.0440s ]
SQL: SELECT SUM(discount_money) AS tp_sum FROM `api_order` LEFT JOIN api_merchant ON api_merchant.id = api_order.merchant_id LEFT JOIN api_member ON api_member.id = api_order.member_id  LIMIT 1   [ RunTime:0.0430s ]
SQL: SELECT api_order.id,api_merchant.title as merchant_title,api_member.nickname,api_order.order_no,api_order.contacts_realname,api_order.contacts_tel,api_order.contacts_sex,api_order.total_price,api_order.pay_price,api_order.purchase_price,api_order.discount_money,api_order.status,api_order.settlement_status,api_order.order_type,api_order.payment,api_order.description,from_unixtime(api_order.arrives_time,"%Y-%m-%d") as arrives_time,api_order.incr_time,api_order.created_time,from_unixtime(api_order.created_time) as created_time,api_order.employee_id,api_order.employee_realname,api_order.employee_avatar,api_order.employee_tel,api_order.take_time,api_order.relation_order_no,api_order.is_bar FROM `api_order` LEFT JOIN api_merchant ON api_merchant.id = api_order.merchant_id LEFT JOIN api_member ON api_member.id = api_order.member_id LEFT JOIN api_coupon ON api_coupon.id = api_order.card_id  ORDER BY api_order.id desc LIMIT 0,50   [ RunTime:0.0460s ]
INFO: [ view_parse ] --START--
INFO: [ template_filter ] --START--
INFO: Run Behavior\ContentReplaceBehavior [ RunTime:0.000000s ]
INFO: [ template_filter ] --END-- [ RunTime:0.000000s ]
NOTIC: [8] Undefined offset: 0 D:\phpStudy\WWW\csj\trunk\php\project\backend\Application\Runtime\Cache\Admin\18bc66a7b6334412ab8e61a2539ecfbd.php 第 88 行.
NOTIC: [8] Undefined offset: 0 D:\phpStudy\WWW\csj\trunk\php\project\backend\Application\Runtime\Cache\Admin\18bc66a7b6334412ab8e61a2539ecfbd.php 第 88 行.
INFO: Run Behavior\ParseTemplateBehavior [ RunTime:0.024000s ]
INFO: [ view_parse ] --END-- [ RunTime:0.024000s ]
INFO: [ view_filter ] --START--
INFO: Run Behavior\WriteHtmlCacheBehavior [ RunTime:0.001000s ]
INFO: [ view_filter ] --END-- [ RunTime:0.001000s ]
INFO: [ app_end ] --START--
INFO: Run Behavior\ShowPageTraceBehavior [ RunTime:0.001000s ]
INFO: [ app_end ] --END-- [ RunTime:0.001000s ]

[ 2018-04-20T10:55:51+08:00 ] 127.0.0.1 /Admin/Refund/cancelOrder/order_id/1.html?cancel_reason=%E8%AF%A5%E5%8D%A1%E5%BA%A7%E5%B7%B2%E8%A2%AB%E9%A2%84%E5%AE%9A
INFO: [ app_init ] --START--
INFO: Run Behavior\BuildLiteBehavior [ RunTime:0.000000s ]
INFO: [ app_init ] --END-- [ RunTime:0.001000s ]
INFO: [ app_begin ] --START--
INFO: Run Behavior\ReadHtmlCacheBehavior [ RunTime:0.000000s ]
INFO: [ app_begin ] --END-- [ RunTime:0.000000s ]
SQL: SELECT * FROM `api_menu` ORDER BY sort asc  [ RunTime:0.0430s ]
SQL: SELECT * FROM `api_menu` WHERE `url` = 'Refund/cancelOrder' LIMIT 1   [ RunTime:0.0410s ]
SQL: SELECT * FROM `api_user` WHERE `id` = '1' LIMIT 1   [ RunTime:0.0400s ]
SQL: SHOW COLUMNS FROM `api_user_action` [ RunTime:0.0420s ]
SQL: INSERT INTO `api_user_action` (`actionName`,`uid`,`nickname`,`addTime`,`url`,`data`) VALUES ('拒绝与退款','1','kpzadmin  ','1524192951','Refund/cancelOrder','{\"order_id\":\"1\",\"cancel_reason\":\"\\u8be5\\u5361\\u5ea7\\u5df2\\u88ab\\u9884\\u5b9a\",\"PHPSESSID\":\"6ngv5enj87k87a08kl9els1sb0\"}') [ RunTime:0.0480s ]
SQL: SHOW COLUMNS FROM `api_order` [ RunTime:0.0440s ]
SQL: SELECT * FROM `api_order` WHERE `id` = 1 LIMIT 1   [ RunTime:0.0430s ]
SQL: SHOW COLUMNS FROM `api_refund_record` [ RunTime:0.0420s ]
SQL: SHOW COLUMNS FROM `api_member_capital` [ RunTime:0.0430s ]
SQL: SELECT `give_money`,`recharge_money` FROM `api_member_capital` WHERE `member_id` = 7 LIMIT 1   [ RunTime:0.0410s ]

[ 2018-04-20T10:56:12+08:00 ] 127.0.0.1 /Admin/Refund/cancelOrder/order_id/1.html?cancel_reason=%E8%AF%A5%E5%8D%A1%E5%BA%A7%E5%B7%B2%E8%A2%AB%E9%A2%84%E5%AE%9A
INFO: [ app_init ] --START--
INFO: Run Behavior\BuildLiteBehavior [ RunTime:0.000000s ]
INFO: [ app_init ] --END-- [ RunTime:0.001000s ]
INFO: [ app_begin ] --START--
INFO: Run Behavior\ReadHtmlCacheBehavior [ RunTime:0.000000s ]
INFO: [ app_begin ] --END-- [ RunTime:0.000000s ]
SQL: SELECT * FROM `api_menu` ORDER BY sort asc  [ RunTime:0.0410s ]
SQL: SELECT * FROM `api_menu` WHERE `url` = 'Refund/cancelOrder' LIMIT 1   [ RunTime:0.0350s ]
SQL: SELECT * FROM `api_user` WHERE `id` = '1' LIMIT 1   [ RunTime:0.0350s ]
SQL: SHOW COLUMNS FROM `api_user_action` [ RunTime:0.0370s ]
SQL: INSERT INTO `api_user_action` (`actionName`,`uid`,`nickname`,`addTime`,`url`,`data`) VALUES ('拒绝与退款','1','kpzadmin  ','1524192971','Refund/cancelOrder','{\"order_id\":\"1\",\"cancel_reason\":\"\\u8be5\\u5361\\u5ea7\\u5df2\\u88ab\\u9884\\u5b9a\",\"PHPSESSID\":\"6ngv5enj87k87a08kl9els1sb0\"}') [ RunTime:0.0430s ]
SQL: SHOW COLUMNS FROM `api_order` [ RunTime:0.0370s ]
SQL: SELECT * FROM `api_order` WHERE `id` = 1 LIMIT 1   [ RunTime:0.0370s ]
SQL: SHOW COLUMNS FROM `api_refund_record` [ RunTime:0.0360s ]
SQL: SHOW COLUMNS FROM `api_member_capital` [ RunTime:0.0360s ]
SQL: SELECT `give_money`,`recharge_money` FROM `api_member_capital` WHERE `member_id` = 7 LIMIT 1   [ RunTime:0.0350s ]

[ 2018-04-20T10:56:43+08:00 ] 127.0.0.1 /Admin/Refund/cancelOrder/order_id/1.html?cancel_reason=%E8%AF%A5%E5%8D%A1%E5%BA%A7%E5%B7%B2%E8%A2%AB%E9%A2%84%E5%AE%9A
INFO: [ app_init ] --START--
INFO: Run Behavior\BuildLiteBehavior [ RunTime:0.000000s ]
INFO: [ app_init ] --END-- [ RunTime:0.000000s ]
INFO: [ app_begin ] --START--
INFO: Run Behavior\ReadHtmlCacheBehavior [ RunTime:0.000000s ]
INFO: [ app_begin ] --END-- [ RunTime:0.000000s ]
SQL: SELECT * FROM `api_menu` ORDER BY sort asc  [ RunTime:0.0450s ]
SQL: SELECT * FROM `api_menu` WHERE `url` = 'Refund/cancelOrder' LIMIT 1   [ RunTime:0.0430s ]
SQL: SELECT * FROM `api_user` WHERE `id` = '1' LIMIT 1   [ RunTime:0.0440s ]
SQL: SHOW COLUMNS FROM `api_user_action` [ RunTime:0.0450s ]
SQL: INSERT INTO `api_user_action` (`actionName`,`uid`,`nickname`,`addTime`,`url`,`data`) VALUES ('拒绝与退款','1','kpzadmin  ','1524193002','Refund/cancelOrder','{\"order_id\":\"1\",\"cancel_reason\":\"\\u8be5\\u5361\\u5ea7\\u5df2\\u88ab\\u9884\\u5b9a\",\"PHPSESSID\":\"6ngv5enj87k87a08kl9els1sb0\"}') [ RunTime:0.0510s ]
SQL: SHOW COLUMNS FROM `api_order` [ RunTime:0.0460s ]
SQL: SELECT * FROM `api_order` WHERE `id` = 1 LIMIT 1   [ RunTime:0.0450s ]
SQL: SHOW COLUMNS FROM `api_refund_record` [ RunTime:0.0450s ]
SQL: SHOW COLUMNS FROM `api_member_capital` [ RunTime:0.0450s ]
SQL: SELECT `give_money`,`recharge_money` FROM `api_member_capital` WHERE `member_id` = 7 LIMIT 1   [ RunTime:0.0440s ]
SQL: SHOW COLUMNS FROM `api_member_record` [ RunTime:0.0450s ]
SQL: SELECT `change_money`,`before_recharge_money`,`after_recharge_money`,`before_give_money`,`after_give_money` FROM `api_member_record` WHERE `order_no` = '1524191619909598' AND `type` = 1 LIMIT 1   [ RunTime:0.0440s ]

[ 2018-04-20T10:57:24+08:00 ] 127.0.0.1 /Admin/Refund/cancelOrder/order_id/1.html?cancel_reason=%E8%AF%A5%E5%8D%A1%E5%BA%A7%E5%B7%B2%E8%A2%AB%E9%A2%84%E5%AE%9A
INFO: [ app_init ] --START--
INFO: Run Behavior\BuildLiteBehavior [ RunTime:0.000000s ]
INFO: [ app_init ] --END-- [ RunTime:0.001000s ]
INFO: [ app_begin ] --START--
INFO: Run Behavior\ReadHtmlCacheBehavior [ RunTime:0.001000s ]
INFO: [ app_begin ] --END-- [ RunTime:0.001000s ]
SQL: SELECT * FROM `api_menu` ORDER BY sort asc  [ RunTime:0.0450s ]
SQL: SELECT * FROM `api_menu` WHERE `url` = 'Refund/cancelOrder' LIMIT 1   [ RunTime:0.0440s ]
SQL: SELECT * FROM `api_user` WHERE `id` = '1' LIMIT 1   [ RunTime:0.0420s ]
SQL: SHOW COLUMNS FROM `api_user_action` [ RunTime:0.0430s ]
SQL: INSERT INTO `api_user_action` (`actionName`,`uid`,`nickname`,`addTime`,`url`,`data`) VALUES ('拒绝与退款','1','kpzadmin  ','1524193044','Refund/cancelOrder','{\"order_id\":\"1\",\"cancel_reason\":\"\\u8be5\\u5361\\u5ea7\\u5df2\\u88ab\\u9884\\u5b9a\",\"PHPSESSID\":\"6ngv5enj87k87a08kl9els1sb0\"}') [ RunTime:0.0470s ]
SQL: SHOW COLUMNS FROM `api_order` [ RunTime:0.0440s ]
SQL: SELECT * FROM `api_order` WHERE `id` = 1 LIMIT 1   [ RunTime:0.0430s ]
SQL: SHOW COLUMNS FROM `api_refund_record` [ RunTime:0.0430s ]
SQL: SHOW COLUMNS FROM `api_member_capital` [ RunTime:0.0420s ]
SQL: SELECT `give_money`,`recharge_money` FROM `api_member_capital` WHERE `member_id` = 7 LIMIT 1   [ RunTime:0.0440s ]
SQL: SHOW COLUMNS FROM `api_member_record` [ RunTime:0.0450s ]
SQL: SELECT `change_money`,`before_recharge_money`,`after_recharge_money`,`before_give_money`,`after_give_money` FROM `api_member_record` WHERE `order_no` = '1524191619909598' AND `type` = 1 LIMIT 1   [ RunTime:0.0430s ]

[ 2018-04-20T10:57:50+08:00 ] 127.0.0.1 /Admin/Refund/cancelOrder/order_id/1.html?cancel_reason=%E8%AF%A5%E5%8D%A1%E5%BA%A7%E5%B7%B2%E8%A2%AB%E9%A2%84%E5%AE%9A
INFO: [ app_init ] --START--
INFO: Run Behavior\BuildLiteBehavior [ RunTime:0.000000s ]
INFO: [ app_init ] --END-- [ RunTime:0.000000s ]
INFO: [ app_begin ] --START--
INFO: Run Behavior\ReadHtmlCacheBehavior [ RunTime:0.001000s ]
INFO: [ app_begin ] --END-- [ RunTime:0.001000s ]
SQL: SELECT * FROM `api_menu` ORDER BY sort asc  [ RunTime:0.0420s ]
SQL: SELECT * FROM `api_menu` WHERE `url` = 'Refund/cancelOrder' LIMIT 1   [ RunTime:0.0400s ]
SQL: SELECT * FROM `api_user` WHERE `id` = '1' LIMIT 1   [ RunTime:0.0400s ]
SQL: SHOW COLUMNS FROM `api_user_action` [ RunTime:0.0420s ]
SQL: INSERT INTO `api_user_action` (`actionName`,`uid`,`nickname`,`addTime`,`url`,`data`) VALUES ('拒绝与退款','1','kpzadmin  ','1524193069','Refund/cancelOrder','{\"order_id\":\"1\",\"cancel_reason\":\"\\u8be5\\u5361\\u5ea7\\u5df2\\u88ab\\u9884\\u5b9a\",\"PHPSESSID\":\"6ngv5enj87k87a08kl9els1sb0\"}') [ RunTime:0.0480s ]
SQL: SHOW COLUMNS FROM `api_order` [ RunTime:0.0420s ]
SQL: SELECT * FROM `api_order` WHERE `id` = 1 LIMIT 1   [ RunTime:0.0420s ]
SQL: SHOW COLUMNS FROM `api_refund_record` [ RunTime:0.0410s ]
SQL: SHOW COLUMNS FROM `api_member_capital` [ RunTime:0.0420s ]
SQL: SELECT `give_money`,`recharge_money` FROM `api_member_capital` WHERE `member_id` = 7 LIMIT 1   [ RunTime:0.0410s ]
SQL: SHOW COLUMNS FROM `api_member_record` [ RunTime:0.0410s ]
SQL: SELECT `change_money`,`before_recharge_money`,`after_recharge_money`,`before_give_money`,`after_give_money` FROM `api_member_record` WHERE `order_no` = '1524191619909598' AND `type` = 1 LIMIT 1   [ RunTime:0.0400s ]
SQL: UPDATE `api_member_capital` SET `updated_time`='1524193070',`give_money`='99999.99',`recharge_money`='0' WHERE `member_id` = 7 [ RunTime:0.0400s ]

[ 2018-04-20T10:58:16+08:00 ] 127.0.0.1 /Admin/Refund/cancelOrder/order_id/1.html?cancel_reason=%E8%AF%A5%E5%8D%A1%E5%BA%A7%E5%B7%B2%E8%A2%AB%E9%A2%84%E5%AE%9A
INFO: [ app_init ] --START--
INFO: Run Behavior\BuildLiteBehavior [ RunTime:0.000000s ]
INFO: [ app_init ] --END-- [ RunTime:0.001000s ]
INFO: [ app_begin ] --START--
INFO: Run Behavior\ReadHtmlCacheBehavior [ RunTime:0.001000s ]
INFO: [ app_begin ] --END-- [ RunTime:0.002000s ]
SQL: SELECT * FROM `api_menu` ORDER BY sort asc  [ RunTime:0.0390s ]
SQL: SELECT * FROM `api_menu` WHERE `url` = 'Refund/cancelOrder' LIMIT 1   [ RunTime:0.0360s ]
SQL: SELECT * FROM `api_user` WHERE `id` = '1' LIMIT 1   [ RunTime:0.0380s ]
SQL: SHOW COLUMNS FROM `api_user_action` [ RunTime:0.0370s ]
SQL: INSERT INTO `api_user_action` (`actionName`,`uid`,`nickname`,`addTime`,`url`,`data`) VALUES ('拒绝与退款','1','kpzadmin  ','1524193096','Refund/cancelOrder','{\"order_id\":\"1\",\"cancel_reason\":\"\\u8be5\\u5361\\u5ea7\\u5df2\\u88ab\\u9884\\u5b9a\",\"PHPSESSID\":\"6ngv5enj87k87a08kl9els1sb0\"}') [ RunTime:0.0610s ]
SQL: SHOW COLUMNS FROM `api_order` [ RunTime:0.0390s ]
SQL: SELECT * FROM `api_order` WHERE `id` = 1 LIMIT 1   [ RunTime:0.0390s ]
SQL: SHOW COLUMNS FROM `api_refund_record` [ RunTime:0.0400s ]
SQL: SHOW COLUMNS FROM `api_member_capital` [ RunTime:0.0400s ]
SQL: SELECT `give_money`,`recharge_money` FROM `api_member_capital` WHERE `member_id` = 7 LIMIT 1   [ RunTime:0.0380s ]
SQL: SHOW COLUMNS FROM `api_member_record` [ RunTime:0.0390s ]
SQL: SELECT `change_money`,`before_recharge_money`,`after_recharge_money`,`before_give_money`,`after_give_money` FROM `api_member_record` WHERE `order_no` = '1524191619909598' AND `type` = 1 LIMIT 1   [ RunTime:0.0390s ]
SQL: UPDATE `api_member_capital` SET `updated_time`='1524193096',`give_money`='99999.99',`recharge_money`='0' WHERE `member_id` = 7 [ RunTime:0.0380s ]
SQL: INSERT INTO `api_member_record` (`member_id`,`type`,`change_money`,`trade_time`,`source`,`terminal`,`title`,`order_no`,`order_id`,`before_recharge_money`,`after_recharge_money`,`before_give_money`,`after_give_money`) VALUES ('7','3','0.01','1524193096','后台主动退款','后台管理面板','订单取消退款','1524191619909598','1','0.00','0','100000.00','99999.99') [ RunTime:0.0390s ]

[ 2018-04-20T10:58:40+08:00 ] 127.0.0.1 /Admin/Refund/cancelOrder/order_id/1.html?cancel_reason=%E8%AF%A5%E5%8D%A1%E5%BA%A7%E5%B7%B2%E8%A2%AB%E9%A2%84%E5%AE%9A
INFO: [ app_init ] --START--
INFO: Run Behavior\BuildLiteBehavior [ RunTime:0.000000s ]
INFO: [ app_init ] --END-- [ RunTime:0.002000s ]
INFO: [ app_begin ] --START--
INFO: Run Behavior\ReadHtmlCacheBehavior [ RunTime:0.001000s ]
INFO: [ app_begin ] --END-- [ RunTime:0.001000s ]
SQL: SELECT * FROM `api_menu` ORDER BY sort asc  [ RunTime:0.0390s ]
SQL: SELECT * FROM `api_menu` WHERE `url` = 'Refund/cancelOrder' LIMIT 1   [ RunTime:0.0400s ]
SQL: SELECT * FROM `api_user` WHERE `id` = '1' LIMIT 1   [ RunTime:0.0400s ]
SQL: SHOW COLUMNS FROM `api_user_action` [ RunTime:0.0530s ]
SQL: INSERT INTO `api_user_action` (`actionName`,`uid`,`nickname`,`addTime`,`url`,`data`) VALUES ('拒绝与退款','1','kpzadmin  ','1524193119','Refund/cancelOrder','{\"order_id\":\"1\",\"cancel_reason\":\"\\u8be5\\u5361\\u5ea7\\u5df2\\u88ab\\u9884\\u5b9a\",\"PHPSESSID\":\"6ngv5enj87k87a08kl9els1sb0\"}') [ RunTime:0.0460s ]
SQL: SHOW COLUMNS FROM `api_order` [ RunTime:0.0420s ]
SQL: SELECT * FROM `api_order` WHERE `id` = 1 LIMIT 1   [ RunTime:0.0400s ]
SQL: SHOW COLUMNS FROM `api_refund_record` [ RunTime:0.0420s ]
SQL: SHOW COLUMNS FROM `api_member_capital` [ RunTime:0.0420s ]
SQL: SELECT `give_money`,`recharge_money` FROM `api_member_capital` WHERE `member_id` = 7 LIMIT 1   [ RunTime:0.0400s ]
SQL: SHOW COLUMNS FROM `api_member_record` [ RunTime:0.0410s ]
SQL: SELECT `change_money`,`before_recharge_money`,`after_recharge_money`,`before_give_money`,`after_give_money` FROM `api_member_record` WHERE `order_no` = '1524191619909598' AND `type` = 1 LIMIT 1   [ RunTime:0.0400s ]
SQL: UPDATE `api_member_capital` SET `updated_time`='1524193120',`give_money`='99999.99',`recharge_money`='0' WHERE `member_id` = 7 [ RunTime:0.0400s ]
SQL: INSERT INTO `api_member_record` (`member_id`,`type`,`change_money`,`trade_time`,`source`,`terminal`,`title`,`order_no`,`order_id`,`before_recharge_money`,`after_recharge_money`,`before_give_money`,`after_give_money`) VALUES ('7','3','0.01','1524193120','后台主动退款','后台管理面板','订单取消退款','1524191619909598','1','0.00','0','100000.00','99999.99') [ RunTime:0.0400s ]
SQL: UPDATE `api_order` SET `status`='6',`updated_time`='1524193120',`cancel_reason`='该卡座已被预定' WHERE `id` = 1 [ RunTime:0.0400s ]

[ 2018-04-20T10:59:17+08:00 ] 127.0.0.1 /Admin/Refund/cancelOrder/order_id/1.html?cancel_reason=%E8%AF%A5%E5%8D%A1%E5%BA%A7%E5%B7%B2%E8%A2%AB%E9%A2%84%E5%AE%9A
INFO: [ app_init ] --START--
INFO: Run Behavior\BuildLiteBehavior [ RunTime:0.000000s ]
INFO: [ app_init ] --END-- [ RunTime:0.000000s ]
INFO: [ app_begin ] --START--
INFO: Run Behavior\ReadHtmlCacheBehavior [ RunTime:0.001000s ]
INFO: [ app_begin ] --END-- [ RunTime:0.001000s ]
SQL: SELECT * FROM `api_menu` ORDER BY sort asc  [ RunTime:0.0400s ]
SQL: SELECT * FROM `api_menu` WHERE `url` = 'Refund/cancelOrder' LIMIT 1   [ RunTime:0.0370s ]
SQL: SELECT * FROM `api_user` WHERE `id` = '1' LIMIT 1   [ RunTime:0.0390s ]
SQL: SHOW COLUMNS FROM `api_user_action` [ RunTime:0.0400s ]
SQL: INSERT INTO `api_user_action` (`actionName`,`uid`,`nickname`,`addTime`,`url`,`data`) VALUES ('拒绝与退款','1','kpzadmin  ','1524193156','Refund/cancelOrder','{\"order_id\":\"1\",\"cancel_reason\":\"\\u8be5\\u5361\\u5ea7\\u5df2\\u88ab\\u9884\\u5b9a\",\"PHPSESSID\":\"6ngv5enj87k87a08kl9els1sb0\"}') [ RunTime:0.0450s ]
SQL: SHOW COLUMNS FROM `api_order` [ RunTime:0.0400s ]
SQL: SELECT * FROM `api_order` WHERE `id` = 1 LIMIT 1   [ RunTime:0.0400s ]
SQL: SHOW COLUMNS FROM `api_refund_record` [ RunTime:0.0400s ]
SQL: SHOW COLUMNS FROM `api_member_capital` [ RunTime:0.0400s ]
SQL: SELECT `give_money`,`recharge_money` FROM `api_member_capital` WHERE `member_id` = 7 LIMIT 1   [ RunTime:0.0380s ]
SQL: SHOW COLUMNS FROM `api_member_record` [ RunTime:0.0390s ]
SQL: SELECT `change_money`,`before_recharge_money`,`after_recharge_money`,`before_give_money`,`after_give_money` FROM `api_member_record` WHERE `order_no` = '1524191619909598' AND `type` = 1 LIMIT 1   [ RunTime:0.0370s ]
SQL: UPDATE `api_member_capital` SET `updated_time`='1524193156',`give_money`='99999.99',`recharge_money`='0' WHERE `member_id` = 7 [ RunTime:0.0380s ]
SQL: INSERT INTO `api_member_record` (`member_id`,`type`,`change_money`,`trade_time`,`source`,`terminal`,`title`,`order_no`,`order_id`,`before_recharge_money`,`after_recharge_money`,`before_give_money`,`after_give_money`) VALUES ('7','3','0.01','1524193156','后台主动退款','后台管理面板','订单取消退款','1524191619909598','1','0.00','0','100000.00','99999.99') [ RunTime:0.0390s ]
SQL: UPDATE `api_order` SET `status`='6',`updated_time`='1524193156',`cancel_reason`='该卡座已被预定' WHERE `id` = 1 [ RunTime:0.0380s ]
SQL: SHOW COLUMNS FROM `api_order_operate_record` [ RunTime:0.0400s ]
SQL: INSERT INTO `api_order_operate_record` (`user_id`,`order_id`,`order_no`,`content`,`created_time`) VALUES ('1','1','1524191619909598','取消订单退款','1524193157') [ RunTime:0.0380s ]

[ 2018-04-20T10:59:46+08:00 ] 127.0.0.1 /Admin/Refund/cancelOrder/order_id/1.html?cancel_reason=%E8%AF%A5%E5%8D%A1%E5%BA%A7%E5%B7%B2%E8%A2%AB%E9%A2%84%E5%AE%9A
INFO: [ app_init ] --START--
INFO: Run Behavior\BuildLiteBehavior [ RunTime:0.000000s ]
INFO: [ app_init ] --END-- [ RunTime:0.000000s ]
INFO: [ app_begin ] --START--
INFO: Run Behavior\ReadHtmlCacheBehavior [ RunTime:0.001000s ]
INFO: [ app_begin ] --END-- [ RunTime:0.001000s ]
SQL: SELECT * FROM `api_menu` ORDER BY sort asc  [ RunTime:0.0440s ]
SQL: SELECT * FROM `api_menu` WHERE `url` = 'Refund/cancelOrder' LIMIT 1   [ RunTime:0.0420s ]
SQL: SELECT * FROM `api_user` WHERE `id` = '1' LIMIT 1   [ RunTime:0.0430s ]
SQL: SHOW COLUMNS FROM `api_user_action` [ RunTime:0.0440s ]
SQL: INSERT INTO `api_user_action` (`actionName`,`uid`,`nickname`,`addTime`,`url`,`data`) VALUES ('拒绝与退款','1','kpzadmin  ','1524193186','Refund/cancelOrder','{\"order_id\":\"1\",\"cancel_reason\":\"\\u8be5\\u5361\\u5ea7\\u5df2\\u88ab\\u9884\\u5b9a\",\"PHPSESSID\":\"6ngv5enj87k87a08kl9els1sb0\"}') [ RunTime:0.0590s ]
SQL: SHOW COLUMNS FROM `api_order` [ RunTime:0.0440s ]
SQL: SELECT * FROM `api_order` WHERE `id` = 1 LIMIT 1   [ RunTime:0.0430s ]
SQL: SHOW COLUMNS FROM `api_refund_record` [ RunTime:0.0430s ]
SQL: SHOW COLUMNS FROM `api_member_capital` [ RunTime:0.0430s ]
SQL: SELECT `give_money`,`recharge_money` FROM `api_member_capital` WHERE `member_id` = 7 LIMIT 1   [ RunTime:0.0430s ]
SQL: SHOW COLUMNS FROM `api_member_record` [ RunTime:0.0440s ]
SQL: SELECT `change_money`,`before_recharge_money`,`after_recharge_money`,`before_give_money`,`after_give_money` FROM `api_member_record` WHERE `order_no` = '1524191619909598' AND `type` = 1 LIMIT 1   [ RunTime:0.0430s ]
SQL: UPDATE `api_member_capital` SET `updated_time`='1524193186',`give_money`='99999.99',`recharge_money`='0' WHERE `member_id` = 7 [ RunTime:0.0420s ]
SQL: INSERT INTO `api_member_record` (`member_id`,`type`,`change_money`,`trade_time`,`source`,`terminal`,`title`,`order_no`,`order_id`,`before_recharge_money`,`after_recharge_money`,`before_give_money`,`after_give_money`) VALUES ('7','3','0.01','1524193186','后台主动退款','后台管理面板','订单取消退款','1524191619909598','1','0.00','0','100000.00','99999.99') [ RunTime:0.0430s ]
SQL: UPDATE `api_order` SET `status`='6',`updated_time`='1524193186',`cancel_reason`='该卡座已被预定' WHERE `id` = 1 [ RunTime:0.0430s ]
SQL: SHOW COLUMNS FROM `api_order_operate_record` [ RunTime:0.0440s ]
SQL: INSERT INTO `api_order_operate_record` (`user_id`,`order_id`,`order_no`,`content`,`created_time`) VALUES ('1','1','1524191619909598','取消订单退款','1524193186') [ RunTime:0.0430s ]

[ 2018-04-20T11:01:39+08:00 ] 127.0.0.1 /Admin/Refund/cancelOrder/order_id/1.html?cancel_reason=%E8%AF%A5%E5%8D%A1%E5%BA%A7%E5%B7%B2%E8%A2%AB%E9%A2%84%E5%AE%9A
INFO: [ app_init ] --START--
INFO: Run Behavior\BuildLiteBehavior [ RunTime:0.000000s ]
INFO: [ app_init ] --END-- [ RunTime:0.001000s ]
INFO: [ app_begin ] --START--
INFO: Run Behavior\ReadHtmlCacheBehavior [ RunTime:0.001000s ]
INFO: [ app_begin ] --END-- [ RunTime:0.001000s ]
SQL: SELECT * FROM `api_menu` ORDER BY sort asc  [ RunTime:0.0380s ]
SQL: SELECT * FROM `api_menu` WHERE `url` = 'Refund/cancelOrder' LIMIT 1   [ RunTime:0.0340s ]
SQL: SELECT * FROM `api_user` WHERE `id` = '1' LIMIT 1   [ RunTime:0.0360s ]
SQL: SHOW COLUMNS FROM `api_user_action` [ RunTime:0.0360s ]
SQL: INSERT INTO `api_user_action` (`actionName`,`uid`,`nickname`,`addTime`,`url`,`data`) VALUES ('拒绝与退款','1','kpzadmin  ','1524193298','Refund/cancelOrder','{\"order_id\":\"1\",\"cancel_reason\":\"\\u8be5\\u5361\\u5ea7\\u5df2\\u88ab\\u9884\\u5b9a\",\"PHPSESSID\":\"6ngv5enj87k87a08kl9els1sb0\"}') [ RunTime:0.0480s ]
SQL: SHOW COLUMNS FROM `api_order` [ RunTime:0.0370s ]
SQL: SELECT * FROM `api_order` WHERE `id` = 1 LIMIT 1   [ RunTime:0.0360s ]
SQL: SHOW COLUMNS FROM `api_refund_record` [ RunTime:0.0370s ]
SQL: SHOW COLUMNS FROM `api_member_capital` [ RunTime:0.0360s ]
SQL: SELECT `give_money`,`recharge_money` FROM `api_member_capital` WHERE `member_id` = 7 LIMIT 1   [ RunTime:0.0350s ]
SQL: SHOW COLUMNS FROM `api_member_record` [ RunTime:0.0370s ]
SQL: SELECT `change_money`,`before_recharge_money`,`after_recharge_money`,`before_give_money`,`after_give_money` FROM `api_member_record` WHERE `order_no` = '1524191619909598' AND `type` = 1 LIMIT 1   [ RunTime:0.0360s ]
SQL: UPDATE `api_member_capital` SET `updated_time`='1524193299',`give_money`='99999.99',`recharge_money`='0' WHERE `member_id` = 7 [ RunTime:0.0360s ]
SQL: INSERT INTO `api_member_record` (`member_id`,`type`,`change_money`,`trade_time`,`source`,`terminal`,`title`,`order_no`,`order_id`,`before_recharge_money`,`after_recharge_money`,`before_give_money`,`after_give_money`) VALUES ('7','3','0.01','1524193299','后台主动退款','后台管理面板','订单取消退款','1524191619909598','1','0.00','0','100000.00','99999.99') [ RunTime:0.0360s ]
SQL: UPDATE `api_order` SET `status`='6',`updated_time`='1524193299',`cancel_reason`='该卡座已被预定' WHERE `id` = 1 [ RunTime:0.0380s ]
SQL: SHOW COLUMNS FROM `api_order_operate_record` [ RunTime:0.0370s ]
SQL: INSERT INTO `api_order_operate_record` (`user_id`,`order_id`,`order_no`,`content`,`created_time`) VALUES ('1','1','1524191619909598','取消订单退款','1524193299') [ RunTime:0.0360s ]
SQL: SHOW COLUMNS FROM `api_order_pack` [ RunTime:0.0370s ]
SQL: SELECT * FROM `api_order_pack` WHERE `order_id` = 1  [ RunTime:0.0350s ]
SQL: SHOW COLUMNS FROM `api_goods_pack` [ RunTime:0.0350s ]
SQL: UPDATE `api_goods_pack` SET `stock`=stock+1 WHERE `id` = 1 [ RunTime:0.0360s ]
SQL: SHOW COLUMNS FROM `api_goods_pack_stock` [ RunTime:0.0360s ]
SQL: SELECT `day_sales` FROM `api_goods_pack_stock` WHERE `goods_id` = 1 AND `date` = 20180420 LIMIT 1   [ RunTime:0.0360s ]
SQL: UPDATE `api_goods_pack_stock` SET `day_sales`='0' WHERE `goods_id` = 1 AND `date` = 20180420 [ RunTime:0.0360s ]
SQL: UPDATE `api_goods_pack` SET `stock`=stock+1 WHERE `id` = 1 [ RunTime:0.0360s ]
SQL: SELECT `day_sales` FROM `api_goods_pack_stock` WHERE `goods_id` = 1 AND `date` = 20180420 LIMIT 1   [ RunTime:0.0350s ]

[ 2018-04-20T11:02:16+08:00 ] 127.0.0.1 /Admin/Refund/cancelOrder/order_id/5.html?cancel_reason=%E8%AF%A5%E5%8D%A1%E5%BA%A7%E5%B7%B2%E8%A2%AB%E9%A2%84%E5%AE%9A
INFO: [ app_init ] --START--
INFO: Run Behavior\BuildLiteBehavior [ RunTime:0.000000s ]
INFO: [ app_init ] --END-- [ RunTime:0.001000s ]
INFO: [ app_begin ] --START--
INFO: Run Behavior\ReadHtmlCacheBehavior [ RunTime:0.001000s ]
INFO: [ app_begin ] --END-- [ RunTime:0.001000s ]
SQL: SELECT * FROM `api_menu` ORDER BY sort asc  [ RunTime:0.0390s ]
SQL: SELECT * FROM `api_menu` WHERE `url` = 'Refund/cancelOrder' LIMIT 1   [ RunTime:0.0360s ]
SQL: SELECT * FROM `api_user` WHERE `id` = '1' LIMIT 1   [ RunTime:0.0360s ]
SQL: SHOW COLUMNS FROM `api_user_action` [ RunTime:0.0360s ]
SQL: INSERT INTO `api_user_action` (`actionName`,`uid`,`nickname`,`addTime`,`url`,`data`) VALUES ('拒绝与退款','1','kpzadmin  ','1524193335','Refund/cancelOrder','{\"order_id\":\"5\",\"cancel_reason\":\"\\u8be5\\u5361\\u5ea7\\u5df2\\u88ab\\u9884\\u5b9a\",\"PHPSESSID\":\"6ngv5enj87k87a08kl9els1sb0\"}') [ RunTime:0.0580s ]
SQL: SHOW COLUMNS FROM `api_order` [ RunTime:0.0390s ]
SQL: SELECT * FROM `api_order` WHERE `id` = 5 LIMIT 1   [ RunTime:0.0380s ]
SQL: SHOW COLUMNS FROM `api_refund_record` [ RunTime:0.0360s ]
SQL: SHOW COLUMNS FROM `api_member_capital` [ RunTime:0.0360s ]
SQL: SELECT `give_money`,`recharge_money` FROM `api_member_capital` WHERE `member_id` = 1 LIMIT 1   [ RunTime:0.0350s ]
SQL: SHOW COLUMNS FROM `api_member_record` [ RunTime:0.0380s ]
SQL: SELECT `change_money`,`before_recharge_money`,`after_recharge_money`,`before_give_money`,`after_give_money` FROM `api_member_record` WHERE `order_no` = '1524192226787400' AND `type` = 1 LIMIT 1   [ RunTime:0.0360s ]
SQL: UPDATE `api_member_capital` SET `updated_time`='1524193336',`give_money`='100000',`recharge_money`='0' WHERE `member_id` = 1 [ RunTime:0.0360s ]
SQL: INSERT INTO `api_member_record` (`member_id`,`type`,`change_money`,`trade_time`,`source`,`terminal`,`title`,`order_no`,`order_id`,`before_recharge_money`,`after_recharge_money`,`before_give_money`,`after_give_money`) VALUES ('1','3','0.01','1524193336','后台主动退款','后台管理面板','订单取消退款','1524192226787400','5','0.00','0','99403.00','100000') [ RunTime:0.0360s ]
SQL: UPDATE `api_order` SET `status`='6',`updated_time`='1524193336',`cancel_reason`='该卡座已被预定' WHERE `id` = 5 [ RunTime:0.0350s ]
SQL: SHOW COLUMNS FROM `api_order_operate_record` [ RunTime:0.0360s ]
SQL: INSERT INTO `api_order_operate_record` (`user_id`,`order_id`,`order_no`,`content`,`created_time`) VALUES ('1','5','1524192226787400','取消订单退款','1524193336') [ RunTime:0.0360s ]
SQL: SHOW COLUMNS FROM `api_order_pack` [ RunTime:0.0380s ]
SQL: SELECT * FROM `api_order_pack` WHERE `order_id` = 5  [ RunTime:0.0360s ]
SQL: SHOW COLUMNS FROM `api_goods_pack` [ RunTime:0.0370s ]
SQL: UPDATE `api_goods_pack` SET `stock`=stock+1 WHERE `id` = 11 [ RunTime:0.0370s ]
SQL: SHOW COLUMNS FROM `api_goods_pack_stock` [ RunTime:0.0360s ]
SQL: SELECT `day_sales` FROM `api_goods_pack_stock` WHERE `goods_id` = 11 AND `date` = 20180520 LIMIT 1   [ RunTime:0.0370s ]

[ 2018-04-20T11:03:24+08:00 ] 127.0.0.1 /Admin/Refund/cancelOrder/order_id/1.html?cancel_reason=%E8%AF%A5%E5%8D%A1%E5%BA%A7%E5%B7%B2%E8%A2%AB%E9%A2%84%E5%AE%9A
INFO: [ app_init ] --START--
INFO: Run Behavior\BuildLiteBehavior [ RunTime:0.000000s ]
INFO: [ app_init ] --END-- [ RunTime:0.000000s ]
INFO: [ app_begin ] --START--
INFO: Run Behavior\ReadHtmlCacheBehavior [ RunTime:0.001000s ]
INFO: [ app_begin ] --END-- [ RunTime:0.001000s ]
SQL: SELECT * FROM `api_menu` ORDER BY sort asc  [ RunTime:0.0400s ]
SQL: SELECT * FROM `api_menu` WHERE `url` = 'Refund/cancelOrder' LIMIT 1   [ RunTime:0.0380s ]
SQL: SELECT * FROM `api_user` WHERE `id` = '1' LIMIT 1   [ RunTime:0.0390s ]
SQL: SHOW COLUMNS FROM `api_user_action` [ RunTime:0.0390s ]
SQL: INSERT INTO `api_user_action` (`actionName`,`uid`,`nickname`,`addTime`,`url`,`data`) VALUES ('拒绝与退款','1','kpzadmin  ','1524193404','Refund/cancelOrder','{\"order_id\":\"1\",\"cancel_reason\":\"\\u8be5\\u5361\\u5ea7\\u5df2\\u88ab\\u9884\\u5b9a\",\"PHPSESSID\":\"6ngv5enj87k87a08kl9els1sb0\"}') [ RunTime:0.0650s ]
SQL: SHOW COLUMNS FROM `api_order` [ RunTime:0.0400s ]
SQL: SELECT * FROM `api_order` WHERE `id` = 1 LIMIT 1   [ RunTime:0.0390s ]
SQL: SHOW COLUMNS FROM `api_refund_record` [ RunTime:0.0400s ]
SQL: SHOW COLUMNS FROM `api_member_capital` [ RunTime:0.0400s ]
SQL: SELECT `give_money`,`recharge_money` FROM `api_member_capital` WHERE `member_id` = 7 LIMIT 1   [ RunTime:0.0380s ]
SQL: SHOW COLUMNS FROM `api_member_record` [ RunTime:0.0390s ]
SQL: SELECT `change_money`,`before_recharge_money`,`after_recharge_money`,`before_give_money`,`after_give_money` FROM `api_member_record` WHERE `order_no` = '1524191619909598' AND `type` = 1 LIMIT 1   [ RunTime:0.0370s ]
SQL: UPDATE `api_member_capital` SET `updated_time`='1524193404',`give_money`='99999.99',`recharge_money`='0' WHERE `member_id` = 7 [ RunTime:0.0380s ]
SQL: INSERT INTO `api_member_record` (`member_id`,`type`,`change_money`,`trade_time`,`source`,`terminal`,`title`,`order_no`,`order_id`,`before_recharge_money`,`after_recharge_money`,`before_give_money`,`after_give_money`) VALUES ('7','3','0.01','1524193404','后台主动退款','后台管理面板','订单取消退款','1524191619909598','1','0.00','0','100000.00','99999.99') [ RunTime:0.0380s ]
SQL: UPDATE `api_order` SET `status`='6',`updated_time`='1524193404',`cancel_reason`='该卡座已被预定' WHERE `id` = 1 [ RunTime:0.0380s ]
SQL: SHOW COLUMNS FROM `api_order_operate_record` [ RunTime:0.0390s ]
SQL: INSERT INTO `api_order_operate_record` (`user_id`,`order_id`,`order_no`,`content`,`created_time`) VALUES ('1','1','1524191619909598','取消订单退款','1524193404') [ RunTime:0.0380s ]
SQL: SHOW COLUMNS FROM `api_order_pack` [ RunTime:0.0390s ]
SQL: SELECT * FROM `api_order_pack` WHERE `order_id` = 1  [ RunTime:0.0390s ]

[ 2018-04-20T11:07:03+08:00 ] 127.0.0.1 /Admin/Order/index.html
INFO: [ app_init ] --START--
INFO: Run Behavior\BuildLiteBehavior [ RunTime:0.000000s ]
INFO: [ app_init ] --END-- [ RunTime:0.000000s ]
INFO: [ app_begin ] --START--
INFO: Run Behavior\ReadHtmlCacheBehavior [ RunTime:0.001000s ]
INFO: [ app_begin ] --END-- [ RunTime:0.001000s ]
SQL: SHOW COLUMNS FROM `api_order` [ RunTime:0.0400s ]
SQL: SELECT * FROM `api_menu` ORDER BY sort asc  [ RunTime:0.0390s ]
SQL: SELECT * FROM `api_menu` WHERE `url` = 'Order/index' LIMIT 1   [ RunTime:0.0390s ]
SQL: SELECT * FROM `api_user` WHERE `id` = '1' LIMIT 1   [ RunTime:0.0390s ]
NOTIC: [8] Undefined index: status D:\phpStudy\WWW\csj\trunk\php\project\backend\Application\Admin\Model\OrderModel.class.php 第 47 行.
NOTIC: [8] Undefined index: settlement_status D:\phpStudy\WWW\csj\trunk\php\project\backend\Application\Admin\Model\OrderModel.class.php 第 52 行.
NOTIC: [8] Undefined index: order_type D:\phpStudy\WWW\csj\trunk\php\project\backend\Application\Admin\Model\OrderModel.class.php 第 57 行.
NOTIC: [8] Undefined index: payment D:\phpStudy\WWW\csj\trunk\php\project\backend\Application\Admin\Model\OrderModel.class.php 第 62 行.
SQL: SELECT COUNT(*) AS tp_count FROM `api_order` LEFT JOIN api_merchant ON api_merchant.id = api_order.merchant_id LEFT JOIN api_member ON api_member.id = api_order.member_id  LIMIT 1   [ RunTime:0.0390s ]
SQL: SELECT SUM(pay_price) AS tp_sum FROM `api_order` LEFT JOIN api_merchant ON api_merchant.id = api_order.merchant_id LEFT JOIN api_member ON api_member.id = api_order.member_id  LIMIT 1   [ RunTime:0.0390s ]
SQL: SELECT SUM(discount_money) AS tp_sum FROM `api_order` LEFT JOIN api_merchant ON api_merchant.id = api_order.merchant_id LEFT JOIN api_member ON api_member.id = api_order.member_id  LIMIT 1   [ RunTime:0.0380s ]
SQL: SELECT api_order.id,api_merchant.title as merchant_title,api_member.nickname,api_order.order_no,api_order.contacts_realname,api_order.contacts_tel,api_order.contacts_sex,api_order.total_price,api_order.pay_price,api_order.purchase_price,api_order.discount_money,api_order.status,api_order.settlement_status,api_order.order_type,api_order.payment,api_order.description,from_unixtime(api_order.arrives_time,"%Y-%m-%d") as arrives_time,api_order.incr_time,api_order.created_time,from_unixtime(api_order.created_time) as created_time,api_order.employee_id,api_order.employee_realname,api_order.employee_avatar,api_order.employee_tel,api_order.take_time,api_order.relation_order_no,api_order.is_bar FROM `api_order` LEFT JOIN api_merchant ON api_merchant.id = api_order.merchant_id LEFT JOIN api_member ON api_member.id = api_order.member_id LEFT JOIN api_coupon ON api_coupon.id = api_order.card_id  ORDER BY api_order.id desc LIMIT 0,50   [ RunTime:0.0390s ]
INFO: [ view_parse ] --START--
INFO: [ template_filter ] --START--
INFO: Run Behavior\ContentReplaceBehavior [ RunTime:0.000000s ]
INFO: [ template_filter ] --END-- [ RunTime:0.000000s ]
INFO: Run Behavior\ParseTemplateBehavior [ RunTime:0.013000s ]
INFO: [ view_parse ] --END-- [ RunTime:0.013000s ]
INFO: [ view_filter ] --START--
INFO: Run Behavior\WriteHtmlCacheBehavior [ RunTime:0.000000s ]
INFO: [ view_filter ] --END-- [ RunTime:0.000000s ]
INFO: [ app_end ] --START--
INFO: Run Behavior\ShowPageTraceBehavior [ RunTime:0.000000s ]
INFO: [ app_end ] --END-- [ RunTime:0.001000s ]

[ 2018-04-20T11:07:13+08:00 ] 127.0.0.1 /Admin/Refund/cancelOrder/order_id/1.html?cancel_reason=%E8%AF%A5%E5%8D%A1%E5%BA%A7%E5%B7%B2%E8%A2%AB%E9%A2%84%E5%AE%9A
INFO: [ app_init ] --START--
INFO: Run Behavior\BuildLiteBehavior [ RunTime:0.000000s ]
INFO: [ app_init ] --END-- [ RunTime:0.001000s ]
INFO: [ app_begin ] --START--
INFO: Run Behavior\ReadHtmlCacheBehavior [ RunTime:0.000000s ]
INFO: [ app_begin ] --END-- [ RunTime:0.000000s ]
SQL: SELECT * FROM `api_menu` ORDER BY sort asc  [ RunTime:0.0410s ]
SQL: SELECT * FROM `api_menu` WHERE `url` = 'Refund/cancelOrder' LIMIT 1   [ RunTime:0.0400s ]
SQL: SELECT * FROM `api_user` WHERE `id` = '1' LIMIT 1   [ RunTime:0.0400s ]
SQL: SHOW COLUMNS FROM `api_user_action` [ RunTime:0.0410s ]
SQL: INSERT INTO `api_user_action` (`actionName`,`uid`,`nickname`,`addTime`,`url`,`data`) VALUES ('拒绝与退款','1','kpzadmin  ','1524193632','Refund/cancelOrder','{\"order_id\":\"1\",\"cancel_reason\":\"\\u8be5\\u5361\\u5ea7\\u5df2\\u88ab\\u9884\\u5b9a\",\"PHPSESSID\":\"6ngv5enj87k87a08kl9els1sb0\"}') [ RunTime:0.0480s ]
SQL: SHOW COLUMNS FROM `api_order` [ RunTime:0.0400s ]
SQL: SELECT * FROM `api_order` WHERE `id` = 1 LIMIT 1   [ RunTime:0.0410s ]
SQL: SHOW COLUMNS FROM `api_refund_record` [ RunTime:0.0400s ]
SQL: SHOW COLUMNS FROM `api_member_capital` [ RunTime:0.0410s ]
SQL: SELECT `give_money`,`recharge_money` FROM `api_member_capital` WHERE `member_id` = 1 LIMIT 1   [ RunTime:0.0400s ]
SQL: SHOW COLUMNS FROM `api_member_record` [ RunTime:0.0420s ]
SQL: SELECT `change_money`,`before_recharge_money`,`after_recharge_money`,`before_give_money`,`after_give_money` FROM `api_member_record` WHERE `order_no` = '1524193638871253' AND `type` = 1 LIMIT 1   [ RunTime:0.0390s ]
SQL: UPDATE `api_member_capital` SET `updated_time`='1524193633',`give_money`='99999.99',`recharge_money`='0' WHERE `member_id` = 1 [ RunTime:0.0400s ]
SQL: INSERT INTO `api_member_record` (`member_id`,`type`,`change_money`,`trade_time`,`source`,`terminal`,`title`,`order_no`,`order_id`,`before_recharge_money`,`after_recharge_money`,`before_give_money`,`after_give_money`) VALUES ('1','3','999.00','1524193633','后台主动退款','后台管理面板','订单取消退款','1524193638871253','1','0.00','0','99999.99','99999.99') [ RunTime:0.0390s ]
SQL: UPDATE `api_order` SET `status`='6',`updated_time`='1524193633',`cancel_reason`='该卡座已被预定' WHERE `id` = 1 [ RunTime:0.0400s ]
SQL: SHOW COLUMNS FROM `api_order_operate_record` [ RunTime:0.0400s ]
SQL: INSERT INTO `api_order_operate_record` (`user_id`,`order_id`,`order_no`,`content`,`created_time`) VALUES ('1','1','1524193638871253','取消订单退款','1524193633') [ RunTime:0.0390s ]
SQL: SHOW COLUMNS FROM `api_order_pack` [ RunTime:0.0400s ]
SQL: SELECT * FROM `api_order_pack` WHERE `order_id` = 1  [ RunTime:0.0400s ]

[ 2018-04-20T11:08:06+08:00 ] 127.0.0.1 /Admin/Refund/cancelOrder/order_id/1.html?cancel_reason=%E5%BD%93%E5%89%8D%E4%BC%98%E6%83%A0%E5%A5%97%E9%A4%90%E5%B7%B2%E5%94%AE%E7%BD%84
INFO: [ app_init ] --START--
INFO: Run Behavior\BuildLiteBehavior [ RunTime:0.000000s ]
INFO: [ app_init ] --END-- [ RunTime:0.001000s ]
INFO: [ app_begin ] --START--
INFO: Run Behavior\ReadHtmlCacheBehavior [ RunTime:0.001000s ]
INFO: [ app_begin ] --END-- [ RunTime:0.001000s ]
SQL: SELECT * FROM `api_menu` ORDER BY sort asc  [ RunTime:0.0430s ]
SQL: SELECT * FROM `api_menu` WHERE `url` = 'Refund/cancelOrder' LIMIT 1   [ RunTime:0.0410s ]
SQL: SELECT * FROM `api_user` WHERE `id` = '1' LIMIT 1   [ RunTime:0.0400s ]
SQL: SHOW COLUMNS FROM `api_user_action` [ RunTime:0.0420s ]
SQL: INSERT INTO `api_user_action` (`actionName`,`uid`,`nickname`,`addTime`,`url`,`data`) VALUES ('拒绝与退款','1','kpzadmin  ','1524193684','Refund/cancelOrder','{\"order_id\":\"1\",\"cancel_reason\":\"\\u5f53\\u524d\\u4f18\\u60e0\\u5957\\u9910\\u5df2\\u552e\\u7f44\",\"PHPSESSID\":\"6ngv5enj87k87a08kl9els1sb0\"}') [ RunTime:0.0490s ]
SQL: SHOW COLUMNS FROM `api_order` [ RunTime:0.0430s ]
SQL: SELECT * FROM `api_order` WHERE `id` = 1 LIMIT 1   [ RunTime:0.0420s ]
SQL: SHOW COLUMNS FROM `api_refund_record` [ RunTime:0.0420s ]
SQL: SHOW COLUMNS FROM `api_member_capital` [ RunTime:0.0420s ]
SQL: SELECT `give_money`,`recharge_money` FROM `api_member_capital` WHERE `member_id` = 1 LIMIT 1   [ RunTime:0.0400s ]
SQL: SHOW COLUMNS FROM `api_member_record` [ RunTime:0.0410s ]
SQL: SELECT `change_money`,`before_recharge_money`,`after_recharge_money`,`before_give_money`,`after_give_money` FROM `api_member_record` WHERE `order_no` = '1524193638871253' AND `type` = 1 LIMIT 1   [ RunTime:0.0400s ]
SQL: UPDATE `api_member_capital` SET `updated_time`='1524193685',`give_money`='99999.99',`recharge_money`='0' WHERE `member_id` = 1 [ RunTime:0.0400s ]
SQL: INSERT INTO `api_member_record` (`member_id`,`type`,`change_money`,`trade_time`,`source`,`terminal`,`title`,`order_no`,`order_id`,`before_recharge_money`,`after_recharge_money`,`before_give_money`,`after_give_money`) VALUES ('1','3','999.00','1524193684','后台主动退款','后台管理面板','订单取消退款','1524193638871253','1','0.00','0','99999.99','99999.99') [ RunTime:0.0400s ]
SQL: UPDATE `api_order` SET `status`='6',`updated_time`='1524193684',`cancel_reason`='当前优惠套餐已售罄' WHERE `id` = 1 [ RunTime:0.0410s ]
SQL: SHOW COLUMNS FROM `api_order_operate_record` [ RunTime:0.0410s ]
SQL: INSERT INTO `api_order_operate_record` (`user_id`,`order_id`,`order_no`,`content`,`created_time`) VALUES ('1','1','1524193638871253','取消订单退款','1524193685') [ RunTime:0.0400s ]
SQL: SHOW COLUMNS FROM `api_order_pack` [ RunTime:0.0410s ]
SQL: SELECT * FROM `api_order_pack` WHERE `order_id` = 1  [ RunTime:0.0410s ]
SQL: SHOW COLUMNS FROM `api_goods_pack` [ RunTime:0.0420s ]
SQL: UPDATE `api_goods_pack` SET `stock`=stock+1 WHERE `id` = 3 [ RunTime:0.0400s ]
SQL: SHOW COLUMNS FROM `api_goods_pack_stock` [ RunTime:0.0420s ]
SQL: SELECT `day_sales` FROM `api_goods_pack_stock` WHERE `goods_id` = 3 AND `date` = 20180420 LIMIT 1   [ RunTime:0.0410s ]
SQL: UPDATE `api_goods_pack_stock` SET `day_sales`='1' WHERE `goods_id` = 3 AND `date` = 20180420 [ RunTime:0.0410s ]
SQL: SHOW COLUMNS FROM `api_merchant` [ RunTime:0.0420s ]
SQL: SELECT `title` FROM `api_merchant` WHERE `id` = 1 LIMIT 1   [ RunTime:0.0400s ]

[ 2018-04-20T11:08:10+08:00 ] 127.0.0.1 /Admin/Order/index.html
INFO: [ app_init ] --START--
INFO: Run Behavior\BuildLiteBehavior [ RunTime:0.000000s ]
INFO: [ app_init ] --END-- [ RunTime:0.000000s ]
INFO: [ app_begin ] --START--
INFO: Run Behavior\ReadHtmlCacheBehavior [ RunTime:0.001000s ]
INFO: [ app_begin ] --END-- [ RunTime:0.001000s ]
SQL: SHOW COLUMNS FROM `api_order` [ RunTime:0.0410s ]
SQL: SELECT * FROM `api_menu` ORDER BY sort asc  [ RunTime:0.0400s ]
SQL: SELECT * FROM `api_menu` WHERE `url` = 'Order/index' LIMIT 1   [ RunTime:0.0380s ]
SQL: SELECT * FROM `api_user` WHERE `id` = '1' LIMIT 1   [ RunTime:0.0380s ]
NOTIC: [8] Undefined index: status D:\phpStudy\WWW\csj\trunk\php\project\backend\Application\Admin\Model\OrderModel.class.php 第 47 行.
NOTIC: [8] Undefined index: settlement_status D:\phpStudy\WWW\csj\trunk\php\project\backend\Application\Admin\Model\OrderModel.class.php 第 52 行.
NOTIC: [8] Undefined index: order_type D:\phpStudy\WWW\csj\trunk\php\project\backend\Application\Admin\Model\OrderModel.class.php 第 57 行.
NOTIC: [8] Undefined index: payment D:\phpStudy\WWW\csj\trunk\php\project\backend\Application\Admin\Model\OrderModel.class.php 第 62 行.
SQL: SELECT COUNT(*) AS tp_count FROM `api_order` LEFT JOIN api_merchant ON api_merchant.id = api_order.merchant_id LEFT JOIN api_member ON api_member.id = api_order.member_id  LIMIT 1   [ RunTime:0.0390s ]
SQL: SELECT SUM(pay_price) AS tp_sum FROM `api_order` LEFT JOIN api_merchant ON api_merchant.id = api_order.merchant_id LEFT JOIN api_member ON api_member.id = api_order.member_id  LIMIT 1   [ RunTime:0.0380s ]
SQL: SELECT SUM(discount_money) AS tp_sum FROM `api_order` LEFT JOIN api_merchant ON api_merchant.id = api_order.merchant_id LEFT JOIN api_member ON api_member.id = api_order.member_id  LIMIT 1   [ RunTime:0.0390s ]
SQL: SELECT api_order.id,api_merchant.title as merchant_title,api_member.nickname,api_order.order_no,api_order.contacts_realname,api_order.contacts_tel,api_order.contacts_sex,api_order.total_price,api_order.pay_price,api_order.purchase_price,api_order.discount_money,api_order.status,api_order.settlement_status,api_order.order_type,api_order.payment,api_order.description,from_unixtime(api_order.arrives_time,"%Y-%m-%d") as arrives_time,api_order.incr_time,api_order.created_time,from_unixtime(api_order.created_time) as created_time,api_order.employee_id,api_order.employee_realname,api_order.employee_avatar,api_order.employee_tel,api_order.take_time,api_order.relation_order_no,api_order.is_bar FROM `api_order` LEFT JOIN api_merchant ON api_merchant.id = api_order.merchant_id LEFT JOIN api_member ON api_member.id = api_order.member_id LEFT JOIN api_coupon ON api_coupon.id = api_order.card_id  ORDER BY api_order.id desc LIMIT 0,50   [ RunTime:0.0400s ]
INFO: [ view_parse ] --START--
INFO: [ template_filter ] --START--
INFO: Run Behavior\ContentReplaceBehavior [ RunTime:0.000000s ]
INFO: [ template_filter ] --END-- [ RunTime:0.001000s ]
INFO: Run Behavior\ParseTemplateBehavior [ RunTime:0.024000s ]
INFO: [ view_parse ] --END-- [ RunTime:0.024000s ]
INFO: [ view_filter ] --START--
INFO: Run Behavior\WriteHtmlCacheBehavior [ RunTime:0.000000s ]
INFO: [ view_filter ] --END-- [ RunTime:0.000000s ]
INFO: [ app_end ] --START--
INFO: Run Behavior\ShowPageTraceBehavior [ RunTime:0.001000s ]
INFO: [ app_end ] --END-- [ RunTime:0.001000s ]

[ 2018-04-20T11:08:20+08:00 ] 127.0.0.1 /Admin/Refund/cancelOrder/order_id/2.html?cancel_reason=%E8%AF%A5%E5%8D%A1%E5%BA%A7%E5%B7%B2%E8%A2%AB%E9%A2%84%E5%AE%9A
INFO: [ app_init ] --START--
INFO: Run Behavior\BuildLiteBehavior [ RunTime:0.000000s ]
INFO: [ app_init ] --END-- [ RunTime:0.000000s ]
INFO: [ app_begin ] --START--
INFO: Run Behavior\ReadHtmlCacheBehavior [ RunTime:0.001000s ]
INFO: [ app_begin ] --END-- [ RunTime:0.001000s ]
SQL: SELECT * FROM `api_menu` ORDER BY sort asc  [ RunTime:0.0450s ]
SQL: SELECT * FROM `api_menu` WHERE `url` = 'Refund/cancelOrder' LIMIT 1   [ RunTime:0.0420s ]
SQL: SELECT * FROM `api_user` WHERE `id` = '1' LIMIT 1   [ RunTime:0.0420s ]
SQL: SHOW COLUMNS FROM `api_user_action` [ RunTime:0.0440s ]
SQL: INSERT INTO `api_user_action` (`actionName`,`uid`,`nickname`,`addTime`,`url`,`data`) VALUES ('拒绝与退款','1','kpzadmin  ','1524193699','Refund/cancelOrder','{\"order_id\":\"2\",\"cancel_reason\":\"\\u8be5\\u5361\\u5ea7\\u5df2\\u88ab\\u9884\\u5b9a\",\"PHPSESSID\":\"6ngv5enj87k87a08kl9els1sb0\"}') [ RunTime:0.0500s ]
SQL: SHOW COLUMNS FROM `api_order` [ RunTime:0.0440s ]
SQL: SELECT * FROM `api_order` WHERE `id` = 2 LIMIT 1   [ RunTime:0.0440s ]
SQL: SHOW COLUMNS FROM `api_refund_record` [ RunTime:0.0440s ]
SQL: SHOW COLUMNS FROM `api_member_capital` [ RunTime:0.0430s ]
SQL: SELECT `give_money`,`recharge_money` FROM `api_member_capital` WHERE `member_id` = 7 LIMIT 1   [ RunTime:0.0420s ]
SQL: SHOW COLUMNS FROM `api_member_record` [ RunTime:0.0440s ]
SQL: SELECT `change_money`,`before_recharge_money`,`after_recharge_money`,`before_give_money`,`after_give_money` FROM `api_member_record` WHERE `order_no` = '1524193643561273' AND `type` = 1 LIMIT 1   [ RunTime:0.0430s ]
SQL: UPDATE `api_member_capital` SET `updated_time`='1524193699',`give_money`='99999.98',`recharge_money`='0' WHERE `member_id` = 7 [ RunTime:0.0410s ]
SQL: INSERT INTO `api_member_record` (`member_id`,`type`,`change_money`,`trade_time`,`source`,`terminal`,`title`,`order_no`,`order_id`,`before_recharge_money`,`after_recharge_money`,`before_give_money`,`after_give_money`) VALUES ('7','3','0.01','1524193699','后台主动退款','后台管理面板','订单取消退款','1524193643561273','2','0.00','0','99999.98','99999.98') [ RunTime:0.0420s ]
SQL: UPDATE `api_order` SET `status`='6',`updated_time`='1524193699',`cancel_reason`='该卡座已被预定' WHERE `id` = 2 [ RunTime:0.0420s ]
SQL: SHOW COLUMNS FROM `api_order_operate_record` [ RunTime:0.0420s ]
SQL: INSERT INTO `api_order_operate_record` (`user_id`,`order_id`,`order_no`,`content`,`created_time`) VALUES ('1','2','1524193643561273','取消订单退款','1524193700') [ RunTime:0.0410s ]
SQL: SHOW COLUMNS FROM `api_order_pack` [ RunTime:0.0430s ]
SQL: SELECT * FROM `api_order_pack` WHERE `order_id` = 2  [ RunTime:0.0430s ]
SQL: SHOW COLUMNS FROM `api_goods_pack` [ RunTime:0.0440s ]
SQL: UPDATE `api_goods_pack` SET `stock`=stock+1 WHERE `id` = 1 [ RunTime:0.0410s ]
SQL: SHOW COLUMNS FROM `api_goods_pack_stock` [ RunTime:0.0440s ]
SQL: SELECT `day_sales` FROM `api_goods_pack_stock` WHERE `goods_id` = 1 AND `date` = 20180420 LIMIT 1   [ RunTime:0.0420s ]
SQL: UPDATE `api_goods_pack_stock` SET `day_sales`='0' WHERE `goods_id` = 1 AND `date` = 20180420 [ RunTime:0.0410s ]
SQL: SHOW COLUMNS FROM `api_merchant` [ RunTime:0.0430s ]
SQL: SELECT `title` FROM `api_merchant` WHERE `id` = 1 LIMIT 1   [ RunTime:0.0420s ]

[ 2018-04-20T11:08:23+08:00 ] 127.0.0.1 /Admin/Order/index.html
INFO: [ app_init ] --START--
INFO: Run Behavior\BuildLiteBehavior [ RunTime:0.000000s ]
INFO: [ app_init ] --END-- [ RunTime:0.001000s ]
INFO: [ app_begin ] --START--
INFO: Run Behavior\ReadHtmlCacheBehavior [ RunTime:0.000000s ]
INFO: [ app_begin ] --END-- [ RunTime:0.000000s ]
SQL: SHOW COLUMNS FROM `api_order` [ RunTime:0.0360s ]
SQL: SELECT * FROM `api_menu` ORDER BY sort asc  [ RunTime:0.0370s ]
SQL: SELECT * FROM `api_menu` WHERE `url` = 'Order/index' LIMIT 1   [ RunTime:0.0350s ]
SQL: SELECT * FROM `api_user` WHERE `id` = '1' LIMIT 1   [ RunTime:0.0360s ]
NOTIC: [8] Undefined index: status D:\phpStudy\WWW\csj\trunk\php\project\backend\Application\Admin\Model\OrderModel.class.php 第 47 行.
NOTIC: [8] Undefined index: settlement_status D:\phpStudy\WWW\csj\trunk\php\project\backend\Application\Admin\Model\OrderModel.class.php 第 52 行.
NOTIC: [8] Undefined index: order_type D:\phpStudy\WWW\csj\trunk\php\project\backend\Application\Admin\Model\OrderModel.class.php 第 57 行.
NOTIC: [8] Undefined index: payment D:\phpStudy\WWW\csj\trunk\php\project\backend\Application\Admin\Model\OrderModel.class.php 第 62 行.
SQL: SELECT COUNT(*) AS tp_count FROM `api_order` LEFT JOIN api_merchant ON api_merchant.id = api_order.merchant_id LEFT JOIN api_member ON api_member.id = api_order.member_id  LIMIT 1   [ RunTime:0.0350s ]
SQL: SELECT SUM(pay_price) AS tp_sum FROM `api_order` LEFT JOIN api_merchant ON api_merchant.id = api_order.merchant_id LEFT JOIN api_member ON api_member.id = api_order.member_id  LIMIT 1   [ RunTime:0.0360s ]
SQL: SELECT SUM(discount_money) AS tp_sum FROM `api_order` LEFT JOIN api_merchant ON api_merchant.id = api_order.merchant_id LEFT JOIN api_member ON api_member.id = api_order.member_id  LIMIT 1   [ RunTime:0.0350s ]
SQL: SELECT api_order.id,api_merchant.title as merchant_title,api_member.nickname,api_order.order_no,api_order.contacts_realname,api_order.contacts_tel,api_order.contacts_sex,api_order.total_price,api_order.pay_price,api_order.purchase_price,api_order.discount_money,api_order.status,api_order.settlement_status,api_order.order_type,api_order.payment,api_order.description,from_unixtime(api_order.arrives_time,"%Y-%m-%d") as arrives_time,api_order.incr_time,api_order.created_time,from_unixtime(api_order.created_time) as created_time,api_order.employee_id,api_order.employee_realname,api_order.employee_avatar,api_order.employee_tel,api_order.take_time,api_order.relation_order_no,api_order.is_bar FROM `api_order` LEFT JOIN api_merchant ON api_merchant.id = api_order.merchant_id LEFT JOIN api_member ON api_member.id = api_order.member_id LEFT JOIN api_coupon ON api_coupon.id = api_order.card_id  ORDER BY api_order.id desc LIMIT 0,50   [ RunTime:0.0360s ]
INFO: [ view_parse ] --START--
INFO: [ template_filter ] --START--
INFO: Run Behavior\ContentReplaceBehavior [ RunTime:0.000000s ]
INFO: [ template_filter ] --END-- [ RunTime:0.000000s ]
INFO: Run Behavior\ParseTemplateBehavior [ RunTime:0.027000s ]
INFO: [ view_parse ] --END-- [ RunTime:0.027000s ]
INFO: [ view_filter ] --START--
INFO: Run Behavior\WriteHtmlCacheBehavior [ RunTime:0.001000s ]
INFO: [ view_filter ] --END-- [ RunTime:0.001000s ]
INFO: [ app_end ] --START--
INFO: Run Behavior\ShowPageTraceBehavior [ RunTime:0.001000s ]
INFO: [ app_end ] --END-- [ RunTime:0.001000s ]

