[ 2018-03-06T11:24:41+08:00 ] 127.0.0.1 /
INFO: [ app_init ] --START--
INFO: Run Behavior\BuildLiteBehavior [ RunTime:0.000000s ]
INFO: [ app_init ] --END-- [ RunTime:0.000000s ]
INFO: [ app_begin ] --START--
INFO: Run Behavior\ReadHtmlCacheBehavior [ RunTime:0.000000s ]
INFO: [ app_begin ] --END-- [ RunTime:0.000000s ]
INFO: [ view_parse ] --START--
INFO: [ template_filter ] --START--
INFO: Run Behavior\ContentReplaceBehavior [ RunTime:0.001000s ]
INFO: [ template_filter ] --END-- [ RunTime:0.001000s ]
INFO: Run Behavior\ParseTemplateBehavior [ RunTime:0.016000s ]
INFO: [ view_parse ] --END-- [ RunTime:0.016000s ]
INFO: [ view_filter ] --START--
INFO: Run Behavior\WriteHtmlCacheBehavior [ RunTime:0.000000s ]
INFO: [ view_filter ] --END-- [ RunTime:0.000000s ]
INFO: [ app_end ] --START--
INFO: Run Behavior\ShowPageTraceBehavior [ RunTime:0.001000s ]
INFO: [ app_end ] --END-- [ RunTime:0.001000s ]

[ 2018-03-06T11:24:41+08:00 ] 127.0.0.1 /Admin/Verification/gt.html
INFO: [ app_init ] --START--
INFO: Run Behavior\BuildLiteBehavior [ RunTime:0.000000s ]
INFO: [ app_init ] --END-- [ RunTime:0.001000s ]
INFO: [ app_begin ] --START--
INFO: Run Behavior\ReadHtmlCacheBehavior [ RunTime:0.000000s ]
INFO: [ app_begin ] --END-- [ RunTime:0.000000s ]

[ 2018-03-06T11:24:44+08:00 ] 127.0.0.1 /Admin/Login/login.html
INFO: [ app_init ] --START--
INFO: Run Behavior\BuildLiteBehavior [ RunTime:0.000000s ]
INFO: [ app_init ] --END-- [ RunTime:0.000000s ]
INFO: [ app_begin ] --START--
INFO: Run Behavior\ReadHtmlCacheBehavior [ RunTime:0.000000s ]
INFO: [ app_begin ] --END-- [ RunTime:0.000000s ]
SQL: SELECT * FROM `api_user` WHERE `username` = 'kpzadmin  ' AND `password` = '87543278f1315d89849abcc67735def3' LIMIT 1   [ RunTime:0.0390s ]
SQL: SELECT * FROM `api_user_data` WHERE `uid` = '1' LIMIT 1   [ RunTime:0.0390s ]
SQL: UPDATE `api_user_data` SET `loginTimes`='473',`lastLoginIp`='2130706433',`lastLoginTime`='1520306684' WHERE `uid` = '1' [ RunTime:0.0460s ]

[ 2018-03-06T11:24:47+08:00 ] 127.0.0.1 /Admin/Index/index.html
INFO: [ app_init ] --START--
INFO: Run Behavior\BuildLiteBehavior [ RunTime:0.001000s ]
INFO: [ app_init ] --END-- [ RunTime:0.001000s ]
INFO: [ app_begin ] --START--
INFO: Run Behavior\ReadHtmlCacheBehavior [ RunTime:0.001000s ]
INFO: [ app_begin ] --END-- [ RunTime:0.001000s ]
SQL: SELECT * FROM `api_menu` ORDER BY sort asc  [ RunTime:0.0450s ]
SQL: SELECT * FROM `api_menu` WHERE `url` = 'Index/index' LIMIT 1   [ RunTime:0.0440s ]
SQL: SELECT * FROM `api_user` WHERE `id` = '1' LIMIT 1   [ RunTime:0.0430s ]
INFO: [ view_parse ] --START--
INFO: [ template_filter ] --START--
INFO: Run Behavior\ContentReplaceBehavior [ RunTime:0.001000s ]
INFO: [ template_filter ] --END-- [ RunTime:0.001000s ]
INFO: Run Behavior\ParseTemplateBehavior [ RunTime:0.019000s ]
INFO: [ view_parse ] --END-- [ RunTime:0.019000s ]
INFO: [ view_filter ] --START--
INFO: Run Behavior\WriteHtmlCacheBehavior [ RunTime:0.001000s ]
INFO: [ view_filter ] --END-- [ RunTime:0.001000s ]
INFO: [ app_end ] --START--
INFO: Run Behavior\ShowPageTraceBehavior [ RunTime:0.001000s ]
INFO: [ app_end ] --END-- [ RunTime:0.001000s ]

[ 2018-03-06T11:24:47+08:00 ] 127.0.0.1 /Admin/Index/welcome.html
INFO: [ app_init ] --START--
INFO: Run Behavior\BuildLiteBehavior [ RunTime:0.000000s ]
INFO: [ app_init ] --END-- [ RunTime:0.000000s ]
INFO: [ app_begin ] --START--
INFO: Run Behavior\ReadHtmlCacheBehavior [ RunTime:0.000000s ]
INFO: [ app_begin ] --END-- [ RunTime:0.000000s ]
SQL: SELECT * FROM `api_menu` ORDER BY sort asc  [ RunTime:0.0390s ]
SQL: SELECT * FROM `api_menu` WHERE `url` = 'Index/welcome' LIMIT 1   [ RunTime:0.0390s ]
SQL: SELECT * FROM `api_user` WHERE `id` = '1' LIMIT 1   [ RunTime:0.0380s ]
INFO: [ view_parse ] --START--
INFO: [ template_filter ] --START--
INFO: Run Behavior\ContentReplaceBehavior [ RunTime:0.000000s ]
INFO: [ template_filter ] --END-- [ RunTime:0.001000s ]
INFO: Run Behavior\ParseTemplateBehavior [ RunTime:0.017000s ]
INFO: [ view_parse ] --END-- [ RunTime:0.017000s ]
INFO: [ view_filter ] --START--
INFO: Run Behavior\WriteHtmlCacheBehavior [ RunTime:0.001000s ]
INFO: [ view_filter ] --END-- [ RunTime:0.001000s ]
INFO: [ app_end ] --START--
INFO: Run Behavior\ShowPageTraceBehavior [ RunTime:0.002000s ]
INFO: [ app_end ] --END-- [ RunTime:0.002000s ]

[ 2018-03-06T11:28:06+08:00 ] 127.0.0.1 /Admin/Order/index.html
INFO: [ app_init ] --START--
INFO: Run Behavior\BuildLiteBehavior [ RunTime:0.000000s ]
INFO: [ app_init ] --END-- [ RunTime:0.000000s ]
INFO: [ app_begin ] --START--
INFO: Run Behavior\ReadHtmlCacheBehavior [ RunTime:0.001000s ]
INFO: [ app_begin ] --END-- [ RunTime:0.001000s ]
SQL: SHOW COLUMNS FROM `api_order` [ RunTime:0.0440s ]
SQL: SELECT * FROM `api_menu` ORDER BY sort asc  [ RunTime:0.0440s ]
SQL: SELECT * FROM `api_menu` WHERE `url` = 'Order/index' LIMIT 1   [ RunTime:0.0430s ]
SQL: SELECT * FROM `api_user` WHERE `id` = '1' LIMIT 1   [ RunTime:0.0430s ]
NOTIC: [8] Undefined index: status D:\phpStudy\WWW\csj\trunk\php\project\backend\Application\Admin\Model\OrderModel.class.php 第 46 行.
NOTIC: [8] Undefined index: settlement_status D:\phpStudy\WWW\csj\trunk\php\project\backend\Application\Admin\Model\OrderModel.class.php 第 51 行.
NOTIC: [8] Undefined index: order_type D:\phpStudy\WWW\csj\trunk\php\project\backend\Application\Admin\Model\OrderModel.class.php 第 56 行.
NOTIC: [8] Undefined index: payment D:\phpStudy\WWW\csj\trunk\php\project\backend\Application\Admin\Model\OrderModel.class.php 第 61 行.
NOTIC: [8] Undefined variable: where D:\phpStudy\WWW\csj\trunk\php\project\backend\Application\Admin\Model\OrderModel.class.php 第 69 行.
SQL: SELECT COUNT(*) AS tp_count FROM `api_order` LEFT JOIN api_merchant ON api_merchant.id = api_order.merchant_id LEFT JOIN api_member ON api_member.id = api_order.member_id  LIMIT 1   [ RunTime:0.0440s ]
SQL: SELECT SUM(pay_price) AS tp_sum FROM `api_order` LEFT JOIN api_merchant ON api_merchant.id = api_order.merchant_id LEFT JOIN api_member ON api_member.id = api_order.member_id  LIMIT 1   [ RunTime:0.0430s ]
SQL: SELECT SUM(discount_money) AS tp_sum FROM `api_order` LEFT JOIN api_merchant ON api_merchant.id = api_order.merchant_id LEFT JOIN api_member ON api_member.id = api_order.member_id  LIMIT 1   [ RunTime:0.0430s ]
NOTIC: [8] Undefined variable: where D:\phpStudy\WWW\csj\trunk\php\project\backend\Application\Admin\Model\OrderModel.class.php 第 109 行.
SQL: SELECT api_order.id,api_merchant.title as merchant_title,api_member.nickname,api_order.order_no,api_order.contacts_realname,api_order.contacts_tel,api_order.contacts_sex,api_order.total_price,api_order.pay_price,api_order.purchase_price,api_order.discount_money,api_order.status,api_order.settlement_status,api_order.order_type,api_order.payment,api_order.description,from_unixtime(api_order.arrives_time,"%Y-%m-%d") as arrives_time,api_order.incr_time,api_order.created_time,from_unixtime(api_order.created_time) as created_time,api_order.employee_id,api_order.employee_realname,api_order.employee_avatar,api_order.employee_tel,api_order.relation_order_no FROM `api_order` LEFT JOIN api_merchant ON api_merchant.id = api_order.merchant_id LEFT JOIN api_member ON api_member.id = api_order.member_id  ORDER BY api_order.id desc LIMIT 0,20   [ RunTime:0.0470s ]
NOTIC: [8] Undefined variable: purchase_prices D:\phpStudy\WWW\csj\trunk\php\project\backend\Application\Admin\Model\OrderModel.class.php 第 113 行.
INFO: [ view_parse ] --START--
INFO: [ template_filter ] --START--
INFO: Run Behavior\ContentReplaceBehavior [ RunTime:0.000000s ]
INFO: [ template_filter ] --END-- [ RunTime:0.000000s ]
NOTIC: [8] Undefined offset: 0 D:\phpStudy\WWW\csj\trunk\php\project\backend\Application\Runtime\Cache\Admin\18bc66a7b6334412ab8e61a2539ecfbd.php 第 88 行.
NOTIC: [8] Undefined offset: 0 D:\phpStudy\WWW\csj\trunk\php\project\backend\Application\Runtime\Cache\Admin\18bc66a7b6334412ab8e61a2539ecfbd.php 第 88 行.
NOTIC: [8] Undefined offset: 0 D:\phpStudy\WWW\csj\trunk\php\project\backend\Application\Runtime\Cache\Admin\18bc66a7b6334412ab8e61a2539ecfbd.php 第 88 行.
NOTIC: [8] Undefined offset: 0 D:\phpStudy\WWW\csj\trunk\php\project\backend\Application\Runtime\Cache\Admin\18bc66a7b6334412ab8e61a2539ecfbd.php 第 88 行.
NOTIC: [8] Undefined offset: 0 D:\phpStudy\WWW\csj\trunk\php\project\backend\Application\Runtime\Cache\Admin\18bc66a7b6334412ab8e61a2539ecfbd.php 第 82 行.
NOTIC: [8] Undefined offset: 0 D:\phpStudy\WWW\csj\trunk\php\project\backend\Application\Runtime\Cache\Admin\18bc66a7b6334412ab8e61a2539ecfbd.php 第 88 行.
NOTIC: [8] Undefined offset: 0 D:\phpStudy\WWW\csj\trunk\php\project\backend\Application\Runtime\Cache\Admin\18bc66a7b6334412ab8e61a2539ecfbd.php 第 88 行.
NOTIC: [8] Undefined offset: 0 D:\phpStudy\WWW\csj\trunk\php\project\backend\Application\Runtime\Cache\Admin\18bc66a7b6334412ab8e61a2539ecfbd.php 第 82 行.
NOTIC: [8] Undefined offset: 0 D:\phpStudy\WWW\csj\trunk\php\project\backend\Application\Runtime\Cache\Admin\18bc66a7b6334412ab8e61a2539ecfbd.php 第 88 行.
NOTIC: [8] Undefined offset: 0 D:\phpStudy\WWW\csj\trunk\php\project\backend\Application\Runtime\Cache\Admin\18bc66a7b6334412ab8e61a2539ecfbd.php 第 88 行.
NOTIC: [8] Undefined offset: 0 D:\phpStudy\WWW\csj\trunk\php\project\backend\Application\Runtime\Cache\Admin\18bc66a7b6334412ab8e61a2539ecfbd.php 第 82 行.
NOTIC: [8] Undefined offset: 0 D:\phpStudy\WWW\csj\trunk\php\project\backend\Application\Runtime\Cache\Admin\18bc66a7b6334412ab8e61a2539ecfbd.php 第 88 行.
NOTIC: [8] Undefined offset: 0 D:\phpStudy\WWW\csj\trunk\php\project\backend\Application\Runtime\Cache\Admin\18bc66a7b6334412ab8e61a2539ecfbd.php 第 88 行.
NOTIC: [8] Undefined offset: 0 D:\phpStudy\WWW\csj\trunk\php\project\backend\Application\Runtime\Cache\Admin\18bc66a7b6334412ab8e61a2539ecfbd.php 第 82 行.
NOTIC: [8] Undefined offset: 0 D:\phpStudy\WWW\csj\trunk\php\project\backend\Application\Runtime\Cache\Admin\18bc66a7b6334412ab8e61a2539ecfbd.php 第 88 行.
NOTIC: [8] Undefined offset: 0 D:\phpStudy\WWW\csj\trunk\php\project\backend\Application\Runtime\Cache\Admin\18bc66a7b6334412ab8e61a2539ecfbd.php 第 88 行.
NOTIC: [8] Undefined offset: 0 D:\phpStudy\WWW\csj\trunk\php\project\backend\Application\Runtime\Cache\Admin\18bc66a7b6334412ab8e61a2539ecfbd.php 第 82 行.
NOTIC: [8] Undefined offset: 0 D:\phpStudy\WWW\csj\trunk\php\project\backend\Application\Runtime\Cache\Admin\18bc66a7b6334412ab8e61a2539ecfbd.php 第 88 行.
NOTIC: [8] Undefined offset: 0 D:\phpStudy\WWW\csj\trunk\php\project\backend\Application\Runtime\Cache\Admin\18bc66a7b6334412ab8e61a2539ecfbd.php 第 88 行.
NOTIC: [8] Undefined offset: 0 D:\phpStudy\WWW\csj\trunk\php\project\backend\Application\Runtime\Cache\Admin\18bc66a7b6334412ab8e61a2539ecfbd.php 第 82 行.
NOTIC: [8] Undefined offset: 0 D:\phpStudy\WWW\csj\trunk\php\project\backend\Application\Runtime\Cache\Admin\18bc66a7b6334412ab8e61a2539ecfbd.php 第 88 行.
NOTIC: [8] Undefined offset: 0 D:\phpStudy\WWW\csj\trunk\php\project\backend\Application\Runtime\Cache\Admin\18bc66a7b6334412ab8e61a2539ecfbd.php 第 88 行.
NOTIC: [8] Undefined offset: 0 D:\phpStudy\WWW\csj\trunk\php\project\backend\Application\Runtime\Cache\Admin\18bc66a7b6334412ab8e61a2539ecfbd.php 第 82 行.
NOTIC: [8] Undefined offset: 0 D:\phpStudy\WWW\csj\trunk\php\project\backend\Application\Runtime\Cache\Admin\18bc66a7b6334412ab8e61a2539ecfbd.php 第 88 行.
NOTIC: [8] Undefined offset: 0 D:\phpStudy\WWW\csj\trunk\php\project\backend\Application\Runtime\Cache\Admin\18bc66a7b6334412ab8e61a2539ecfbd.php 第 88 行.
NOTIC: [8] Undefined offset: 0 D:\phpStudy\WWW\csj\trunk\php\project\backend\Application\Runtime\Cache\Admin\18bc66a7b6334412ab8e61a2539ecfbd.php 第 82 行.
NOTIC: [8] Undefined offset: 0 D:\phpStudy\WWW\csj\trunk\php\project\backend\Application\Runtime\Cache\Admin\18bc66a7b6334412ab8e61a2539ecfbd.php 第 88 行.
NOTIC: [8] Undefined offset: 0 D:\phpStudy\WWW\csj\trunk\php\project\backend\Application\Runtime\Cache\Admin\18bc66a7b6334412ab8e61a2539ecfbd.php 第 88 行.
NOTIC: [8] Undefined offset: 0 D:\phpStudy\WWW\csj\trunk\php\project\backend\Application\Runtime\Cache\Admin\18bc66a7b6334412ab8e61a2539ecfbd.php 第 82 行.
NOTIC: [8] Undefined offset: 0 D:\phpStudy\WWW\csj\trunk\php\project\backend\Application\Runtime\Cache\Admin\18bc66a7b6334412ab8e61a2539ecfbd.php 第 88 行.
NOTIC: [8] Undefined offset: 0 D:\phpStudy\WWW\csj\trunk\php\project\backend\Application\Runtime\Cache\Admin\18bc66a7b6334412ab8e61a2539ecfbd.php 第 88 行.
NOTIC: [8] Undefined offset: 0 D:\phpStudy\WWW\csj\trunk\php\project\backend\Application\Runtime\Cache\Admin\18bc66a7b6334412ab8e61a2539ecfbd.php 第 82 行.
NOTIC: [8] Undefined offset: 0 D:\phpStudy\WWW\csj\trunk\php\project\backend\Application\Runtime\Cache\Admin\18bc66a7b6334412ab8e61a2539ecfbd.php 第 88 行.
NOTIC: [8] Undefined offset: 0 D:\phpStudy\WWW\csj\trunk\php\project\backend\Application\Runtime\Cache\Admin\18bc66a7b6334412ab8e61a2539ecfbd.php 第 88 行.
NOTIC: [8] Undefined offset: 0 D:\phpStudy\WWW\csj\trunk\php\project\backend\Application\Runtime\Cache\Admin\18bc66a7b6334412ab8e61a2539ecfbd.php 第 82 行.
NOTIC: [8] Undefined offset: 0 D:\phpStudy\WWW\csj\trunk\php\project\backend\Application\Runtime\Cache\Admin\18bc66a7b6334412ab8e61a2539ecfbd.php 第 88 行.
NOTIC: [8] Undefined offset: 0 D:\phpStudy\WWW\csj\trunk\php\project\backend\Application\Runtime\Cache\Admin\18bc66a7b6334412ab8e61a2539ecfbd.php 第 88 行.
NOTIC: [8] Undefined offset: 0 D:\phpStudy\WWW\csj\trunk\php\project\backend\Application\Runtime\Cache\Admin\18bc66a7b6334412ab8e61a2539ecfbd.php 第 88 行.
NOTIC: [8] Undefined offset: 0 D:\phpStudy\WWW\csj\trunk\php\project\backend\Application\Runtime\Cache\Admin\18bc66a7b6334412ab8e61a2539ecfbd.php 第 88 行.
NOTIC: [8] Undefined offset: 0 D:\phpStudy\WWW\csj\trunk\php\project\backend\Application\Runtime\Cache\Admin\18bc66a7b6334412ab8e61a2539ecfbd.php 第 88 行.
NOTIC: [8] Undefined offset: 0 D:\phpStudy\WWW\csj\trunk\php\project\backend\Application\Runtime\Cache\Admin\18bc66a7b6334412ab8e61a2539ecfbd.php 第 88 行.
NOTIC: [8] Undefined offset: 0 D:\phpStudy\WWW\csj\trunk\php\project\backend\Application\Runtime\Cache\Admin\18bc66a7b6334412ab8e61a2539ecfbd.php 第 82 行.
NOTIC: [8] Undefined offset: 0 D:\phpStudy\WWW\csj\trunk\php\project\backend\Application\Runtime\Cache\Admin\18bc66a7b6334412ab8e61a2539ecfbd.php 第 88 行.
NOTIC: [8] Undefined offset: 0 D:\phpStudy\WWW\csj\trunk\php\project\backend\Application\Runtime\Cache\Admin\18bc66a7b6334412ab8e61a2539ecfbd.php 第 88 行.
NOTIC: [8] Undefined offset: 0 D:\phpStudy\WWW\csj\trunk\php\project\backend\Application\Runtime\Cache\Admin\18bc66a7b6334412ab8e61a2539ecfbd.php 第 82 行.
NOTIC: [8] Undefined offset: 0 D:\phpStudy\WWW\csj\trunk\php\project\backend\Application\Runtime\Cache\Admin\18bc66a7b6334412ab8e61a2539ecfbd.php 第 88 行.
NOTIC: [8] Undefined offset: 0 D:\phpStudy\WWW\csj\trunk\php\project\backend\Application\Runtime\Cache\Admin\18bc66a7b6334412ab8e61a2539ecfbd.php 第 88 行.
NOTIC: [8] Undefined offset: 0 D:\phpStudy\WWW\csj\trunk\php\project\backend\Application\Runtime\Cache\Admin\18bc66a7b6334412ab8e61a2539ecfbd.php 第 82 行.
NOTIC: [8] Undefined offset: 0 D:\phpStudy\WWW\csj\trunk\php\project\backend\Application\Runtime\Cache\Admin\18bc66a7b6334412ab8e61a2539ecfbd.php 第 88 行.
NOTIC: [8] Undefined offset: 0 D:\phpStudy\WWW\csj\trunk\php\project\backend\Application\Runtime\Cache\Admin\18bc66a7b6334412ab8e61a2539ecfbd.php 第 88 行.
NOTIC: [8] Undefined offset: 0 D:\phpStudy\WWW\csj\trunk\php\project\backend\Application\Runtime\Cache\Admin\18bc66a7b6334412ab8e61a2539ecfbd.php 第 82 行.
NOTIC: [8] Undefined offset: 0 D:\phpStudy\WWW\csj\trunk\php\project\backend\Application\Runtime\Cache\Admin\18bc66a7b6334412ab8e61a2539ecfbd.php 第 88 行.
NOTIC: [8] Undefined offset: 0 D:\phpStudy\WWW\csj\trunk\php\project\backend\Application\Runtime\Cache\Admin\18bc66a7b6334412ab8e61a2539ecfbd.php 第 88 行.
INFO: Run Behavior\ParseTemplateBehavior [ RunTime:0.028000s ]
INFO: [ view_parse ] --END-- [ RunTime:0.028000s ]
INFO: [ view_filter ] --START--
INFO: Run Behavior\WriteHtmlCacheBehavior [ RunTime:0.001000s ]
INFO: [ view_filter ] --END-- [ RunTime:0.001000s ]
INFO: [ app_end ] --START--
INFO: Run Behavior\ShowPageTraceBehavior [ RunTime:0.001000s ]
INFO: [ app_end ] --END-- [ RunTime:0.001000s ]

[ 2018-03-06T11:28:11+08:00 ] 127.0.0.1 /Admin/Order/edit/id/75.html
INFO: [ app_init ] --START--
INFO: Run Behavior\BuildLiteBehavior [ RunTime:0.000000s ]
INFO: [ app_init ] --END-- [ RunTime:0.001000s ]
INFO: [ app_begin ] --START--
INFO: Run Behavior\ReadHtmlCacheBehavior [ RunTime:0.000000s ]
INFO: [ app_begin ] --END-- [ RunTime:0.000000s ]
SQL: SHOW COLUMNS FROM `api_order` [ RunTime:0.0450s ]
SQL: SELECT * FROM `api_menu` ORDER BY sort asc  [ RunTime:0.0440s ]
SQL: SELECT * FROM `api_menu` WHERE `url` = 'Order/edit' LIMIT 1   [ RunTime:0.0420s ]
SQL: SELECT * FROM `api_user` WHERE `id` = '1' LIMIT 1   [ RunTime:0.0430s ]
SQL: SHOW COLUMNS FROM `api_user_action` [ RunTime:0.0440s ]
SQL: INSERT INTO `api_user_action` (`actionName`,`uid`,`nickname`,`addTime`,`url`,`data`) VALUES ('订单误操作修改','1','kpzadmin  ','1520306890','order/edit','{\"id\":\"75\",\"PHPSESSID\":\"hjt06m20bggmi3ihn2lenn9nn4\"}') [ RunTime:0.0520s ]
SQL: SHOW COLUMNS FROM `api_order` [ RunTime:0.0430s ]
SQL: SELECT a.order_no,a.id,a.order_type,a.status,a.arrives_time,a.contacts_realname,a.contacts_tel,b.title,a.settlement_status FROM api_order a left join api_merchant b ON b.id = a.merchant_id  WHERE a.id = '75' LIMIT 1   [ RunTime:0.0440s ]
INFO: [ view_parse ] --START--
INFO: [ template_filter ] --START--
INFO: Run Behavior\ContentReplaceBehavior [ RunTime:0.001000s ]
INFO: [ template_filter ] --END-- [ RunTime:0.001000s ]
NOTIC: [8] Use of undefined constant index - assumed 'index' D:\phpStudy\WWW\csj\trunk\php\project\backend\Application\Runtime\Cache\Admin\83de05da110a2f8e9570cd504067062c.php 第 100 行.
INFO: Run Behavior\ParseTemplateBehavior [ RunTime:0.021000s ]
INFO: [ view_parse ] --END-- [ RunTime:0.021000s ]
INFO: [ view_filter ] --START--
INFO: Run Behavior\WriteHtmlCacheBehavior [ RunTime:0.000000s ]
INFO: [ view_filter ] --END-- [ RunTime:0.001000s ]
INFO: [ app_end ] --START--
INFO: Run Behavior\ShowPageTraceBehavior [ RunTime:0.000000s ]
INFO: [ app_end ] --END-- [ RunTime:0.000000s ]

[ 2018-03-06T11:28:30+08:00 ] 127.0.0.1 /Admin/Order/index.html
INFO: [ app_init ] --START--
INFO: Run Behavior\BuildLiteBehavior [ RunTime:0.000000s ]
INFO: [ app_init ] --END-- [ RunTime:0.001000s ]
INFO: [ app_begin ] --START--
INFO: Run Behavior\ReadHtmlCacheBehavior [ RunTime:0.000000s ]
INFO: [ app_begin ] --END-- [ RunTime:0.000000s ]
SQL: SHOW COLUMNS FROM `api_order` [ RunTime:0.0410s ]
SQL: SELECT * FROM `api_menu` ORDER BY sort asc  [ RunTime:0.0410s ]
SQL: SELECT * FROM `api_menu` WHERE `url` = 'Order/index' LIMIT 1   [ RunTime:0.0400s ]
SQL: SELECT * FROM `api_user` WHERE `id` = '1' LIMIT 1   [ RunTime:0.0400s ]
NOTIC: [8] Undefined index: status D:\phpStudy\WWW\csj\trunk\php\project\backend\Application\Admin\Model\OrderModel.class.php 第 46 行.
NOTIC: [8] Undefined index: settlement_status D:\phpStudy\WWW\csj\trunk\php\project\backend\Application\Admin\Model\OrderModel.class.php 第 51 行.
NOTIC: [8] Undefined index: order_type D:\phpStudy\WWW\csj\trunk\php\project\backend\Application\Admin\Model\OrderModel.class.php 第 56 行.
NOTIC: [8] Undefined index: payment D:\phpStudy\WWW\csj\trunk\php\project\backend\Application\Admin\Model\OrderModel.class.php 第 61 行.
NOTIC: [8] Undefined variable: where D:\phpStudy\WWW\csj\trunk\php\project\backend\Application\Admin\Model\OrderModel.class.php 第 69 行.
SQL: SELECT COUNT(*) AS tp_count FROM `api_order` LEFT JOIN api_merchant ON api_merchant.id = api_order.merchant_id LEFT JOIN api_member ON api_member.id = api_order.member_id  LIMIT 1   [ RunTime:0.0390s ]
SQL: SELECT SUM(pay_price) AS tp_sum FROM `api_order` LEFT JOIN api_merchant ON api_merchant.id = api_order.merchant_id LEFT JOIN api_member ON api_member.id = api_order.member_id  LIMIT 1   [ RunTime:0.0390s ]
SQL: SELECT SUM(discount_money) AS tp_sum FROM `api_order` LEFT JOIN api_merchant ON api_merchant.id = api_order.merchant_id LEFT JOIN api_member ON api_member.id = api_order.member_id  LIMIT 1   [ RunTime:0.0400s ]
NOTIC: [8] Undefined variable: where D:\phpStudy\WWW\csj\trunk\php\project\backend\Application\Admin\Model\OrderModel.class.php 第 109 行.
SQL: SELECT api_order.id,api_merchant.title as merchant_title,api_member.nickname,api_order.order_no,api_order.contacts_realname,api_order.contacts_tel,api_order.contacts_sex,api_order.total_price,api_order.pay_price,api_order.purchase_price,api_order.discount_money,api_order.status,api_order.settlement_status,api_order.order_type,api_order.payment,api_order.description,from_unixtime(api_order.arrives_time,"%Y-%m-%d") as arrives_time,api_order.incr_time,api_order.created_time,from_unixtime(api_order.created_time) as created_time,api_order.employee_id,api_order.employee_realname,api_order.employee_avatar,api_order.employee_tel,api_order.relation_order_no FROM `api_order` LEFT JOIN api_merchant ON api_merchant.id = api_order.merchant_id LEFT JOIN api_member ON api_member.id = api_order.member_id  ORDER BY api_order.id desc LIMIT 0,20   [ RunTime:0.0420s ]
NOTIC: [8] Undefined variable: purchase_prices D:\phpStudy\WWW\csj\trunk\php\project\backend\Application\Admin\Model\OrderModel.class.php 第 113 行.
INFO: [ view_parse ] --START--
INFO: [ template_filter ] --START--
INFO: Run Behavior\ContentReplaceBehavior [ RunTime:0.000000s ]
INFO: [ template_filter ] --END-- [ RunTime:0.000000s ]
NOTIC: [8] Undefined offset: 0 D:\phpStudy\WWW\csj\trunk\php\project\backend\Application\Runtime\Cache\Admin\18bc66a7b6334412ab8e61a2539ecfbd.php 第 88 行.
NOTIC: [8] Undefined offset: 0 D:\phpStudy\WWW\csj\trunk\php\project\backend\Application\Runtime\Cache\Admin\18bc66a7b6334412ab8e61a2539ecfbd.php 第 88 行.
NOTIC: [8] Undefined offset: 0 D:\phpStudy\WWW\csj\trunk\php\project\backend\Application\Runtime\Cache\Admin\18bc66a7b6334412ab8e61a2539ecfbd.php 第 88 行.
NOTIC: [8] Undefined offset: 0 D:\phpStudy\WWW\csj\trunk\php\project\backend\Application\Runtime\Cache\Admin\18bc66a7b6334412ab8e61a2539ecfbd.php 第 88 行.
NOTIC: [8] Undefined offset: 0 D:\phpStudy\WWW\csj\trunk\php\project\backend\Application\Runtime\Cache\Admin\18bc66a7b6334412ab8e61a2539ecfbd.php 第 82 行.
NOTIC: [8] Undefined offset: 0 D:\phpStudy\WWW\csj\trunk\php\project\backend\Application\Runtime\Cache\Admin\18bc66a7b6334412ab8e61a2539ecfbd.php 第 88 行.
NOTIC: [8] Undefined offset: 0 D:\phpStudy\WWW\csj\trunk\php\project\backend\Application\Runtime\Cache\Admin\18bc66a7b6334412ab8e61a2539ecfbd.php 第 88 行.
NOTIC: [8] Undefined offset: 0 D:\phpStudy\WWW\csj\trunk\php\project\backend\Application\Runtime\Cache\Admin\18bc66a7b6334412ab8e61a2539ecfbd.php 第 82 行.
NOTIC: [8] Undefined offset: 0 D:\phpStudy\WWW\csj\trunk\php\project\backend\Application\Runtime\Cache\Admin\18bc66a7b6334412ab8e61a2539ecfbd.php 第 88 行.
NOTIC: [8] Undefined offset: 0 D:\phpStudy\WWW\csj\trunk\php\project\backend\Application\Runtime\Cache\Admin\18bc66a7b6334412ab8e61a2539ecfbd.php 第 88 行.
NOTIC: [8] Undefined offset: 0 D:\phpStudy\WWW\csj\trunk\php\project\backend\Application\Runtime\Cache\Admin\18bc66a7b6334412ab8e61a2539ecfbd.php 第 82 行.
NOTIC: [8] Undefined offset: 0 D:\phpStudy\WWW\csj\trunk\php\project\backend\Application\Runtime\Cache\Admin\18bc66a7b6334412ab8e61a2539ecfbd.php 第 88 行.
NOTIC: [8] Undefined offset: 0 D:\phpStudy\WWW\csj\trunk\php\project\backend\Application\Runtime\Cache\Admin\18bc66a7b6334412ab8e61a2539ecfbd.php 第 88 行.
NOTIC: [8] Undefined offset: 0 D:\phpStudy\WWW\csj\trunk\php\project\backend\Application\Runtime\Cache\Admin\18bc66a7b6334412ab8e61a2539ecfbd.php 第 82 行.
NOTIC: [8] Undefined offset: 0 D:\phpStudy\WWW\csj\trunk\php\project\backend\Application\Runtime\Cache\Admin\18bc66a7b6334412ab8e61a2539ecfbd.php 第 88 行.
NOTIC: [8] Undefined offset: 0 D:\phpStudy\WWW\csj\trunk\php\project\backend\Application\Runtime\Cache\Admin\18bc66a7b6334412ab8e61a2539ecfbd.php 第 88 行.
NOTIC: [8] Undefined offset: 0 D:\phpStudy\WWW\csj\trunk\php\project\backend\Application\Runtime\Cache\Admin\18bc66a7b6334412ab8e61a2539ecfbd.php 第 82 行.
NOTIC: [8] Undefined offset: 0 D:\phpStudy\WWW\csj\trunk\php\project\backend\Application\Runtime\Cache\Admin\18bc66a7b6334412ab8e61a2539ecfbd.php 第 88 行.
NOTIC: [8] Undefined offset: 0 D:\phpStudy\WWW\csj\trunk\php\project\backend\Application\Runtime\Cache\Admin\18bc66a7b6334412ab8e61a2539ecfbd.php 第 88 行.
NOTIC: [8] Undefined offset: 0 D:\phpStudy\WWW\csj\trunk\php\project\backend\Application\Runtime\Cache\Admin\18bc66a7b6334412ab8e61a2539ecfbd.php 第 82 行.
NOTIC: [8] Undefined offset: 0 D:\phpStudy\WWW\csj\trunk\php\project\backend\Application\Runtime\Cache\Admin\18bc66a7b6334412ab8e61a2539ecfbd.php 第 88 行.
NOTIC: [8] Undefined offset: 0 D:\phpStudy\WWW\csj\trunk\php\project\backend\Application\Runtime\Cache\Admin\18bc66a7b6334412ab8e61a2539ecfbd.php 第 88 行.
NOTIC: [8] Undefined offset: 0 D:\phpStudy\WWW\csj\trunk\php\project\backend\Application\Runtime\Cache\Admin\18bc66a7b6334412ab8e61a2539ecfbd.php 第 82 行.
NOTIC: [8] Undefined offset: 0 D:\phpStudy\WWW\csj\trunk\php\project\backend\Application\Runtime\Cache\Admin\18bc66a7b6334412ab8e61a2539ecfbd.php 第 88 行.
NOTIC: [8] Undefined offset: 0 D:\phpStudy\WWW\csj\trunk\php\project\backend\Application\Runtime\Cache\Admin\18bc66a7b6334412ab8e61a2539ecfbd.php 第 88 行.
NOTIC: [8] Undefined offset: 0 D:\phpStudy\WWW\csj\trunk\php\project\backend\Application\Runtime\Cache\Admin\18bc66a7b6334412ab8e61a2539ecfbd.php 第 82 行.
NOTIC: [8] Undefined offset: 0 D:\phpStudy\WWW\csj\trunk\php\project\backend\Application\Runtime\Cache\Admin\18bc66a7b6334412ab8e61a2539ecfbd.php 第 88 行.
NOTIC: [8] Undefined offset: 0 D:\phpStudy\WWW\csj\trunk\php\project\backend\Application\Runtime\Cache\Admin\18bc66a7b6334412ab8e61a2539ecfbd.php 第 88 行.
NOTIC: [8] Undefined offset: 0 D:\phpStudy\WWW\csj\trunk\php\project\backend\Application\Runtime\Cache\Admin\18bc66a7b6334412ab8e61a2539ecfbd.php 第 82 行.
NOTIC: [8] Undefined offset: 0 D:\phpStudy\WWW\csj\trunk\php\project\backend\Application\Runtime\Cache\Admin\18bc66a7b6334412ab8e61a2539ecfbd.php 第 88 行.
NOTIC: [8] Undefined offset: 0 D:\phpStudy\WWW\csj\trunk\php\project\backend\Application\Runtime\Cache\Admin\18bc66a7b6334412ab8e61a2539ecfbd.php 第 88 行.
NOTIC: [8] Undefined offset: 0 D:\phpStudy\WWW\csj\trunk\php\project\backend\Application\Runtime\Cache\Admin\18bc66a7b6334412ab8e61a2539ecfbd.php 第 82 行.
NOTIC: [8] Undefined offset: 0 D:\phpStudy\WWW\csj\trunk\php\project\backend\Application\Runtime\Cache\Admin\18bc66a7b6334412ab8e61a2539ecfbd.php 第 88 行.
NOTIC: [8] Undefined offset: 0 D:\phpStudy\WWW\csj\trunk\php\project\backend\Application\Runtime\Cache\Admin\18bc66a7b6334412ab8e61a2539ecfbd.php 第 88 行.
NOTIC: [8] Undefined offset: 0 D:\phpStudy\WWW\csj\trunk\php\project\backend\Application\Runtime\Cache\Admin\18bc66a7b6334412ab8e61a2539ecfbd.php 第 82 行.
NOTIC: [8] Undefined offset: 0 D:\phpStudy\WWW\csj\trunk\php\project\backend\Application\Runtime\Cache\Admin\18bc66a7b6334412ab8e61a2539ecfbd.php 第 88 行.
NOTIC: [8] Undefined offset: 0 D:\phpStudy\WWW\csj\trunk\php\project\backend\Application\Runtime\Cache\Admin\18bc66a7b6334412ab8e61a2539ecfbd.php 第 88 行.
NOTIC: [8] Undefined offset: 0 D:\phpStudy\WWW\csj\trunk\php\project\backend\Application\Runtime\Cache\Admin\18bc66a7b6334412ab8e61a2539ecfbd.php 第 88 行.
NOTIC: [8] Undefined offset: 0 D:\phpStudy\WWW\csj\trunk\php\project\backend\Application\Runtime\Cache\Admin\18bc66a7b6334412ab8e61a2539ecfbd.php 第 88 行.
NOTIC: [8] Undefined offset: 0 D:\phpStudy\WWW\csj\trunk\php\project\backend\Application\Runtime\Cache\Admin\18bc66a7b6334412ab8e61a2539ecfbd.php 第 88 行.
NOTIC: [8] Undefined offset: 0 D:\phpStudy\WWW\csj\trunk\php\project\backend\Application\Runtime\Cache\Admin\18bc66a7b6334412ab8e61a2539ecfbd.php 第 88 行.
NOTIC: [8] Undefined offset: 0 D:\phpStudy\WWW\csj\trunk\php\project\backend\Application\Runtime\Cache\Admin\18bc66a7b6334412ab8e61a2539ecfbd.php 第 82 行.
NOTIC: [8] Undefined offset: 0 D:\phpStudy\WWW\csj\trunk\php\project\backend\Application\Runtime\Cache\Admin\18bc66a7b6334412ab8e61a2539ecfbd.php 第 88 行.
NOTIC: [8] Undefined offset: 0 D:\phpStudy\WWW\csj\trunk\php\project\backend\Application\Runtime\Cache\Admin\18bc66a7b6334412ab8e61a2539ecfbd.php 第 88 行.
NOTIC: [8] Undefined offset: 0 D:\phpStudy\WWW\csj\trunk\php\project\backend\Application\Runtime\Cache\Admin\18bc66a7b6334412ab8e61a2539ecfbd.php 第 82 行.
NOTIC: [8] Undefined offset: 0 D:\phpStudy\WWW\csj\trunk\php\project\backend\Application\Runtime\Cache\Admin\18bc66a7b6334412ab8e61a2539ecfbd.php 第 88 行.
NOTIC: [8] Undefined offset: 0 D:\phpStudy\WWW\csj\trunk\php\project\backend\Application\Runtime\Cache\Admin\18bc66a7b6334412ab8e61a2539ecfbd.php 第 88 行.
NOTIC: [8] Undefined offset: 0 D:\phpStudy\WWW\csj\trunk\php\project\backend\Application\Runtime\Cache\Admin\18bc66a7b6334412ab8e61a2539ecfbd.php 第 82 行.
NOTIC: [8] Undefined offset: 0 D:\phpStudy\WWW\csj\trunk\php\project\backend\Application\Runtime\Cache\Admin\18bc66a7b6334412ab8e61a2539ecfbd.php 第 88 行.
NOTIC: [8] Undefined offset: 0 D:\phpStudy\WWW\csj\trunk\php\project\backend\Application\Runtime\Cache\Admin\18bc66a7b6334412ab8e61a2539ecfbd.php 第 88 行.
NOTIC: [8] Undefined offset: 0 D:\phpStudy\WWW\csj\trunk\php\project\backend\Application\Runtime\Cache\Admin\18bc66a7b6334412ab8e61a2539ecfbd.php 第 82 行.
NOTIC: [8] Undefined offset: 0 D:\phpStudy\WWW\csj\trunk\php\project\backend\Application\Runtime\Cache\Admin\18bc66a7b6334412ab8e61a2539ecfbd.php 第 88 行.
NOTIC: [8] Undefined offset: 0 D:\phpStudy\WWW\csj\trunk\php\project\backend\Application\Runtime\Cache\Admin\18bc66a7b6334412ab8e61a2539ecfbd.php 第 88 行.
INFO: Run Behavior\ParseTemplateBehavior [ RunTime:0.023000s ]
INFO: [ view_parse ] --END-- [ RunTime:0.023000s ]
INFO: [ view_filter ] --START--
INFO: Run Behavior\WriteHtmlCacheBehavior [ RunTime:0.001000s ]
INFO: [ view_filter ] --END-- [ RunTime:0.001000s ]
INFO: [ app_end ] --START--
INFO: Run Behavior\ShowPageTraceBehavior [ RunTime:0.001000s ]
INFO: [ app_end ] --END-- [ RunTime:0.001000s ]

[ 2018-03-06T11:28:32+08:00 ] 127.0.0.1 /Admin/Order/edit/id/75.html
INFO: [ app_init ] --START--
INFO: Run Behavior\BuildLiteBehavior [ RunTime:0.000000s ]
INFO: [ app_init ] --END-- [ RunTime:0.000000s ]
INFO: [ app_begin ] --START--
INFO: Run Behavior\ReadHtmlCacheBehavior [ RunTime:0.001000s ]
INFO: [ app_begin ] --END-- [ RunTime:0.001000s ]
SQL: SHOW COLUMNS FROM `api_order` [ RunTime:0.0370s ]
SQL: SELECT * FROM `api_menu` ORDER BY sort asc  [ RunTime:0.0360s ]
SQL: SELECT * FROM `api_menu` WHERE `url` = 'Order/edit' LIMIT 1   [ RunTime:0.0330s ]
SQL: SELECT * FROM `api_user` WHERE `id` = '1' LIMIT 1   [ RunTime:0.0400s ]
SQL: SHOW COLUMNS FROM `api_user_action` [ RunTime:0.0350s ]
SQL: INSERT INTO `api_user_action` (`actionName`,`uid`,`nickname`,`addTime`,`url`,`data`) VALUES ('订单误操作修改','1','kpzadmin  ','1520306912','order/edit','{\"id\":\"75\",\"PHPSESSID\":\"hjt06m20bggmi3ihn2lenn9nn4\"}') [ RunTime:0.0550s ]
SQL: SHOW COLUMNS FROM `api_order` [ RunTime:0.0360s ]
SQL: SELECT a.order_no,a.id,a.order_type,a.status,a.arrives_time,a.contacts_realname,a.contacts_tel,b.title,a.settlement_status FROM api_order a left join api_merchant b ON b.id = a.merchant_id  WHERE a.id = '75' LIMIT 1   [ RunTime:0.0340s ]
INFO: [ view_parse ] --START--
INFO: [ template_filter ] --START--
INFO: Run Behavior\ContentReplaceBehavior [ RunTime:0.000000s ]
INFO: [ template_filter ] --END-- [ RunTime:0.000000s ]
NOTIC: [8] Use of undefined constant index - assumed 'index' D:\phpStudy\WWW\csj\trunk\php\project\backend\Application\Runtime\Cache\Admin\83de05da110a2f8e9570cd504067062c.php 第 100 行.
INFO: Run Behavior\ParseTemplateBehavior [ RunTime:0.011000s ]
INFO: [ view_parse ] --END-- [ RunTime:0.012000s ]
INFO: [ view_filter ] --START--
INFO: Run Behavior\WriteHtmlCacheBehavior [ RunTime:0.000000s ]
INFO: [ view_filter ] --END-- [ RunTime:0.000000s ]
INFO: [ app_end ] --START--
INFO: Run Behavior\ShowPageTraceBehavior [ RunTime:0.001000s ]
INFO: [ app_end ] --END-- [ RunTime:0.001000s ]

[ 2018-03-06T11:28:50+08:00 ] 127.0.0.1 /Admin/Order/index.html
INFO: [ app_init ] --START--
INFO: Run Behavior\BuildLiteBehavior [ RunTime:0.000000s ]
INFO: [ app_init ] --END-- [ RunTime:0.002000s ]
INFO: [ app_begin ] --START--
INFO: Run Behavior\ReadHtmlCacheBehavior [ RunTime:0.001000s ]
INFO: [ app_begin ] --END-- [ RunTime:0.001000s ]
SQL: SHOW COLUMNS FROM `api_order` [ RunTime:0.0670s ]
SQL: SELECT * FROM `api_menu` ORDER BY sort asc  [ RunTime:0.0450s ]
SQL: SELECT * FROM `api_menu` WHERE `url` = 'Order/index' LIMIT 1   [ RunTime:0.0430s ]
SQL: SELECT * FROM `api_user` WHERE `id` = '1' LIMIT 1   [ RunTime:0.0440s ]
NOTIC: [8] Undefined index: status D:\phpStudy\WWW\csj\trunk\php\project\backend\Application\Admin\Model\OrderModel.class.php 第 46 行.
NOTIC: [8] Undefined index: settlement_status D:\phpStudy\WWW\csj\trunk\php\project\backend\Application\Admin\Model\OrderModel.class.php 第 51 行.
NOTIC: [8] Undefined index: order_type D:\phpStudy\WWW\csj\trunk\php\project\backend\Application\Admin\Model\OrderModel.class.php 第 56 行.
NOTIC: [8] Undefined index: payment D:\phpStudy\WWW\csj\trunk\php\project\backend\Application\Admin\Model\OrderModel.class.php 第 61 行.
NOTIC: [8] Undefined variable: where D:\phpStudy\WWW\csj\trunk\php\project\backend\Application\Admin\Model\OrderModel.class.php 第 69 行.
SQL: SELECT COUNT(*) AS tp_count FROM `api_order` LEFT JOIN api_merchant ON api_merchant.id = api_order.merchant_id LEFT JOIN api_member ON api_member.id = api_order.member_id  LIMIT 1   [ RunTime:0.0450s ]
SQL: SELECT SUM(pay_price) AS tp_sum FROM `api_order` LEFT JOIN api_merchant ON api_merchant.id = api_order.merchant_id LEFT JOIN api_member ON api_member.id = api_order.member_id  LIMIT 1   [ RunTime:0.0440s ]
SQL: SELECT SUM(discount_money) AS tp_sum FROM `api_order` LEFT JOIN api_merchant ON api_merchant.id = api_order.merchant_id LEFT JOIN api_member ON api_member.id = api_order.member_id  LIMIT 1   [ RunTime:0.0610s ]
NOTIC: [8] Undefined variable: where D:\phpStudy\WWW\csj\trunk\php\project\backend\Application\Admin\Model\OrderModel.class.php 第 109 行.
SQL: SELECT api_order.id,api_merchant.title as merchant_title,api_member.nickname,api_order.order_no,api_order.contacts_realname,api_order.contacts_tel,api_order.contacts_sex,api_order.total_price,api_order.pay_price,api_order.purchase_price,api_order.discount_money,api_order.status,api_order.settlement_status,api_order.order_type,api_order.payment,api_order.description,from_unixtime(api_order.arrives_time,"%Y-%m-%d") as arrives_time,api_order.incr_time,api_order.created_time,from_unixtime(api_order.created_time) as created_time,api_order.employee_id,api_order.employee_realname,api_order.employee_avatar,api_order.employee_tel,api_order.relation_order_no FROM `api_order` LEFT JOIN api_merchant ON api_merchant.id = api_order.merchant_id LEFT JOIN api_member ON api_member.id = api_order.member_id  ORDER BY api_order.id desc LIMIT 0,20   [ RunTime:0.0460s ]
NOTIC: [8] Undefined variable: purchase_prices D:\phpStudy\WWW\csj\trunk\php\project\backend\Application\Admin\Model\OrderModel.class.php 第 113 行.
INFO: [ view_parse ] --START--
INFO: [ template_filter ] --START--
INFO: Run Behavior\ContentReplaceBehavior [ RunTime:0.000000s ]
INFO: [ template_filter ] --END-- [ RunTime:0.000000s ]
NOTIC: [8] Undefined offset: 0 D:\phpStudy\WWW\csj\trunk\php\project\backend\Application\Runtime\Cache\Admin\18bc66a7b6334412ab8e61a2539ecfbd.php 第 88 行.
NOTIC: [8] Undefined offset: 0 D:\phpStudy\WWW\csj\trunk\php\project\backend\Application\Runtime\Cache\Admin\18bc66a7b6334412ab8e61a2539ecfbd.php 第 88 行.
NOTIC: [8] Undefined offset: 0 D:\phpStudy\WWW\csj\trunk\php\project\backend\Application\Runtime\Cache\Admin\18bc66a7b6334412ab8e61a2539ecfbd.php 第 88 行.
NOTIC: [8] Undefined offset: 0 D:\phpStudy\WWW\csj\trunk\php\project\backend\Application\Runtime\Cache\Admin\18bc66a7b6334412ab8e61a2539ecfbd.php 第 88 行.
NOTIC: [8] Undefined offset: 0 D:\phpStudy\WWW\csj\trunk\php\project\backend\Application\Runtime\Cache\Admin\18bc66a7b6334412ab8e61a2539ecfbd.php 第 82 行.
NOTIC: [8] Undefined offset: 0 D:\phpStudy\WWW\csj\trunk\php\project\backend\Application\Runtime\Cache\Admin\18bc66a7b6334412ab8e61a2539ecfbd.php 第 88 行.
NOTIC: [8] Undefined offset: 0 D:\phpStudy\WWW\csj\trunk\php\project\backend\Application\Runtime\Cache\Admin\18bc66a7b6334412ab8e61a2539ecfbd.php 第 88 行.
NOTIC: [8] Undefined offset: 0 D:\phpStudy\WWW\csj\trunk\php\project\backend\Application\Runtime\Cache\Admin\18bc66a7b6334412ab8e61a2539ecfbd.php 第 82 行.
NOTIC: [8] Undefined offset: 0 D:\phpStudy\WWW\csj\trunk\php\project\backend\Application\Runtime\Cache\Admin\18bc66a7b6334412ab8e61a2539ecfbd.php 第 88 行.
NOTIC: [8] Undefined offset: 0 D:\phpStudy\WWW\csj\trunk\php\project\backend\Application\Runtime\Cache\Admin\18bc66a7b6334412ab8e61a2539ecfbd.php 第 88 行.
NOTIC: [8] Undefined offset: 0 D:\phpStudy\WWW\csj\trunk\php\project\backend\Application\Runtime\Cache\Admin\18bc66a7b6334412ab8e61a2539ecfbd.php 第 82 行.
NOTIC: [8] Undefined offset: 0 D:\phpStudy\WWW\csj\trunk\php\project\backend\Application\Runtime\Cache\Admin\18bc66a7b6334412ab8e61a2539ecfbd.php 第 88 行.
NOTIC: [8] Undefined offset: 0 D:\phpStudy\WWW\csj\trunk\php\project\backend\Application\Runtime\Cache\Admin\18bc66a7b6334412ab8e61a2539ecfbd.php 第 88 行.
NOTIC: [8] Undefined offset: 0 D:\phpStudy\WWW\csj\trunk\php\project\backend\Application\Runtime\Cache\Admin\18bc66a7b6334412ab8e61a2539ecfbd.php 第 82 行.
NOTIC: [8] Undefined offset: 0 D:\phpStudy\WWW\csj\trunk\php\project\backend\Application\Runtime\Cache\Admin\18bc66a7b6334412ab8e61a2539ecfbd.php 第 88 行.
NOTIC: [8] Undefined offset: 0 D:\phpStudy\WWW\csj\trunk\php\project\backend\Application\Runtime\Cache\Admin\18bc66a7b6334412ab8e61a2539ecfbd.php 第 88 行.
NOTIC: [8] Undefined offset: 0 D:\phpStudy\WWW\csj\trunk\php\project\backend\Application\Runtime\Cache\Admin\18bc66a7b6334412ab8e61a2539ecfbd.php 第 82 行.
NOTIC: [8] Undefined offset: 0 D:\phpStudy\WWW\csj\trunk\php\project\backend\Application\Runtime\Cache\Admin\18bc66a7b6334412ab8e61a2539ecfbd.php 第 88 行.
NOTIC: [8] Undefined offset: 0 D:\phpStudy\WWW\csj\trunk\php\project\backend\Application\Runtime\Cache\Admin\18bc66a7b6334412ab8e61a2539ecfbd.php 第 88 行.
NOTIC: [8] Undefined offset: 0 D:\phpStudy\WWW\csj\trunk\php\project\backend\Application\Runtime\Cache\Admin\18bc66a7b6334412ab8e61a2539ecfbd.php 第 82 行.
NOTIC: [8] Undefined offset: 0 D:\phpStudy\WWW\csj\trunk\php\project\backend\Application\Runtime\Cache\Admin\18bc66a7b6334412ab8e61a2539ecfbd.php 第 88 行.
NOTIC: [8] Undefined offset: 0 D:\phpStudy\WWW\csj\trunk\php\project\backend\Application\Runtime\Cache\Admin\18bc66a7b6334412ab8e61a2539ecfbd.php 第 88 行.
NOTIC: [8] Undefined offset: 0 D:\phpStudy\WWW\csj\trunk\php\project\backend\Application\Runtime\Cache\Admin\18bc66a7b6334412ab8e61a2539ecfbd.php 第 82 行.
NOTIC: [8] Undefined offset: 0 D:\phpStudy\WWW\csj\trunk\php\project\backend\Application\Runtime\Cache\Admin\18bc66a7b6334412ab8e61a2539ecfbd.php 第 88 行.
NOTIC: [8] Undefined offset: 0 D:\phpStudy\WWW\csj\trunk\php\project\backend\Application\Runtime\Cache\Admin\18bc66a7b6334412ab8e61a2539ecfbd.php 第 88 行.
NOTIC: [8] Undefined offset: 0 D:\phpStudy\WWW\csj\trunk\php\project\backend\Application\Runtime\Cache\Admin\18bc66a7b6334412ab8e61a2539ecfbd.php 第 82 行.
NOTIC: [8] Undefined offset: 0 D:\phpStudy\WWW\csj\trunk\php\project\backend\Application\Runtime\Cache\Admin\18bc66a7b6334412ab8e61a2539ecfbd.php 第 88 行.
NOTIC: [8] Undefined offset: 0 D:\phpStudy\WWW\csj\trunk\php\project\backend\Application\Runtime\Cache\Admin\18bc66a7b6334412ab8e61a2539ecfbd.php 第 88 行.
NOTIC: [8] Undefined offset: 0 D:\phpStudy\WWW\csj\trunk\php\project\backend\Application\Runtime\Cache\Admin\18bc66a7b6334412ab8e61a2539ecfbd.php 第 82 行.
NOTIC: [8] Undefined offset: 0 D:\phpStudy\WWW\csj\trunk\php\project\backend\Application\Runtime\Cache\Admin\18bc66a7b6334412ab8e61a2539ecfbd.php 第 88 行.
NOTIC: [8] Undefined offset: 0 D:\phpStudy\WWW\csj\trunk\php\project\backend\Application\Runtime\Cache\Admin\18bc66a7b6334412ab8e61a2539ecfbd.php 第 88 行.
NOTIC: [8] Undefined offset: 0 D:\phpStudy\WWW\csj\trunk\php\project\backend\Application\Runtime\Cache\Admin\18bc66a7b6334412ab8e61a2539ecfbd.php 第 82 行.
NOTIC: [8] Undefined offset: 0 D:\phpStudy\WWW\csj\trunk\php\project\backend\Application\Runtime\Cache\Admin\18bc66a7b6334412ab8e61a2539ecfbd.php 第 88 行.
NOTIC: [8] Undefined offset: 0 D:\phpStudy\WWW\csj\trunk\php\project\backend\Application\Runtime\Cache\Admin\18bc66a7b6334412ab8e61a2539ecfbd.php 第 88 行.
NOTIC: [8] Undefined offset: 0 D:\phpStudy\WWW\csj\trunk\php\project\backend\Application\Runtime\Cache\Admin\18bc66a7b6334412ab8e61a2539ecfbd.php 第 82 行.
NOTIC: [8] Undefined offset: 0 D:\phpStudy\WWW\csj\trunk\php\project\backend\Application\Runtime\Cache\Admin\18bc66a7b6334412ab8e61a2539ecfbd.php 第 88 行.
NOTIC: [8] Undefined offset: 0 D:\phpStudy\WWW\csj\trunk\php\project\backend\Application\Runtime\Cache\Admin\18bc66a7b6334412ab8e61a2539ecfbd.php 第 88 行.
NOTIC: [8] Undefined offset: 0 D:\phpStudy\WWW\csj\trunk\php\project\backend\Application\Runtime\Cache\Admin\18bc66a7b6334412ab8e61a2539ecfbd.php 第 88 行.
NOTIC: [8] Undefined offset: 0 D:\phpStudy\WWW\csj\trunk\php\project\backend\Application\Runtime\Cache\Admin\18bc66a7b6334412ab8e61a2539ecfbd.php 第 88 行.
NOTIC: [8] Undefined offset: 0 D:\phpStudy\WWW\csj\trunk\php\project\backend\Application\Runtime\Cache\Admin\18bc66a7b6334412ab8e61a2539ecfbd.php 第 88 行.
NOTIC: [8] Undefined offset: 0 D:\phpStudy\WWW\csj\trunk\php\project\backend\Application\Runtime\Cache\Admin\18bc66a7b6334412ab8e61a2539ecfbd.php 第 88 行.
NOTIC: [8] Undefined offset: 0 D:\phpStudy\WWW\csj\trunk\php\project\backend\Application\Runtime\Cache\Admin\18bc66a7b6334412ab8e61a2539ecfbd.php 第 82 行.
NOTIC: [8] Undefined offset: 0 D:\phpStudy\WWW\csj\trunk\php\project\backend\Application\Runtime\Cache\Admin\18bc66a7b6334412ab8e61a2539ecfbd.php 第 88 行.
NOTIC: [8] Undefined offset: 0 D:\phpStudy\WWW\csj\trunk\php\project\backend\Application\Runtime\Cache\Admin\18bc66a7b6334412ab8e61a2539ecfbd.php 第 88 行.
NOTIC: [8] Undefined offset: 0 D:\phpStudy\WWW\csj\trunk\php\project\backend\Application\Runtime\Cache\Admin\18bc66a7b6334412ab8e61a2539ecfbd.php 第 82 行.
NOTIC: [8] Undefined offset: 0 D:\phpStudy\WWW\csj\trunk\php\project\backend\Application\Runtime\Cache\Admin\18bc66a7b6334412ab8e61a2539ecfbd.php 第 88 行.
NOTIC: [8] Undefined offset: 0 D:\phpStudy\WWW\csj\trunk\php\project\backend\Application\Runtime\Cache\Admin\18bc66a7b6334412ab8e61a2539ecfbd.php 第 88 行.
NOTIC: [8] Undefined offset: 0 D:\phpStudy\WWW\csj\trunk\php\project\backend\Application\Runtime\Cache\Admin\18bc66a7b6334412ab8e61a2539ecfbd.php 第 82 行.
NOTIC: [8] Undefined offset: 0 D:\phpStudy\WWW\csj\trunk\php\project\backend\Application\Runtime\Cache\Admin\18bc66a7b6334412ab8e61a2539ecfbd.php 第 88 行.
NOTIC: [8] Undefined offset: 0 D:\phpStudy\WWW\csj\trunk\php\project\backend\Application\Runtime\Cache\Admin\18bc66a7b6334412ab8e61a2539ecfbd.php 第 88 行.
NOTIC: [8] Undefined offset: 0 D:\phpStudy\WWW\csj\trunk\php\project\backend\Application\Runtime\Cache\Admin\18bc66a7b6334412ab8e61a2539ecfbd.php 第 82 行.
NOTIC: [8] Undefined offset: 0 D:\phpStudy\WWW\csj\trunk\php\project\backend\Application\Runtime\Cache\Admin\18bc66a7b6334412ab8e61a2539ecfbd.php 第 88 行.
NOTIC: [8] Undefined offset: 0 D:\phpStudy\WWW\csj\trunk\php\project\backend\Application\Runtime\Cache\Admin\18bc66a7b6334412ab8e61a2539ecfbd.php 第 88 行.
INFO: Run Behavior\ParseTemplateBehavior [ RunTime:0.015000s ]
INFO: [ view_parse ] --END-- [ RunTime:0.015000s ]
INFO: [ view_filter ] --START--
INFO: Run Behavior\WriteHtmlCacheBehavior [ RunTime:0.000000s ]
INFO: [ view_filter ] --END-- [ RunTime:0.000000s ]
INFO: [ app_end ] --START--
INFO: Run Behavior\ShowPageTraceBehavior [ RunTime:0.000000s ]
INFO: [ app_end ] --END-- [ RunTime:0.000000s ]

[ 2018-03-06T11:28:53+08:00 ] 127.0.0.1 /Admin/Order/detail/id/75.html
INFO: [ app_init ] --START--
INFO: Run Behavior\BuildLiteBehavior [ RunTime:0.000000s ]
INFO: [ app_init ] --END-- [ RunTime:0.001000s ]
INFO: [ app_begin ] --START--
INFO: Run Behavior\ReadHtmlCacheBehavior [ RunTime:0.000000s ]
INFO: [ app_begin ] --END-- [ RunTime:0.000000s ]
SQL: SHOW COLUMNS FROM `api_order` [ RunTime:0.0380s ]
SQL: SELECT * FROM `api_menu` ORDER BY sort asc  [ RunTime:0.0400s ]
SQL: SELECT * FROM `api_menu` WHERE `url` = 'Order/detail' LIMIT 1   [ RunTime:0.0370s ]
SQL: SELECT * FROM `api_user` WHERE `id` = '1' LIMIT 1   [ RunTime:0.0370s ]
SQL: SHOW COLUMNS FROM `api_user_action` [ RunTime:0.0380s ]
SQL: INSERT INTO `api_user_action` (`actionName`,`uid`,`nickname`,`addTime`,`url`,`data`) VALUES ('订单详情','1','kpzadmin  ','1520306932','Order/detail','{\"id\":\"75\",\"PHPSESSID\":\"hjt06m20bggmi3ihn2lenn9nn4\"}') [ RunTime:0.0470s ]
SQL: SELECT * FROM `api_order` WHERE `id` = 75 LIMIT 1   [ RunTime:0.0380s ]
SQL: SHOW COLUMNS FROM `api_merchant` [ RunTime:0.0370s ]
SQL: SELECT * FROM `api_merchant` LIMIT 1   [ RunTime:0.0400s ]
SQL: SHOW COLUMNS FROM `api_member` [ RunTime:0.0370s ]
SQL: SELECT * FROM `api_member` LIMIT 1   [ RunTime:0.0400s ]
SQL: SHOW COLUMNS FROM `api_order_pack` [ RunTime:0.0370s ]
SQL: SELECT * FROM `api_order_pack` WHERE `order_id` = 75 LIMIT 1   [ RunTime:0.0390s ]
SQL: SHOW COLUMNS FROM `api_order_seat` [ RunTime:0.0400s ]
SQL: SELECT * FROM `api_order_seat` WHERE `order_id` = 75 LIMIT 1   [ RunTime:0.0370s ]
SQL: SHOW COLUMNS FROM `api_employee_operation` [ RunTime:0.0380s ]
SQL: SELECT * FROM `api_employee_operation` WHERE `order_id` = 75 ORDER BY updated_time desc  [ RunTime:0.0370s ]
INFO: [ view_parse ] --START--
INFO: [ template_filter ] --START--
INFO: Run Behavior\ContentReplaceBehavior [ RunTime:0.000000s ]
INFO: [ template_filter ] --END-- [ RunTime:0.000000s ]
INFO: Run Behavior\ParseTemplateBehavior [ RunTime:0.021000s ]
INFO: [ view_parse ] --END-- [ RunTime:0.022000s ]
INFO: [ view_filter ] --START--
INFO: Run Behavior\WriteHtmlCacheBehavior [ RunTime:0.000000s ]
INFO: [ view_filter ] --END-- [ RunTime:0.000000s ]
INFO: [ app_end ] --START--
INFO: Run Behavior\ShowPageTraceBehavior [ RunTime:0.001000s ]
INFO: [ app_end ] --END-- [ RunTime:0.001000s ]

