[ 2018-01-30T10:36:15+08:00 ] 127.0.0.1 /
INFO: [ app_init ] --START--
INFO: Run Behavior\BuildLiteBehavior [ RunTime:0.000000s ]
INFO: [ app_init ] --END-- [ RunTime:0.002000s ]
INFO: [ app_begin ] --START--
INFO: Run Behavior\ReadHtmlCacheBehavior [ RunTime:0.001000s ]
INFO: [ app_begin ] --END-- [ RunTime:0.001000s ]
INFO: [ view_parse ] --START--
INFO: [ template_filter ] --START--
INFO: Run Behavior\ContentReplaceBehavior [ RunTime:0.001000s ]
INFO: [ template_filter ] --END-- [ RunTime:0.001000s ]
INFO: Run Behavior\ParseTemplateBehavior [ RunTime:0.013000s ]
INFO: [ view_parse ] --END-- [ RunTime:0.013000s ]
INFO: [ view_filter ] --START--
INFO: Run Behavior\WriteHtmlCacheBehavior [ RunTime:0.001000s ]
INFO: [ view_filter ] --END-- [ RunTime:0.001000s ]
INFO: [ app_end ] --START--
INFO: Run Behavior\ShowPageTraceBehavior [ RunTime:0.000000s ]
INFO: [ app_end ] --END-- [ RunTime:0.000000s ]

[ 2018-01-30T10:36:16+08:00 ] 127.0.0.1 /Admin/Verification/gt.html
INFO: [ app_init ] --START--
INFO: Run Behavior\BuildLiteBehavior [ RunTime:0.000000s ]
INFO: [ app_init ] --END-- [ RunTime:0.000000s ]
INFO: [ app_begin ] --START--
INFO: Run Behavior\ReadHtmlCacheBehavior [ RunTime:0.001000s ]
INFO: [ app_begin ] --END-- [ RunTime:0.001000s ]

[ 2018-01-30T10:36:18+08:00 ] 127.0.0.1 /Admin/Login/login.html
INFO: [ app_init ] --START--
INFO: Run Behavior\BuildLiteBehavior [ RunTime:0.000000s ]
INFO: [ app_init ] --END-- [ RunTime:0.001000s ]
INFO: [ app_begin ] --START--
INFO: Run Behavior\ReadHtmlCacheBehavior [ RunTime:0.000000s ]
INFO: [ app_begin ] --END-- [ RunTime:0.000000s ]
SQL: SELECT * FROM `api_user` WHERE `username` = 'kpzadmin  ' AND `password` = '87543278f1315d89849abcc67735def3' LIMIT 1   [ RunTime:0.0380s ]
SQL: SELECT * FROM `api_user_data` WHERE `uid` = '1' LIMIT 1   [ RunTime:0.0390s ]
SQL: UPDATE `api_user_data` SET `loginTimes`='448',`lastLoginIp`='2130706433',`lastLoginTime`='1517279778' WHERE `uid` = '1' [ RunTime:0.0470s ]

[ 2018-01-30T10:36:20+08:00 ] 127.0.0.1 /Admin/Index/index.html
INFO: [ app_init ] --START--
INFO: Run Behavior\BuildLiteBehavior [ RunTime:0.000000s ]
INFO: [ app_init ] --END-- [ RunTime:0.000000s ]
INFO: [ app_begin ] --START--
INFO: Run Behavior\ReadHtmlCacheBehavior [ RunTime:0.001000s ]
INFO: [ app_begin ] --END-- [ RunTime:0.001000s ]
SQL: SELECT * FROM `api_menu` ORDER BY sort asc  [ RunTime:0.0380s ]
SQL: SELECT * FROM `api_menu` WHERE `url` = 'Index/index' LIMIT 1   [ RunTime:0.0380s ]
SQL: SELECT * FROM `api_user` WHERE `id` = '1' LIMIT 1   [ RunTime:0.0370s ]
INFO: [ view_parse ] --START--
INFO: [ template_filter ] --START--
INFO: Run Behavior\ContentReplaceBehavior [ RunTime:0.000000s ]
INFO: [ template_filter ] --END-- [ RunTime:0.000000s ]
INFO: Run Behavior\ParseTemplateBehavior [ RunTime:0.005000s ]
INFO: [ view_parse ] --END-- [ RunTime:0.005000s ]
INFO: [ view_filter ] --START--
INFO: Run Behavior\WriteHtmlCacheBehavior [ RunTime:0.000000s ]
INFO: [ view_filter ] --END-- [ RunTime:0.000000s ]
INFO: [ app_end ] --START--
INFO: Run Behavior\ShowPageTraceBehavior [ RunTime:0.001000s ]
INFO: [ app_end ] --END-- [ RunTime:0.001000s ]

[ 2018-01-30T10:36:21+08:00 ] 127.0.0.1 /Admin/Index/welcome.html
INFO: [ app_init ] --START--
INFO: Run Behavior\BuildLiteBehavior [ RunTime:0.000000s ]
INFO: [ app_init ] --END-- [ RunTime:0.000000s ]
INFO: [ app_begin ] --START--
INFO: Run Behavior\ReadHtmlCacheBehavior [ RunTime:0.000000s ]
INFO: [ app_begin ] --END-- [ RunTime:0.000000s ]
SQL: SELECT * FROM `api_menu` ORDER BY sort asc  [ RunTime:0.0430s ]
SQL: SELECT * FROM `api_menu` WHERE `url` = 'Index/welcome' LIMIT 1   [ RunTime:0.0410s ]
SQL: SELECT * FROM `api_user` WHERE `id` = '1' LIMIT 1   [ RunTime:0.0420s ]
INFO: [ view_parse ] --START--
INFO: [ template_filter ] --START--
INFO: Run Behavior\ContentReplaceBehavior [ RunTime:0.000000s ]
INFO: [ template_filter ] --END-- [ RunTime:0.001000s ]
INFO: Run Behavior\ParseTemplateBehavior [ RunTime:0.005000s ]
INFO: [ view_parse ] --END-- [ RunTime:0.005000s ]
INFO: [ view_filter ] --START--
INFO: Run Behavior\WriteHtmlCacheBehavior [ RunTime:0.001000s ]
INFO: [ view_filter ] --END-- [ RunTime:0.001000s ]
INFO: [ app_end ] --START--
INFO: Run Behavior\ShowPageTraceBehavior [ RunTime:0.000000s ]
INFO: [ app_end ] --END-- [ RunTime:0.000000s ]

[ 2018-01-30T10:36:32+08:00 ] 127.0.0.1 /Admin/Merchant/index.html
INFO: [ app_init ] --START--
INFO: Run Behavior\BuildLiteBehavior [ RunTime:0.000000s ]
INFO: [ app_init ] --END-- [ RunTime:0.000000s ]
INFO: [ app_begin ] --START--
INFO: Run Behavior\ReadHtmlCacheBehavior [ RunTime:0.000000s ]
INFO: [ app_begin ] --END-- [ RunTime:0.000000s ]
SQL: SHOW COLUMNS FROM `api_merchant` [ RunTime:0.0400s ]
NOTIC: [8] Undefined index: status D:\phpStudy\WWW\csj\trunk\php\project\backend\Application\Admin\Model\MerchantModel.class.php 第 123 行.
NOTIC: [8] Undefined variable: where D:\phpStudy\WWW\csj\trunk\php\project\backend\Application\Admin\Model\MerchantModel.class.php 第 129 行.
SQL: SELECT COUNT(*) AS tp_count FROM `api_merchant` LIMIT 1   [ RunTime:0.0380s ]
NOTIC: [8] Undefined variable: where D:\phpStudy\WWW\csj\trunk\php\project\backend\Application\Admin\Model\MerchantModel.class.php 第 131 行.
SQL: SELECT `id`,`title`,`tel`,`status`,`begin_time`,`end_time`,`avg_consume`,`preordain_cycle`,from_unixtime(created_time) as created_time FROM `api_merchant` LIMIT 0,20   [ RunTime:0.0370s ]
INFO: [ view_parse ] --START--
INFO: [ template_filter ] --START--
INFO: Run Behavior\ContentReplaceBehavior [ RunTime:0.000000s ]
INFO: [ template_filter ] --END-- [ RunTime:0.000000s ]
NOTIC: [8] Undefined index: logo D:\phpStudy\WWW\csj\trunk\php\project\backend\Application\Runtime\Cache\Admin\d278e6bf5e2b672db9da7a76be6ae9fd.php 第 50 行.
NOTIC: [8] Undefined index: logo D:\phpStudy\WWW\csj\trunk\php\project\backend\Application\Runtime\Cache\Admin\d278e6bf5e2b672db9da7a76be6ae9fd.php 第 50 行.
NOTIC: [8] Undefined index: logo D:\phpStudy\WWW\csj\trunk\php\project\backend\Application\Runtime\Cache\Admin\d278e6bf5e2b672db9da7a76be6ae9fd.php 第 50 行.
INFO: Run Behavior\ParseTemplateBehavior [ RunTime:0.008000s ]
INFO: [ view_parse ] --END-- [ RunTime:0.008000s ]
INFO: [ view_filter ] --START--
INFO: Run Behavior\WriteHtmlCacheBehavior [ RunTime:0.001000s ]
INFO: [ view_filter ] --END-- [ RunTime:0.001000s ]
INFO: [ app_end ] --START--
INFO: Run Behavior\ShowPageTraceBehavior [ RunTime:0.000000s ]
INFO: [ app_end ] --END-- [ RunTime:0.000000s ]

[ 2018-01-30T10:36:35+08:00 ] 127.0.0.1 /Admin/GoodsPack/index/merchant_id/1.html
INFO: [ app_init ] --START--
INFO: Run Behavior\BuildLiteBehavior [ RunTime:0.000000s ]
INFO: [ app_init ] --END-- [ RunTime:0.000000s ]
INFO: [ app_begin ] --START--
INFO: Run Behavior\ReadHtmlCacheBehavior [ RunTime:0.000000s ]
INFO: [ app_begin ] --END-- [ RunTime:0.000000s ]
SQL: SELECT * FROM `api_menu` ORDER BY sort asc  [ RunTime:0.0440s ]
SQL: SELECT * FROM `api_menu` WHERE `url` = 'GoodsPack/index' LIMIT 1   [ RunTime:0.0420s ]
SQL: SELECT * FROM `api_user` WHERE `id` = '1' LIMIT 1   [ RunTime:0.0420s ]
SQL: SHOW COLUMNS FROM `api_goods_pack` [ RunTime:0.0440s ]
NOTIC: [8] Undefined index: status D:\phpStudy\WWW\csj\trunk\php\project\backend\Application\Admin\Model\GoodsPackModel.class.php 第 136 行.
NOTIC: [8] Undefined index: status D:\phpStudy\WWW\csj\trunk\php\project\backend\Application\Admin\Model\GoodsPackModel.class.php 第 136 行.
SQL: SELECT COUNT(*) AS tp_count FROM `api_goods_pack` INNER JOIN api_merchant ON api_merchant.id = api_goods_pack.merchant_id  WHERE api_goods_pack.merchant_id = '1' LIMIT 1   [ RunTime:0.0430s ]
SQL: SELECT api_merchant.title as merchant_title,api_goods_pack.* FROM `api_goods_pack` INNER JOIN api_merchant ON api_merchant.id = api_goods_pack.merchant_id  WHERE api_goods_pack.merchant_id = '1' ORDER BY id desc LIMIT 0,20   [ RunTime:0.0440s ]
SQL: SHOW COLUMNS FROM `api_merchant` [ RunTime:0.0430s ]
SQL: SELECT `title` FROM `api_merchant` WHERE `id` = 1 LIMIT 1   [ RunTime:0.0420s ]
INFO: [ view_parse ] --START--
INFO: [ template_filter ] --START--
INFO: Run Behavior\ContentReplaceBehavior [ RunTime:0.000000s ]
INFO: [ template_filter ] --END-- [ RunTime:0.000000s ]
INFO: Run Behavior\ParseTemplateBehavior [ RunTime:0.007000s ]
INFO: [ view_parse ] --END-- [ RunTime:0.007000s ]
INFO: [ view_filter ] --START--
INFO: Run Behavior\WriteHtmlCacheBehavior [ RunTime:0.000000s ]
INFO: [ view_filter ] --END-- [ RunTime:0.000000s ]
INFO: [ app_end ] --START--
INFO: Run Behavior\ShowPageTraceBehavior [ RunTime:0.001000s ]
INFO: [ app_end ] --END-- [ RunTime:0.001000s ]

[ 2018-01-30T10:39:18+08:00 ] 127.0.0.1 /Admin/Index/index.html
INFO: [ app_init ] --START--
INFO: Run Behavior\BuildLiteBehavior [ RunTime:0.000000s ]
INFO: [ app_init ] --END-- [ RunTime:0.001000s ]
INFO: [ app_begin ] --START--
INFO: Run Behavior\ReadHtmlCacheBehavior [ RunTime:0.001000s ]
INFO: [ app_begin ] --END-- [ RunTime:0.001000s ]
SQL: SELECT * FROM `api_menu` ORDER BY sort asc  [ RunTime:0.0420s ]
SQL: SELECT * FROM `api_menu` WHERE `url` = 'Index/index' LIMIT 1   [ RunTime:0.0400s ]
SQL: SELECT * FROM `api_user` WHERE `id` = '1' LIMIT 1   [ RunTime:0.0390s ]
INFO: [ view_parse ] --START--
INFO: [ template_filter ] --START--
INFO: Run Behavior\ContentReplaceBehavior [ RunTime:0.000000s ]
INFO: [ template_filter ] --END-- [ RunTime:0.000000s ]
INFO: Run Behavior\ParseTemplateBehavior [ RunTime:0.017000s ]
INFO: [ view_parse ] --END-- [ RunTime:0.017000s ]
INFO: [ view_filter ] --START--
INFO: Run Behavior\WriteHtmlCacheBehavior [ RunTime:0.000000s ]
INFO: [ view_filter ] --END-- [ RunTime:0.000000s ]
INFO: [ app_end ] --START--
INFO: Run Behavior\ShowPageTraceBehavior [ RunTime:0.001000s ]
INFO: [ app_end ] --END-- [ RunTime:0.001000s ]

[ 2018-01-30T10:39:18+08:00 ] 127.0.0.1 /Admin/Index/welcome.html
INFO: [ app_init ] --START--
INFO: Run Behavior\BuildLiteBehavior [ RunTime:0.000000s ]
INFO: [ app_init ] --END-- [ RunTime:0.001000s ]
INFO: [ app_begin ] --START--
INFO: Run Behavior\ReadHtmlCacheBehavior [ RunTime:0.001000s ]
INFO: [ app_begin ] --END-- [ RunTime:0.001000s ]
SQL: SELECT * FROM `api_menu` ORDER BY sort asc  [ RunTime:0.0400s ]
SQL: SELECT * FROM `api_menu` WHERE `url` = 'Index/welcome' LIMIT 1   [ RunTime:0.0390s ]
SQL: SELECT * FROM `api_user` WHERE `id` = '1' LIMIT 1   [ RunTime:0.0380s ]
INFO: [ view_parse ] --START--
INFO: [ template_filter ] --START--
INFO: Run Behavior\ContentReplaceBehavior [ RunTime:0.000000s ]
INFO: [ template_filter ] --END-- [ RunTime:0.000000s ]
INFO: Run Behavior\ParseTemplateBehavior [ RunTime:0.006000s ]
INFO: [ view_parse ] --END-- [ RunTime:0.006000s ]
INFO: [ view_filter ] --START--
INFO: Run Behavior\WriteHtmlCacheBehavior [ RunTime:0.000000s ]
INFO: [ view_filter ] --END-- [ RunTime:0.000000s ]
INFO: [ app_end ] --START--
INFO: Run Behavior\ShowPageTraceBehavior [ RunTime:0.000000s ]
INFO: [ app_end ] --END-- [ RunTime:0.000000s ]

[ 2018-01-30T10:39:20+08:00 ] 127.0.0.1 /Admin/Merchant/index.html
INFO: [ app_init ] --START--
INFO: Run Behavior\BuildLiteBehavior [ RunTime:0.000000s ]
INFO: [ app_init ] --END-- [ RunTime:0.001000s ]
INFO: [ app_begin ] --START--
INFO: Run Behavior\ReadHtmlCacheBehavior [ RunTime:0.001000s ]
INFO: [ app_begin ] --END-- [ RunTime:0.001000s ]
SQL: SHOW COLUMNS FROM `api_merchant` [ RunTime:0.0400s ]
NOTIC: [8] Undefined index: status D:\phpStudy\WWW\csj\trunk\php\project\backend\Application\Admin\Model\MerchantModel.class.php 第 123 行.
NOTIC: [8] Undefined variable: where D:\phpStudy\WWW\csj\trunk\php\project\backend\Application\Admin\Model\MerchantModel.class.php 第 129 行.
SQL: SELECT COUNT(*) AS tp_count FROM `api_merchant` LIMIT 1   [ RunTime:0.0390s ]
NOTIC: [8] Undefined variable: where D:\phpStudy\WWW\csj\trunk\php\project\backend\Application\Admin\Model\MerchantModel.class.php 第 131 行.
SQL: SELECT `id`,`title`,`tel`,`status`,`begin_time`,`end_time`,`avg_consume`,`preordain_cycle`,from_unixtime(created_time) as created_time FROM `api_merchant` LIMIT 0,20   [ RunTime:0.0390s ]
INFO: [ view_parse ] --START--
INFO: [ template_filter ] --START--
INFO: Run Behavior\ContentReplaceBehavior [ RunTime:0.000000s ]
INFO: [ template_filter ] --END-- [ RunTime:0.001000s ]
NOTIC: [8] Undefined index: logo D:\phpStudy\WWW\csj\trunk\php\project\backend\Application\Runtime\Cache\Admin\d278e6bf5e2b672db9da7a76be6ae9fd.php 第 50 行.
NOTIC: [8] Undefined index: logo D:\phpStudy\WWW\csj\trunk\php\project\backend\Application\Runtime\Cache\Admin\d278e6bf5e2b672db9da7a76be6ae9fd.php 第 50 行.
NOTIC: [8] Undefined index: logo D:\phpStudy\WWW\csj\trunk\php\project\backend\Application\Runtime\Cache\Admin\d278e6bf5e2b672db9da7a76be6ae9fd.php 第 50 行.
INFO: Run Behavior\ParseTemplateBehavior [ RunTime:0.026000s ]
INFO: [ view_parse ] --END-- [ RunTime:0.027000s ]
INFO: [ view_filter ] --START--
INFO: Run Behavior\WriteHtmlCacheBehavior [ RunTime:0.000000s ]
INFO: [ view_filter ] --END-- [ RunTime:0.000000s ]
INFO: [ app_end ] --START--
INFO: Run Behavior\ShowPageTraceBehavior [ RunTime:0.001000s ]
INFO: [ app_end ] --END-- [ RunTime:0.001000s ]

[ 2018-01-30T10:39:22+08:00 ] 127.0.0.1 /Admin/GoodsPack/index/merchant_id/1.html
INFO: [ app_init ] --START--
INFO: Run Behavior\BuildLiteBehavior [ RunTime:0.000000s ]
INFO: [ app_init ] --END-- [ RunTime:0.000000s ]
INFO: [ app_begin ] --START--
INFO: Run Behavior\ReadHtmlCacheBehavior [ RunTime:0.001000s ]
INFO: [ app_begin ] --END-- [ RunTime:0.001000s ]
SQL: SELECT * FROM `api_menu` ORDER BY sort asc  [ RunTime:0.0410s ]
SQL: SELECT * FROM `api_menu` WHERE `url` = 'GoodsPack/index' LIMIT 1   [ RunTime:0.0390s ]
SQL: SELECT * FROM `api_user` WHERE `id` = '1' LIMIT 1   [ RunTime:0.0400s ]
SQL: SHOW COLUMNS FROM `api_goods_pack` [ RunTime:0.0390s ]
NOTIC: [8] Undefined index: status D:\phpStudy\WWW\csj\trunk\php\project\backend\Application\Admin\Model\GoodsPackModel.class.php 第 136 行.
NOTIC: [8] Undefined index: status D:\phpStudy\WWW\csj\trunk\php\project\backend\Application\Admin\Model\GoodsPackModel.class.php 第 136 行.
SQL: SELECT COUNT(*) AS tp_count FROM `api_goods_pack` INNER JOIN api_merchant ON api_merchant.id = api_goods_pack.merchant_id  WHERE api_goods_pack.merchant_id = '1' LIMIT 1   [ RunTime:0.0390s ]
SQL: SELECT api_merchant.title as merchant_title,api_goods_pack.* FROM `api_goods_pack` INNER JOIN api_merchant ON api_merchant.id = api_goods_pack.merchant_id  WHERE api_goods_pack.merchant_id = '1' ORDER BY id desc LIMIT 0,20   [ RunTime:0.0410s ]
SQL: SHOW COLUMNS FROM `api_merchant` [ RunTime:0.0410s ]
SQL: SELECT `title` FROM `api_merchant` WHERE `id` = 1 LIMIT 1   [ RunTime:0.0390s ]
INFO: [ view_parse ] --START--
INFO: [ template_filter ] --START--
INFO: Run Behavior\ContentReplaceBehavior [ RunTime:0.000000s ]
INFO: [ template_filter ] --END-- [ RunTime:0.000000s ]
INFO: Run Behavior\ParseTemplateBehavior [ RunTime:0.025000s ]
INFO: [ view_parse ] --END-- [ RunTime:0.025000s ]
INFO: [ view_filter ] --START--
INFO: Run Behavior\WriteHtmlCacheBehavior [ RunTime:0.001000s ]
INFO: [ view_filter ] --END-- [ RunTime:0.001000s ]
INFO: [ app_end ] --START--
INFO: Run Behavior\ShowPageTraceBehavior [ RunTime:0.002000s ]
INFO: [ app_end ] --END-- [ RunTime:0.002000s ]

