[ 2018-03-05T13:47:50+08:00 ] 127.0.0.1 /csj/trunk/php/project/member/index.php/v1.1/bar/evaluateCount
INFO: [ app_init ] --START--
INFO: Run Behavior\BuildLiteBehavior [ RunTime:0.000000s ]
INFO: [ app_init ] --END-- [ RunTime:0.002000s ]
INFO: [ app_begin ] --START--
INFO: Run Behavior\ReadHtmlCacheBehavior [ RunTime:0.001000s ]
INFO: [ app_begin ] --END-- [ RunTime:0.001000s ]
SQL: SHOW COLUMNS FROM `api_order` [ RunTime:0.0480s ]
SQL: SHOW COLUMNS FROM `api_bar` [ RunTime:0.0430s ]
SQL: SHOW COLUMNS FROM `api_bar_member` [ RunTime:0.0430s ]
SQL: SHOW COLUMNS FROM `api_comment_barstar` [ RunTime:0.0430s ]
SQL: SELECT `average_star` FROM `api_comment_barstar` WHERE `member_id` = 14 LIMIT 1   [ RunTime:0.0400s ]
SQL: SHOW COLUMNS FROM `api_comment_bar` [ RunTime:0.0430s ]
SQL: SELECT `tag`,`tags`,count(tag) FROM `api_comment_bar` left join api_comment_tags ON api_comment_tags.id = api_comment_bar.tag  WHERE `bar_member_id` = '14' GROUP BY api_comment_bar.tag  [ RunTime:0.0430s ]
INFO: [ app_end ] --START--
INFO: Run Behavior\ShowPageTraceBehavior [ RunTime:0.001000s ]
INFO: [ app_end ] --END-- [ RunTime:0.001000s ]

[ 2018-03-05T13:48:12+08:00 ] 127.0.0.1 /csj/trunk/php/project/member/index.php/v1.1/bar/evaluateCount
INFO: [ app_init ] --START--
INFO: Run Behavior\BuildLiteBehavior [ RunTime:0.000000s ]
INFO: [ app_init ] --END-- [ RunTime:0.000000s ]
INFO: [ app_begin ] --START--
INFO: Run Behavior\ReadHtmlCacheBehavior [ RunTime:0.001000s ]
INFO: [ app_begin ] --END-- [ RunTime:0.001000s ]
SQL: SHOW COLUMNS FROM `api_order` [ RunTime:0.0460s ]
SQL: SHOW COLUMNS FROM `api_bar` [ RunTime:0.0460s ]
SQL: SHOW COLUMNS FROM `api_bar_member` [ RunTime:0.0440s ]
SQL: SHOW COLUMNS FROM `api_comment_barstar` [ RunTime:0.0440s ]
SQL: SELECT `average_star` FROM `api_comment_barstar` WHERE `member_id` = 14 LIMIT 1   [ RunTime:0.0450s ]
SQL: SHOW COLUMNS FROM `api_comment_bar` [ RunTime:0.0450s ]
SQL: SELECT `tag`,`tags`,count(tag) FROM `api_comment_bar` left join api_comment_tags ON api_comment_tags.id = api_comment_bar.tag  WHERE `bar_member_id` = '14' GROUP BY api_comment_bar.tag  [ RunTime:0.0430s ]

[ 2018-03-05T13:51:24+08:00 ] 127.0.0.1 /csj/trunk/php/project/member/index.php/v1.1/bar/evaluateCount
INFO: [ app_init ] --START--
INFO: Run Behavior\BuildLiteBehavior [ RunTime:0.000000s ]
INFO: [ app_init ] --END-- [ RunTime:0.001000s ]
INFO: [ app_begin ] --START--
INFO: Run Behavior\ReadHtmlCacheBehavior [ RunTime:0.001000s ]
INFO: [ app_begin ] --END-- [ RunTime:0.002000s ]
SQL: SHOW COLUMNS FROM `api_order` [ RunTime:0.0450s ]
SQL: SHOW COLUMNS FROM `api_bar` [ RunTime:0.0460s ]
SQL: SHOW COLUMNS FROM `api_bar_member` [ RunTime:0.0470s ]
SQL: SHOW COLUMNS FROM `api_comment_barstar` [ RunTime:0.0460s ]
SQL: SELECT `average_star` FROM `api_comment_barstar` WHERE `member_id` = 14 LIMIT 1   [ RunTime:0.0430s ]
SQL: SHOW COLUMNS FROM `api_comment_bar` [ RunTime:0.0450s ]
SQL: SELECT `tag`,`tags`,count(tag) FROM `api_comment_bar` left join api_comment_tags ON api_comment_tags.id = api_comment_bar.tag  WHERE `bar_member_id` = '14' GROUP BY api_comment_bar.tag  [ RunTime:0.0450s ]

[ 2018-03-05T13:52:01+08:00 ] 127.0.0.1 /csj/trunk/php/project/member/index.php/v1.1/bar/evaluateCount
INFO: [ app_init ] --START--
INFO: Run Behavior\BuildLiteBehavior [ RunTime:0.000000s ]
INFO: [ app_init ] --END-- [ RunTime:0.000000s ]
INFO: [ app_begin ] --START--
INFO: Run Behavior\ReadHtmlCacheBehavior [ RunTime:0.000000s ]
INFO: [ app_begin ] --END-- [ RunTime:0.001000s ]
SQL: SHOW COLUMNS FROM `api_order` [ RunTime:0.0450s ]
SQL: SHOW COLUMNS FROM `api_bar` [ RunTime:0.0460s ]
SQL: SHOW COLUMNS FROM `api_bar_member` [ RunTime:0.0450s ]
SQL: SHOW COLUMNS FROM `api_comment_barstar` [ RunTime:0.0450s ]
SQL: SELECT `average_star` FROM `api_comment_barstar` WHERE `member_id` = 14 LIMIT 1   [ RunTime:0.0440s ]
SQL: SHOW COLUMNS FROM `api_comment_bar` [ RunTime:0.0440s ]
SQL: SELECT `tag`,`tags`,count(tag) as total FROM `api_comment_bar` left join api_comment_tags ON api_comment_tags.id = api_comment_bar.tag  WHERE `bar_member_id` = '14' GROUP BY api_comment_bar.tag  [ RunTime:0.0450s ]

[ 2018-03-05T13:53:49+08:00 ] 127.0.0.1 /csj/trunk/php/project/member/index.php/v1.1/bar/evaluateCount
INFO: [ app_init ] --START--
INFO: Run Behavior\BuildLiteBehavior [ RunTime:0.000000s ]
INFO: [ app_init ] --END-- [ RunTime:0.001000s ]
INFO: [ app_begin ] --START--
INFO: Run Behavior\ReadHtmlCacheBehavior [ RunTime:0.000000s ]
INFO: [ app_begin ] --END-- [ RunTime:0.000000s ]
SQL: SHOW COLUMNS FROM `api_order` [ RunTime:0.0430s ]
SQL: SHOW COLUMNS FROM `api_bar` [ RunTime:0.0450s ]
SQL: SHOW COLUMNS FROM `api_bar_member` [ RunTime:0.0450s ]
SQL: SHOW COLUMNS FROM `api_comment_barstar` [ RunTime:0.0440s ]
SQL: SELECT `average_star` FROM `api_comment_barstar` WHERE `member_id` = 14 LIMIT 1   [ RunTime:0.0430s ]
SQL: SHOW COLUMNS FROM `api_comment_bar` [ RunTime:0.0420s ]
SQL: SELECT `tag`,`tags`,count(tag) as total FROM `api_comment_bar` left join api_comment_tags ON api_comment_tags.id = api_comment_bar.tag  WHERE `bar_member_id` = '14' GROUP BY api_comment_bar.tag  [ RunTime:0.0430s ]

[ 2018-03-05T13:54:25+08:00 ] 127.0.0.1 /csj/trunk/php/project/member/index.php/v1.1/bar/evaluateCount
INFO: [ app_init ] --START--
INFO: Run Behavior\BuildLiteBehavior [ RunTime:0.000000s ]
INFO: [ app_init ] --END-- [ RunTime:0.000000s ]
INFO: [ app_begin ] --START--
INFO: Run Behavior\ReadHtmlCacheBehavior [ RunTime:0.001000s ]
INFO: [ app_begin ] --END-- [ RunTime:0.001000s ]
SQL: SHOW COLUMNS FROM `api_order` [ RunTime:0.0450s ]
SQL: SHOW COLUMNS FROM `api_bar` [ RunTime:0.0460s ]
SQL: SHOW COLUMNS FROM `api_bar_member` [ RunTime:0.0450s ]
SQL: SHOW COLUMNS FROM `api_comment_barstar` [ RunTime:0.0450s ]
SQL: SELECT `average_star` FROM `api_comment_barstar` WHERE `member_id` = 14 LIMIT 1   [ RunTime:0.0440s ]
SQL: SHOW COLUMNS FROM `api_comment_bar` [ RunTime:0.0440s ]
SQL: SELECT `tag`,`tags`,count(tag) as total FROM `api_comment_bar` left join api_comment_tags ON api_comment_tags.id = api_comment_bar.tag  WHERE `bar_member_id` = '14' GROUP BY api_comment_bar.tag  [ RunTime:0.0430s ]

[ 2018-03-05T14:13:33+08:00 ] 127.0.0.1 /csj/trunk/php/project/member/index.php/v1.1/bar/evaluateCount
INFO: [ app_init ] --START--
INFO: Run Behavior\BuildLiteBehavior [ RunTime:0.000000s ]
INFO: [ app_init ] --END-- [ RunTime:0.000000s ]
INFO: [ app_begin ] --START--
INFO: Run Behavior\ReadHtmlCacheBehavior [ RunTime:0.000000s ]
INFO: [ app_begin ] --END-- [ RunTime:0.000000s ]
SQL: SHOW COLUMNS FROM `api_order` [ RunTime:0.0440s ]
SQL: SHOW COLUMNS FROM `api_bar` [ RunTime:0.0430s ]
SQL: SHOW COLUMNS FROM `api_bar_member` [ RunTime:0.0430s ]
SQL: SHOW COLUMNS FROM `api_comment_barstar` [ RunTime:0.0430s ]
SQL: SELECT `average_star` FROM `api_comment_barstar` WHERE `member_id` = 14 LIMIT 1   [ RunTime:0.0430s ]
SQL: SHOW COLUMNS FROM `api_comment_bar` [ RunTime:0.0440s ]
SQL: SELECT `tag`,`tags`,count(tag) as total FROM `api_comment_bar` left join api_comment_tags ON api_comment_tags.id = api_comment_bar.tag  WHERE `bar_member_id` = '14' GROUP BY api_comment_bar.tag  [ RunTime:0.0430s ]

[ 2018-03-05T14:15:46+08:00 ] 127.0.0.1 /csj/trunk/php/project/member/index.php/v1.1/bar/memberParty
INFO: [ app_init ] --START--
INFO: Run Behavior\BuildLiteBehavior [ RunTime:0.000000s ]
INFO: [ app_init ] --END-- [ RunTime:0.000000s ]
INFO: [ app_begin ] --START--
INFO: Run Behavior\ReadHtmlCacheBehavior [ RunTime:0.000000s ]
INFO: [ app_begin ] --END-- [ RunTime:0.000000s ]
SQL: SHOW COLUMNS FROM `api_order` [ RunTime:0.0500s ]
SQL: SHOW COLUMNS FROM `api_bar` [ RunTime:0.0460s ]
SQL: SHOW COLUMNS FROM `api_bar_member` [ RunTime:0.0460s ]
SQL: SELECT api_bar.*,api_merchant.title,api_merchant.address,api_merchant.begin_time,api_merchant.end_time,api_member.nickname,api_member.sex,api_member.avatar,api_member.signature,api_comment_barstar.average_star FROM `api_bar` left join api_merchant ON api_merchant.id = api_bar.merchant_id left join api_member ON api_member.id = api_bar.member_id left join api_comment_barstar ON api_comment_barstar.member_id = api_bar.member_id  WHERE api_bar.member_id = '14' AND api_bar.bar_type = 2 ORDER BY api_bar.id desc LIMIT 0,10   [ RunTime:0.0480s ]

[ 2018-03-05T14:16:36+08:00 ] 127.0.0.1 /csj/trunk/php/project/member/index.php/v1.1/bar/memberParty
INFO: [ app_init ] --START--
INFO: Run Behavior\BuildLiteBehavior [ RunTime:0.000000s ]
INFO: [ app_init ] --END-- [ RunTime:0.001000s ]
INFO: [ app_begin ] --START--
INFO: Run Behavior\ReadHtmlCacheBehavior [ RunTime:0.001000s ]
INFO: [ app_begin ] --END-- [ RunTime:0.001000s ]
SQL: SHOW COLUMNS FROM `api_order` [ RunTime:0.0440s ]
SQL: SHOW COLUMNS FROM `api_bar` [ RunTime:0.0450s ]
SQL: SHOW COLUMNS FROM `api_bar_member` [ RunTime:0.0440s ]
SQL: SELECT api_bar.*,api_merchant.title,api_merchant.address,api_merchant.begin_time,api_merchant.end_time,api_member.nickname,api_member.sex,api_member.avatar,api_member.signature,api_comment_barstar.average_star FROM `api_bar` left join api_merchant ON api_merchant.id = api_bar.merchant_id left join api_member ON api_member.id = api_bar.member_id left join api_comment_barstar ON api_comment_barstar.member_id = api_bar.member_id  WHERE api_bar.member_id = '14' AND api_bar.bar_type = 2 ORDER BY api_bar.id desc LIMIT 0,10   [ RunTime:0.0460s ]

