[ 2018-05-09T16:57:08+08:00 ] 127.0.0.1 /v1.1/bar/barIndex
INFO: [ app_init ] --START--
INFO: Run Behavior\BuildLiteBehavior [ RunTime:0.000000s ]
INFO: [ app_init ] --END-- [ RunTime:0.000000s ]
INFO: [ app_begin ] --START--
INFO: Run Behavior\ReadHtmlCacheBehavior [ RunTime:0.000000s ]
INFO: [ app_begin ] --END-- [ RunTime:0.000000s ]
SQL: SELECT `black_member_id` FROM `api_member_blacklist` WHERE `member_id` = 6  [ RunTime:0.0370s ]
SQL: SELECT round(2 * 6378.137* ASIN(SQRT(POW(SIN(PI()*(0-c.lat)/360),2)+COS(PI()*0/180)* COS(c.lat * PI()/180)*POW(SIN(PI()*(0-c.lng)/360),2))),1) as juli,a.*,b.nickname,b.avatar,b.sex,b.age,b.is_auth,c.title,c.begin_time,d.average_star,(select count(*) from api_bar_member where bar_id=a.id and pay_status in (1,2)) as count,(a.woman_number + a.man_number) as total_number,((a.woman_number + a.man_number)-(select count(*) from api_bar_member where bar_id=a.id and pay_status <> 0)) as rest_number FROM api_bar a left join api_member b ON b.id=a.member_id left join api_merchant c ON c.id=a.merchant_id left join api_comment_barstar d ON d.member_id = a.member_id  WHERE a.bar_status IN (1,7) AND a.is_xu = 0 ORDER BY juli asc , id desc LIMIT 0,20   [ RunTime:0.0390s ]
SQL: SELECT `pay_status`,`id` FROM `api_bar_member` WHERE `bar_id` = 76 AND `member_id` = 6 LIMIT 1   [ RunTime:0.0360s ]

[ 2018-05-09T16:57:46+08:00 ] 127.0.0.1 /v1.1/bar/barIndex
INFO: [ app_init ] --START--
INFO: Run Behavior\BuildLiteBehavior [ RunTime:0.000000s ]
INFO: [ app_init ] --END-- [ RunTime:0.000000s ]
INFO: [ app_begin ] --START--
INFO: Run Behavior\ReadHtmlCacheBehavior [ RunTime:0.000000s ]
INFO: [ app_begin ] --END-- [ RunTime:0.000000s ]
SQL: SELECT `black_member_id` FROM `api_member_blacklist` WHERE `member_id` = 6  [ RunTime:0.0468s ]
SQL: SELECT round(2 * 6378.137* ASIN(SQRT(POW(SIN(PI()*(0-c.lat)/360),2)+COS(PI()*0/180)* COS(c.lat * PI()/180)*POW(SIN(PI()*(0-c.lng)/360),2))),1) as juli,a.*,b.nickname,b.avatar,b.sex,b.age,b.is_auth,c.title,c.begin_time,d.average_star,(select count(*) from api_bar_member where bar_id=a.id and pay_status in (1,2)) as count,(a.woman_number + a.man_number) as total_number,((a.woman_number + a.man_number)-(select count(*) from api_bar_member where bar_id=a.id and pay_status <> 0)) as rest_number FROM api_bar a left join api_member b ON b.id=a.member_id left join api_merchant c ON c.id=a.merchant_id left join api_comment_barstar d ON d.member_id = a.member_id  WHERE a.bar_status IN (1,7) AND a.is_xu = 0 ORDER BY juli asc , id desc LIMIT 0,20   [ RunTime:0.0396s ]
SQL: SELECT `pay_status`,`id` FROM `api_bar_member` WHERE `bar_id` = 76 AND `member_id` = 6 LIMIT 1   [ RunTime:0.0360s ]
SQL: SELECT `pay_status`,`id` FROM `api_bar_member` WHERE `bar_id` = 75 AND `member_id` = 6 LIMIT 1   [ RunTime:0.0350s ]
SQL: SELECT `pay_status`,`id` FROM `api_bar_member` WHERE `bar_id` = 68 AND `member_id` = 6 LIMIT 1   [ RunTime:0.0350s ]
SQL: SELECT `pay_status`,`id` FROM `api_bar_member` WHERE `bar_id` = 61 AND `member_id` = 6 LIMIT 1   [ RunTime:0.0350s ]
SQL: SELECT `pay_status`,`id` FROM `api_bar_member` WHERE `bar_id` = 63 AND `member_id` = 6 LIMIT 1   [ RunTime:0.0340s ]

[ 2018-05-09T16:58:41+08:00 ] 127.0.0.1 /v1.1/bar/barIndex
INFO: [ app_init ] --START--
INFO: Run Behavior\BuildLiteBehavior [ RunTime:0.000000s ]
INFO: [ app_init ] --END-- [ RunTime:0.000000s ]
INFO: [ app_begin ] --START--
INFO: Run Behavior\ReadHtmlCacheBehavior [ RunTime:0.000000s ]
INFO: [ app_begin ] --END-- [ RunTime:0.000000s ]
SQL: SELECT `black_member_id` FROM `api_member_blacklist` WHERE `member_id` = 6  [ RunTime:0.0340s ]
SQL: SELECT round(2 * 6378.137* ASIN(SQRT(POW(SIN(PI()*(0-c.lat)/360),2)+COS(PI()*0/180)* COS(c.lat * PI()/180)*POW(SIN(PI()*(0-c.lng)/360),2))),1) as juli,a.*,b.nickname,b.avatar,b.sex,b.age,b.is_auth,c.title,c.begin_time,d.average_star,(select count(*) from api_bar_member where bar_id=a.id and pay_status in (1,2)) as count,(a.woman_number + a.man_number) as total_number,((a.woman_number + a.man_number)-(select count(*) from api_bar_member where bar_id=a.id and pay_status <> 0)) as rest_number FROM api_bar a left join api_member b ON b.id=a.member_id left join api_merchant c ON c.id=a.merchant_id left join api_comment_barstar d ON d.member_id = a.member_id  WHERE a.bar_status IN (1,7) AND a.is_xu = 0 ORDER BY juli asc , id desc LIMIT 0,20   [ RunTime:0.0468s ]
SQL: SELECT `pay_status`,`id` FROM `api_bar_member` WHERE `bar_id` = 76 AND `member_id` = 6 LIMIT 1   [ RunTime:0.0416s ]
SQL: SELECT `pay_status`,`id` FROM `api_bar_member` WHERE `bar_id` = 75 AND `member_id` = 6 LIMIT 1   [ RunTime:0.0390s ]
SQL: SELECT `pay_status`,`id` FROM `api_bar_member` WHERE `bar_id` = 68 AND `member_id` = 6 LIMIT 1   [ RunTime:0.0390s ]
SQL: SELECT `pay_status`,`id` FROM `api_bar_member` WHERE `bar_id` = 61 AND `member_id` = 6 LIMIT 1   [ RunTime:0.0400s ]
SQL: SELECT `pay_status`,`id` FROM `api_bar_member` WHERE `bar_id` = 63 AND `member_id` = 6 LIMIT 1   [ RunTime:0.0390s ]

[ 2018-05-09T17:11:46+08:00 ] 127.0.0.1 /v1.1/bar/barIndex
INFO: [ app_init ] --START--
INFO: Run Behavior\BuildLiteBehavior [ RunTime:0.000000s ]
INFO: [ app_init ] --END-- [ RunTime:0.000000s ]
INFO: [ app_begin ] --START--
INFO: Run Behavior\ReadHtmlCacheBehavior [ RunTime:0.000000s ]
INFO: [ app_begin ] --END-- [ RunTime:0.000000s ]
SQL: SELECT `black_member_id` FROM `api_member_blacklist` WHERE `member_id` = 6  [ RunTime:0.0380s ]
SQL: SELECT round(2 * 6378.137* ASIN(SQRT(POW(SIN(PI()*(0-c.lat)/360),2)+COS(PI()*0/180)* COS(c.lat * PI()/180)*POW(SIN(PI()*(0-c.lng)/360),2))),1) as juli,a.*,b.nickname,b.avatar,b.sex,b.age,b.is_auth,c.title,c.begin_time,d.average_star,(select count(*) from api_bar_member where bar_id=a.id and pay_status in (1,2)) as count,(a.woman_number + a.man_number) as total_number,((a.woman_number + a.man_number)-(select count(*) from api_bar_member where bar_id=a.id and pay_status <> 0)) as rest_number FROM api_bar a left join api_member b ON b.id=a.member_id left join api_merchant c ON c.id=a.merchant_id left join api_comment_barstar d ON d.member_id = a.member_id  WHERE a.bar_status IN (1,7) AND a.is_xu = 0 ORDER BY juli asc , id desc LIMIT 0,20   [ RunTime:0.0400s ]
SQL: SELECT `pay_status`,`id` FROM `api_bar_member` WHERE `bar_id` = 76 AND `member_id` = 6 LIMIT 1   [ RunTime:0.0370s ]
SQL: SELECT `pay_status`,`id` FROM `api_bar_member` WHERE `bar_id` = 75 AND `member_id` = 6 LIMIT 1   [ RunTime:0.0370s ]
SQL: SELECT `pay_status`,`id` FROM `api_bar_member` WHERE `bar_id` = 68 AND `member_id` = 6 LIMIT 1   [ RunTime:0.0370s ]
SQL: SELECT `pay_status`,`id` FROM `api_bar_member` WHERE `bar_id` = 61 AND `member_id` = 6 LIMIT 1   [ RunTime:0.0380s ]
SQL: SELECT `pay_status`,`id` FROM `api_bar_member` WHERE `bar_id` = 63 AND `member_id` = 6 LIMIT 1   [ RunTime:0.0380s ]

[ 2018-05-09T17:39:25+08:00 ] 127.0.0.1 /v1.1/bar/barIndex
INFO: [ app_init ] --START--
INFO: Run Behavior\BuildLiteBehavior [ RunTime:0.000000s ]
INFO: [ app_init ] --END-- [ RunTime:0.000000s ]
INFO: [ app_begin ] --START--
INFO: Run Behavior\ReadHtmlCacheBehavior [ RunTime:0.000000s ]
INFO: [ app_begin ] --END-- [ RunTime:0.000000s ]
SQL: SELECT `black_member_id` FROM `api_member_blacklist` WHERE `member_id` = 6  [ RunTime:0.0380s ]
SQL: SELECT round(2 * 6378.137* ASIN(SQRT(POW(SIN(PI()*(0-c.lat)/360),2)+COS(PI()*0/180)* COS(c.lat * PI()/180)*POW(SIN(PI()*(0-c.lng)/360),2))),1) as juli,a.*,b.nickname,b.avatar,b.sex,b.age,b.is_auth,c.title,c.begin_time,d.average_star,(select count(*) from api_bar_member where bar_id=a.id and pay_status in (1,2)) as count,(a.woman_number + a.man_number) as total_number,((a.woman_number + a.man_number)-(select count(*) from api_bar_member where bar_id=a.id and pay_status <> 0)) as rest_number FROM api_bar a left join api_member b ON b.id=a.member_id left join api_merchant c ON c.id=a.merchant_id left join api_comment_barstar d ON d.member_id = a.member_id  WHERE a.bar_status IN (1,7) AND a.is_xu = 0 ORDER BY juli asc , id desc LIMIT 0,20   [ RunTime:0.0400s ]
SQL: SELECT `pay_status`,`id` FROM `api_bar_member` WHERE `bar_id` = 87 AND `member_id` = 6 LIMIT 1   [ RunTime:0.0380s ]
SQL: SELECT `pay_status`,`id` FROM `api_bar_member` WHERE `bar_id` = 76 AND `member_id` = 6 LIMIT 1   [ RunTime:0.0380s ]
SQL: SELECT `pay_status`,`id` FROM `api_bar_member` WHERE `bar_id` = 75 AND `member_id` = 6 LIMIT 1   [ RunTime:0.0380s ]
SQL: SELECT `pay_status`,`id` FROM `api_bar_member` WHERE `bar_id` = 68 AND `member_id` = 6 LIMIT 1   [ RunTime:0.0390s ]
SQL: SELECT `pay_status`,`id` FROM `api_bar_member` WHERE `bar_id` = 61 AND `member_id` = 6 LIMIT 1   [ RunTime:0.0380s ]
SQL: SELECT `pay_status`,`id` FROM `api_bar_member` WHERE `bar_id` = 63 AND `member_id` = 6 LIMIT 1   [ RunTime:0.0380s ]

[ 2018-05-09T17:42:06+08:00 ] 127.0.0.1 /v1.1/bar/barIndex
INFO: [ app_init ] --START--
INFO: Run Behavior\BuildLiteBehavior [ RunTime:0.000000s ]
INFO: [ app_init ] --END-- [ RunTime:0.001000s ]
INFO: [ app_begin ] --START--
INFO: Run Behavior\ReadHtmlCacheBehavior [ RunTime:0.001000s ]
INFO: [ app_begin ] --END-- [ RunTime:0.001000s ]
SQL: SELECT `black_member_id` FROM `api_member_blacklist` WHERE `member_id` = 6  [ RunTime:0.0390s ]
SQL: SELECT round(2 * 6378.137* ASIN(SQRT(POW(SIN(PI()*(0-c.lat)/360),2)+COS(PI()*0/180)* COS(c.lat * PI()/180)*POW(SIN(PI()*(0-c.lng)/360),2))),1) as juli,a.*,b.nickname,b.avatar,b.sex,b.age,b.is_auth,c.title,c.begin_time,d.average_star,(select count(*) from api_bar_member where bar_id=a.id and pay_status in (1,2)) as count,(a.woman_number + a.man_number) as total_number,((a.woman_number + a.man_number)-(select count(*) from api_bar_member where bar_id=a.id and pay_status <> 0)) as rest_number FROM api_bar a left join api_member b ON b.id=a.member_id left join api_merchant c ON c.id=a.merchant_id left join api_comment_barstar d ON d.member_id = a.member_id  WHERE a.bar_status IN (1,7) AND a.is_xu = 0 ORDER BY juli asc , id desc LIMIT 0,20   [ RunTime:0.0410s ]
SQL: SELECT `pay_status`,`id` FROM `api_bar_member` WHERE `bar_id` = 88 AND `member_id` = 6 LIMIT 1   [ RunTime:0.0390s ]
SQL: SELECT `pay_status`,`id` FROM `api_bar_member` WHERE `bar_id` = 87 AND `member_id` = 6 LIMIT 1   [ RunTime:0.0390s ]
SQL: SELECT `pay_status`,`id` FROM `api_bar_member` WHERE `bar_id` = 76 AND `member_id` = 6 LIMIT 1   [ RunTime:0.0390s ]
SQL: SELECT `pay_status`,`id` FROM `api_bar_member` WHERE `bar_id` = 75 AND `member_id` = 6 LIMIT 1   [ RunTime:0.0390s ]
SQL: SELECT `pay_status`,`id` FROM `api_bar_member` WHERE `bar_id` = 68 AND `member_id` = 6 LIMIT 1   [ RunTime:0.0390s ]
SQL: SELECT `pay_status`,`id` FROM `api_bar_member` WHERE `bar_id` = 61 AND `member_id` = 6 LIMIT 1   [ RunTime:0.0390s ]
SQL: SELECT `pay_status`,`id` FROM `api_bar_member` WHERE `bar_id` = 63 AND `member_id` = 6 LIMIT 1   [ RunTime:0.0390s ]

[ 2018-05-09T17:46:29+08:00 ] 127.0.0.1 /v1.1/bar/barIndex
INFO: [ app_init ] --START--
INFO: Run Behavior\BuildLiteBehavior [ RunTime:0.000000s ]
INFO: [ app_init ] --END-- [ RunTime:0.000000s ]
INFO: [ app_begin ] --START--
INFO: Run Behavior\ReadHtmlCacheBehavior [ RunTime:0.000000s ]
INFO: [ app_begin ] --END-- [ RunTime:0.000000s ]
SQL: SELECT `black_member_id` FROM `api_member_blacklist` WHERE `member_id` = 6  [ RunTime:0.0350s ]
SQL: SELECT round(2 * 6378.137* ASIN(SQRT(POW(SIN(PI()*(0-c.lat)/360),2)+COS(PI()*0/180)* COS(c.lat * PI()/180)*POW(SIN(PI()*(0-c.lng)/360),2))),1) as juli,a.*,b.nickname,b.avatar,b.sex,b.age,b.is_auth,c.title,c.begin_time,d.average_star,(select count(*) from api_bar_member where bar_id=a.id and pay_status in (1,2)) as count,(a.woman_number + a.man_number) as total_number,((a.woman_number + a.man_number)-(select count(*) from api_bar_member where bar_id=a.id and pay_status <> 0)) as rest_number FROM api_bar a left join api_member b ON b.id=a.member_id left join api_merchant c ON c.id=a.merchant_id left join api_comment_barstar d ON d.member_id = a.member_id  WHERE a.bar_status IN (1,7) AND a.is_xu = 0 ORDER BY juli asc , id desc LIMIT 0,20   [ RunTime:0.0380s ]
SQL: SELECT `pay_status`,`id` FROM `api_bar_member` WHERE `bar_id` = 89 AND `member_id` = 6 LIMIT 1   [ RunTime:0.0330s ]
SQL: SELECT `pay_status`,`id` FROM `api_bar_member` WHERE `bar_id` = 88 AND `member_id` = 6 LIMIT 1   [ RunTime:0.0360s ]
SQL: SELECT `pay_status`,`id` FROM `api_bar_member` WHERE `bar_id` = 87 AND `member_id` = 6 LIMIT 1   [ RunTime:0.0350s ]
SQL: SELECT `pay_status`,`id` FROM `api_bar_member` WHERE `bar_id` = 76 AND `member_id` = 6 LIMIT 1   [ RunTime:0.0350s ]
SQL: SELECT `pay_status`,`id` FROM `api_bar_member` WHERE `bar_id` = 75 AND `member_id` = 6 LIMIT 1   [ RunTime:0.0350s ]
SQL: SELECT `pay_status`,`id` FROM `api_bar_member` WHERE `bar_id` = 68 AND `member_id` = 6 LIMIT 1   [ RunTime:0.0360s ]
SQL: SELECT `pay_status`,`id` FROM `api_bar_member` WHERE `bar_id` = 61 AND `member_id` = 6 LIMIT 1   [ RunTime:0.0350s ]
SQL: SELECT `pay_status`,`id` FROM `api_bar_member` WHERE `bar_id` = 63 AND `member_id` = 6 LIMIT 1   [ RunTime:0.0340s ]

[ 2018-05-09T18:38:23+08:00 ] 127.0.0.1 /v1.1/bar/barIndex
INFO: [ app_init ] --START--
INFO: Run Behavior\BuildLiteBehavior [ RunTime:0.000000s ]
INFO: [ app_init ] --END-- [ RunTime:0.001000s ]
INFO: [ app_begin ] --START--
INFO: Run Behavior\ReadHtmlCacheBehavior [ RunTime:0.000000s ]
INFO: [ app_begin ] --END-- [ RunTime:0.000000s ]
SQL: SELECT `black_member_id` FROM `api_member_blacklist` WHERE `member_id` = 6  [ RunTime:0.0380s ]
SQL: SELECT round(2 * 6378.137* ASIN(SQRT(POW(SIN(PI()*(0-c.lat)/360),2)+COS(PI()*0/180)* COS(c.lat * PI()/180)*POW(SIN(PI()*(0-c.lng)/360),2))),1) as juli,a.*,b.nickname,b.avatar,b.sex,b.age,b.is_auth,c.title,c.begin_time,d.average_star,(select count(*) from api_bar_member where bar_id=a.id and pay_status in (1,2)) as count,(a.woman_number + a.man_number) as total_number,((a.woman_number + a.man_number)-(select count(*) from api_bar_member where bar_id=a.id and pay_status <> 0)) as rest_number FROM api_bar a left join api_member b ON b.id=a.member_id left join api_merchant c ON c.id=a.merchant_id left join api_comment_barstar d ON d.member_id = a.member_id  WHERE a.bar_status IN (1,7) AND a.is_xu = 0 ORDER BY juli asc , id desc LIMIT 0,20   [ RunTime:0.0400s ]
SQL: SELECT `pay_status`,`id` FROM `api_bar_member` WHERE `bar_id` = 90 AND `member_id` = 6 LIMIT 1   [ RunTime:0.0370s ]
SQL: SELECT `pay_status`,`id` FROM `api_bar_member` WHERE `bar_id` = 89 AND `member_id` = 6 LIMIT 1   [ RunTime:0.0380s ]
SQL: SELECT `pay_status`,`id` FROM `api_bar_member` WHERE `bar_id` = 88 AND `member_id` = 6 LIMIT 1   [ RunTime:0.0380s ]
SQL: SELECT `pay_status`,`id` FROM `api_bar_member` WHERE `bar_id` = 87 AND `member_id` = 6 LIMIT 1   [ RunTime:0.0380s ]
SQL: SELECT `pay_status`,`id` FROM `api_bar_member` WHERE `bar_id` = 76 AND `member_id` = 6 LIMIT 1   [ RunTime:0.0380s ]
SQL: SELECT `pay_status`,`id` FROM `api_bar_member` WHERE `bar_id` = 75 AND `member_id` = 6 LIMIT 1   [ RunTime:0.0380s ]
SQL: SELECT `pay_status`,`id` FROM `api_bar_member` WHERE `bar_id` = 68 AND `member_id` = 6 LIMIT 1   [ RunTime:0.0370s ]
SQL: SELECT `pay_status`,`id` FROM `api_bar_member` WHERE `bar_id` = 61 AND `member_id` = 6 LIMIT 1   [ RunTime:0.0370s ]
SQL: SELECT `pay_status`,`id` FROM `api_bar_member` WHERE `bar_id` = 63 AND `member_id` = 6 LIMIT 1   [ RunTime:0.0380s ]

