[ 2018-02-26T11:33:30+08:00 ] 127.0.0.1 /csj/trunk/php/project/member/index.php/v1.1/bar/barIndex
INFO: [ app_init ] --START--
INFO: Run Behavior\BuildLiteBehavior [ RunTime:0.000000s ]
INFO: [ app_init ] --END-- [ RunTime:0.003000s ]
INFO: [ app_begin ] --START--
INFO: Run Behavior\ReadHtmlCacheBehavior [ RunTime:0.001000s ]
INFO: [ app_begin ] --END-- [ RunTime:0.001000s ]
SQL: SHOW COLUMNS FROM `api_order` [ RunTime:0.0420s ]
SQL: SHOW COLUMNS FROM `api_bar` [ RunTime:0.0400s ]
SQL: SHOW COLUMNS FROM `api_bar_member` [ RunTime:0.0400s ]
NOTIC: [8] Undefined variable: map D:\phpStudy\WWW\csj\trunk\php\project\member\Application\V1_1\Model\BarModel.class.php 第 46 行.
SQL: SELECT round(2 * 6378.137* ASIN(SQRT(POW(SIN(PI()*(103.9682410-c.lng)/360),2)+COS(PI()*30.6323000/180)* COS(c.lat * PI()/180)*POW(SIN(PI()*(30.6323000-c.lat)/360),2))),2) as juli,a.*,b.nickname,b.avatar,b.sex,b.age,c.title,c.begin_time,d.average_star,(select count(*) from api_bar_member where bar_id=a.id) as count FROM api_bar a left join api_member b ON b.id=a.member_id left join api_merchant c ON c.id=a.merchant_id left join api_comment_barstar d ON d.member_id = a.member_id  WHERE a.bar_type = 2 AND a.bar_status = 1 ORDER BY juli asc LIMIT 0,10   [ RunTime:0.0410s ]

[ 2018-02-26T11:33:58+08:00 ] 127.0.0.1 /csj/trunk/php/project/member/index.php/v1.1/bar/barIndex
INFO: [ app_init ] --START--
INFO: Run Behavior\BuildLiteBehavior [ RunTime:0.000000s ]
INFO: [ app_init ] --END-- [ RunTime:0.001000s ]
INFO: [ app_begin ] --START--
INFO: Run Behavior\ReadHtmlCacheBehavior [ RunTime:0.000000s ]
INFO: [ app_begin ] --END-- [ RunTime:0.000000s ]
SQL: SHOW COLUMNS FROM `api_order` [ RunTime:0.0390s ]
SQL: SHOW COLUMNS FROM `api_bar` [ RunTime:0.0370s ]
SQL: SHOW COLUMNS FROM `api_bar_member` [ RunTime:0.0370s ]
NOTIC: [8] Undefined variable: map D:\phpStudy\WWW\csj\trunk\php\project\member\Application\V1_1\Model\BarModel.class.php 第 46 行.
SQL: SELECT round(2 * 6378.137* ASIN(SQRT(POW(SIN(PI()*(103.9682410-c.lng)/360),2)+COS(PI()*30.6323000/180)* COS(c.lat * PI()/180)*POW(SIN(PI()*(30.6323000-c.lat)/360),2))),2) as juli,a.*,b.nickname,b.avatar,b.sex,b.age,c.title,c.begin_time,d.average_star,(select count(*) from api_bar_member where bar_id=a.id) as count FROM api_bar a left join api_member b ON b.id=a.member_id left join api_merchant c ON c.id=a.merchant_id left join api_comment_barstar d ON d.member_id = a.member_id  WHERE a.bar_type = 2 AND a.bar_status = 1 ORDER BY juli asc LIMIT 0,10   [ RunTime:0.0390s ]

[ 2018-02-26T14:01:13+08:00 ] 127.0.0.1 /csj/trunk/php/project/member/index.php/v1.1/bar/barIndex
INFO: [ app_init ] --START--
INFO: Run Behavior\BuildLiteBehavior [ RunTime:0.000000s ]
INFO: [ app_init ] --END-- [ RunTime:0.001000s ]
INFO: [ app_begin ] --START--
INFO: Run Behavior\ReadHtmlCacheBehavior [ RunTime:0.001000s ]
INFO: [ app_begin ] --END-- [ RunTime:0.001000s ]
SQL: SHOW COLUMNS FROM `api_order` [ RunTime:0.0330s ]
SQL: SHOW COLUMNS FROM `api_bar` [ RunTime:0.0340s ]
SQL: SHOW COLUMNS FROM `api_bar_member` [ RunTime:0.0320s ]
NOTIC: [8] Undefined variable: map D:\phpStudy\WWW\csj\trunk\php\project\member\Application\V1_1\Model\BarModel.class.php 第 46 行.
ERR: 1054:Unknown column 'count' in 'field list'
 [ SQL语句 ] : SELECT round(2 * 6378.137* ASIN(SQRT(POW(SIN(PI()*(103.9682410-c.lng)/360),2)+COS(PI()*30.6323000/180)* COS(c.lat * PI()/180)*POW(SIN(PI()*(30.6323000-c.lat)/360),2))),1) as juli,a.*,b.nickname,b.avatar,b.sex,b.age,c.title,c.begin_time,d.average_star,(select count(*) from api_bar_member where bar_id=a.id) as count,(a.woman_number + a.man_number - count) as rest_number FROM api_bar a left join api_member b ON b.id=a.member_id left join api_merchant c ON c.id=a.merchant_id left join api_comment_barstar d ON d.member_id = a.member_id  WHERE a.bar_type = 2 AND a.bar_status = 1 ORDER BY juli asc LIMIT 0,10  
ERR: 1054:Unknown column 'count' in 'field list'
 [ SQL语句 ] : SELECT round(2 * 6378.137* ASIN(SQRT(POW(SIN(PI()*(103.9682410-c.lng)/360),2)+COS(PI()*30.6323000/180)* COS(c.lat * PI()/180)*POW(SIN(PI()*(30.6323000-c.lat)/360),2))),1) as juli,a.*,b.nickname,b.avatar,b.sex,b.age,c.title,c.begin_time,d.average_star,(select count(*) from api_bar_member where bar_id=a.id) as count,(a.woman_number + a.man_number - count) as rest_number FROM api_bar a left join api_member b ON b.id=a.member_id left join api_merchant c ON c.id=a.merchant_id left join api_comment_barstar d ON d.member_id = a.member_id  WHERE a.bar_type = 2 AND a.bar_status = 1 ORDER BY juli asc LIMIT 0,10  

[ 2018-02-26T14:03:15+08:00 ] 127.0.0.1 /csj/trunk/php/project/member/index.php/v1.1/bar/barIndex
INFO: [ app_init ] --START--
INFO: Run Behavior\BuildLiteBehavior [ RunTime:0.000000s ]
INFO: [ app_init ] --END-- [ RunTime:0.001000s ]
INFO: [ app_begin ] --START--
INFO: Run Behavior\ReadHtmlCacheBehavior [ RunTime:0.000000s ]
INFO: [ app_begin ] --END-- [ RunTime:0.000000s ]
SQL: SHOW COLUMNS FROM `api_order` [ RunTime:0.0490s ]
SQL: SHOW COLUMNS FROM `api_bar` [ RunTime:0.0510s ]
SQL: SHOW COLUMNS FROM `api_bar_member` [ RunTime:0.0530s ]
NOTIC: [8] Undefined variable: map D:\phpStudy\WWW\csj\trunk\php\project\member\Application\V1_1\Model\BarModel.class.php 第 46 行.
ERR: 1054:Unknown column 'total_number' in 'field list'
 [ SQL语句 ] : SELECT round(2 * 6378.137* ASIN(SQRT(POW(SIN(PI()*(103.9682410-c.lng)/360),2)+COS(PI()*30.6323000/180)* COS(c.lat * PI()/180)*POW(SIN(PI()*(30.6323000-c.lat)/360),2))),1) as juli,a.*,b.nickname,b.avatar,b.sex,b.age,c.title,c.begin_time,d.average_star,(select count(*) from api_bar_member where bar_id=a.id) as count,(a.woman_number + a.man_number) as total_number,(total_number-count) as rest_number FROM api_bar a left join api_member b ON b.id=a.member_id left join api_merchant c ON c.id=a.merchant_id left join api_comment_barstar d ON d.member_id = a.member_id  WHERE a.bar_type = 2 AND a.bar_status = 1 ORDER BY juli asc LIMIT 0,10  
ERR: 1054:Unknown column 'total_number' in 'field list'
 [ SQL语句 ] : SELECT round(2 * 6378.137* ASIN(SQRT(POW(SIN(PI()*(103.9682410-c.lng)/360),2)+COS(PI()*30.6323000/180)* COS(c.lat * PI()/180)*POW(SIN(PI()*(30.6323000-c.lat)/360),2))),1) as juli,a.*,b.nickname,b.avatar,b.sex,b.age,c.title,c.begin_time,d.average_star,(select count(*) from api_bar_member where bar_id=a.id) as count,(a.woman_number + a.man_number) as total_number,(total_number-count) as rest_number FROM api_bar a left join api_member b ON b.id=a.member_id left join api_merchant c ON c.id=a.merchant_id left join api_comment_barstar d ON d.member_id = a.member_id  WHERE a.bar_type = 2 AND a.bar_status = 1 ORDER BY juli asc LIMIT 0,10  

[ 2018-02-26T14:05:11+08:00 ] 127.0.0.1 /csj/trunk/php/project/member/index.php/v1.1/bar/barIndex
INFO: [ app_init ] --START--
INFO: Run Behavior\BuildLiteBehavior [ RunTime:0.000000s ]
INFO: [ app_init ] --END-- [ RunTime:0.000000s ]
INFO: [ app_begin ] --START--
INFO: Run Behavior\ReadHtmlCacheBehavior [ RunTime:0.001000s ]
INFO: [ app_begin ] --END-- [ RunTime:0.001000s ]
SQL: SHOW COLUMNS FROM `api_order` [ RunTime:0.0410s ]
SQL: SHOW COLUMNS FROM `api_bar` [ RunTime:0.0410s ]
SQL: SHOW COLUMNS FROM `api_bar_member` [ RunTime:0.0400s ]
NOTIC: [8] Undefined variable: map D:\phpStudy\WWW\csj\trunk\php\project\member\Application\V1_1\Model\BarModel.class.php 第 46 行.
ERR: 1054:Unknown column 'total_number' in 'field list'
 [ SQL语句 ] : SELECT round(2 * 6378.137* ASIN(SQRT(POW(SIN(PI()*(103.9682410-c.lng)/360),2)+COS(PI()*30.6323000/180)* COS(c.lat * PI()/180)*POW(SIN(PI()*(30.6323000-c.lat)/360),2))),1) as juli,a.*,b.nickname,b.avatar,b.sex,b.age,c.title,c.begin_time,d.average_star,(select count(*) from api_bar_member where bar_id=a.id) as count,(a.woman_number + a.man_number) as total_number,(total_number - count) as rest_number FROM api_bar a left join api_member b ON b.id=a.member_id left join api_merchant c ON c.id=a.merchant_id left join api_comment_barstar d ON d.member_id = a.member_id  WHERE a.bar_type = 2 AND a.bar_status = 1 ORDER BY juli asc LIMIT 0,10  
ERR: 1054:Unknown column 'total_number' in 'field list'
 [ SQL语句 ] : SELECT round(2 * 6378.137* ASIN(SQRT(POW(SIN(PI()*(103.9682410-c.lng)/360),2)+COS(PI()*30.6323000/180)* COS(c.lat * PI()/180)*POW(SIN(PI()*(30.6323000-c.lat)/360),2))),1) as juli,a.*,b.nickname,b.avatar,b.sex,b.age,c.title,c.begin_time,d.average_star,(select count(*) from api_bar_member where bar_id=a.id) as count,(a.woman_number + a.man_number) as total_number,(total_number - count) as rest_number FROM api_bar a left join api_member b ON b.id=a.member_id left join api_merchant c ON c.id=a.merchant_id left join api_comment_barstar d ON d.member_id = a.member_id  WHERE a.bar_type = 2 AND a.bar_status = 1 ORDER BY juli asc LIMIT 0,10  

[ 2018-02-26T14:05:31+08:00 ] 127.0.0.1 /csj/trunk/php/project/member/index.php/v1.1/bar/barIndex
INFO: [ app_init ] --START--
INFO: Run Behavior\BuildLiteBehavior [ RunTime:0.000000s ]
INFO: [ app_init ] --END-- [ RunTime:0.000000s ]
INFO: [ app_begin ] --START--
INFO: Run Behavior\ReadHtmlCacheBehavior [ RunTime:0.000000s ]
INFO: [ app_begin ] --END-- [ RunTime:0.000000s ]
SQL: SHOW COLUMNS FROM `api_order` [ RunTime:0.0390s ]
SQL: SHOW COLUMNS FROM `api_bar` [ RunTime:0.0400s ]
SQL: SHOW COLUMNS FROM `api_bar_member` [ RunTime:0.0390s ]
NOTIC: [8] Undefined variable: map D:\phpStudy\WWW\csj\trunk\php\project\member\Application\V1_1\Model\BarModel.class.php 第 46 行.
SQL: SELECT round(2 * 6378.137* ASIN(SQRT(POW(SIN(PI()*(103.9682410-c.lng)/360),2)+COS(PI()*30.6323000/180)* COS(c.lat * PI()/180)*POW(SIN(PI()*(30.6323000-c.lat)/360),2))),1) as juli,a.*,b.nickname,b.avatar,b.sex,b.age,c.title,c.begin_time,d.average_star,(select count(*) from api_bar_member where bar_id=a.id) as count,(a.woman_number + a.man_number) as total_number FROM api_bar a left join api_member b ON b.id=a.member_id left join api_merchant c ON c.id=a.merchant_id left join api_comment_barstar d ON d.member_id = a.member_id  WHERE a.bar_type = 2 AND a.bar_status = 1 ORDER BY juli asc LIMIT 0,10   [ RunTime:0.0400s ]

[ 2018-02-26T14:17:45+08:00 ] 127.0.0.1 /csj/trunk/php/project/member/index.php/v1.1/bar/barIndex
INFO: [ app_init ] --START--
INFO: Run Behavior\BuildLiteBehavior [ RunTime:0.000000s ]
INFO: [ app_init ] --END-- [ RunTime:0.001000s ]
INFO: [ app_begin ] --START--
INFO: Run Behavior\ReadHtmlCacheBehavior [ RunTime:0.001000s ]
INFO: [ app_begin ] --END-- [ RunTime:0.001000s ]
SQL: SHOW COLUMNS FROM `api_order` [ RunTime:0.0370s ]
SQL: SHOW COLUMNS FROM `api_bar` [ RunTime:0.0340s ]
SQL: SHOW COLUMNS FROM `api_bar_member` [ RunTime:0.0330s ]
NOTIC: [8] Undefined variable: map D:\phpStudy\WWW\csj\trunk\php\project\member\Application\V1_1\Model\BarModel.class.php 第 46 行.
ERR: 1054:Unknown column 'total_number' in 'field list'
 [ SQL语句 ] : SELECT round(2 * 6378.137* ASIN(SQRT(POW(SIN(PI()*(103.9682410-c.lng)/360),2)+COS(PI()*30.6323000/180)* COS(c.lat * PI()/180)*POW(SIN(PI()*(30.6323000-c.lat)/360),2))),1) as juli,a.*,b.nickname,b.avatar,b.sex,b.age,c.title,c.begin_time,d.average_star,(select count(*) from api_bar_member where bar_id=a.id) as count,(a.woman_number + a.man_number) as total_number,(total_number-count) FROM api_bar a left join api_member b ON b.id=a.member_id left join api_merchant c ON c.id=a.merchant_id left join api_comment_barstar d ON d.member_id = a.member_id  WHERE a.bar_type = 2 AND a.bar_status = 1 ORDER BY juli asc LIMIT 0,10  
ERR: 1054:Unknown column 'total_number' in 'field list'
 [ SQL语句 ] : SELECT round(2 * 6378.137* ASIN(SQRT(POW(SIN(PI()*(103.9682410-c.lng)/360),2)+COS(PI()*30.6323000/180)* COS(c.lat * PI()/180)*POW(SIN(PI()*(30.6323000-c.lat)/360),2))),1) as juli,a.*,b.nickname,b.avatar,b.sex,b.age,c.title,c.begin_time,d.average_star,(select count(*) from api_bar_member where bar_id=a.id) as count,(a.woman_number + a.man_number) as total_number,(total_number-count) FROM api_bar a left join api_member b ON b.id=a.member_id left join api_merchant c ON c.id=a.merchant_id left join api_comment_barstar d ON d.member_id = a.member_id  WHERE a.bar_type = 2 AND a.bar_status = 1 ORDER BY juli asc LIMIT 0,10  

[ 2018-02-26T14:18:26+08:00 ] 127.0.0.1 /csj/trunk/php/project/member/index.php/v1.1/bar/barIndex
INFO: [ app_init ] --START--
INFO: Run Behavior\BuildLiteBehavior [ RunTime:0.000000s ]
INFO: [ app_init ] --END-- [ RunTime:0.000000s ]
INFO: [ app_begin ] --START--
INFO: Run Behavior\ReadHtmlCacheBehavior [ RunTime:0.000000s ]
INFO: [ app_begin ] --END-- [ RunTime:0.000000s ]
SQL: SHOW COLUMNS FROM `api_order` [ RunTime:0.0330s ]
SQL: SHOW COLUMNS FROM `api_bar` [ RunTime:0.0340s ]
SQL: SHOW COLUMNS FROM `api_bar_member` [ RunTime:0.0310s ]
NOTIC: [8] Undefined variable: map D:\phpStudy\WWW\csj\trunk\php\project\member\Application\V1_1\Model\BarModel.class.php 第 46 行.
ERR: 1054:Unknown column 'count' in 'field list'
 [ SQL语句 ] : SELECT round(2 * 6378.137* ASIN(SQRT(POW(SIN(PI()*(103.9682410-c.lng)/360),2)+COS(PI()*30.6323000/180)* COS(c.lat * PI()/180)*POW(SIN(PI()*(30.6323000-c.lat)/360),2))),1) as juli,a.*,b.nickname,b.avatar,b.sex,b.age,c.title,c.begin_time,d.average_star,(select count(*) from api_bar_member where bar_id=a.id) as count,(a.woman_number + a.man_number) as total_number,(a.woman_number + a.man_number)-count FROM api_bar a left join api_member b ON b.id=a.member_id left join api_merchant c ON c.id=a.merchant_id left join api_comment_barstar d ON d.member_id = a.member_id  WHERE a.bar_type = 2 AND a.bar_status = 1 ORDER BY juli asc LIMIT 0,10  
ERR: 1054:Unknown column 'count' in 'field list'
 [ SQL语句 ] : SELECT round(2 * 6378.137* ASIN(SQRT(POW(SIN(PI()*(103.9682410-c.lng)/360),2)+COS(PI()*30.6323000/180)* COS(c.lat * PI()/180)*POW(SIN(PI()*(30.6323000-c.lat)/360),2))),1) as juli,a.*,b.nickname,b.avatar,b.sex,b.age,c.title,c.begin_time,d.average_star,(select count(*) from api_bar_member where bar_id=a.id) as count,(a.woman_number + a.man_number) as total_number,(a.woman_number + a.man_number)-count FROM api_bar a left join api_member b ON b.id=a.member_id left join api_merchant c ON c.id=a.merchant_id left join api_comment_barstar d ON d.member_id = a.member_id  WHERE a.bar_type = 2 AND a.bar_status = 1 ORDER BY juli asc LIMIT 0,10  

[ 2018-02-26T14:18:53+08:00 ] 127.0.0.1 /csj/trunk/php/project/member/index.php/v1.1/bar/barIndex
INFO: [ app_init ] --START--
INFO: Run Behavior\BuildLiteBehavior [ RunTime:0.000000s ]
INFO: [ app_init ] --END-- [ RunTime:0.001000s ]
INFO: [ app_begin ] --START--
INFO: Run Behavior\ReadHtmlCacheBehavior [ RunTime:0.000000s ]
INFO: [ app_begin ] --END-- [ RunTime:0.000000s ]
SQL: SHOW COLUMNS FROM `api_order` [ RunTime:0.0420s ]
SQL: SHOW COLUMNS FROM `api_bar` [ RunTime:0.0390s ]
SQL: SHOW COLUMNS FROM `api_bar_member` [ RunTime:0.0390s ]
NOTIC: [8] Undefined variable: map D:\phpStudy\WWW\csj\trunk\php\project\member\Application\V1_1\Model\BarModel.class.php 第 46 行.
SQL: SELECT round(2 * 6378.137* ASIN(SQRT(POW(SIN(PI()*(103.9682410-c.lng)/360),2)+COS(PI()*30.6323000/180)* COS(c.lat * PI()/180)*POW(SIN(PI()*(30.6323000-c.lat)/360),2))),1) as juli,a.*,b.nickname,b.avatar,b.sex,b.age,c.title,c.begin_time,d.average_star,(select count(*) from api_bar_member where bar_id=a.id) as count,(a.woman_number + a.man_number) as total_number,(a.woman_number + a.man_number)-(select count(*) from api_bar_member where bar_id=a.id) as rest_number FROM api_bar a left join api_member b ON b.id=a.member_id left join api_merchant c ON c.id=a.merchant_id left join api_comment_barstar d ON d.member_id = a.member_id  WHERE a.bar_type = 2 AND a.bar_status = 1 ORDER BY juli asc LIMIT 0,10   [ RunTime:0.0400s ]

[ 2018-02-26T14:54:56+08:00 ] 127.0.0.1 /csj/trunk/php/project/member/index.php/v1.1/bar/barIndex
INFO: [ app_init ] --START--
INFO: Run Behavior\BuildLiteBehavior [ RunTime:0.000000s ]
INFO: [ app_init ] --END-- [ RunTime:0.000000s ]
INFO: [ app_begin ] --START--
INFO: Run Behavior\ReadHtmlCacheBehavior [ RunTime:0.000000s ]
INFO: [ app_begin ] --END-- [ RunTime:0.000000s ]
SQL: SHOW COLUMNS FROM `api_order` [ RunTime:0.0340s ]
SQL: SHOW COLUMNS FROM `api_bar` [ RunTime:0.0330s ]
SQL: SHOW COLUMNS FROM `api_bar_member` [ RunTime:0.0330s ]
NOTIC: [8] Undefined variable: map D:\phpStudy\WWW\csj\trunk\php\project\member\Application\V1_1\Model\BarModel.class.php 第 46 行.
SQL: SELECT round(2 * 6378.137* ASIN(SQRT(POW(SIN(PI()*(103.9682410-c.lng)/360),2)+COS(PI()*30.6323000/180)* COS(c.lat * PI()/180)*POW(SIN(PI()*(30.6323000-c.lat)/360),2))),1) as juli,a.*,b.nickname,b.avatar,b.sex,b.age,c.title,c.begin_time,d.average_star,(select count(*) from api_bar_member where bar_id=a.id) as count,(a.woman_number + a.man_number) as total_number,(a.woman_number + a.man_number)-(select count(*) from api_bar_member where bar_id=a.id) as rest_number FROM api_bar a left join api_member b ON b.id=a.member_id left join api_merchant c ON c.id=a.merchant_id left join api_comment_barstar d ON d.member_id = a.member_id  WHERE a.bar_type = 2 AND a.bar_status = 1 ORDER BY juli asc LIMIT 0,10   [ RunTime:0.0340s ]

[ 2018-02-26T14:55:05+08:00 ] 127.0.0.1 /csj/trunk/php/project/member/index.php/v1.1/bar/barIndex
INFO: [ app_init ] --START--
INFO: Run Behavior\BuildLiteBehavior [ RunTime:0.000000s ]
INFO: [ app_init ] --END-- [ RunTime:0.001000s ]
INFO: [ app_begin ] --START--
INFO: Run Behavior\ReadHtmlCacheBehavior [ RunTime:0.000000s ]
INFO: [ app_begin ] --END-- [ RunTime:0.000000s ]
SQL: SHOW COLUMNS FROM `api_order` [ RunTime:0.0350s ]
SQL: SHOW COLUMNS FROM `api_bar` [ RunTime:0.0330s ]
SQL: SHOW COLUMNS FROM `api_bar_member` [ RunTime:0.0330s ]
NOTIC: [8] Undefined variable: map D:\phpStudy\WWW\csj\trunk\php\project\member\Application\V1_1\Model\BarModel.class.php 第 46 行.
SQL: SELECT round(2 * 6378.137* ASIN(SQRT(POW(SIN(PI()*(103.9682410-c.lng)/360),2)+COS(PI()*30.6323000/180)* COS(c.lat * PI()/180)*POW(SIN(PI()*(30.6323000-c.lat)/360),2))),1) as juli,a.*,b.nickname,b.avatar,b.sex,b.age,c.title,c.begin_time,d.average_star,(select count(*) from api_bar_member where bar_id=a.id) as count,(a.woman_number + a.man_number) as total_number,(a.woman_number + a.man_number)-(select count(*) from api_bar_member where bar_id=a.id) as rest_number FROM api_bar a left join api_member b ON b.id=a.member_id left join api_merchant c ON c.id=a.merchant_id left join api_comment_barstar d ON d.member_id = a.member_id  WHERE a.bar_type = 2 AND a.bar_status = 1 ORDER BY juli asc LIMIT 0,10   [ RunTime:0.0330s ]

[ 2018-02-26T14:56:05+08:00 ] 127.0.0.1 /csj/trunk/php/project/member/index.php/v1.1/bar/barIndex
INFO: [ app_init ] --START--
INFO: Run Behavior\BuildLiteBehavior [ RunTime:0.000000s ]
INFO: [ app_init ] --END-- [ RunTime:0.001000s ]
INFO: [ app_begin ] --START--
INFO: Run Behavior\ReadHtmlCacheBehavior [ RunTime:0.000000s ]
INFO: [ app_begin ] --END-- [ RunTime:0.000000s ]
SQL: SHOW COLUMNS FROM `api_order` [ RunTime:0.0410s ]
SQL: SHOW COLUMNS FROM `api_bar` [ RunTime:0.0400s ]
SQL: SHOW COLUMNS FROM `api_bar_member` [ RunTime:0.0380s ]
SQL: SELECT round(2 * 6378.137* ASIN(SQRT(POW(SIN(PI()*(103.9682410-c.lng)/360),2)+COS(PI()*30.6323000/180)* COS(c.lat * PI()/180)*POW(SIN(PI()*(30.6323000-c.lat)/360),2))),1) as juli,a.*,b.nickname,b.avatar,b.sex,b.age,c.title,c.begin_time,d.average_star,(select count(*) from api_bar_member where bar_id=a.id) as count,(a.woman_number + a.man_number) as total_number,(a.woman_number + a.man_number)-(select count(*) from api_bar_member where bar_id=a.id) as rest_number FROM api_bar a left join api_member b ON b.id=a.member_id left join api_merchant c ON c.id=a.merchant_id left join api_comment_barstar d ON d.member_id = a.member_id  WHERE a.bar_type = 2 AND a.bar_status = 1 ORDER BY juli asc LIMIT 0,10   [ RunTime:0.0400s ]

[ 2018-02-26T15:01:13+08:00 ] 127.0.0.1 /csj/trunk/php/project/member/index.php/v1.1/bar/barIndex
INFO: [ app_init ] --START--
INFO: Run Behavior\BuildLiteBehavior [ RunTime:0.000000s ]
INFO: [ app_init ] --END-- [ RunTime:0.000000s ]
INFO: [ app_begin ] --START--
INFO: Run Behavior\ReadHtmlCacheBehavior [ RunTime:0.000000s ]
INFO: [ app_begin ] --END-- [ RunTime:0.000000s ]
SQL: SHOW COLUMNS FROM `api_order` [ RunTime:0.0360s ]
SQL: SHOW COLUMNS FROM `api_bar` [ RunTime:0.0360s ]
SQL: SHOW COLUMNS FROM `api_bar_member` [ RunTime:0.0350s ]
SQL: SELECT round(2 * 6378.137* ASIN(SQRT(POW(SIN(PI()*(103.9682410-c.lng)/360),2)+COS(PI()*30.6323000/180)* COS(c.lat * PI()/180)*POW(SIN(PI()*(30.6323000-c.lat)/360),2))),1) as juli,a.*,b.nickname,b.avatar,b.sex,b.age,c.title,c.begin_time,d.average_star,(select count(*) from api_bar_member where bar_id=a.id) as count,(a.woman_number + a.man_number) as total_number,(a.woman_number + a.man_number)-(select count(*) from api_bar_member where bar_id=a.id) as rest_number FROM api_bar a left join api_member b ON b.id=a.member_id left join api_merchant c ON c.id=a.merchant_id left join api_comment_barstar d ON d.member_id = a.member_id  WHERE a.bar_type = 2 AND a.bar_status = 1 ORDER BY juli asc LIMIT 0,10   [ RunTime:0.0370s ]

[ 2018-02-26T15:01:56+08:00 ] 127.0.0.1 /csj/trunk/php/project/member/index.php/v1.1/bar/barIndex
INFO: [ app_init ] --START--
INFO: Run Behavior\BuildLiteBehavior [ RunTime:0.000000s ]
INFO: [ app_init ] --END-- [ RunTime:0.000000s ]
INFO: [ app_begin ] --START--
INFO: Run Behavior\ReadHtmlCacheBehavior [ RunTime:0.000000s ]
INFO: [ app_begin ] --END-- [ RunTime:0.000000s ]
SQL: SHOW COLUMNS FROM `api_order` [ RunTime:0.0360s ]
SQL: SHOW COLUMNS FROM `api_bar` [ RunTime:0.0350s ]
SQL: SHOW COLUMNS FROM `api_bar_member` [ RunTime:0.0360s ]

[ 2018-02-26T15:05:48+08:00 ] 127.0.0.1 /csj/trunk/php/project/member/index.php/v1.1/bar/barIndex
INFO: [ app_init ] --START--
INFO: Run Behavior\BuildLiteBehavior [ RunTime:0.000000s ]
INFO: [ app_init ] --END-- [ RunTime:0.000000s ]
INFO: [ app_begin ] --START--
INFO: Run Behavior\ReadHtmlCacheBehavior [ RunTime:0.000000s ]
INFO: [ app_begin ] --END-- [ RunTime:0.000000s ]
SQL: SHOW COLUMNS FROM `api_order` [ RunTime:0.0350s ]
SQL: SHOW COLUMNS FROM `api_bar` [ RunTime:0.0340s ]
SQL: SHOW COLUMNS FROM `api_bar_member` [ RunTime:0.0340s ]
SQL: SELECT round(2 * 6378.137* ASIN(SQRT(POW(SIN(PI()*(103.9682410-c.lng)/360),2)+COS(PI()*30.6323000/180)* COS(c.lat * PI()/180)*POW(SIN(PI()*(30.6323000-c.lat)/360),2))),1) as juli,a.*,b.nickname,b.avatar,b.sex,b.age,c.title,c.begin_time,d.average_star,(select count(*) from api_bar_member where bar_id=a.id) as count,(a.woman_number + a.man_number) as total_number,(a.woman_number + a.man_number)-(select count(*) from api_bar_member where bar_id=a.id) as rest_number FROM api_bar a left join api_member b ON b.id=a.member_id left join api_merchant c ON c.id=a.merchant_id left join api_comment_barstar d ON d.member_id = a.member_id  WHERE a.bar_type = 2 AND a.bar_status = 1 ORDER BY juli asc LIMIT 0,10   [ RunTime:0.0340s ]

[ 2018-02-26T15:06:24+08:00 ] 127.0.0.1 /csj/trunk/php/project/member/index.php/v1.1/bar/barIndex
INFO: [ app_init ] --START--
INFO: Run Behavior\BuildLiteBehavior [ RunTime:0.000000s ]
INFO: [ app_init ] --END-- [ RunTime:0.000000s ]
INFO: [ app_begin ] --START--
INFO: Run Behavior\ReadHtmlCacheBehavior [ RunTime:0.001000s ]
INFO: [ app_begin ] --END-- [ RunTime:0.001000s ]
SQL: SHOW COLUMNS FROM `api_order` [ RunTime:0.0360s ]
SQL: SHOW COLUMNS FROM `api_bar` [ RunTime:0.0370s ]
SQL: SHOW COLUMNS FROM `api_bar_member` [ RunTime:0.0360s ]
SQL: SELECT round(2 * 6378.137* ASIN(SQRT(POW(SIN(PI()*(103.9682410-c.lng)/360),2)+COS(PI()*30.6323000/180)* COS(c.lat * PI()/180)*POW(SIN(PI()*(30.6323000-c.lat)/360),2))),1) as juli,a.*,b.nickname,b.avatar,b.sex,b.age,c.title,c.begin_time,d.average_star,(select count(*) from api_bar_member where bar_id=a.id) as count,(a.woman_number + a.man_number) as total_number,(a.woman_number + a.man_number)-(select count(*) from api_bar_member where bar_id=a.id) as rest_number FROM api_bar a left join api_member b ON b.id=a.member_id left join api_merchant c ON c.id=a.merchant_id left join api_comment_barstar d ON d.member_id = a.member_id  WHERE a.bar_type = 2 AND a.bar_status = 1 AND (  a.bar_theme = '3' ) ORDER BY juli asc LIMIT 0,10   [ RunTime:0.0380s ]

[ 2018-02-26T15:07:00+08:00 ] 127.0.0.1 /csj/trunk/php/project/member/index.php/v1.1/bar/barIndex
INFO: [ app_init ] --START--
INFO: Run Behavior\BuildLiteBehavior [ RunTime:0.000000s ]
INFO: [ app_init ] --END-- [ RunTime:0.000000s ]
INFO: [ app_begin ] --START--
INFO: Run Behavior\ReadHtmlCacheBehavior [ RunTime:0.000000s ]
INFO: [ app_begin ] --END-- [ RunTime:0.000000s ]
SQL: SHOW COLUMNS FROM `api_order` [ RunTime:0.0380s ]
SQL: SHOW COLUMNS FROM `api_bar` [ RunTime:0.0370s ]
SQL: SHOW COLUMNS FROM `api_bar_member` [ RunTime:0.0380s ]
SQL: SELECT round(2 * 6378.137* ASIN(SQRT(POW(SIN(PI()*(103.9682410-c.lng)/360),2)+COS(PI()*30.6323000/180)* COS(c.lat * PI()/180)*POW(SIN(PI()*(30.6323000-c.lat)/360),2))),1) as juli,a.*,b.nickname,b.avatar,b.sex,b.age,c.title,c.begin_time,d.average_star,(select count(*) from api_bar_member where bar_id=a.id) as count,(a.woman_number + a.man_number) as total_number,(a.woman_number + a.man_number)-(select count(*) from api_bar_member where bar_id=a.id) as rest_number FROM api_bar a left join api_member b ON b.id=a.member_id left join api_merchant c ON c.id=a.merchant_id left join api_comment_barstar d ON d.member_id = a.member_id  WHERE a.bar_type = 2 AND a.bar_status = 1 AND (  a.bar_theme = '3' ) ORDER BY juli asc LIMIT 0,10   [ RunTime:0.0390s ]

[ 2018-02-26T15:08:44+08:00 ] 127.0.0.1 /csj/trunk/php/project/member/index.php/v1.1/bar/barIndex
INFO: [ app_init ] --START--
INFO: Run Behavior\BuildLiteBehavior [ RunTime:0.000000s ]
INFO: [ app_init ] --END-- [ RunTime:0.001000s ]
INFO: [ app_begin ] --START--
INFO: Run Behavior\ReadHtmlCacheBehavior [ RunTime:0.001000s ]
INFO: [ app_begin ] --END-- [ RunTime:0.001000s ]
SQL: SHOW COLUMNS FROM `api_order` [ RunTime:0.0370s ]
SQL: SHOW COLUMNS FROM `api_bar` [ RunTime:0.0370s ]
SQL: SHOW COLUMNS FROM `api_bar_member` [ RunTime:0.0370s ]
SQL: SELECT round(2 * 6378.137* ASIN(SQRT(POW(SIN(PI()*(103.9682410-c.lng)/360),2)+COS(PI()*30.6323000/180)* COS(c.lat * PI()/180)*POW(SIN(PI()*(30.6323000-c.lat)/360),2))),1) as juli,a.*,b.nickname,b.avatar,b.sex,b.age,c.title,c.begin_time,d.average_star,(select count(*) from api_bar_member where bar_id=a.id) as count,(a.woman_number + a.man_number) as total_number,(a.woman_number + a.man_number)-(select count(*) from api_bar_member where bar_id=a.id) as rest_number FROM api_bar a left join api_member b ON b.id=a.member_id left join api_merchant c ON c.id=a.merchant_id left join api_comment_barstar d ON d.member_id = a.member_id  WHERE a.bar_type = 2 AND a.bar_status = 1 AND (  a.bar_theme = '3' ) ORDER BY juli asc LIMIT 0,10   [ RunTime:0.0390s ]

[ 2018-02-26T16:52:18+08:00 ] 127.0.0.1 /csj/trunk/php/project/member/index.php/v1.1/bar/searchList
INFO: [ app_init ] --START--
INFO: Run Behavior\BuildLiteBehavior [ RunTime:0.000000s ]
INFO: [ app_init ] --END-- [ RunTime:0.000000s ]
INFO: [ app_begin ] --START--
INFO: Run Behavior\ReadHtmlCacheBehavior [ RunTime:0.001000s ]
INFO: [ app_begin ] --END-- [ RunTime:0.001000s ]
SQL: SHOW COLUMNS FROM `api_order` [ RunTime:0.0480s ]
SQL: SHOW COLUMNS FROM `api_bar` [ RunTime:0.0430s ]
SQL: SHOW COLUMNS FROM `api_bar_member` [ RunTime:0.0420s ]

[ 2018-02-26T16:53:39+08:00 ] 127.0.0.1 /csj/trunk/php/project/member/index.php/v1.1/bar/barTheme
INFO: [ app_init ] --START--
INFO: Run Behavior\BuildLiteBehavior [ RunTime:0.000000s ]
INFO: [ app_init ] --END-- [ RunTime:0.000000s ]
INFO: [ app_begin ] --START--
INFO: Run Behavior\ReadHtmlCacheBehavior [ RunTime:0.000000s ]
INFO: [ app_begin ] --END-- [ RunTime:0.001000s ]
SQL: SHOW COLUMNS FROM `api_order` [ RunTime:0.0370s ]
SQL: SHOW COLUMNS FROM `api_bar` [ RunTime:0.0340s ]
SQL: SHOW COLUMNS FROM `api_bar_member` [ RunTime:0.0340s ]

[ 2018-02-26T16:54:08+08:00 ] 127.0.0.1 /csj/trunk/php/project/member/index.php/v1.1/bar/barTheme
INFO: [ app_init ] --START--
INFO: Run Behavior\BuildLiteBehavior [ RunTime:0.000000s ]
INFO: [ app_init ] --END-- [ RunTime:0.000000s ]
INFO: [ app_begin ] --START--
INFO: Run Behavior\ReadHtmlCacheBehavior [ RunTime:0.000000s ]
INFO: [ app_begin ] --END-- [ RunTime:0.000000s ]
SQL: SHOW COLUMNS FROM `api_order` [ RunTime:0.0420s ]
SQL: SHOW COLUMNS FROM `api_bar` [ RunTime:0.0410s ]
SQL: SHOW COLUMNS FROM `api_bar_member` [ RunTime:0.0410s ]

[ 2018-02-26T16:55:12+08:00 ] 127.0.0.1 /csj/trunk/php/project/member/index.php/v1.1/bar/barTheme
INFO: [ app_init ] --START--
INFO: Run Behavior\BuildLiteBehavior [ RunTime:0.000000s ]
INFO: [ app_init ] --END-- [ RunTime:0.000000s ]
INFO: [ app_begin ] --START--
INFO: Run Behavior\ReadHtmlCacheBehavior [ RunTime:0.001000s ]
INFO: [ app_begin ] --END-- [ RunTime:0.001000s ]
SQL: SHOW COLUMNS FROM `api_order` [ RunTime:0.0400s ]
SQL: SHOW COLUMNS FROM `api_bar` [ RunTime:0.0410s ]
SQL: SHOW COLUMNS FROM `api_bar_member` [ RunTime:0.0410s ]

[ 2018-02-26T16:55:34+08:00 ] 127.0.0.1 /csj/trunk/php/project/member/index.php/v1.1/bar/barTheme
INFO: [ app_init ] --START--
INFO: Run Behavior\BuildLiteBehavior [ RunTime:0.000000s ]
INFO: [ app_init ] --END-- [ RunTime:0.001000s ]
INFO: [ app_begin ] --START--
INFO: Run Behavior\ReadHtmlCacheBehavior [ RunTime:0.001000s ]
INFO: [ app_begin ] --END-- [ RunTime:0.001000s ]
SQL: SHOW COLUMNS FROM `api_order` [ RunTime:0.0360s ]
SQL: SHOW COLUMNS FROM `api_bar` [ RunTime:0.0370s ]
SQL: SHOW COLUMNS FROM `api_bar_member` [ RunTime:0.0350s ]

[ 2018-02-26T17:05:20+08:00 ] 127.0.0.1 /csj/trunk/php/project/member/index.php/v1.1/bar/searchList
INFO: [ app_init ] --START--
INFO: Run Behavior\BuildLiteBehavior [ RunTime:0.000000s ]
INFO: [ app_init ] --END-- [ RunTime:0.001000s ]
INFO: [ app_begin ] --START--
INFO: Run Behavior\ReadHtmlCacheBehavior [ RunTime:0.001000s ]
INFO: [ app_begin ] --END-- [ RunTime:0.001000s ]
SQL: SHOW COLUMNS FROM `api_order` [ RunTime:0.0370s ]
SQL: SHOW COLUMNS FROM `api_bar` [ RunTime:0.0370s ]
SQL: SHOW COLUMNS FROM `api_bar_member` [ RunTime:0.0370s ]

[ 2018-02-26T17:07:46+08:00 ] 127.0.0.1 /csj/trunk/php/project/member/index.php/v1.1/bar/searchList
INFO: [ app_init ] --START--
INFO: Run Behavior\BuildLiteBehavior [ RunTime:0.000000s ]
INFO: [ app_init ] --END-- [ RunTime:0.001000s ]
INFO: [ app_begin ] --START--
INFO: Run Behavior\ReadHtmlCacheBehavior [ RunTime:0.001000s ]
INFO: [ app_begin ] --END-- [ RunTime:0.001000s ]
SQL: SHOW COLUMNS FROM `api_order` [ RunTime:0.0370s ]
SQL: SHOW COLUMNS FROM `api_bar` [ RunTime:0.0360s ]
SQL: SHOW COLUMNS FROM `api_bar_member` [ RunTime:0.0340s ]

[ 2018-02-26T17:15:07+08:00 ] 127.0.0.1 /csj/trunk/php/project/member/index.php/v1.1/bar/searchList
INFO: [ app_init ] --START--
INFO: Run Behavior\BuildLiteBehavior [ RunTime:0.000000s ]
INFO: [ app_init ] --END-- [ RunTime:0.001000s ]
INFO: [ app_begin ] --START--
INFO: Run Behavior\ReadHtmlCacheBehavior [ RunTime:0.001000s ]
INFO: [ app_begin ] --END-- [ RunTime:0.001000s ]
SQL: SHOW COLUMNS FROM `api_order` [ RunTime:0.0340s ]
SQL: SHOW COLUMNS FROM `api_bar` [ RunTime:0.0340s ]
SQL: SHOW COLUMNS FROM `api_bar_member` [ RunTime:0.0340s ]

[ 2018-02-26T17:16:47+08:00 ] 127.0.0.1 /csj/trunk/php/project/member/index.php/v1.1/bar/searchList
INFO: [ app_init ] --START--
INFO: Run Behavior\BuildLiteBehavior [ RunTime:0.000000s ]
INFO: [ app_init ] --END-- [ RunTime:0.001000s ]
INFO: [ app_begin ] --START--
INFO: Run Behavior\ReadHtmlCacheBehavior [ RunTime:0.001000s ]
INFO: [ app_begin ] --END-- [ RunTime:0.001000s ]
SQL: SHOW COLUMNS FROM `api_order` [ RunTime:0.0350s ]
SQL: SHOW COLUMNS FROM `api_bar` [ RunTime:0.0340s ]
SQL: SHOW COLUMNS FROM `api_bar_member` [ RunTime:0.0340s ]

[ 2018-02-26T17:19:01+08:00 ] 127.0.0.1 /csj/trunk/php/project/member/index.php/v1.1/bar/searchList
INFO: [ app_init ] --START--
INFO: Run Behavior\BuildLiteBehavior [ RunTime:0.000000s ]
INFO: [ app_init ] --END-- [ RunTime:0.001000s ]
INFO: [ app_begin ] --START--
INFO: Run Behavior\ReadHtmlCacheBehavior [ RunTime:0.001000s ]
INFO: [ app_begin ] --END-- [ RunTime:0.001000s ]
SQL: SHOW COLUMNS FROM `api_order` [ RunTime:0.0410s ]
SQL: SHOW COLUMNS FROM `api_bar` [ RunTime:0.0410s ]
SQL: SHOW COLUMNS FROM `api_bar_member` [ RunTime:0.0400s ]

[ 2018-02-26T18:03:08+08:00 ] 127.0.0.1 /csj/trunk/php/project/member/index.php/v1.1/bar/commentBar
INFO: [ app_init ] --START--
INFO: Run Behavior\BuildLiteBehavior [ RunTime:0.000000s ]
INFO: [ app_init ] --END-- [ RunTime:0.003000s ]
INFO: [ app_begin ] --START--
INFO: Run Behavior\ReadHtmlCacheBehavior [ RunTime:0.001000s ]
INFO: [ app_begin ] --END-- [ RunTime:0.001000s ]
SQL: SHOW COLUMNS FROM `api_order` [ RunTime:0.0400s ]
SQL: SHOW COLUMNS FROM `api_bar` [ RunTime:0.0380s ]
SQL: SHOW COLUMNS FROM `api_bar_member` [ RunTime:0.0296s ]
SQL: SHOW COLUMNS FROM `api_bar_member` [ RunTime:0.0312s ]
SQL: SELECT COUNT(*) AS tp_count FROM `api_bar_member` WHERE `member_id` = 14 AND `bar_id` = 1 LIMIT 1   [ RunTime:0.0498s ]
SQL: SHOW COLUMNS FROM `api_member` [ RunTime:0.0390s ]
SQL: SELECT `tel`,id as member_id,`nickname`,`sex`,`age`,`avatar` FROM `api_member` WHERE `id` = 14 LIMIT 1   [ RunTime:0.0360s ]
SQL: SHOW COLUMNS FROM `api_comment_tags` [ RunTime:0.0370s ]
SQL: SELECT * FROM `api_comment_tags` GROUP BY star  [ RunTime:0.0380s ]

[ 2018-02-26T18:06:23+08:00 ] 127.0.0.1 /csj/trunk/php/project/member/index.php/v1.1/bar/commentBar
INFO: [ app_init ] --START--
INFO: Run Behavior\BuildLiteBehavior [ RunTime:0.000000s ]
INFO: [ app_init ] --END-- [ RunTime:0.000000s ]
INFO: [ app_begin ] --START--
INFO: Run Behavior\ReadHtmlCacheBehavior [ RunTime:0.000000s ]
INFO: [ app_begin ] --END-- [ RunTime:0.000000s ]
SQL: SHOW COLUMNS FROM `api_order` [ RunTime:0.0322s ]
SQL: SHOW COLUMNS FROM `api_bar` [ RunTime:0.0528s ]
SQL: SHOW COLUMNS FROM `api_bar_member` [ RunTime:0.0380s ]
SQL: SHOW COLUMNS FROM `api_bar_member` [ RunTime:0.0390s ]
SQL: SELECT COUNT(*) AS tp_count FROM `api_bar_member` WHERE `member_id` = 14 AND `bar_id` = 1 LIMIT 1   [ RunTime:0.0360s ]
SQL: SHOW COLUMNS FROM `api_member` [ RunTime:0.0370s ]
SQL: SELECT `tel`,id as member_id,`nickname`,`sex`,`age`,`avatar` FROM `api_member` WHERE `id` = 14 LIMIT 1   [ RunTime:0.0370s ]
SQL: SHOW COLUMNS FROM `api_comment_tags` [ RunTime:0.0380s ]
SQL: SELECT * FROM `api_comment_tags` GROUP BY star  [ RunTime:0.0380s ]

[ 2018-02-26T18:11:16+08:00 ] 127.0.0.1 /csj/trunk/php/project/member/index.php/v1.1/bar/commentBar
INFO: [ app_init ] --START--
INFO: Run Behavior\BuildLiteBehavior [ RunTime:0.000000s ]
INFO: [ app_init ] --END-- [ RunTime:0.001000s ]
INFO: [ app_begin ] --START--
INFO: Run Behavior\ReadHtmlCacheBehavior [ RunTime:0.001000s ]
INFO: [ app_begin ] --END-- [ RunTime:0.001000s ]
SQL: SHOW COLUMNS FROM `api_order` [ RunTime:0.0312s ]
SQL: SHOW COLUMNS FROM `api_bar` [ RunTime:0.0322s ]
SQL: SHOW COLUMNS FROM `api_bar_member` [ RunTime:0.0376s ]
SQL: SHOW COLUMNS FROM `api_bar_member` [ RunTime:0.0330s ]
SQL: SELECT COUNT(*) AS tp_count FROM `api_bar_member` WHERE `member_id` = 14 AND `bar_id` = 1 LIMIT 1   [ RunTime:0.0320s ]
SQL: SHOW COLUMNS FROM `api_member` [ RunTime:0.0340s ]
SQL: SELECT `tel`,id as member_id,`nickname`,`sex`,`age`,`avatar` FROM `api_member` WHERE `id` = 14 LIMIT 1   [ RunTime:0.0330s ]
SQL: SHOW COLUMNS FROM `api_comment_tags` [ RunTime:0.0340s ]
SQL: SELECT *,count(id) FROM `api_comment_tags` GROUP BY star  [ RunTime:0.0320s ]

[ 2018-02-26T18:11:57+08:00 ] 127.0.0.1 /csj/trunk/php/project/member/index.php/v1.1/bar/commentBar
INFO: [ app_init ] --START--
INFO: Run Behavior\BuildLiteBehavior [ RunTime:0.000000s ]
INFO: [ app_init ] --END-- [ RunTime:0.000000s ]
INFO: [ app_begin ] --START--
INFO: Run Behavior\ReadHtmlCacheBehavior [ RunTime:0.000000s ]
INFO: [ app_begin ] --END-- [ RunTime:0.000000s ]
SQL: SHOW COLUMNS FROM `api_order` [ RunTime:0.0360s ]
SQL: SHOW COLUMNS FROM `api_bar` [ RunTime:0.0296s ]
SQL: SHOW COLUMNS FROM `api_bar_member` [ RunTime:0.0312s ]
SQL: SHOW COLUMNS FROM `api_bar_member` [ RunTime:0.0462s ]
SQL: SELECT COUNT(*) AS tp_count FROM `api_bar_member` WHERE `member_id` = 14 AND `bar_id` = 1 LIMIT 1   [ RunTime:0.0350s ]
SQL: SHOW COLUMNS FROM `api_member` [ RunTime:0.0360s ]
SQL: SELECT `tel`,id as member_id,`nickname`,`sex`,`age`,`avatar` FROM `api_member` WHERE `id` = 14 LIMIT 1   [ RunTime:0.0360s ]
SQL: SHOW COLUMNS FROM `api_comment_tags` [ RunTime:0.0370s ]
SQL: SELECT * FROM `api_comment_tags`  [ RunTime:0.0360s ]

[ 2018-02-26T18:18:23+08:00 ] 127.0.0.1 /csj/trunk/php/project/member/index.php/v1.1/bar/commentBar
INFO: [ app_init ] --START--
INFO: Run Behavior\BuildLiteBehavior [ RunTime:0.000000s ]
INFO: [ app_init ] --END-- [ RunTime:0.001000s ]
INFO: [ app_begin ] --START--
INFO: Run Behavior\ReadHtmlCacheBehavior [ RunTime:0.001000s ]
INFO: [ app_begin ] --END-- [ RunTime:0.001000s ]
SQL: SHOW COLUMNS FROM `api_order` [ RunTime:0.0380s ]
SQL: SHOW COLUMNS FROM `api_bar` [ RunTime:0.0390s ]
SQL: SHOW COLUMNS FROM `api_bar_member` [ RunTime:0.0380s ]
SQL: SHOW COLUMNS FROM `api_bar_member` [ RunTime:0.0380s ]
SQL: SELECT COUNT(*) AS tp_count FROM `api_bar_member` WHERE `member_id` = 14 AND `bar_id` = 1 LIMIT 1   [ RunTime:0.0370s ]
SQL: SHOW COLUMNS FROM `api_member` [ RunTime:0.0390s ]
SQL: SELECT `tel`,id as member_id,`nickname`,`sex`,`age`,`avatar` FROM `api_member` WHERE `id` = 14 LIMIT 1   [ RunTime:0.0370s ]
SQL: SHOW COLUMNS FROM `api_comment_tags` [ RunTime:0.0380s ]
SQL: SELECT * FROM `api_comment_tags`  [ RunTime:0.0250s ]

[ 2018-02-26T18:18:40+08:00 ] 127.0.0.1 /csj/trunk/php/project/member/index.php/v1.1/bar/commentBar
INFO: [ app_init ] --START--
INFO: Run Behavior\BuildLiteBehavior [ RunTime:0.000000s ]
INFO: [ app_init ] --END-- [ RunTime:0.000000s ]
INFO: [ app_begin ] --START--
INFO: Run Behavior\ReadHtmlCacheBehavior [ RunTime:0.001000s ]
INFO: [ app_begin ] --END-- [ RunTime:0.001000s ]
SQL: SHOW COLUMNS FROM `api_order` [ RunTime:0.0370s ]
SQL: SHOW COLUMNS FROM `api_bar` [ RunTime:0.0380s ]
SQL: SHOW COLUMNS FROM `api_bar_member` [ RunTime:0.0350s ]
SQL: SHOW COLUMNS FROM `api_bar_member` [ RunTime:0.0360s ]
SQL: SELECT COUNT(*) AS tp_count FROM `api_bar_member` WHERE `member_id` = 14 AND `bar_id` = 1 LIMIT 1   [ RunTime:0.0350s ]
SQL: SHOW COLUMNS FROM `api_member` [ RunTime:0.0370s ]
SQL: SELECT `tel`,id as member_id,`nickname`,`sex`,`age`,`avatar` FROM `api_member` WHERE `id` = 14 LIMIT 1   [ RunTime:0.0350s ]
SQL: SHOW COLUMNS FROM `api_comment_tags` [ RunTime:0.0360s ]
SQL: SELECT * FROM `api_comment_tags`  [ RunTime:0.0360s ]

[ 2018-02-26T18:24:01+08:00 ] 127.0.0.1 /csj/trunk/php/project/member/index.php/v1.1/bar/commentBar
INFO: [ app_init ] --START--
INFO: Run Behavior\BuildLiteBehavior [ RunTime:0.000000s ]
INFO: [ app_init ] --END-- [ RunTime:0.000000s ]
INFO: [ app_begin ] --START--
INFO: Run Behavior\ReadHtmlCacheBehavior [ RunTime:0.000000s ]
INFO: [ app_begin ] --END-- [ RunTime:0.000000s ]
SQL: SHOW COLUMNS FROM `api_order` [ RunTime:0.0350s ]
SQL: SHOW COLUMNS FROM `api_bar` [ RunTime:0.0330s ]
SQL: SHOW COLUMNS FROM `api_bar_member` [ RunTime:0.0290s ]
SQL: SHOW COLUMNS FROM `api_bar_member` [ RunTime:0.0312s ]
SQL: SELECT COUNT(*) AS tp_count FROM `api_bar_member` WHERE `member_id` = 14 AND `bar_id` = 1 LIMIT 1   [ RunTime:0.0312s ]
SQL: SHOW COLUMNS FROM `api_member` [ RunTime:0.0432s ]
SQL: SELECT `tel`,id as member_id,`nickname`,`sex`,`age`,`avatar` FROM `api_member` WHERE `id` = 14 LIMIT 1   [ RunTime:0.0320s ]
SQL: SHOW COLUMNS FROM `api_comment_tags` [ RunTime:0.0330s ]
SQL: SELECT * FROM `api_comment_tags`  [ RunTime:0.0320s ]

