[ 2018-04-11T17:27:31+08:00 ] 127.0.0.1 /csj/trunk/php/project/member/index.php/v1.1/bar/wineBarList
INFO: [ app_init ] --START--
INFO: Run Behavior\BuildLiteBehavior [ RunTime:0.000000s ]
INFO: [ app_init ] --END-- [ RunTime:0.000000s ]
INFO: [ app_begin ] --START--
INFO: Run Behavior\ReadHtmlCacheBehavior [ RunTime:0.001000s ]
INFO: [ app_begin ] --END-- [ RunTime:0.001000s ]

[ 2018-04-11T17:31:52+08:00 ] 127.0.0.1 /csj/trunk/php/project/member/index.php/v1.1/bar/wineBarList
INFO: [ app_init ] --START--
INFO: Run Behavior\BuildLiteBehavior [ RunTime:0.000000s ]
INFO: [ app_init ] --END-- [ RunTime:0.000000s ]
INFO: [ app_begin ] --START--
INFO: Run Behavior\ReadHtmlCacheBehavior [ RunTime:0.000000s ]
INFO: [ app_begin ] --END-- [ RunTime:0.000000s ]

[ 2018-04-11T19:47:25+08:00 ] 127.0.0.1 /csj/trunk/php/project/member/index.php/v1.1/bar/barDetail
INFO: [ app_init ] --START--
INFO: Run Behavior\BuildLiteBehavior [ RunTime:0.000000s ]
INFO: [ app_init ] --END-- [ RunTime:0.000000s ]
INFO: [ app_begin ] --START--
INFO: Run Behavior\ReadHtmlCacheBehavior [ RunTime:0.000000s ]
INFO: [ app_begin ] --END-- [ RunTime:0.000000s ]
NOTIC: [8] Undefined index: status D:\phpStudy\WWW\csj\trunk\php\project\member\Application\V1_1\Controller\BarController.class.php 第 406 行.

[ 2018-04-11T19:48:02+08:00 ] 127.0.0.1 /csj/trunk/php/project/member/index.php/v1.1/bar/barDetail
INFO: [ app_init ] --START--
INFO: Run Behavior\BuildLiteBehavior [ RunTime:0.000000s ]
INFO: [ app_init ] --END-- [ RunTime:0.000000s ]
INFO: [ app_begin ] --START--
INFO: Run Behavior\ReadHtmlCacheBehavior [ RunTime:0.000000s ]
INFO: [ app_begin ] --END-- [ RunTime:0.000000s ]
ERR: 1054:Unknown column 'pai_order.order_type' in 'field list'
 [ SQL语句 ] : SELECT api_order.id,api_order.order_no,api_order.is_bar,api_order.merchant_id,pai_order.order_type FROM `api_bar_order` INNER JOIN api_order ON api_order.id = api_bar_order.order_id  WHERE `bar_id` = '36' LIMIT 1  

[ 2018-04-11T19:52:39+08:00 ] 127.0.0.1 /csj/trunk/php/project/member/index.php/v1.1/bar/barDetail
INFO: [ app_init ] --START--
INFO: Run Behavior\BuildLiteBehavior [ RunTime:0.000000s ]
INFO: [ app_init ] --END-- [ RunTime:0.001000s ]
INFO: [ app_begin ] --START--
INFO: Run Behavior\ReadHtmlCacheBehavior [ RunTime:0.000000s ]
INFO: [ app_begin ] --END-- [ RunTime:0.000000s ]
ERR: 1054:Unknown column 'pai_order.order_type' in 'field list'
 [ SQL语句 ] : SELECT api_order.id,api_order.order_no,api_order.is_bar,api_order.merchant_id,pai_order.order_type FROM `api_bar_order` INNER JOIN api_order ON api_order.id = api_bar_order.order_id  WHERE `bar_id` = '36' LIMIT 1  

[ 2018-04-11T19:55:51+08:00 ] 127.0.0.1 /csj/trunk/php/project/member/index.php/v1.1/bar/barInfo
INFO: [ app_init ] --START--
INFO: Run Behavior\BuildLiteBehavior [ RunTime:0.000000s ]
INFO: [ app_init ] --END-- [ RunTime:0.000000s ]
INFO: [ app_begin ] --START--
INFO: Run Behavior\ReadHtmlCacheBehavior [ RunTime:0.001000s ]
INFO: [ app_begin ] --END-- [ RunTime:0.001000s ]
ERR: 1054:Unknown column 'pai_order.order_type' in 'field list'
 [ SQL语句 ] : SELECT api_order.id,api_order.order_no,api_order.is_bar,api_order.merchant_id,pai_order.order_type FROM `api_bar_order` INNER JOIN api_order ON api_order.id = api_bar_order.order_id  WHERE `bar_id` = '36' LIMIT 1  

[ 2018-04-11T19:56:12+08:00 ] 127.0.0.1 /csj/trunk/php/project/member/index.php/v1.1/bar/barInfo
INFO: [ app_init ] --START--
INFO: Run Behavior\BuildLiteBehavior [ RunTime:0.001000s ]
INFO: [ app_init ] --END-- [ RunTime:0.001000s ]
INFO: [ app_begin ] --START--
INFO: Run Behavior\ReadHtmlCacheBehavior [ RunTime:0.000000s ]
INFO: [ app_begin ] --END-- [ RunTime:0.000000s ]
ERR: 1054:Unknown column 'pai_order.order_type' in 'field list'
 [ SQL语句 ] : SELECT api_order.id,api_order.order_no,api_order.is_bar,api_order.merchant_id,pai_order.order_type FROM `api_bar_order` INNER JOIN api_order ON api_order.id = api_bar_order.order_id  WHERE `bar_id` = '36' LIMIT 1  

[ 2018-04-11T21:04:40+08:00 ] 127.0.0.1 /csj/trunk/php/project/member/index.php/v1.1/member/delBlackUser
INFO: [ app_init ] --START--
INFO: Run Behavior\BuildLiteBehavior [ RunTime:0.000000s ]
INFO: [ app_init ] --END-- [ RunTime:0.000000s ]
INFO: [ app_begin ] --START--
INFO: Run Behavior\ReadHtmlCacheBehavior [ RunTime:0.001000s ]
INFO: [ app_begin ] --END-- [ RunTime:0.001000s ]

[ 2018-04-11T21:07:56+08:00 ] 127.0.0.1 /csj/trunk/php/project/member/index.php/v1.1/member/delBlackUser
INFO: [ app_init ] --START--
INFO: Run Behavior\BuildLiteBehavior [ RunTime:0.000000s ]
INFO: [ app_init ] --END-- [ RunTime:0.000000s ]
INFO: [ app_begin ] --START--
INFO: Run Behavior\ReadHtmlCacheBehavior [ RunTime:0.000000s ]
INFO: [ app_begin ] --END-- [ RunTime:0.001000s ]

