[ 2018-02-23T14:01:34+08:00 ] 127.0.0.1 /csj/trunk/php/project/member/index.php/v1.1/orderbar/barIndex
INFO: [ app_init ] --START--
INFO: Run Behavior\BuildLiteBehavior [ RunTime:0.000000s ]
INFO: [ app_init ] --END-- [ RunTime:0.001000s ]
INFO: [ app_begin ] --START--
INFO: Run Behavior\ReadHtmlCacheBehavior [ RunTime:0.000000s ]
INFO: [ app_begin ] --END-- [ RunTime:0.000000s ]
SQL: SHOW COLUMNS FROM `api_order` [ RunTime:0.0400s ]
SQL: SHOW COLUMNS FROM `api_order_bar` [ RunTime:0.0380s ]
SQL: SHOW COLUMNS FROM `api_order_member` [ RunTime:0.0390s ]

[ 2018-02-23T14:02:20+08:00 ] 127.0.0.1 /csj/trunk/php/project/member/index.php/v1.1/orderbar/barIndex
INFO: [ app_init ] --START--
INFO: Run Behavior\BuildLiteBehavior [ RunTime:0.000000s ]
INFO: [ app_init ] --END-- [ RunTime:0.001000s ]
INFO: [ app_begin ] --START--
INFO: Run Behavior\ReadHtmlCacheBehavior [ RunTime:0.000000s ]
INFO: [ app_begin ] --END-- [ RunTime:0.000000s ]
SQL: SHOW COLUMNS FROM `api_order` [ RunTime:0.0340s ]
SQL: SHOW COLUMNS FROM `api_order_bar` [ RunTime:0.0320s ]
SQL: SHOW COLUMNS FROM `api_order_member` [ RunTime:0.0330s ]

[ 2018-02-23T14:03:21+08:00 ] 127.0.0.1 /csj/trunk/php/project/member/index.php/v1.1/orderbar/barIndex
INFO: [ app_init ] --START--
INFO: Run Behavior\BuildLiteBehavior [ RunTime:0.000000s ]
INFO: [ app_init ] --END-- [ RunTime:0.000000s ]
INFO: [ app_begin ] --START--
INFO: Run Behavior\ReadHtmlCacheBehavior [ RunTime:0.001000s ]
INFO: [ app_begin ] --END-- [ RunTime:0.001000s ]
SQL: SHOW COLUMNS FROM `api_order` [ RunTime:0.0410s ]
SQL: SHOW COLUMNS FROM `api_order_bar` [ RunTime:0.0390s ]
SQL: SHOW COLUMNS FROM `api_order_member` [ RunTime:0.0410s ]
NOTIC: [8] Undefined variable: map D:\phpStudy\WWW\csj\trunk\php\project\member\Application\V1_1\Model\OrderModel.class.php 第 696 行.
SQL: SELECT (2 * 6378.137* ASIN(SQRT(POW(SIN(PI()*(103.9682410-d.lng)/360),2)+COS(PI()*30.6823000/180)* COS(d.lat * PI()/180)*POW(SIN(PI()*(30.6823000-d.lat)/360),2)))) as juli,a.merchant_id,a.member_id,a.arrives_time,b.*,c.nickname,c.avatar,c.sex,`age`,d.title,d.begin_time,e.average_star,(select count(*) from api_order_member where order_id=a.id) as count FROM api_order a left join api_order_bar b ON b.order_id=a.id left join api_member c ON c.id=a.member_id left join api_merchant d ON d.id=a.merchant_id left join api_comment_barstar e ON e.member_id = a.member_id  WHERE a.is_bar = 1 AND b.bar_type = 2 AND a.status = 1 ORDER BY juli asc LIMIT 0,10   [ RunTime:0.0400s ]

[ 2018-02-23T17:02:31+08:00 ] 127.0.0.1 /csj/trunk/php/project/member/index.php/v1.1/bar/barIndex
INFO: [ app_init ] --START--
INFO: Run Behavior\BuildLiteBehavior [ RunTime:0.000000s ]
INFO: [ app_init ] --END-- [ RunTime:0.001000s ]
INFO: [ app_begin ] --START--
INFO: Run Behavior\ReadHtmlCacheBehavior [ RunTime:0.000000s ]
INFO: [ app_begin ] --END-- [ RunTime:0.000000s ]
SQL: SHOW COLUMNS FROM `api_order` [ RunTime:0.0330s ]
SQL: SHOW COLUMNS FROM `api_bar` [ RunTime:0.0320s ]
SQL: SHOW COLUMNS FROM `api_bar_member` [ RunTime:0.0320s ]
NOTIC: [8] Undefined variable: map D:\phpStudy\WWW\csj\trunk\php\project\member\Application\V1_1\Model\BarModel.class.php 第 45 行.
ERR: 1054:Unknown column 'c.id' in 'on clause'
 [ SQL语句 ] : SELECT (2 * 6378.137* ASIN(SQRT(POW(SIN(PI()*(103.9682410-c.lng)/360),2)+COS(PI()*30.6823000/180)* COS(c.lat * PI()/180)*POW(SIN(PI()*(30.6823000-c.lat)/360),2)))) as juli,a.*,b.nickname,b.avatar,b.sex,b.age,c.title,c.begin_time,d.average_star,(select count(*) from api_bar_member where bar_id=a.id) as count FROM api_bar a left join api_member b ON c.id=a.member_id left join api_merchant c ON d.id=a.merchant_id left join api_comment_barstar d ON e.member_id = a.member_id  WHERE a.bar_type = 2 AND a.bar_status = 1 ORDER BY juli asc LIMIT 0,10  
ERR: 1054:Unknown column 'c.id' in 'on clause'
 [ SQL语句 ] : SELECT (2 * 6378.137* ASIN(SQRT(POW(SIN(PI()*(103.9682410-c.lng)/360),2)+COS(PI()*30.6823000/180)* COS(c.lat * PI()/180)*POW(SIN(PI()*(30.6823000-c.lat)/360),2)))) as juli,a.*,b.nickname,b.avatar,b.sex,b.age,c.title,c.begin_time,d.average_star,(select count(*) from api_bar_member where bar_id=a.id) as count FROM api_bar a left join api_member b ON c.id=a.member_id left join api_merchant c ON d.id=a.merchant_id left join api_comment_barstar d ON e.member_id = a.member_id  WHERE a.bar_type = 2 AND a.bar_status = 1 ORDER BY juli asc LIMIT 0,10  

[ 2018-02-23T17:03:21+08:00 ] 127.0.0.1 /csj/trunk/php/project/member/index.php/v1.1/bar/barIndex
INFO: [ app_init ] --START--
INFO: Run Behavior\BuildLiteBehavior [ RunTime:0.000000s ]
INFO: [ app_init ] --END-- [ RunTime:0.000000s ]
INFO: [ app_begin ] --START--
INFO: Run Behavior\ReadHtmlCacheBehavior [ RunTime:0.001000s ]
INFO: [ app_begin ] --END-- [ RunTime:0.001000s ]
SQL: SHOW COLUMNS FROM `api_order` [ RunTime:0.0390s ]
SQL: SHOW COLUMNS FROM `api_bar` [ RunTime:0.0360s ]
SQL: SHOW COLUMNS FROM `api_bar_member` [ RunTime:0.0380s ]
NOTIC: [8] Undefined variable: map D:\phpStudy\WWW\csj\trunk\php\project\member\Application\V1_1\Model\BarModel.class.php 第 45 行.
SQL: SELECT (2 * 6378.137* ASIN(SQRT(POW(SIN(PI()*(103.9682410-c.lng)/360),2)+COS(PI()*30.6823000/180)* COS(c.lat * PI()/180)*POW(SIN(PI()*(30.6823000-c.lat)/360),2)))) as juli,a.*,b.nickname,b.avatar,b.sex,b.age,c.title,c.begin_time,d.average_star,(select count(*) from api_bar_member where bar_id=a.id) as count FROM api_bar a left join api_member b ON b.id=a.member_id left join api_merchant c ON c.id=a.merchant_id left join api_comment_barstar d ON d.member_id = a.member_id  WHERE a.bar_type = 2 AND a.bar_status = 1 ORDER BY juli asc LIMIT 0,10   [ RunTime:0.0380s ]

[ 2018-02-23T17:04:42+08:00 ] 127.0.0.1 /csj/trunk/php/project/member/index.php/v1.1/bar/barIndex
INFO: [ app_init ] --START--
INFO: Run Behavior\BuildLiteBehavior [ RunTime:0.000000s ]
INFO: [ app_init ] --END-- [ RunTime:0.001000s ]
INFO: [ app_begin ] --START--
INFO: Run Behavior\ReadHtmlCacheBehavior [ RunTime:0.001000s ]
INFO: [ app_begin ] --END-- [ RunTime:0.001000s ]
SQL: SHOW COLUMNS FROM `api_order` [ RunTime:0.0350s ]
SQL: SHOW COLUMNS FROM `api_bar` [ RunTime:0.0340s ]
SQL: SHOW COLUMNS FROM `api_bar_member` [ RunTime:0.0350s ]
NOTIC: [8] Undefined variable: map D:\phpStudy\WWW\csj\trunk\php\project\member\Application\V1_1\Model\BarModel.class.php 第 45 行.
SQL: SELECT (2 * 6378.137* ASIN(SQRT(POW(SIN(PI()*(103.9682410-c.lng)/360),2)+COS(PI()*30.6823000/180)* COS(c.lat * PI()/180)*POW(SIN(PI()*(30.6823000-c.lat)/360),2)))) as juli,a.*,b.nickname,b.avatar,b.sex,b.age,c.title,c.begin_time,d.average_star,(select count(*) from api_bar_member where bar_id=a.id) as count FROM api_bar a left join api_member b ON b.id=a.member_id left join api_merchant c ON c.id=a.merchant_id left join api_comment_barstar d ON d.member_id = a.member_id  WHERE a.bar_type = 2 AND a.bar_status = 1 ORDER BY juli asc LIMIT 0,10   [ RunTime:0.0350s ]

[ 2018-02-23T17:34:37+08:00 ] 127.0.0.1 /csj/trunk/php/project/member/index.php/v1.1/bar/searchList
INFO: [ app_init ] --START--
INFO: Run Behavior\BuildLiteBehavior [ RunTime:0.000000s ]
INFO: [ app_init ] --END-- [ RunTime:0.001000s ]
INFO: [ app_begin ] --START--
INFO: Run Behavior\ReadHtmlCacheBehavior [ RunTime:0.001000s ]
INFO: [ app_begin ] --END-- [ RunTime:0.001000s ]
SQL: SHOW COLUMNS FROM `api_order` [ RunTime:0.0340s ]
SQL: SHOW COLUMNS FROM `api_bar` [ RunTime:0.0340s ]
SQL: SHOW COLUMNS FROM `api_bar_member` [ RunTime:0.0330s ]

[ 2018-02-23T17:47:02+08:00 ] 127.0.0.1 /csj/trunk/php/project/member/index.php/v1.1/bar/barTheme
INFO: [ app_init ] --START--
INFO: Run Behavior\BuildLiteBehavior [ RunTime:0.000000s ]
INFO: [ app_init ] --END-- [ RunTime:0.000000s ]
INFO: [ app_begin ] --START--
INFO: Run Behavior\ReadHtmlCacheBehavior [ RunTime:0.001000s ]
INFO: [ app_begin ] --END-- [ RunTime:0.001000s ]
SQL: SHOW COLUMNS FROM `api_order` [ RunTime:0.0350s ]
SQL: SHOW COLUMNS FROM `api_bar` [ RunTime:0.0340s ]
SQL: SHOW COLUMNS FROM `api_bar_member` [ RunTime:0.0360s ]

[ 2018-02-23T17:51:20+08:00 ] 127.0.0.1 /csj/trunk/php/project/member/index.php/v1.1/bar/star_tags
INFO: [ app_init ] --START--
INFO: Run Behavior\BuildLiteBehavior [ RunTime:0.000000s ]
INFO: [ app_init ] --END-- [ RunTime:0.001000s ]
INFO: [ app_begin ] --START--
INFO: Run Behavior\ReadHtmlCacheBehavior [ RunTime:0.001000s ]
INFO: [ app_begin ] --END-- [ RunTime:0.001000s ]
SQL: SHOW COLUMNS FROM `api_order` [ RunTime:0.0390s ]
SQL: SHOW COLUMNS FROM `api_bar` [ RunTime:0.0370s ]
SQL: SHOW COLUMNS FROM `api_bar_member` [ RunTime:0.0400s ]

