[ 2018-02-27T11:32:24+08:00 ] 127.0.0.1 /csj/trunk/php/project/member/index.php/v1.1/bar/barDetail
INFO: [ app_init ] --START--
INFO: Run Behavior\BuildLiteBehavior [ RunTime:0.000000s ]
INFO: [ app_init ] --END-- [ RunTime:0.003000s ]
INFO: [ app_begin ] --START--
INFO: Run Behavior\ReadHtmlCacheBehavior [ RunTime:0.000000s ]
INFO: [ app_begin ] --END-- [ RunTime:0.001000s ]
SQL: SHOW COLUMNS FROM `api_order` [ RunTime:0.0360s ]
SQL: SHOW COLUMNS FROM `api_bar` [ RunTime:0.0340s ]
SQL: SHOW COLUMNS FROM `api_bar_member` [ RunTime:0.0340s ]
SQL: SELECT * FROM `api_bar` WHERE `id` = 1 LIMIT 1   [ RunTime:0.0330s ]
SQL: SELECT api_bar.*,api_merchant.title,api_merchant.address,api_merchant.begin_time,api_merchant.end_time,api_member.nickname,api_member.sex,api_member.avatar,api_member.signature,api_comment_barstar.average_star FROM `api_bar` left join api_merchant ON api_merchant.id = api_bar.merchant_id left join api_member ON api_member.id = api_bar.member_id left join api_comment_barstar ON api_comment_barstar.member_id = api_bar.member_id  WHERE api_bar.id = '1' LIMIT 1   [ RunTime:0.0350s ]
SQL: SELECT `member_id`,`avatar` FROM `api_bar_member` WHERE `bar_id` = 1  [ RunTime:0.0330s ]

[ 2018-02-27T11:32:52+08:00 ] 127.0.0.1 /csj/trunk/php/project/member/index.php/v1.1/bar/barInfo
INFO: [ app_init ] --START--
INFO: Run Behavior\BuildLiteBehavior [ RunTime:0.000000s ]
INFO: [ app_init ] --END-- [ RunTime:0.000000s ]
INFO: [ app_begin ] --START--
INFO: Run Behavior\ReadHtmlCacheBehavior [ RunTime:0.000000s ]
INFO: [ app_begin ] --END-- [ RunTime:0.000000s ]
SQL: SHOW COLUMNS FROM `api_order` [ RunTime:0.0350s ]
SQL: SHOW COLUMNS FROM `api_bar` [ RunTime:0.0330s ]
SQL: SHOW COLUMNS FROM `api_bar_member` [ RunTime:0.0330s ]
SQL: SELECT * FROM `api_bar` WHERE `id` = 1 LIMIT 1   [ RunTime:0.0330s ]
SQL: SELECT api_bar.*,api_merchant.title,api_merchant.address,api_merchant.begin_time,api_merchant.end_time,api_member.nickname,api_member.sex,api_member.avatar,api_member.signature,api_comment_barstar.average_star FROM `api_bar` left join api_merchant ON api_merchant.id = api_bar.merchant_id left join api_member ON api_member.id = api_bar.member_id left join api_comment_barstar ON api_comment_barstar.member_id = api_bar.member_id  WHERE api_bar.id = '1' LIMIT 1   [ RunTime:0.0330s ]

[ 2018-02-27T11:39:32+08:00 ] 127.0.0.1 /csj/trunk/php/project/member/index.php/v1.1/bar/myBarList
INFO: [ app_init ] --START--
INFO: Run Behavior\BuildLiteBehavior [ RunTime:0.000000s ]
INFO: [ app_init ] --END-- [ RunTime:0.000000s ]
INFO: [ app_begin ] --START--
INFO: Run Behavior\ReadHtmlCacheBehavior [ RunTime:0.001000s ]
INFO: [ app_begin ] --END-- [ RunTime:0.001000s ]
SQL: SHOW COLUMNS FROM `api_order` [ RunTime:0.0340s ]
SQL: SHOW COLUMNS FROM `api_bar` [ RunTime:0.0310s ]
SQL: SHOW COLUMNS FROM `api_bar_member` [ RunTime:0.0320s ]
SQL: SHOW COLUMNS FROM `api_bar_member` [ RunTime:0.0330s ]
SQL: SELECT api_bar.*,api_member.nickname,api_member.sex,api_member.avatar,api_merchant.begin_time,api_merchant.title,api_comment_barstar.average_star,api_bar_member.is_evaluate,(select count(id) from api_comment_bar where bar_id = api_bar.id ) as comment_count FROM `api_bar_member` inner join api_bar ON api_bar.id = api_bar_member.bar_id left join api_member ON api_member.id = api_bar.member_id left join api_merchant ON api_merchant.id = api_bar.merchant_id left join api_comment_barstar  ON api_comment_barstar.member_id = api_bar.member_id  WHERE api_bar_member.member_id = '14' AND api_bar.bar_type = '2' LIMIT 0,20   [ RunTime:0.0330s ]
SQL: SELECT COUNT(*) AS tp_count FROM `api_bar_member` inner join api_bar ON api_bar.id = api_bar_member.bar_id left join api_member ON api_member.id = api_bar.member_id left join api_merchant ON api_merchant.id = api_bar.merchant_id left join api_comment_barstar  ON api_comment_barstar.member_id = api_bar.member_id  WHERE api_bar_member.member_id = '14' AND api_bar.bar_type = '2' LIMIT 1   [ RunTime:0.0320s ]
SQL: SELECT COUNT(*) AS tp_count FROM `api_bar_member` WHERE `bar_id` = 1 LIMIT 1   [ RunTime:0.0310s ]

[ 2018-02-27T11:43:56+08:00 ] 127.0.0.1 /csj/trunk/php/project/member/index.php/v1.1/bar/barDetail
INFO: [ app_init ] --START--
INFO: Run Behavior\BuildLiteBehavior [ RunTime:0.001000s ]
INFO: [ app_init ] --END-- [ RunTime:0.002000s ]
INFO: [ app_begin ] --START--
INFO: Run Behavior\ReadHtmlCacheBehavior [ RunTime:0.001000s ]
INFO: [ app_begin ] --END-- [ RunTime:0.001000s ]
SQL: SHOW COLUMNS FROM `api_order` [ RunTime:0.0410s ]
SQL: SHOW COLUMNS FROM `api_bar` [ RunTime:0.0420s ]
SQL: SHOW COLUMNS FROM `api_bar_member` [ RunTime:0.0410s ]
SQL: SELECT * FROM `api_bar` WHERE `id` = 1 LIMIT 1   [ RunTime:0.0400s ]
SQL: SELECT api_bar.*,api_merchant.title,api_merchant.address,api_merchant.begin_time,api_merchant.end_time,api_member.nickname,api_member.sex,api_member.avatar,api_member.signature,api_comment_barstar.average_star FROM `api_bar` left join api_merchant ON api_merchant.id = api_bar.merchant_id left join api_member ON api_member.id = api_bar.member_id left join api_comment_barstar ON api_comment_barstar.member_id = api_bar.member_id  WHERE api_bar.id = '1' LIMIT 1   [ RunTime:0.0400s ]
SQL: SELECT `member_id`,`avatar` FROM `api_bar_member` WHERE `bar_id` = 1  [ RunTime:0.0400s ]

[ 2018-02-27T12:00:49+08:00 ] 127.0.0.1 /csj/trunk/php/project/member/index.php/v1.1/bar/barDetail
INFO: [ app_init ] --START--
INFO: Run Behavior\BuildLiteBehavior [ RunTime:0.000000s ]
INFO: [ app_init ] --END-- [ RunTime:0.001000s ]
INFO: [ app_begin ] --START--
INFO: Run Behavior\ReadHtmlCacheBehavior [ RunTime:0.001000s ]
INFO: [ app_begin ] --END-- [ RunTime:0.001000s ]
SQL: SHOW COLUMNS FROM `api_order` [ RunTime:0.0400s ]
SQL: SHOW COLUMNS FROM `api_bar` [ RunTime:0.0370s ]
SQL: SHOW COLUMNS FROM `api_bar_member` [ RunTime:0.0370s ]
SQL: SELECT * FROM `api_bar` WHERE `id` = 1 LIMIT 1   [ RunTime:0.0390s ]
SQL: SELECT api_bar.*,api_merchant.title,api_merchant.address,api_merchant.begin_time,api_merchant.end_time,api_member.nickname,api_member.sex,api_member.avatar,api_member.signature,api_comment_barstar.average_star FROM `api_bar` left join api_merchant ON api_merchant.id = api_bar.merchant_id left join api_member ON api_member.id = api_bar.member_id left join api_comment_barstar ON api_comment_barstar.member_id = api_bar.member_id  WHERE api_bar.id = '1' LIMIT 1   [ RunTime:0.0390s ]
SQL: SELECT `member_id`,`avatar` FROM `api_bar_member` WHERE `bar_id` = 1  [ RunTime:0.0380s ]

[ 2018-02-27T13:38:38+08:00 ] 127.0.0.1 /csj/trunk/php/project/member/index.php/v1.1/bar/barInfo
INFO: [ app_init ] --START--
INFO: Run Behavior\BuildLiteBehavior [ RunTime:0.000000s ]
INFO: [ app_init ] --END-- [ RunTime:0.000000s ]
INFO: [ app_begin ] --START--
INFO: Run Behavior\ReadHtmlCacheBehavior [ RunTime:0.001000s ]
INFO: [ app_begin ] --END-- [ RunTime:0.001000s ]
SQL: SHOW COLUMNS FROM `api_order` [ RunTime:0.0410s ]
SQL: SHOW COLUMNS FROM `api_bar` [ RunTime:0.0410s ]
SQL: SHOW COLUMNS FROM `api_bar_member` [ RunTime:0.0410s ]
SQL: SELECT * FROM `api_bar` WHERE `id` = 1 LIMIT 1   [ RunTime:0.0420s ]
SQL: SELECT api_bar.*,api_merchant.title,api_merchant.address,api_merchant.begin_time,api_merchant.end_time,api_member.nickname,api_member.sex,api_member.avatar,api_member.signature,api_comment_barstar.average_star FROM `api_bar` left join api_merchant ON api_merchant.id = api_bar.merchant_id left join api_member ON api_member.id = api_bar.member_id left join api_comment_barstar ON api_comment_barstar.member_id = api_bar.member_id  WHERE api_bar.id = '1' LIMIT 1   [ RunTime:0.0400s ]

[ 2018-02-27T14:08:44+08:00 ] 127.0.0.1 /csj/trunk/php/project/member/index.php/v1.1/bar/barInfo
INFO: [ app_init ] --START--
INFO: Run Behavior\BuildLiteBehavior [ RunTime:0.000000s ]
INFO: [ app_init ] --END-- [ RunTime:0.000000s ]
INFO: [ app_begin ] --START--
INFO: Run Behavior\ReadHtmlCacheBehavior [ RunTime:0.000000s ]
INFO: [ app_begin ] --END-- [ RunTime:0.000000s ]
SQL: SHOW COLUMNS FROM `api_order` [ RunTime:0.0380s ]
SQL: SHOW COLUMNS FROM `api_bar` [ RunTime:0.0370s ]
SQL: SHOW COLUMNS FROM `api_bar_member` [ RunTime:0.0360s ]
SQL: SELECT * FROM `api_bar` WHERE `id` = 1 LIMIT 1   [ RunTime:0.0360s ]
SQL: SELECT api_bar.*,api_merchant.title,api_merchant.address,api_merchant.begin_time,api_merchant.end_time,api_member.nickname,api_member.sex,api_member.avatar,api_member.signature,api_comment_barstar.average_star,(api_bar.woman_number+api_bar.man_number) as total_number FROM `api_bar` left join api_merchant ON api_merchant.id = api_bar.merchant_id left join api_member ON api_member.id = api_bar.member_id left join api_comment_barstar ON api_comment_barstar.member_id = api_bar.member_id  WHERE api_bar.id = '1' LIMIT 1   [ RunTime:0.0370s ]

[ 2018-02-27T14:09:40+08:00 ] 127.0.0.1 /csj/trunk/php/project/member/index.php/v1.1/bar/barInfo
INFO: [ app_init ] --START--
INFO: Run Behavior\BuildLiteBehavior [ RunTime:0.000000s ]
INFO: [ app_init ] --END-- [ RunTime:0.000000s ]
INFO: [ app_begin ] --START--
INFO: Run Behavior\ReadHtmlCacheBehavior [ RunTime:0.000000s ]
INFO: [ app_begin ] --END-- [ RunTime:0.000000s ]
SQL: SHOW COLUMNS FROM `api_order` [ RunTime:0.0420s ]
SQL: SHOW COLUMNS FROM `api_bar` [ RunTime:0.0410s ]
SQL: SHOW COLUMNS FROM `api_bar_member` [ RunTime:0.0400s ]
SQL: SELECT * FROM `api_bar` WHERE `id` = 1 LIMIT 1   [ RunTime:0.0420s ]
SQL: SELECT api_bar.*,api_merchant.title,api_merchant.address,api_merchant.begin_time,api_merchant.end_time,api_member.nickname,api_member.sex,api_member.avatar,api_member.signature,api_comment_barstar.average_star,(api_bar.woman_number+api_bar.man_number) as total_number FROM `api_bar` left join api_merchant ON api_merchant.id = api_bar.merchant_id left join api_member ON api_member.id = api_bar.member_id left join api_comment_barstar ON api_comment_barstar.member_id = api_bar.member_id  WHERE api_bar.id = '1' LIMIT 1   [ RunTime:0.0410s ]

[ 2018-02-27T14:14:19+08:00 ] 127.0.0.1 /csj/trunk/php/project/member/index.php/v1.1/bar/barInfo
INFO: [ app_init ] --START--
INFO: Run Behavior\BuildLiteBehavior [ RunTime:0.000000s ]
INFO: [ app_init ] --END-- [ RunTime:0.001000s ]
INFO: [ app_begin ] --START--
INFO: Run Behavior\ReadHtmlCacheBehavior [ RunTime:0.001000s ]
INFO: [ app_begin ] --END-- [ RunTime:0.001000s ]
SQL: SHOW COLUMNS FROM `api_order` [ RunTime:0.0370s ]
SQL: SHOW COLUMNS FROM `api_bar` [ RunTime:0.0360s ]
SQL: SHOW COLUMNS FROM `api_bar_member` [ RunTime:0.0360s ]
SQL: SELECT * FROM `api_bar` WHERE `id` = 1 LIMIT 1   [ RunTime:0.0360s ]
SQL: SELECT api_bar.*,api_merchant.title,api_merchant.address,api_merchant.begin_time,api_merchant.end_time,api_member.nickname,api_member.sex,api_member.avatar,api_member.signature,api_comment_barstar.average_star,(api_bar.woman_number+api_bar.man_number) as total_number FROM `api_bar` left join api_merchant ON api_merchant.id = api_bar.merchant_id left join api_member ON api_member.id = api_bar.member_id left join api_comment_barstar ON api_comment_barstar.member_id = api_bar.member_id  WHERE api_bar.id = '1' LIMIT 1   [ RunTime:0.0370s ]

[ 2018-02-27T14:34:44+08:00 ] 127.0.0.1 /csj/trunk/php/project/member/index.php/v1.1/bar/barDetail
INFO: [ app_init ] --START--
INFO: Run Behavior\BuildLiteBehavior [ RunTime:0.000000s ]
INFO: [ app_init ] --END-- [ RunTime:0.001000s ]
INFO: [ app_begin ] --START--
INFO: Run Behavior\ReadHtmlCacheBehavior [ RunTime:0.001000s ]
INFO: [ app_begin ] --END-- [ RunTime:0.001000s ]
SQL: SHOW COLUMNS FROM `api_order` [ RunTime:0.0350s ]
SQL: SHOW COLUMNS FROM `api_bar` [ RunTime:0.0340s ]
SQL: SHOW COLUMNS FROM `api_bar_member` [ RunTime:0.0330s ]
SQL: SELECT * FROM `api_bar` WHERE `id` = 1 LIMIT 1   [ RunTime:0.0340s ]
SQL: SELECT api_bar.*,api_merchant.title,api_merchant.address,api_merchant.begin_time,api_merchant.end_time,api_member.nickname,api_member.sex,api_member.avatar,api_member.signature,api_comment_barstar.average_star,(api_bar.woman_number+api_bar.man_number) as total_number FROM `api_bar` left join api_merchant ON api_merchant.id = api_bar.merchant_id left join api_member ON api_member.id = api_bar.member_id left join api_comment_barstar ON api_comment_barstar.member_id = api_bar.member_id  WHERE api_bar.id = '1' LIMIT 1   [ RunTime:0.0340s ]
SQL: SELECT `member_id`,`avatar` FROM `api_bar_member` WHERE `bar_id` = 1  [ RunTime:0.0320s ]

[ 2018-02-27T15:09:46+08:00 ] 127.0.0.1 /csj/trunk/php/project/member/index.php/v1.1/bar/barIndex
INFO: [ app_init ] --START--
INFO: Run Behavior\BuildLiteBehavior [ RunTime:0.000000s ]
INFO: [ app_init ] --END-- [ RunTime:0.000000s ]
INFO: [ app_begin ] --START--
INFO: Run Behavior\ReadHtmlCacheBehavior [ RunTime:0.001000s ]
INFO: [ app_begin ] --END-- [ RunTime:0.001000s ]
SQL: SHOW COLUMNS FROM `api_order` [ RunTime:0.0350s ]
SQL: SHOW COLUMNS FROM `api_bar` [ RunTime:0.0350s ]
SQL: SHOW COLUMNS FROM `api_bar_member` [ RunTime:0.0350s ]
SQL: SELECT round(2 * 6378.137* ASIN(SQRT(POW(SIN(PI()*(103.9682410-c.lng)/360),2)+COS(PI()*30.6323000/180)* COS(c.lat * PI()/180)*POW(SIN(PI()*(30.6323000-c.lat)/360),2))),1) as juli,a.*,b.nickname,b.avatar,b.sex,b.age,c.title,c.begin_time,d.average_star,(select count(*) from api_bar_member where bar_id=a.id) as count,(a.woman_number + a.man_number) as total_number,(a.woman_number + a.man_number)-(select count(*) from api_bar_member where bar_id=a.id) as rest_number FROM api_bar a left join api_member b ON b.id=a.member_id left join api_merchant c ON c.id=a.merchant_id left join api_comment_barstar d ON d.member_id = a.member_id  WHERE a.bar_type = 2 AND a.bar_status = 1 ORDER BY juli asc LIMIT 0,10   [ RunTime:0.0360s ]

[ 2018-02-27T15:19:01+08:00 ] 127.0.0.1 /csj/trunk/php/project/member/index.php/v1.1/bar/barDetail
INFO: [ app_init ] --START--
INFO: Run Behavior\BuildLiteBehavior [ RunTime:0.000000s ]
INFO: [ app_init ] --END-- [ RunTime:0.000000s ]
INFO: [ app_begin ] --START--
INFO: Run Behavior\ReadHtmlCacheBehavior [ RunTime:0.001000s ]
INFO: [ app_begin ] --END-- [ RunTime:0.001000s ]
SQL: SHOW COLUMNS FROM `api_order` [ RunTime:0.0390s ]
SQL: SHOW COLUMNS FROM `api_bar` [ RunTime:0.0390s ]
SQL: SHOW COLUMNS FROM `api_bar_member` [ RunTime:0.0400s ]
SQL: SELECT * FROM `api_bar` WHERE `id` = 1 LIMIT 1   [ RunTime:0.0390s ]
SQL: SELECT api_bar.*,api_merchant.title,api_merchant.address,api_merchant.begin_time,api_merchant.end_time,api_member.nickname,api_member.sex,api_member.avatar,api_member.signature,api_comment_barstar.average_star,(api_bar.woman_number+api_bar.man_number) as total_number FROM `api_bar` left join api_merchant ON api_merchant.id = api_bar.merchant_id left join api_member ON api_member.id = api_bar.member_id left join api_comment_barstar ON api_comment_barstar.member_id = api_bar.member_id  WHERE api_bar.id = '1' LIMIT 1   [ RunTime:0.0380s ]
SQL: SELECT `member_id`,`avatar` FROM `api_bar_member` WHERE `bar_id` = 1  [ RunTime:0.0390s ]

[ 2018-02-27T15:19:56+08:00 ] 127.0.0.1 /csj/trunk/php/project/member/index.php/v1.1/bar/barDetail
INFO: [ app_init ] --START--
INFO: Run Behavior\BuildLiteBehavior [ RunTime:0.000000s ]
INFO: [ app_init ] --END-- [ RunTime:0.000000s ]
INFO: [ app_begin ] --START--
INFO: Run Behavior\ReadHtmlCacheBehavior [ RunTime:0.000000s ]
INFO: [ app_begin ] --END-- [ RunTime:0.001000s ]
SQL: SHOW COLUMNS FROM `api_order` [ RunTime:0.0390s ]
SQL: SHOW COLUMNS FROM `api_bar` [ RunTime:0.0380s ]
SQL: SHOW COLUMNS FROM `api_bar_member` [ RunTime:0.0400s ]
SQL: SELECT * FROM `api_bar` WHERE `id` = 1 LIMIT 1   [ RunTime:0.0370s ]
SQL: SELECT api_bar.*,api_merchant.title,api_merchant.address,api_merchant.begin_time,api_merchant.end_time,api_member.nickname,api_member.sex,api_member.avatar,api_member.signature,api_comment_barstar.average_star,(api_bar.woman_number+api_bar.man_number) as total_number FROM `api_bar` left join api_merchant ON api_merchant.id = api_bar.merchant_id left join api_member ON api_member.id = api_bar.member_id left join api_comment_barstar ON api_comment_barstar.member_id = api_bar.member_id  WHERE api_bar.id = '1' LIMIT 1   [ RunTime:0.0400s ]
SQL: SELECT `member_id`,`avatar` FROM `api_bar_member` WHERE `bar_id` = 1  [ RunTime:0.0360s ]

[ 2018-02-27T15:20:59+08:00 ] 127.0.0.1 /csj/trunk/php/project/member/index.php/v1.1/bar/barDetail
INFO: [ app_init ] --START--
INFO: Run Behavior\BuildLiteBehavior [ RunTime:0.000000s ]
INFO: [ app_init ] --END-- [ RunTime:0.000000s ]
INFO: [ app_begin ] --START--
INFO: Run Behavior\ReadHtmlCacheBehavior [ RunTime:0.001000s ]
INFO: [ app_begin ] --END-- [ RunTime:0.001000s ]
SQL: SHOW COLUMNS FROM `api_order` [ RunTime:0.0360s ]
SQL: SHOW COLUMNS FROM `api_bar` [ RunTime:0.0350s ]
SQL: SHOW COLUMNS FROM `api_bar_member` [ RunTime:0.0340s ]
SQL: SELECT * FROM `api_bar` WHERE `id` = 1 LIMIT 1   [ RunTime:0.0340s ]
SQL: SELECT api_bar.*,api_merchant.title,api_merchant.address,api_merchant.begin_time,api_merchant.end_time,api_member.nickname,api_member.sex,api_member.avatar,api_member.signature,api_comment_barstar.average_star,(api_bar.woman_number+api_bar.man_number) as total_number FROM `api_bar` left join api_merchant ON api_merchant.id = api_bar.merchant_id left join api_member ON api_member.id = api_bar.member_id left join api_comment_barstar ON api_comment_barstar.member_id = api_bar.member_id  WHERE api_bar.id = '1' LIMIT 1   [ RunTime:0.0350s ]
SQL: SELECT `member_id`,`avatar` FROM `api_bar_member` WHERE `bar_id` = 1  [ RunTime:0.0340s ]

[ 2018-02-27T15:23:01+08:00 ] 127.0.0.1 /csj/trunk/php/project/member/index.php/v1.1/bar/barIndex
INFO: [ app_init ] --START--
INFO: Run Behavior\BuildLiteBehavior [ RunTime:0.001000s ]
INFO: [ app_init ] --END-- [ RunTime:0.001000s ]
INFO: [ app_begin ] --START--
INFO: Run Behavior\ReadHtmlCacheBehavior [ RunTime:0.001000s ]
INFO: [ app_begin ] --END-- [ RunTime:0.001000s ]
SQL: SHOW COLUMNS FROM `api_order` [ RunTime:0.0390s ]
SQL: SHOW COLUMNS FROM `api_bar` [ RunTime:0.0380s ]
SQL: SHOW COLUMNS FROM `api_bar_member` [ RunTime:0.0360s ]
SQL: SELECT round(2 * 6378.137* ASIN(SQRT(POW(SIN(PI()*(103.9682410-c.lng)/360),2)+COS(PI()*30.6323000/180)* COS(c.lat * PI()/180)*POW(SIN(PI()*(30.6323000-c.lat)/360),2))),1) as juli,a.*,b.nickname,b.avatar,b.sex,b.age,c.title,c.begin_time,d.average_star,(select count(*) from api_bar_member where bar_id=a.id) as count,(a.woman_number + a.man_number) as total_number,(a.woman_number + a.man_number)-(select count(*) from api_bar_member where bar_id=a.id) as rest_number FROM api_bar a left join api_member b ON b.id=a.member_id left join api_merchant c ON c.id=a.merchant_id left join api_comment_barstar d ON d.member_id = a.member_id  WHERE a.bar_type = 2 AND a.bar_status = 1 ORDER BY juli asc LIMIT 0,20   [ RunTime:0.0390s ]

[ 2018-02-27T16:34:42+08:00 ] 127.0.0.1 /csj/trunk/php/project/member/index.php/v1.1/bar/reNewBarAdd
INFO: [ app_init ] --START--
INFO: Run Behavior\BuildLiteBehavior [ RunTime:0.000000s ]
INFO: [ app_init ] --END-- [ RunTime:0.001000s ]
INFO: [ app_begin ] --START--
INFO: Run Behavior\ReadHtmlCacheBehavior [ RunTime:0.001000s ]
INFO: [ app_begin ] --END-- [ RunTime:0.001000s ]
SQL: SHOW COLUMNS FROM `api_order` [ RunTime:0.0330s ]
SQL: SHOW COLUMNS FROM `api_bar` [ RunTime:0.0330s ]
SQL: SHOW COLUMNS FROM `api_bar_member` [ RunTime:0.0330s ]
SQL: SHOW COLUMNS FROM `api_bar` [ RunTime:0.0340s ]
SQL: SELECT * FROM `api_bar` WHERE `id` = 1 LIMIT 1   [ RunTime:0.0330s ]
SQL: SHOW COLUMNS FROM `api_bar_member` [ RunTime:0.0320s ]
SQL: SELECT `member_id` FROM `api_bar_member` WHERE `bar_id` = 1  [ RunTime:0.0320s ]

[ 2018-02-27T16:35:24+08:00 ] 127.0.0.1 /csj/trunk/php/project/member/index.php/v1.1/bar/reNewBarAdd
INFO: [ app_init ] --START--
INFO: Run Behavior\BuildLiteBehavior [ RunTime:0.000000s ]
INFO: [ app_init ] --END-- [ RunTime:0.000000s ]
INFO: [ app_begin ] --START--
INFO: Run Behavior\ReadHtmlCacheBehavior [ RunTime:0.000000s ]
INFO: [ app_begin ] --END-- [ RunTime:0.000000s ]
SQL: SHOW COLUMNS FROM `api_order` [ RunTime:0.0350s ]
SQL: SHOW COLUMNS FROM `api_bar` [ RunTime:0.0360s ]
SQL: SHOW COLUMNS FROM `api_bar_member` [ RunTime:0.0330s ]
SQL: SHOW COLUMNS FROM `api_bar` [ RunTime:0.0370s ]
SQL: SELECT * FROM `api_bar` WHERE `id` = 1 LIMIT 1   [ RunTime:0.0340s ]
SQL: SHOW COLUMNS FROM `api_bar_member` [ RunTime:0.0340s ]
SQL: SELECT `member_id` FROM `api_bar_member` WHERE `bar_id` = 1  [ RunTime:0.0340s ]

