[ 2018-02-06T14:08:09+08:00 ] 127.0.0.1 /csj/trunk/php/project/member/index.php/v1.1/orderbar/barIndex
INFO: [ app_init ] --START--
INFO: Run Behavior\BuildLiteBehavior [ RunTime:0.000000s ]
INFO: [ app_init ] --END-- [ RunTime:0.003000s ]
INFO: [ app_begin ] --START--
INFO: Run Behavior\ReadHtmlCacheBehavior [ RunTime:0.001000s ]
INFO: [ app_begin ] --END-- [ RunTime:0.001000s ]
SQL: SHOW COLUMNS FROM `api_order` [ RunTime:0.0450s ]
SQL: SHOW COLUMNS FROM `api_order_bar` [ RunTime:0.0440s ]
SQL: SHOW COLUMNS FROM `api_order_member` [ RunTime:0.0450s ]

[ 2018-02-06T14:08:27+08:00 ] 127.0.0.1 /csj/trunk/php/project/member/index.php/v1.1/orderbar/barIndex
INFO: [ app_init ] --START--
INFO: Run Behavior\BuildLiteBehavior [ RunTime:0.000000s ]
INFO: [ app_init ] --END-- [ RunTime:0.000000s ]
INFO: [ app_begin ] --START--
INFO: Run Behavior\ReadHtmlCacheBehavior [ RunTime:0.001000s ]
INFO: [ app_begin ] --END-- [ RunTime:0.001000s ]
SQL: SHOW COLUMNS FROM `api_order` [ RunTime:0.0450s ]
SQL: SHOW COLUMNS FROM `api_order_bar` [ RunTime:0.0420s ]
SQL: SHOW COLUMNS FROM `api_order_member` [ RunTime:0.0440s ]
SQL: select *,(2 * 6378.137* ASIN(SQRT(POW(SIN(PI()*(100.86141967773438-lng)/360),2)+COS(PI()*33.07078170776367/180)* COS(lat * PI()/180)*POW(SIN(PI()*(33.07078170776367-lat)/360),2)))) as juli from `api_merchant` order by juli asc limit 0,20 [ RunTime:0.0460s ]

[ 2018-02-06T14:08:50+08:00 ] 127.0.0.1 /csj/trunk/php/project/member/index.php/v1.1/orderbar/barIndex
INFO: [ app_init ] --START--
INFO: Run Behavior\BuildLiteBehavior [ RunTime:0.000000s ]
INFO: [ app_init ] --END-- [ RunTime:0.001000s ]
INFO: [ app_begin ] --START--
INFO: Run Behavior\ReadHtmlCacheBehavior [ RunTime:0.001000s ]
INFO: [ app_begin ] --END-- [ RunTime:0.001000s ]
SQL: SHOW COLUMNS FROM `api_order` [ RunTime:0.0410s ]
SQL: SHOW COLUMNS FROM `api_order_bar` [ RunTime:0.0380s ]
SQL: SHOW COLUMNS FROM `api_order_member` [ RunTime:0.0400s ]
SQL: select *,(2 * 6378.137* ASIN(SQRT(POW(SIN(PI()*(100.86141967773438-lng)/360),2)+COS(PI()*33.07078170776367/180)* COS(lat * PI()/180)*POW(SIN(PI()*(33.07078170776367-lat)/360),2)))) as juli from `api_merchant` order by juli asc limit 0,20 [ RunTime:0.0410s ]

[ 2018-02-06T14:09:57+08:00 ] 127.0.0.1 /csj/trunk/php/project/member/index.php/v1.1/orderbar/barIndex
INFO: [ app_init ] --START--
INFO: Run Behavior\BuildLiteBehavior [ RunTime:0.000000s ]
INFO: [ app_init ] --END-- [ RunTime:0.001000s ]
INFO: [ app_begin ] --START--
INFO: Run Behavior\ReadHtmlCacheBehavior [ RunTime:0.002000s ]
INFO: [ app_begin ] --END-- [ RunTime:0.002000s ]
SQL: SHOW COLUMNS FROM `api_order` [ RunTime:0.0410s ]
SQL: SHOW COLUMNS FROM `api_order_bar` [ RunTime:0.0390s ]
SQL: SHOW COLUMNS FROM `api_order_member` [ RunTime:0.0390s ]
SQL: select *,(2 * 6378.137* ASIN(SQRT(POW(SIN(PI()*(103.86141967773438-lng)/360),2)+COS(PI()*30.07078170776367/180)* COS(lat * PI()/180)*POW(SIN(PI()*(30.07078170776367-lat)/360),2)))) as juli from `api_merchant` order by juli asc limit 0,20 [ RunTime:0.0400s ]

[ 2018-02-06T14:10:43+08:00 ] 127.0.0.1 /csj/trunk/php/project/member/index.php/v1.1/orderbar/barIndex
INFO: [ app_init ] --START--
INFO: Run Behavior\BuildLiteBehavior [ RunTime:0.000000s ]
INFO: [ app_init ] --END-- [ RunTime:0.001000s ]
INFO: [ app_begin ] --START--
INFO: Run Behavior\ReadHtmlCacheBehavior [ RunTime:0.001000s ]
INFO: [ app_begin ] --END-- [ RunTime:0.001000s ]
SQL: SHOW COLUMNS FROM `api_order` [ RunTime:0.0460s ]
SQL: SHOW COLUMNS FROM `api_order_bar` [ RunTime:0.0460s ]
SQL: SHOW COLUMNS FROM `api_order_member` [ RunTime:0.0450s ]
SQL: select *,(2 * 6378.137* ASIN(SQRT(POW(SIN(PI()*(103.08614196777338-lng)/360),2)+COS(PI()*30.57078170776367/180)* COS(lat * PI()/180)*POW(SIN(PI()*(30.57078170776367-lat)/360),2)))) as juli from `api_merchant` order by juli asc limit 0,20 [ RunTime:0.0470s ]

[ 2018-02-06T14:11:03+08:00 ] 127.0.0.1 /csj/trunk/php/project/member/index.php/v1.1/orderbar/barIndex
INFO: [ app_init ] --START--
INFO: Run Behavior\BuildLiteBehavior [ RunTime:0.000000s ]
INFO: [ app_init ] --END-- [ RunTime:0.001000s ]
INFO: [ app_begin ] --START--
INFO: Run Behavior\ReadHtmlCacheBehavior [ RunTime:0.001000s ]
INFO: [ app_begin ] --END-- [ RunTime:0.001000s ]
SQL: SHOW COLUMNS FROM `api_order` [ RunTime:0.0390s ]
SQL: SHOW COLUMNS FROM `api_order_bar` [ RunTime:0.0390s ]
SQL: SHOW COLUMNS FROM `api_order_member` [ RunTime:0.0390s ]
SQL: select *,(2 * 6378.137* ASIN(SQRT(POW(SIN(PI()*(104.08614196777338-lng)/360),2)+COS(PI()*30.57078170776367/180)* COS(lat * PI()/180)*POW(SIN(PI()*(30.57078170776367-lat)/360),2)))) as juli from `api_merchant` order by juli asc limit 0,20 [ RunTime:0.0390s ]

[ 2018-02-06T18:07:32+08:00 ] 127.0.0.1 /csj/trunk/php/project/member/index.php/v1.1/orderbar/barIndex
INFO: [ app_init ] --START--
INFO: Run Behavior\BuildLiteBehavior [ RunTime:0.000000s ]
INFO: [ app_init ] --END-- [ RunTime:0.002000s ]
INFO: [ app_begin ] --START--
INFO: Run Behavior\ReadHtmlCacheBehavior [ RunTime:0.001000s ]
INFO: [ app_begin ] --END-- [ RunTime:0.001000s ]
SQL: SHOW COLUMNS FROM `api_order` [ RunTime:0.3560s ]
SQL: SHOW COLUMNS FROM `api_order_bar` [ RunTime:0.2680s ]
SQL: SHOW COLUMNS FROM `api_order_member` [ RunTime:0.0580s ]
ERR: 1064:You have an error in your SQL syntax; check the manual that corresponds to your MySQL server version for the right syntax to use near '/180)* COS(d.lat * PI()/180)*POW(SIN(PI()*(-lat)/360),2)))) as juli,b.*,c.nickna' at line 1
 [ SQL语句 ] : SELECT (2 * 6378.137* ASIN(SQRT(POW(SIN(PI()*(-d.lng)/360),2)+COS(PI()*/180)* COS(d.lat * PI()/180)*POW(SIN(PI()*(-lat)/360),2)))) as juli,b.*,c.nickname,c.avatar,c.sex,`age`,d.title,e.average_star,(select count(*) from api_order_member where order_id=a.id) as count FROM api_order a left join api_order_bar b ON b.order_id=a.id left join api_member c ON c.id=a.member_id left join api_merchant d ON d.id=a.merchant_id left join api_comment_barstar e ON e.member_id = a.member_id  WHERE api_order.is_bar = 1 AND api_order_bar.bar_type = 2 AND api_order.status = 1 ORDER BY juli asc LIMIT 0,20  
ERR: 1064:You have an error in your SQL syntax; check the manual that corresponds to your MySQL server version for the right syntax to use near '/180)* COS(d.lat * PI()/180)*POW(SIN(PI()*(-lat)/360),2)))) as juli,b.*,c.nickna' at line 1
 [ SQL语句 ] : SELECT (2 * 6378.137* ASIN(SQRT(POW(SIN(PI()*(-d.lng)/360),2)+COS(PI()*/180)* COS(d.lat * PI()/180)*POW(SIN(PI()*(-lat)/360),2)))) as juli,b.*,c.nickname,c.avatar,c.sex,`age`,d.title,e.average_star,(select count(*) from api_order_member where order_id=a.id) as count FROM api_order a left join api_order_bar b ON b.order_id=a.id left join api_member c ON c.id=a.member_id left join api_merchant d ON d.id=a.merchant_id left join api_comment_barstar e ON e.member_id = a.member_id  WHERE api_order.is_bar = 1 AND api_order_bar.bar_type = 2 AND api_order.status = 1 ORDER BY juli asc LIMIT 0,20  

[ 2018-02-06T18:09:19+08:00 ] 127.0.0.1 /csj/trunk/php/project/member/index.php/v1.1/orderbar/barIndex
INFO: [ app_init ] --START--
INFO: Run Behavior\BuildLiteBehavior [ RunTime:0.000000s ]
INFO: [ app_init ] --END-- [ RunTime:0.001000s ]
INFO: [ app_begin ] --START--
INFO: Run Behavior\ReadHtmlCacheBehavior [ RunTime:0.001000s ]
INFO: [ app_begin ] --END-- [ RunTime:0.001000s ]
SQL: SHOW COLUMNS FROM `api_order` [ RunTime:0.0410s ]
SQL: SHOW COLUMNS FROM `api_order_bar` [ RunTime:0.0410s ]
SQL: SHOW COLUMNS FROM `api_order_member` [ RunTime:0.0410s ]
ERR: 1054:Unknown column 'api_order.is_bar' in 'where clause'
 [ SQL语句 ] : SELECT (2 * 6378.137* ASIN(SQRT(POW(SIN(PI()*(103.9682410-d.lng)/360),2)+COS(PI()*30.6823000/180)* COS(d.lat * PI()/180)*POW(SIN(PI()*(30.6823000-lat)/360),2)))) as juli,b.*,c.nickname,c.avatar,c.sex,`age`,d.title,e.average_star,(select count(*) from api_order_member where order_id=a.id) as count FROM api_order a left join api_order_bar b ON b.order_id=a.id left join api_member c ON c.id=a.member_id left join api_merchant d ON d.id=a.merchant_id left join api_comment_barstar e ON e.member_id = a.member_id  WHERE api_order.is_bar = 1 AND api_order_bar.bar_type = 2 AND api_order.status = 1 ORDER BY juli asc LIMIT 0,20  
ERR: 1054:Unknown column 'api_order.is_bar' in 'where clause'
 [ SQL语句 ] : SELECT (2 * 6378.137* ASIN(SQRT(POW(SIN(PI()*(103.9682410-d.lng)/360),2)+COS(PI()*30.6823000/180)* COS(d.lat * PI()/180)*POW(SIN(PI()*(30.6823000-lat)/360),2)))) as juli,b.*,c.nickname,c.avatar,c.sex,`age`,d.title,e.average_star,(select count(*) from api_order_member where order_id=a.id) as count FROM api_order a left join api_order_bar b ON b.order_id=a.id left join api_member c ON c.id=a.member_id left join api_merchant d ON d.id=a.merchant_id left join api_comment_barstar e ON e.member_id = a.member_id  WHERE api_order.is_bar = 1 AND api_order_bar.bar_type = 2 AND api_order.status = 1 ORDER BY juli asc LIMIT 0,20  

[ 2018-02-06T18:10:14+08:00 ] 127.0.0.1 /csj/trunk/php/project/member/index.php/v1.1/orderbar/barIndex
INFO: [ app_init ] --START--
INFO: Run Behavior\BuildLiteBehavior [ RunTime:0.000000s ]
INFO: [ app_init ] --END-- [ RunTime:0.000000s ]
INFO: [ app_begin ] --START--
INFO: Run Behavior\ReadHtmlCacheBehavior [ RunTime:0.001000s ]
INFO: [ app_begin ] --END-- [ RunTime:0.001000s ]
SQL: SHOW COLUMNS FROM `api_order` [ RunTime:0.0420s ]
SQL: SHOW COLUMNS FROM `api_order_bar` [ RunTime:0.0400s ]
SQL: SHOW COLUMNS FROM `api_order_member` [ RunTime:0.0400s ]
SQL: SELECT (2 * 6378.137* ASIN(SQRT(POW(SIN(PI()*(103.9682410-d.lng)/360),2)+COS(PI()*30.6823000/180)* COS(d.lat * PI()/180)*POW(SIN(PI()*(30.6823000-lat)/360),2)))) as juli,b.*,c.nickname,c.avatar,c.sex,`age`,d.title,e.average_star,(select count(*) from api_order_member where order_id=a.id) as count FROM api_order a left join api_order_bar b ON b.order_id=a.id left join api_member c ON c.id=a.member_id left join api_merchant d ON d.id=a.merchant_id left join api_comment_barstar e ON e.member_id = a.member_id  WHERE a.is_bar = 1 AND b.bar_type = 2 AND a.status = 1 ORDER BY juli asc LIMIT 0,20   [ RunTime:0.0410s ]

