[ 2018-03-26T15:10:29+08:00 ] 127.0.0.1 /csj/trunk/php/project/member/index.php/v1.1/bar/barAdd
INFO: [ app_init ] --START--
INFO: Run Behavior\BuildLiteBehavior [ RunTime:0.000000s ]
INFO: [ app_init ] --END-- [ RunTime:0.003000s ]
INFO: [ app_begin ] --START--
INFO: Run Behavior\ReadHtmlCacheBehavior [ RunTime:0.000000s ]
INFO: [ app_begin ] --END-- [ RunTime:0.000000s ]
SQL: SHOW COLUMNS FROM `api_order` [ RunTime:0.0420s ]
SQL: SHOW COLUMNS FROM `api_bar` [ RunTime:0.0400s ]
SQL: SHOW COLUMNS FROM `api_bar_member` [ RunTime:0.0390s ]
SQL: SHOW COLUMNS FROM `api_merchant` [ RunTime:0.0420s ]
SQL: SELECT `begin_time` FROM `api_merchant` WHERE `id` = 1 LIMIT 1   [ RunTime:0.0390s ]

[ 2018-03-26T15:10:37+08:00 ] 127.0.0.1 /csj/trunk/php/project/member/index.php/v1.1/bar/barAdd
INFO: [ app_init ] --START--
INFO: Run Behavior\BuildLiteBehavior [ RunTime:0.000000s ]
INFO: [ app_init ] --END-- [ RunTime:0.000000s ]
INFO: [ app_begin ] --START--
INFO: Run Behavior\ReadHtmlCacheBehavior [ RunTime:0.000000s ]
INFO: [ app_begin ] --END-- [ RunTime:0.000000s ]
SQL: SHOW COLUMNS FROM `api_order` [ RunTime:0.0410s ]
SQL: SHOW COLUMNS FROM `api_bar` [ RunTime:0.0410s ]
SQL: SHOW COLUMNS FROM `api_bar_member` [ RunTime:0.0410s ]
SQL: SHOW COLUMNS FROM `api_merchant` [ RunTime:0.0410s ]
SQL: SELECT `begin_time` FROM `api_merchant` WHERE `id` = 1 LIMIT 1   [ RunTime:0.0390s ]
SQL: SHOW COLUMNS FROM `api_member` [ RunTime:0.0410s ]
SQL: SELECT `realname`,`tel`,`sex`,`avatar`,`age` FROM `api_member` WHERE `id` = 13 LIMIT 1   [ RunTime:0.0400s ]
NOTIC: [8] Undefined variable: pay_all_price D:\phpStudy\WWW\csj\trunk\php\project\member\Application\V1_1\Controller\BarController.class.php 第 254 行.
NOTIC: [8] Undefined variable: order_type D:\phpStudy\WWW\csj\trunk\php\project\member\Application\V1_1\Controller\BarController.class.php 第 303 行.
NOTIC: [8] Undefined variable: personal_price D:\phpStudy\WWW\csj\trunk\php\project\member\Application\V1_1\Controller\BarController.class.php 第 304 行.
NOTIC: [8] Undefined variable: pack_goods D:\phpStudy\WWW\csj\trunk\php\project\member\Application\V1_1\Controller\BarController.class.php 第 311 行.
NOTIC: [8] Undefined variable: single_goods D:\phpStudy\WWW\csj\trunk\php\project\member\Application\V1_1\Controller\BarController.class.php 第 311 行.

[ 2018-03-26T15:15:14+08:00 ] 127.0.0.1 /csj/trunk/php/project/member/index.php/v1.1/bar/reNewBarAdd
INFO: [ app_init ] --START--
INFO: Run Behavior\BuildLiteBehavior [ RunTime:0.000000s ]
INFO: [ app_init ] --END-- [ RunTime:0.001000s ]
INFO: [ app_begin ] --START--
INFO: Run Behavior\ReadHtmlCacheBehavior [ RunTime:0.000000s ]
INFO: [ app_begin ] --END-- [ RunTime:0.001000s ]
SQL: SHOW COLUMNS FROM `api_order` [ RunTime:0.0440s ]
SQL: SHOW COLUMNS FROM `api_bar` [ RunTime:0.0430s ]
SQL: SHOW COLUMNS FROM `api_bar_member` [ RunTime:0.0430s ]
SQL: SHOW COLUMNS FROM `api_bar` [ RunTime:0.0450s ]
SQL: SELECT * FROM `api_bar` WHERE `id` = 13 LIMIT 1   [ RunTime:0.0430s ]
SQL: SHOW COLUMNS FROM `api_bar_member` [ RunTime:0.0410s ]
SQL: SELECT api_member.id,api_member.nickname,api_member.sex,api_member.tel,api_member.avatar,api_member.age FROM `api_bar_member` left join api_member ON api_member.id = api_bar_member.member_id  WHERE `member_id` = '13' AND `bar_id` = '13' LIMIT 1   [ RunTime:0.0410s ]

[ 2018-03-26T15:17:29+08:00 ] 127.0.0.1 /csj/trunk/php/project/member/index.php/v1.1/bar/reNewBarAdd
INFO: [ app_init ] --START--
INFO: Run Behavior\BuildLiteBehavior [ RunTime:0.000000s ]
INFO: [ app_init ] --END-- [ RunTime:0.000000s ]
INFO: [ app_begin ] --START--
INFO: Run Behavior\ReadHtmlCacheBehavior [ RunTime:0.001000s ]
INFO: [ app_begin ] --END-- [ RunTime:0.001000s ]
SQL: SHOW COLUMNS FROM `api_order` [ RunTime:0.0430s ]
SQL: SHOW COLUMNS FROM `api_bar` [ RunTime:0.0390s ]
SQL: SHOW COLUMNS FROM `api_bar_member` [ RunTime:0.0390s ]
SQL: SHOW COLUMNS FROM `api_bar` [ RunTime:0.0390s ]
SQL: SELECT * FROM `api_bar` WHERE `id` = 9 LIMIT 1   [ RunTime:0.0380s ]
SQL: SHOW COLUMNS FROM `api_bar_member` [ RunTime:0.0390s ]
SQL: SELECT api_member.id,api_member.nickname,api_member.sex,api_member.tel,api_member.avatar,api_member.age FROM `api_bar_member` left join api_member ON api_member.id = api_bar_member.member_id  WHERE `member_id` = '14' AND `bar_id` = '9' LIMIT 1   [ RunTime:0.0390s ]
SQL: SELECT `member_id` FROM `api_bar_member` WHERE `bar_id` = 9  [ RunTime:0.0380s ]
SQL: SHOW COLUMNS FROM `api_goods_pack` [ RunTime:0.0390s ]
SQL: SELECT `id`,`merchant_id`,`type`,`price`,`stock`,`xu_stock`,`market_price`,`purchase_price` FROM `api_goods_pack` WHERE `id` IN (1) AND `merchant_id` = 14  [ RunTime:0.0380s ]

[ 2018-03-26T15:17:40+08:00 ] 127.0.0.1 /csj/trunk/php/project/member/index.php/v1.1/bar/reNewBarAdd
INFO: [ app_init ] --START--
INFO: Run Behavior\BuildLiteBehavior [ RunTime:0.000000s ]
INFO: [ app_init ] --END-- [ RunTime:0.000000s ]
INFO: [ app_begin ] --START--
INFO: Run Behavior\ReadHtmlCacheBehavior [ RunTime:0.000000s ]
INFO: [ app_begin ] --END-- [ RunTime:0.000000s ]
SQL: SHOW COLUMNS FROM `api_order` [ RunTime:0.0430s ]
SQL: SHOW COLUMNS FROM `api_bar` [ RunTime:0.0420s ]
SQL: SHOW COLUMNS FROM `api_bar_member` [ RunTime:0.0430s ]
SQL: SHOW COLUMNS FROM `api_bar` [ RunTime:0.0430s ]
SQL: SELECT * FROM `api_bar` WHERE `id` = 9 LIMIT 1   [ RunTime:0.0430s ]
SQL: SHOW COLUMNS FROM `api_bar_member` [ RunTime:0.0430s ]
SQL: SELECT api_member.id,api_member.nickname,api_member.sex,api_member.tel,api_member.avatar,api_member.age FROM `api_bar_member` left join api_member ON api_member.id = api_bar_member.member_id  WHERE `member_id` = '14' AND `bar_id` = '9' LIMIT 1   [ RunTime:0.0420s ]
SQL: SELECT `member_id` FROM `api_bar_member` WHERE `bar_id` = 9  [ RunTime:0.0410s ]
SQL: SHOW COLUMNS FROM `api_goods_pack` [ RunTime:0.0410s ]
SQL: SELECT `id`,`merchant_id`,`type`,`price`,`stock`,`xu_stock`,`market_price`,`purchase_price` FROM `api_goods_pack` WHERE `id` IN (2) AND `merchant_id` = 14  [ RunTime:0.0400s ]

[ 2018-03-26T15:20:49+08:00 ] 127.0.0.1 /csj/trunk/php/project/member/index.php/v1.1/bar/reNewBarAdd
INFO: [ app_init ] --START--
INFO: Run Behavior\BuildLiteBehavior [ RunTime:0.000000s ]
INFO: [ app_init ] --END-- [ RunTime:0.001000s ]
INFO: [ app_begin ] --START--
INFO: Run Behavior\ReadHtmlCacheBehavior [ RunTime:0.000000s ]
INFO: [ app_begin ] --END-- [ RunTime:0.000000s ]
SQL: SHOW COLUMNS FROM `api_order` [ RunTime:0.0420s ]
SQL: SHOW COLUMNS FROM `api_bar` [ RunTime:0.0420s ]
SQL: SHOW COLUMNS FROM `api_bar_member` [ RunTime:0.0430s ]
SQL: SHOW COLUMNS FROM `api_bar` [ RunTime:0.0430s ]
SQL: SELECT * FROM `api_bar` WHERE `id` = 9 LIMIT 1   [ RunTime:0.0420s ]
SQL: SHOW COLUMNS FROM `api_bar_member` [ RunTime:0.0420s ]
SQL: SELECT api_member.id,api_member.nickname,api_member.sex,api_member.tel,api_member.avatar,api_member.age FROM `api_bar_member` left join api_member ON api_member.id = api_bar_member.member_id  WHERE `member_id` = '14' AND `bar_id` = '9' LIMIT 1   [ RunTime:0.0420s ]
SQL: SELECT `member_id` FROM `api_bar_member` WHERE `bar_id` = 9  [ RunTime:0.0410s ]

[ 2018-03-26T15:22:09+08:00 ] 127.0.0.1 /csj/trunk/php/project/member/index.php/v1.1/bar/reNewBarAdd
INFO: [ app_init ] --START--
INFO: Run Behavior\BuildLiteBehavior [ RunTime:0.000000s ]
INFO: [ app_init ] --END-- [ RunTime:0.001000s ]
INFO: [ app_begin ] --START--
INFO: Run Behavior\ReadHtmlCacheBehavior [ RunTime:0.001000s ]
INFO: [ app_begin ] --END-- [ RunTime:0.001000s ]
SQL: SHOW COLUMNS FROM `api_order` [ RunTime:0.0410s ]
SQL: SHOW COLUMNS FROM `api_bar` [ RunTime:0.0390s ]
SQL: SHOW COLUMNS FROM `api_bar_member` [ RunTime:0.0380s ]
SQL: SHOW COLUMNS FROM `api_bar` [ RunTime:0.0390s ]
SQL: SELECT * FROM `api_bar` WHERE `id` = 9 LIMIT 1   [ RunTime:0.0390s ]
SQL: SHOW COLUMNS FROM `api_bar_member` [ RunTime:0.0380s ]
SQL: SELECT api_member.id,api_member.nickname,api_member.sex,api_member.tel,api_member.avatar,api_member.age FROM `api_bar_member` left join api_member ON api_member.id = api_bar_member.member_id  WHERE `member_id` = '14' AND `bar_id` = '9' LIMIT 1   [ RunTime:0.0380s ]
SQL: SELECT `member_id` FROM `api_bar_member` WHERE `bar_id` = 9  [ RunTime:0.0380s ]
SQL: SHOW COLUMNS FROM `api_goods_pack` [ RunTime:0.0400s ]
SQL: SELECT `id`,`merchant_id`,`type`,`price`,`stock`,`xu_stock`,`market_price`,`purchase_price` FROM `api_goods_pack` WHERE `id` IN (2) AND `merchant_id` = 1  [ RunTime:0.0390s ]
SQL: SHOW COLUMNS FROM `api_member` [ RunTime:0.0400s ]
SQL: SELECT id as member_id,`nickname`,`sex`,`tel`,`avatar`,`age` FROM `api_member` WHERE `id` IN ('14')  [ RunTime:0.0390s ]
ERR: ACCESS_REFUSED - Login was refused using authentication mechanism AMQPLAIN. For details see the broker logfile.

[ 2018-03-26T15:22:52+08:00 ] 127.0.0.1 /csj/trunk/php/project/member/index.php/v1.1/bar/reNewBarAdd
INFO: [ app_init ] --START--
INFO: Run Behavior\BuildLiteBehavior [ RunTime:0.000000s ]
INFO: [ app_init ] --END-- [ RunTime:0.000000s ]
INFO: [ app_begin ] --START--
INFO: Run Behavior\ReadHtmlCacheBehavior [ RunTime:0.000000s ]
INFO: [ app_begin ] --END-- [ RunTime:0.000000s ]
SQL: SHOW COLUMNS FROM `api_order` [ RunTime:0.0400s ]
SQL: SHOW COLUMNS FROM `api_bar` [ RunTime:0.0380s ]
SQL: SHOW COLUMNS FROM `api_bar_member` [ RunTime:0.0380s ]
SQL: SHOW COLUMNS FROM `api_bar` [ RunTime:0.0390s ]
SQL: SELECT * FROM `api_bar` WHERE `id` = 9 LIMIT 1   [ RunTime:0.0390s ]
SQL: SHOW COLUMNS FROM `api_bar_member` [ RunTime:0.0400s ]
SQL: SELECT api_member.id,api_member.nickname,api_member.sex,api_member.tel,api_member.avatar,api_member.age FROM `api_bar_member` left join api_member ON api_member.id = api_bar_member.member_id  WHERE `member_id` = '14' AND `bar_id` = '9' LIMIT 1   [ RunTime:0.0390s ]
SQL: SELECT `member_id` FROM `api_bar_member` WHERE `bar_id` = 9  [ RunTime:0.0390s ]
SQL: SHOW COLUMNS FROM `api_goods_pack` [ RunTime:0.0390s ]
SQL: SELECT `id`,`merchant_id`,`type`,`price`,`stock`,`xu_stock`,`market_price`,`purchase_price` FROM `api_goods_pack` WHERE `id` IN (2) AND `merchant_id` = 1  [ RunTime:0.0380s ]
SQL: SHOW COLUMNS FROM `api_member` [ RunTime:0.0390s ]
SQL: SELECT id as member_id,`nickname`,`sex`,`tel`,`avatar`,`age` FROM `api_member` WHERE `id` IN ('14')  [ RunTime:0.0390s ]

[ 2018-03-26T16:27:22+08:00 ] 127.0.0.1 /csj/trunk/php/project/member/index.php/v1.1/bar/barIndex
INFO: [ app_init ] --START--
INFO: Run Behavior\BuildLiteBehavior [ RunTime:0.000000s ]
INFO: [ app_init ] --END-- [ RunTime:0.001000s ]
INFO: [ app_begin ] --START--
INFO: Run Behavior\ReadHtmlCacheBehavior [ RunTime:0.000000s ]
INFO: [ app_begin ] --END-- [ RunTime:0.000000s ]
SQL: SHOW COLUMNS FROM `api_order` [ RunTime:0.0440s ]
SQL: SHOW COLUMNS FROM `api_bar` [ RunTime:0.0400s ]
SQL: SHOW COLUMNS FROM `api_bar_member` [ RunTime:0.0420s ]
SQL: SHOW COLUMNS FROM `api_member_blacklist` [ RunTime:0.0390s ]
SQL: SELECT `black_member_id` FROM `api_member_blacklist` WHERE `member_id` = 14  [ RunTime:0.0380s ]
SQL: SELECT round(2 * 6378.137* ASIN(SQRT(POW(SIN(PI()*(30.67708-c.lat)/360),2)+COS(PI()*30.67708/180)* COS(c.lat * PI()/180)*POW(SIN(PI()*(104.1057-c.lng)/360),2))),1) as juli,a.*,b.nickname,b.avatar,b.sex,b.age,c.title,c.begin_time,d.average_star,(select count(*) from api_bar_member where bar_id=a.id) as count,(a.woman_number + a.man_number) as total_number,(a.woman_number + a.man_number)-(select count(*) from api_bar_member where bar_id=a.id and pay_status <> 0) as rest_number FROM api_bar a left join api_member b ON b.id=a.member_id left join api_merchant c ON c.id=a.merchant_id left join api_comment_barstar d ON d.member_id = a.member_id  WHERE a.bar_type = 2 AND a.bar_status = 1 ORDER BY juli asc LIMIT 0,20   [ RunTime:0.0410s ]

[ 2018-03-26T16:28:56+08:00 ] 127.0.0.1 /csj/trunk/php/project/member/index.php/v1.1/bar/barIndex
INFO: [ app_init ] --START--
INFO: Run Behavior\BuildLiteBehavior [ RunTime:0.000000s ]
INFO: [ app_init ] --END-- [ RunTime:0.000000s ]
INFO: [ app_begin ] --START--
INFO: Run Behavior\ReadHtmlCacheBehavior [ RunTime:0.001000s ]
INFO: [ app_begin ] --END-- [ RunTime:0.001000s ]
SQL: SHOW COLUMNS FROM `api_order` [ RunTime:0.0560s ]
SQL: SHOW COLUMNS FROM `api_bar` [ RunTime:0.0430s ]
SQL: SHOW COLUMNS FROM `api_bar_member` [ RunTime:0.0430s ]
SQL: SHOW COLUMNS FROM `api_member_blacklist` [ RunTime:0.0430s ]
SQL: SELECT `black_member_id` FROM `api_member_blacklist` WHERE `member_id` = 14  [ RunTime:0.0420s ]
SQL: SELECT round(2 * 6378.137* ASIN(SQRT(POW(SIN(PI()*(30.67708-c.lat)/360),2)+COS(PI()*30.67708/180)* COS(c.lat * PI()/180)*POW(SIN(PI()*(104.1057-c.lng)/360),2))),1) as juli,a.*,b.nickname,b.avatar,b.sex,b.age,c.title,c.begin_time,d.average_star,(select count(*) from api_bar_member where bar_id=a.id) as count,(a.woman_number + a.man_number) as total_number,((a.woman_number + a.man_number)-(select count(*) from api_bar_member where bar_id=a.id and pay_status <> 0)) as rest_number FROM api_bar a left join api_member b ON b.id=a.member_id left join api_merchant c ON c.id=a.merchant_id left join api_comment_barstar d ON d.member_id = a.member_id  WHERE a.bar_type = 2 AND a.bar_status = 1 ORDER BY juli asc LIMIT 0,20   [ RunTime:0.0450s ]

