[ 2018-04-03T09:46:54+08:00 ] 127.0.0.1 /csj/trunk/php/project/member/index.php/v1.1/bar/evaluateCount
INFO: [ app_init ] --START--
INFO: Run Behavior\BuildLiteBehavior [ RunTime:0.000000s ]
INFO: [ app_init ] --END-- [ RunTime:0.004000s ]
INFO: [ app_begin ] --START--
INFO: Run Behavior\ReadHtmlCacheBehavior [ RunTime:0.001000s ]
INFO: [ app_begin ] --END-- [ RunTime:0.001000s ]
SQL: SHOW COLUMNS FROM `api_order` [ RunTime:0.0400s ]
SQL: SHOW COLUMNS FROM `api_bar` [ RunTime:0.0400s ]
SQL: SHOW COLUMNS FROM `api_bar_member` [ RunTime:0.0400s ]
SQL: SHOW COLUMNS FROM `api_comment_barstar` [ RunTime:0.0390s ]
SQL: SELECT `average_star` FROM `api_comment_barstar` WHERE `member_id` = 60 LIMIT 1   [ RunTime:0.0380s ]
SQL: SHOW COLUMNS FROM `api_comment_bar` [ RunTime:0.0390s ]
SQL: SELECT `tag` FROM `api_comment_bar` WHERE `bar_member_id` = 60  [ RunTime:0.0380s ]

[ 2018-04-03T14:59:45+08:00 ] 127.0.0.1 /csj/trunk/php/project/member/index.php/v1.1/bar/memberComment
INFO: [ app_init ] --START--
INFO: Run Behavior\BuildLiteBehavior [ RunTime:0.000000s ]
INFO: [ app_init ] --END-- [ RunTime:0.001000s ]
INFO: [ app_begin ] --START--
INFO: Run Behavior\ReadHtmlCacheBehavior [ RunTime:0.001000s ]
INFO: [ app_begin ] --END-- [ RunTime:0.001000s ]
SQL: SHOW COLUMNS FROM `api_order` [ RunTime:0.0440s ]
SQL: SHOW COLUMNS FROM `api_bar` [ RunTime:0.0430s ]
SQL: SHOW COLUMNS FROM `api_bar_member` [ RunTime:0.0430s ]
SQL: SHOW COLUMNS FROM `api_comment_bar` [ RunTime:0.0430s ]
SQL: SELECT api_comment_bar.*,api_member.nickname,api_member.sex,api_member.avatar,api_member.age FROM `api_comment_bar` left join api_member ON api_member.id = api_comment_bar.member_id  WHERE `bar_member_id` = '14' LIMIT 0,20   [ RunTime:0.0420s ]
SQL: SHOW COLUMNS FROM `api_comment_tags` [ RunTime:0.0440s ]
SQL: SELECT * FROM `api_comment_tags`  [ RunTime:0.0420s ]

[ 2018-04-03T15:00:24+08:00 ] 127.0.0.1 /csj/trunk/php/project/member/index.php/v1.1/bar/memberComment
INFO: [ app_init ] --START--
INFO: Run Behavior\BuildLiteBehavior [ RunTime:0.000000s ]
INFO: [ app_init ] --END-- [ RunTime:0.001000s ]
INFO: [ app_begin ] --START--
INFO: Run Behavior\ReadHtmlCacheBehavior [ RunTime:0.001000s ]
INFO: [ app_begin ] --END-- [ RunTime:0.001000s ]
SQL: SHOW COLUMNS FROM `api_order` [ RunTime:0.0410s ]
SQL: SHOW COLUMNS FROM `api_bar` [ RunTime:0.0400s ]
SQL: SHOW COLUMNS FROM `api_bar_member` [ RunTime:0.0400s ]
SQL: SHOW COLUMNS FROM `api_comment_bar` [ RunTime:0.0400s ]
SQL: SELECT api_comment_bar.*,api_member.nickname,api_member.sex,api_member.avatar,api_member.age FROM `api_comment_bar` left join api_member ON api_member.id = api_comment_bar.member_id  WHERE `bar_member_id` = '60' LIMIT 0,20   [ RunTime:0.0390s ]
SQL: SHOW COLUMNS FROM `api_comment_tags` [ RunTime:0.0400s ]
SQL: SELECT * FROM `api_comment_tags`  [ RunTime:0.0410s ]

[ 2018-04-03T15:00:30+08:00 ] 127.0.0.1 /csj/trunk/php/project/member/index.php/v1.1/bar/memberComment
INFO: [ app_init ] --START--
INFO: Run Behavior\BuildLiteBehavior [ RunTime:0.000000s ]
INFO: [ app_init ] --END-- [ RunTime:0.001000s ]
INFO: [ app_begin ] --START--
INFO: Run Behavior\ReadHtmlCacheBehavior [ RunTime:0.000000s ]
INFO: [ app_begin ] --END-- [ RunTime:0.000000s ]
SQL: SHOW COLUMNS FROM `api_order` [ RunTime:0.0440s ]
SQL: SHOW COLUMNS FROM `api_bar` [ RunTime:0.0430s ]
SQL: SHOW COLUMNS FROM `api_bar_member` [ RunTime:0.0440s ]
SQL: SHOW COLUMNS FROM `api_comment_bar` [ RunTime:0.0440s ]
SQL: SELECT api_comment_bar.*,api_member.nickname,api_member.sex,api_member.avatar,api_member.age FROM `api_comment_bar` left join api_member ON api_member.id = api_comment_bar.member_id  WHERE `bar_member_id` = '49' LIMIT 0,20   [ RunTime:0.0440s ]
SQL: SHOW COLUMNS FROM `api_comment_tags` [ RunTime:0.0460s ]
SQL: SELECT * FROM `api_comment_tags`  [ RunTime:0.0430s ]

[ 2018-04-03T15:06:42+08:00 ] 127.0.0.1 /csj/trunk/php/project/member/index.php/v1.1/bar/memberComment
INFO: [ app_init ] --START--
INFO: Run Behavior\BuildLiteBehavior [ RunTime:0.000000s ]
INFO: [ app_init ] --END-- [ RunTime:0.001000s ]
INFO: [ app_begin ] --START--
INFO: Run Behavior\ReadHtmlCacheBehavior [ RunTime:0.001000s ]
INFO: [ app_begin ] --END-- [ RunTime:0.001000s ]
SQL: SHOW COLUMNS FROM `api_order` [ RunTime:0.0440s ]
SQL: SHOW COLUMNS FROM `api_bar` [ RunTime:0.0440s ]
SQL: SHOW COLUMNS FROM `api_bar_member` [ RunTime:0.0430s ]
SQL: SHOW COLUMNS FROM `api_comment_bar` [ RunTime:0.0440s ]
SQL: SELECT api_comment_bar.*,api_member.nickname,api_member.sex,api_member.avatar,api_member.age FROM `api_comment_bar` left join api_member ON api_member.id = api_comment_bar.member_id  WHERE `bar_member_id` = '49' LIMIT 0,20   [ RunTime:0.0440s ]
SQL: SHOW COLUMNS FROM `api_comment_tags` [ RunTime:0.0440s ]
SQL: SELECT `tags` FROM `api_comment_tags`  [ RunTime:0.0430s ]

[ 2018-04-03T15:07:34+08:00 ] 127.0.0.1 /csj/trunk/php/project/member/index.php/v1.1/bar/memberComment
INFO: [ app_init ] --START--
INFO: Run Behavior\BuildLiteBehavior [ RunTime:0.000000s ]
INFO: [ app_init ] --END-- [ RunTime:0.000000s ]
INFO: [ app_begin ] --START--
INFO: Run Behavior\ReadHtmlCacheBehavior [ RunTime:0.001000s ]
INFO: [ app_begin ] --END-- [ RunTime:0.001000s ]
SQL: SHOW COLUMNS FROM `api_order` [ RunTime:0.0460s ]
SQL: SHOW COLUMNS FROM `api_bar` [ RunTime:0.0440s ]
SQL: SHOW COLUMNS FROM `api_bar_member` [ RunTime:0.0430s ]
SQL: SHOW COLUMNS FROM `api_comment_bar` [ RunTime:0.0440s ]
SQL: SELECT api_comment_bar.*,api_member.nickname,api_member.sex,api_member.avatar,api_member.age FROM `api_comment_bar` left join api_member ON api_member.id = api_comment_bar.member_id  WHERE `bar_member_id` = '49' LIMIT 0,20   [ RunTime:0.0430s ]
SQL: SHOW COLUMNS FROM `api_comment_tags` [ RunTime:0.0440s ]
SQL: SELECT `tags` FROM `api_comment_tags`  [ RunTime:0.0420s ]

[ 2018-04-03T15:07:56+08:00 ] 127.0.0.1 /csj/trunk/php/project/member/index.php/v1.1/bar/memberComment
INFO: [ app_init ] --START--
INFO: Run Behavior\BuildLiteBehavior [ RunTime:0.000000s ]
INFO: [ app_init ] --END-- [ RunTime:0.000000s ]
INFO: [ app_begin ] --START--
INFO: Run Behavior\ReadHtmlCacheBehavior [ RunTime:0.000000s ]
INFO: [ app_begin ] --END-- [ RunTime:0.000000s ]
SQL: SHOW COLUMNS FROM `api_order` [ RunTime:0.0400s ]
SQL: SHOW COLUMNS FROM `api_bar` [ RunTime:0.0390s ]
SQL: SHOW COLUMNS FROM `api_bar_member` [ RunTime:0.0400s ]
SQL: SHOW COLUMNS FROM `api_comment_bar` [ RunTime:0.0400s ]
SQL: SELECT api_comment_bar.*,api_member.nickname,api_member.sex,api_member.avatar,api_member.age FROM `api_comment_bar` left join api_member ON api_member.id = api_comment_bar.member_id  WHERE `bar_member_id` = '49' LIMIT 0,20   [ RunTime:0.0380s ]
SQL: SHOW COLUMNS FROM `api_comment_tags` [ RunTime:0.0380s ]
SQL: SELECT `tags` FROM `api_comment_tags`  [ RunTime:0.0370s ]

[ 2018-04-03T15:08:25+08:00 ] 127.0.0.1 /csj/trunk/php/project/member/index.php/v1.1/bar/memberComment
INFO: [ app_init ] --START--
INFO: Run Behavior\BuildLiteBehavior [ RunTime:0.000000s ]
INFO: [ app_init ] --END-- [ RunTime:0.001000s ]
INFO: [ app_begin ] --START--
INFO: Run Behavior\ReadHtmlCacheBehavior [ RunTime:0.001000s ]
INFO: [ app_begin ] --END-- [ RunTime:0.001000s ]
SQL: SHOW COLUMNS FROM `api_order` [ RunTime:0.0470s ]
SQL: SHOW COLUMNS FROM `api_bar` [ RunTime:0.0470s ]
SQL: SHOW COLUMNS FROM `api_bar_member` [ RunTime:0.0470s ]
SQL: SHOW COLUMNS FROM `api_comment_bar` [ RunTime:0.0460s ]
SQL: SELECT api_comment_bar.*,api_member.nickname,api_member.sex,api_member.avatar,api_member.age FROM `api_comment_bar` left join api_member ON api_member.id = api_comment_bar.member_id  WHERE `bar_member_id` = '49' LIMIT 0,20   [ RunTime:0.0440s ]
SQL: SHOW COLUMNS FROM `api_comment_tags` [ RunTime:0.0450s ]
SQL: SELECT `tags` FROM `api_comment_tags`  [ RunTime:0.0450s ]

[ 2018-04-03T15:09:23+08:00 ] 127.0.0.1 /csj/trunk/php/project/member/index.php/v1.1/bar/memberComment
INFO: [ app_init ] --START--
INFO: Run Behavior\BuildLiteBehavior [ RunTime:0.000000s ]
INFO: [ app_init ] --END-- [ RunTime:0.000000s ]
INFO: [ app_begin ] --START--
INFO: Run Behavior\ReadHtmlCacheBehavior [ RunTime:0.000000s ]
INFO: [ app_begin ] --END-- [ RunTime:0.000000s ]
SQL: SHOW COLUMNS FROM `api_order` [ RunTime:0.0430s ]
SQL: SHOW COLUMNS FROM `api_bar` [ RunTime:0.0440s ]
SQL: SHOW COLUMNS FROM `api_bar_member` [ RunTime:0.0440s ]
SQL: SHOW COLUMNS FROM `api_comment_bar` [ RunTime:0.0430s ]
SQL: SELECT api_comment_bar.*,api_member.nickname,api_member.sex,api_member.avatar,api_member.age FROM `api_comment_bar` left join api_member ON api_member.id = api_comment_bar.member_id  WHERE `bar_member_id` = '49' LIMIT 0,20   [ RunTime:0.0430s ]
SQL: SHOW COLUMNS FROM `api_comment_tags` [ RunTime:0.0430s ]
SQL: SELECT `tags` FROM `api_comment_tags`  [ RunTime:0.0420s ]

[ 2018-04-03T17:52:49+08:00 ] 127.0.0.1 /csj/trunk/php/project/member/index.php/v1.1/bar/reNewBarAdd
INFO: [ app_init ] --START--
INFO: Run Behavior\BuildLiteBehavior [ RunTime:0.000000s ]
INFO: [ app_init ] --END-- [ RunTime:0.000000s ]
INFO: [ app_begin ] --START--
INFO: Run Behavior\ReadHtmlCacheBehavior [ RunTime:0.001000s ]
INFO: [ app_begin ] --END-- [ RunTime:0.001000s ]
SQL: SHOW COLUMNS FROM `api_order` [ RunTime:0.0460s ]
SQL: SHOW COLUMNS FROM `api_bar` [ RunTime:0.0450s ]
SQL: SHOW COLUMNS FROM `api_bar_member` [ RunTime:0.0450s ]
SQL: SHOW COLUMNS FROM `api_bar` [ RunTime:0.0460s ]
SQL: SELECT * FROM `api_bar` WHERE `id` = 26 LIMIT 1   [ RunTime:0.0450s ]
SQL: SHOW COLUMNS FROM `api_bar_member` [ RunTime:0.0450s ]
SQL: SELECT api_member.id,api_member.nickname,api_member.sex,api_member.tel,api_member.avatar,api_member.age FROM `api_bar_member` left join api_member ON api_member.id = api_bar_member.member_id  WHERE `member_id` = '49' AND `bar_id` = '26' AND `pay_status` = 2 LIMIT 1   [ RunTime:0.0440s ]

[ 2018-04-03T17:54:33+08:00 ] 127.0.0.1 /csj/trunk/php/project/member/index.php/v1.1/bar/reNewBarAdd
INFO: [ app_init ] --START--
INFO: Run Behavior\BuildLiteBehavior [ RunTime:0.000000s ]
INFO: [ app_init ] --END-- [ RunTime:0.001000s ]
INFO: [ app_begin ] --START--
INFO: Run Behavior\ReadHtmlCacheBehavior [ RunTime:0.001000s ]
INFO: [ app_begin ] --END-- [ RunTime:0.001000s ]
SQL: SHOW COLUMNS FROM `api_order` [ RunTime:0.0460s ]
SQL: SHOW COLUMNS FROM `api_bar` [ RunTime:0.0470s ]
SQL: SHOW COLUMNS FROM `api_bar_member` [ RunTime:0.0470s ]
SQL: SHOW COLUMNS FROM `api_bar` [ RunTime:0.0470s ]
SQL: SELECT * FROM `api_bar` WHERE `id` = 26 LIMIT 1   [ RunTime:0.0470s ]
SQL: SHOW COLUMNS FROM `api_bar_member` [ RunTime:0.0460s ]
SQL: SELECT api_member.id,api_member.nickname,api_member.sex,api_member.tel,api_member.avatar,api_member.age FROM `api_bar_member` left join api_member ON api_member.id = api_bar_member.member_id  WHERE `member_id` = '58' AND `bar_id` = '26' AND `pay_status` = 2 LIMIT 1   [ RunTime:0.0450s ]

[ 2018-04-03T17:57:04+08:00 ] 127.0.0.1 /csj/trunk/php/project/member/index.php/v1.1/bar/reNewBarAdd
INFO: [ app_init ] --START--
INFO: Run Behavior\BuildLiteBehavior [ RunTime:0.000000s ]
INFO: [ app_init ] --END-- [ RunTime:0.000000s ]
INFO: [ app_begin ] --START--
INFO: Run Behavior\ReadHtmlCacheBehavior [ RunTime:0.000000s ]
INFO: [ app_begin ] --END-- [ RunTime:0.001000s ]
SQL: SHOW COLUMNS FROM `api_order` [ RunTime:0.0390s ]
SQL: SHOW COLUMNS FROM `api_bar` [ RunTime:0.0390s ]
SQL: SHOW COLUMNS FROM `api_bar_member` [ RunTime:0.0380s ]
SQL: SHOW COLUMNS FROM `api_bar` [ RunTime:0.0380s ]
SQL: SELECT * FROM `api_bar` WHERE `id` = 13 LIMIT 1   [ RunTime:0.0380s ]
SQL: SHOW COLUMNS FROM `api_bar_member` [ RunTime:0.0390s ]
SQL: SELECT api_member.id,api_member.nickname,api_member.sex,api_member.tel,api_member.avatar,api_member.age FROM `api_bar_member` left join api_member ON api_member.id = api_bar_member.member_id  WHERE `member_id` = '58' AND `bar_id` = '13' AND `pay_status` = 2 LIMIT 1   [ RunTime:0.0380s ]
SQL: SELECT `member_id` FROM `api_bar_member` WHERE `bar_id` = 13  [ RunTime:0.0380s ]
NOTIC: [2] Invalid argument supplied for foreach() D:\phpStudy\WWW\csj\trunk\php\project\member\Application\V1_1\Controller\BarController.class.php 第 731 行.
NOTIC: [2] Invalid argument supplied for foreach() D:\phpStudy\WWW\csj\trunk\php\project\member\Application\V1_1\Controller\BarController.class.php 第 743 行.
SQL: SHOW COLUMNS FROM `api_goods_pack` [ RunTime:0.0390s ]
ERR: 1064:You have an error in your SQL syntax; check the manual that corresponds to your MySQL server version for the right syntax to use near ') AND `merchant_id` = 1' at line 1
 [ SQL语句 ] : SELECT `id`,`merchant_id`,`type`,`price`,`stock`,`xu_stock`,`market_price`,`purchase_price` FROM `api_goods_pack` WHERE `id` IN () AND `merchant_id` = 1 
ERR: 1064:You have an error in your SQL syntax; check the manual that corresponds to your MySQL server version for the right syntax to use near ') AND `merchant_id` = 1' at line 1
 [ SQL语句 ] : SELECT `id`,`merchant_id`,`type`,`price`,`stock`,`xu_stock`,`market_price`,`purchase_price` FROM `api_goods_pack` WHERE `id` IN () AND `merchant_id` = 1 

[ 2018-04-03T18:14:47+08:00 ] 127.0.0.1 /csj/trunk/php/project/member/index.php/v1.1/bar/reNewBarAdd
INFO: [ app_init ] --START--
INFO: Run Behavior\BuildLiteBehavior [ RunTime:0.000000s ]
INFO: [ app_init ] --END-- [ RunTime:0.000000s ]
INFO: [ app_begin ] --START--
INFO: Run Behavior\ReadHtmlCacheBehavior [ RunTime:0.001000s ]
INFO: [ app_begin ] --END-- [ RunTime:0.001000s ]
SQL: SHOW COLUMNS FROM `api_order` [ RunTime:0.0460s ]
SQL: SHOW COLUMNS FROM `api_bar` [ RunTime:0.0460s ]
SQL: SHOW COLUMNS FROM `api_bar_member` [ RunTime:0.0460s ]
SQL: SHOW COLUMNS FROM `api_bar` [ RunTime:0.0460s ]
SQL: SELECT * FROM `api_bar` WHERE `id` = 13 LIMIT 1   [ RunTime:0.0460s ]
SQL: SHOW COLUMNS FROM `api_bar_member` [ RunTime:0.0460s ]
SQL: SELECT api_member.id,api_member.nickname,api_member.sex,api_member.tel,api_member.avatar,api_member.age FROM `api_bar_member` left join api_member ON api_member.id = api_bar_member.member_id  WHERE `member_id` = '58' AND `bar_id` = '13' AND `pay_status` = 2 LIMIT 1   [ RunTime:0.0450s ]
SQL: SELECT `member_id` FROM `api_bar_member` WHERE `bar_id` = 13  [ RunTime:0.0440s ]
NOTIC: [2] Invalid argument supplied for foreach() D:\phpStudy\WWW\csj\trunk\php\project\member\Application\V1_1\Controller\BarController.class.php 第 731 行.
SQL: SHOW COLUMNS FROM `api_goods_pack` [ RunTime:0.0450s ]
SQL: SELECT `id`,`merchant_id`,`type`,`price`,`stock`,`xu_stock`,`market_price`,`purchase_price` FROM `api_goods_pack` WHERE `id` IN (1) AND `merchant_id` = 1  [ RunTime:0.0430s ]
SQL: SHOW COLUMNS FROM `api_member` [ RunTime:0.0450s ]
SQL: SELECT id as member_id,`nickname`,`sex`,`tel`,`avatar`,`age` FROM `api_member` WHERE `id` IN ('[14','49]')  [ RunTime:0.0450s ]

[ 2018-04-03T18:19:38+08:00 ] 127.0.0.1 /csj/trunk/php/project/member/index.php/v1.1/bar/reNewBarAdd
INFO: [ app_init ] --START--
INFO: Run Behavior\BuildLiteBehavior [ RunTime:0.000000s ]
INFO: [ app_init ] --END-- [ RunTime:0.001000s ]
INFO: [ app_begin ] --START--
INFO: Run Behavior\ReadHtmlCacheBehavior [ RunTime:0.000000s ]
INFO: [ app_begin ] --END-- [ RunTime:0.000000s ]
SQL: SHOW COLUMNS FROM `api_order` [ RunTime:0.0450s ]
SQL: SHOW COLUMNS FROM `api_bar` [ RunTime:0.0440s ]
SQL: SHOW COLUMNS FROM `api_bar_member` [ RunTime:0.0440s ]
SQL: SHOW COLUMNS FROM `api_bar` [ RunTime:0.0450s ]
SQL: SELECT * FROM `api_bar` WHERE `id` = 13 LIMIT 1   [ RunTime:0.0420s ]
SQL: SHOW COLUMNS FROM `api_bar_member` [ RunTime:0.0430s ]
SQL: SELECT api_member.id,api_member.nickname,api_member.sex,api_member.tel,api_member.avatar,api_member.age FROM `api_bar_member` left join api_member ON api_member.id = api_bar_member.member_id  WHERE `member_id` = '58' AND `bar_id` = '13' AND `pay_status` = 2 LIMIT 1   [ RunTime:0.0440s ]
SQL: SELECT `member_id` FROM `api_bar_member` WHERE `bar_id` = 13  [ RunTime:0.0430s ]
SQL: SHOW COLUMNS FROM `api_goods_pack` [ RunTime:0.0450s ]
SQL: SELECT `id`,`merchant_id`,`type`,`price`,`stock`,`xu_stock`,`market_price`,`purchase_price` FROM `api_goods_pack` WHERE `id` IN (1) AND `merchant_id` = 1  [ RunTime:0.0430s ]
SQL: SHOW COLUMNS FROM `api_member` [ RunTime:0.0440s ]
SQL: SELECT id as member_id,`nickname`,`sex`,`tel`,`avatar`,`age` FROM `api_member` WHERE `id` IN ('14','49')  [ RunTime:0.0430s ]

[ 2018-04-03T19:54:52+08:00 ] 127.0.0.1 /csj/trunk/php/project/member/index.php/v1.1/bar/addComment
INFO: [ app_init ] --START--
INFO: Run Behavior\BuildLiteBehavior [ RunTime:0.000000s ]
INFO: [ app_init ] --END-- [ RunTime:0.000000s ]
INFO: [ app_begin ] --START--
INFO: Run Behavior\ReadHtmlCacheBehavior [ RunTime:0.001000s ]
INFO: [ app_begin ] --END-- [ RunTime:0.001000s ]
SQL: SHOW COLUMNS FROM `api_order` [ RunTime:0.0430s ]
SQL: SHOW COLUMNS FROM `api_bar` [ RunTime:0.0440s ]
SQL: SHOW COLUMNS FROM `api_bar_member` [ RunTime:0.0420s ]

[ 2018-04-03T19:55:48+08:00 ] 127.0.0.1 /csj/trunk/php/project/member/index.php/v1.1/bar/addComment
INFO: [ app_init ] --START--
INFO: Run Behavior\BuildLiteBehavior [ RunTime:0.000000s ]
INFO: [ app_init ] --END-- [ RunTime:0.000000s ]
INFO: [ app_begin ] --START--
INFO: Run Behavior\ReadHtmlCacheBehavior [ RunTime:0.001000s ]
INFO: [ app_begin ] --END-- [ RunTime:0.001000s ]
SQL: SHOW COLUMNS FROM `api_order` [ RunTime:0.0460s ]
SQL: SHOW COLUMNS FROM `api_bar` [ RunTime:0.0440s ]
SQL: SHOW COLUMNS FROM `api_bar_member` [ RunTime:0.0440s ]

[ 2018-04-03T19:56:19+08:00 ] 127.0.0.1 /csj/trunk/php/project/member/index.php/v1.1/bar/addComment
INFO: [ app_init ] --START--
INFO: Run Behavior\BuildLiteBehavior [ RunTime:0.000000s ]
INFO: [ app_init ] --END-- [ RunTime:0.001000s ]
INFO: [ app_begin ] --START--
INFO: Run Behavior\ReadHtmlCacheBehavior [ RunTime:0.001000s ]
INFO: [ app_begin ] --END-- [ RunTime:0.001000s ]
SQL: SHOW COLUMNS FROM `api_order` [ RunTime:0.0430s ]
SQL: SHOW COLUMNS FROM `api_bar` [ RunTime:0.0430s ]
SQL: SHOW COLUMNS FROM `api_bar_member` [ RunTime:0.0430s ]

[ 2018-04-03T19:57:11+08:00 ] 127.0.0.1 /csj/trunk/php/project/member/index.php/v1.1/bar/addComment
INFO: [ app_init ] --START--
INFO: Run Behavior\BuildLiteBehavior [ RunTime:0.001000s ]
INFO: [ app_init ] --END-- [ RunTime:0.001000s ]
INFO: [ app_begin ] --START--
INFO: Run Behavior\ReadHtmlCacheBehavior [ RunTime:0.000000s ]
INFO: [ app_begin ] --END-- [ RunTime:0.000000s ]
SQL: SHOW COLUMNS FROM `api_order` [ RunTime:0.0390s ]
SQL: SHOW COLUMNS FROM `api_bar` [ RunTime:0.0440s ]
SQL: SHOW COLUMNS FROM `api_bar_member` [ RunTime:0.0420s ]

[ 2018-04-03T19:57:36+08:00 ] 127.0.0.1 /csj/trunk/php/project/member/index.php/v1.1/bar/addComment
INFO: [ app_init ] --START--
INFO: Run Behavior\BuildLiteBehavior [ RunTime:0.000000s ]
INFO: [ app_init ] --END-- [ RunTime:0.001000s ]
INFO: [ app_begin ] --START--
INFO: Run Behavior\ReadHtmlCacheBehavior [ RunTime:0.001000s ]
INFO: [ app_begin ] --END-- [ RunTime:0.001000s ]
SQL: SHOW COLUMNS FROM `api_order` [ RunTime:0.0450s ]
SQL: SHOW COLUMNS FROM `api_bar` [ RunTime:0.0430s ]
SQL: SHOW COLUMNS FROM `api_bar_member` [ RunTime:0.0430s ]

[ 2018-04-03T19:57:55+08:00 ] 127.0.0.1 /csj/trunk/php/project/member/index.php/v1.1/bar/addComment
INFO: [ app_init ] --START--
INFO: Run Behavior\BuildLiteBehavior [ RunTime:0.000000s ]
INFO: [ app_init ] --END-- [ RunTime:0.000000s ]
INFO: [ app_begin ] --START--
INFO: Run Behavior\ReadHtmlCacheBehavior [ RunTime:0.000000s ]
INFO: [ app_begin ] --END-- [ RunTime:0.000000s ]
SQL: SHOW COLUMNS FROM `api_order` [ RunTime:0.0410s ]
SQL: SHOW COLUMNS FROM `api_bar` [ RunTime:0.0400s ]
SQL: SHOW COLUMNS FROM `api_bar_member` [ RunTime:0.0400s ]

[ 2018-04-03T20:00:42+08:00 ] 127.0.0.1 /csj/trunk/php/project/member/index.php/v1.1/bar/addComment
INFO: [ app_init ] --START--
INFO: Run Behavior\BuildLiteBehavior [ RunTime:0.000000s ]
INFO: [ app_init ] --END-- [ RunTime:0.001000s ]
INFO: [ app_begin ] --START--
INFO: Run Behavior\ReadHtmlCacheBehavior [ RunTime:0.002000s ]
INFO: [ app_begin ] --END-- [ RunTime:0.002000s ]
SQL: SHOW COLUMNS FROM `api_order` [ RunTime:0.0450s ]
SQL: SHOW COLUMNS FROM `api_bar` [ RunTime:0.0450s ]
SQL: SHOW COLUMNS FROM `api_bar_member` [ RunTime:0.0430s ]

[ 2018-04-03T20:01:09+08:00 ] 127.0.0.1 /csj/trunk/php/project/member/index.php/v1.1/bar/addComment
INFO: [ app_init ] --START--
INFO: Run Behavior\BuildLiteBehavior [ RunTime:0.000000s ]
INFO: [ app_init ] --END-- [ RunTime:0.001000s ]
INFO: [ app_begin ] --START--
INFO: Run Behavior\ReadHtmlCacheBehavior [ RunTime:0.000000s ]
INFO: [ app_begin ] --END-- [ RunTime:0.000000s ]
SQL: SHOW COLUMNS FROM `api_order` [ RunTime:0.0460s ]
SQL: SHOW COLUMNS FROM `api_bar` [ RunTime:0.0470s ]
SQL: SHOW COLUMNS FROM `api_bar_member` [ RunTime:0.0450s ]

[ 2018-04-03T20:01:22+08:00 ] 127.0.0.1 /csj/trunk/php/project/member/index.php/v1.1/bar/addComment
INFO: [ app_init ] --START--
INFO: Run Behavior\BuildLiteBehavior [ RunTime:0.000000s ]
INFO: [ app_init ] --END-- [ RunTime:0.000000s ]
INFO: [ app_begin ] --START--
INFO: Run Behavior\ReadHtmlCacheBehavior [ RunTime:0.001000s ]
INFO: [ app_begin ] --END-- [ RunTime:0.001000s ]
SQL: SHOW COLUMNS FROM `api_order` [ RunTime:0.0490s ]
SQL: SHOW COLUMNS FROM `api_bar` [ RunTime:0.0460s ]
SQL: SHOW COLUMNS FROM `api_bar_member` [ RunTime:0.0460s ]

[ 2018-04-03T20:02:13+08:00 ] 127.0.0.1 /csj/trunk/php/project/member/index.php/v1.1/bar/addComment
INFO: [ app_init ] --START--
INFO: Run Behavior\BuildLiteBehavior [ RunTime:0.000000s ]
INFO: [ app_init ] --END-- [ RunTime:0.001000s ]
INFO: [ app_begin ] --START--
INFO: Run Behavior\ReadHtmlCacheBehavior [ RunTime:0.000000s ]
INFO: [ app_begin ] --END-- [ RunTime:0.000000s ]
SQL: SHOW COLUMNS FROM `api_order` [ RunTime:0.0410s ]
SQL: SHOW COLUMNS FROM `api_bar` [ RunTime:0.0400s ]
SQL: SHOW COLUMNS FROM `api_bar_member` [ RunTime:0.0400s ]

[ 2018-04-03T20:02:36+08:00 ] 127.0.0.1 /csj/trunk/php/project/member/index.php/v1.1/bar/addComment
INFO: [ app_init ] --START--
INFO: Run Behavior\BuildLiteBehavior [ RunTime:0.000000s ]
INFO: [ app_init ] --END-- [ RunTime:0.000000s ]
INFO: [ app_begin ] --START--
INFO: Run Behavior\ReadHtmlCacheBehavior [ RunTime:0.000000s ]
INFO: [ app_begin ] --END-- [ RunTime:0.000000s ]
SQL: SHOW COLUMNS FROM `api_order` [ RunTime:0.0460s ]
SQL: SHOW COLUMNS FROM `api_bar` [ RunTime:0.0460s ]
SQL: SHOW COLUMNS FROM `api_bar_member` [ RunTime:0.0450s ]

[ 2018-04-03T20:03:03+08:00 ] 127.0.0.1 /csj/trunk/php/project/member/index.php/v1.1/bar/addComment
INFO: [ app_init ] --START--
INFO: Run Behavior\BuildLiteBehavior [ RunTime:0.000000s ]
INFO: [ app_init ] --END-- [ RunTime:0.000000s ]
INFO: [ app_begin ] --START--
INFO: Run Behavior\ReadHtmlCacheBehavior [ RunTime:0.000000s ]
INFO: [ app_begin ] --END-- [ RunTime:0.000000s ]
SQL: SHOW COLUMNS FROM `api_order` [ RunTime:0.0490s ]
SQL: SHOW COLUMNS FROM `api_bar` [ RunTime:0.0480s ]
SQL: SHOW COLUMNS FROM `api_bar_member` [ RunTime:0.0460s ]

