[ 2018-03-15T14:28:45+08:00 ] 127.0.0.1 /csj/trunk/php/project/member/index.php/v1.1/bar/barAdd
INFO: [ app_init ] --START--
INFO: Run Behavior\BuildLiteBehavior [ RunTime:0.000000s ]
INFO: [ app_init ] --END-- [ RunTime:0.003000s ]
INFO: [ app_begin ] --START--
INFO: Run Behavior\ReadHtmlCacheBehavior [ RunTime:0.001000s ]
INFO: [ app_begin ] --END-- [ RunTime:0.001000s ]
SQL: SHOW COLUMNS FROM `api_order` [ RunTime:0.0470s ]
SQL: SHOW COLUMNS FROM `api_bar` [ RunTime:0.0460s ]
SQL: SHOW COLUMNS FROM `api_bar_member` [ RunTime:0.0460s ]
SQL: SHOW COLUMNS FROM `api_member` [ RunTime:0.0470s ]
SQL: SELECT `realname`,`tel`,`sex`,`avatar`,`age` FROM `api_member` WHERE `id` = 14 LIMIT 1   [ RunTime:0.0450s ]
NOTIC: [8] Undefined offset: 1 D:\phpStudy\WWW\csj\trunk\php\project\member\Application\V1_1\Controller\BarController.class.php 第 153 行.
NOTIC: [2] explode() expects parameter 2 to be string, array given D:\phpStudy\WWW\csj\trunk\php\project\member\Application\V1_1\Controller\BarController.class.php 第 152 行.
NOTIC: [2] explode() expects parameter 2 to be string, array given D:\phpStudy\WWW\csj\trunk\php\project\member\Application\V1_1\Controller\BarController.class.php 第 152 行.
NOTIC: [2] explode() expects parameter 2 to be string, array given D:\phpStudy\WWW\csj\trunk\php\project\member\Application\V1_1\Controller\BarController.class.php 第 152 行.

[ 2018-03-15T14:29:42+08:00 ] 127.0.0.1 /csj/trunk/php/project/member/index.php/v1.1/bar/barAdd
INFO: [ app_init ] --START--
INFO: Run Behavior\BuildLiteBehavior [ RunTime:0.000000s ]
INFO: [ app_init ] --END-- [ RunTime:0.000000s ]
INFO: [ app_begin ] --START--
INFO: Run Behavior\ReadHtmlCacheBehavior [ RunTime:0.000000s ]
INFO: [ app_begin ] --END-- [ RunTime:0.000000s ]
SQL: SHOW COLUMNS FROM `api_order` [ RunTime:0.0460s ]
SQL: SHOW COLUMNS FROM `api_bar` [ RunTime:0.0460s ]
SQL: SHOW COLUMNS FROM `api_bar_member` [ RunTime:0.0470s ]
SQL: SHOW COLUMNS FROM `api_member` [ RunTime:0.0450s ]
SQL: SELECT `realname`,`tel`,`sex`,`avatar`,`age` FROM `api_member` WHERE `id` = 14 LIMIT 1   [ RunTime:0.0450s ]
NOTIC: [8] Undefined offset: 1 D:\phpStudy\WWW\csj\trunk\php\project\member\Application\V1_1\Controller\BarController.class.php 第 153 行.
NOTIC: [2] explode() expects parameter 2 to be string, array given D:\phpStudy\WWW\csj\trunk\php\project\member\Application\V1_1\Controller\BarController.class.php 第 152 行.
NOTIC: [2] explode() expects parameter 2 to be string, array given D:\phpStudy\WWW\csj\trunk\php\project\member\Application\V1_1\Controller\BarController.class.php 第 152 行.
NOTIC: [2] explode() expects parameter 2 to be string, array given D:\phpStudy\WWW\csj\trunk\php\project\member\Application\V1_1\Controller\BarController.class.php 第 152 行.

[ 2018-03-15T14:30:05+08:00 ] 127.0.0.1 /csj/trunk/php/project/member/index.php/v1.1/bar/barAdd
INFO: [ app_init ] --START--
INFO: Run Behavior\BuildLiteBehavior [ RunTime:0.000000s ]
INFO: [ app_init ] --END-- [ RunTime:0.000000s ]
INFO: [ app_begin ] --START--
INFO: Run Behavior\ReadHtmlCacheBehavior [ RunTime:0.000000s ]
INFO: [ app_begin ] --END-- [ RunTime:0.000000s ]
SQL: SHOW COLUMNS FROM `api_order` [ RunTime:0.0460s ]
SQL: SHOW COLUMNS FROM `api_bar` [ RunTime:0.0450s ]
SQL: SHOW COLUMNS FROM `api_bar_member` [ RunTime:0.0450s ]
SQL: SHOW COLUMNS FROM `api_member` [ RunTime:0.0460s ]
SQL: SELECT `realname`,`tel`,`sex`,`avatar`,`age` FROM `api_member` WHERE `id` = 14 LIMIT 1   [ RunTime:0.0450s ]
NOTIC: [8] Undefined offset: 1 D:\phpStudy\WWW\csj\trunk\php\project\member\Application\V1_1\Controller\BarController.class.php 第 153 行.
NOTIC: [2] explode() expects parameter 2 to be string, array given D:\phpStudy\WWW\csj\trunk\php\project\member\Application\V1_1\Controller\BarController.class.php 第 152 行.
NOTIC: [2] explode() expects parameter 2 to be string, array given D:\phpStudy\WWW\csj\trunk\php\project\member\Application\V1_1\Controller\BarController.class.php 第 152 行.
NOTIC: [2] explode() expects parameter 2 to be string, array given D:\phpStudy\WWW\csj\trunk\php\project\member\Application\V1_1\Controller\BarController.class.php 第 152 行.

[ 2018-03-15T14:30:18+08:00 ] 127.0.0.1 /csj/trunk/php/project/member/index.php/v1.1/bar/barAdd
INFO: [ app_init ] --START--
INFO: Run Behavior\BuildLiteBehavior [ RunTime:0.000000s ]
INFO: [ app_init ] --END-- [ RunTime:0.000000s ]
INFO: [ app_begin ] --START--
INFO: Run Behavior\ReadHtmlCacheBehavior [ RunTime:0.001000s ]
INFO: [ app_begin ] --END-- [ RunTime:0.001000s ]
SQL: SHOW COLUMNS FROM `api_order` [ RunTime:0.0430s ]
SQL: SHOW COLUMNS FROM `api_bar` [ RunTime:0.0440s ]
SQL: SHOW COLUMNS FROM `api_bar_member` [ RunTime:0.0450s ]
SQL: SHOW COLUMNS FROM `api_member` [ RunTime:0.0450s ]
SQL: SELECT `realname`,`tel`,`sex`,`avatar`,`age` FROM `api_member` WHERE `id` = 14 LIMIT 1   [ RunTime:0.0440s ]
NOTIC: [8] Undefined offset: 1 D:\phpStudy\WWW\csj\trunk\php\project\member\Application\V1_1\Controller\BarController.class.php 第 153 行.
NOTIC: [8] Undefined offset: 1 D:\phpStudy\WWW\csj\trunk\php\project\member\Application\V1_1\Controller\BarController.class.php 第 153 行.
NOTIC: [8] Undefined offset: 1 D:\phpStudy\WWW\csj\trunk\php\project\member\Application\V1_1\Controller\BarController.class.php 第 153 行.
NOTIC: [8] Undefined offset: 1 D:\phpStudy\WWW\csj\trunk\php\project\member\Application\V1_1\Controller\BarController.class.php 第 153 行.

[ 2018-03-15T14:30:49+08:00 ] 127.0.0.1 /csj/trunk/php/project/member/index.php/v1.1/bar/barAdd
INFO: [ app_init ] --START--
INFO: Run Behavior\BuildLiteBehavior [ RunTime:0.000000s ]
INFO: [ app_init ] --END-- [ RunTime:0.000000s ]
INFO: [ app_begin ] --START--
INFO: Run Behavior\ReadHtmlCacheBehavior [ RunTime:0.001000s ]
INFO: [ app_begin ] --END-- [ RunTime:0.001000s ]
SQL: SHOW COLUMNS FROM `api_order` [ RunTime:0.0440s ]
SQL: SHOW COLUMNS FROM `api_bar` [ RunTime:0.0440s ]
SQL: SHOW COLUMNS FROM `api_bar_member` [ RunTime:0.0430s ]
SQL: SHOW COLUMNS FROM `api_member` [ RunTime:0.0440s ]
SQL: SELECT `realname`,`tel`,`sex`,`avatar`,`age` FROM `api_member` WHERE `id` = 14 LIMIT 1   [ RunTime:0.0420s ]

[ 2018-03-15T14:31:12+08:00 ] 127.0.0.1 /csj/trunk/php/project/member/index.php/v1.1/bar/barAdd
INFO: [ app_init ] --START--
INFO: Run Behavior\BuildLiteBehavior [ RunTime:0.000000s ]
INFO: [ app_init ] --END-- [ RunTime:0.000000s ]
INFO: [ app_begin ] --START--
INFO: Run Behavior\ReadHtmlCacheBehavior [ RunTime:0.000000s ]
INFO: [ app_begin ] --END-- [ RunTime:0.000000s ]
SQL: SHOW COLUMNS FROM `api_order` [ RunTime:0.0460s ]
SQL: SHOW COLUMNS FROM `api_bar` [ RunTime:0.0470s ]
SQL: SHOW COLUMNS FROM `api_bar_member` [ RunTime:0.0490s ]
SQL: SHOW COLUMNS FROM `api_member` [ RunTime:0.0440s ]
SQL: SELECT `realname`,`tel`,`sex`,`avatar`,`age` FROM `api_member` WHERE `id` = 14 LIMIT 1   [ RunTime:0.0440s ]

[ 2018-03-15T14:31:27+08:00 ] 127.0.0.1 /csj/trunk/php/project/member/index.php/v1.1/bar/barAdd
INFO: [ app_init ] --START--
INFO: Run Behavior\BuildLiteBehavior [ RunTime:0.000000s ]
INFO: [ app_init ] --END-- [ RunTime:0.000000s ]
INFO: [ app_begin ] --START--
INFO: Run Behavior\ReadHtmlCacheBehavior [ RunTime:0.000000s ]
INFO: [ app_begin ] --END-- [ RunTime:0.000000s ]
SQL: SHOW COLUMNS FROM `api_order` [ RunTime:0.0420s ]
SQL: SHOW COLUMNS FROM `api_bar` [ RunTime:0.0440s ]
SQL: SHOW COLUMNS FROM `api_bar_member` [ RunTime:0.0430s ]
SQL: SHOW COLUMNS FROM `api_member` [ RunTime:0.0430s ]
SQL: SELECT `realname`,`tel`,`sex`,`avatar`,`age` FROM `api_member` WHERE `id` = 14 LIMIT 1   [ RunTime:0.0420s ]

[ 2018-03-15T14:31:55+08:00 ] 127.0.0.1 /csj/trunk/php/project/member/index.php/v1.1/bar/barAdd
INFO: [ app_init ] --START--
INFO: Run Behavior\BuildLiteBehavior [ RunTime:0.000000s ]
INFO: [ app_init ] --END-- [ RunTime:0.000000s ]
INFO: [ app_begin ] --START--
INFO: Run Behavior\ReadHtmlCacheBehavior [ RunTime:0.001000s ]
INFO: [ app_begin ] --END-- [ RunTime:0.001000s ]
SQL: SHOW COLUMNS FROM `api_order` [ RunTime:0.0430s ]
SQL: SHOW COLUMNS FROM `api_bar` [ RunTime:0.0440s ]
SQL: SHOW COLUMNS FROM `api_bar_member` [ RunTime:0.0460s ]
SQL: SHOW COLUMNS FROM `api_member` [ RunTime:0.0430s ]
SQL: SELECT `realname`,`tel`,`sex`,`avatar`,`age` FROM `api_member` WHERE `id` = 14 LIMIT 1   [ RunTime:0.0420s ]
NOTIC: [2] implode(): Invalid arguments passed D:\phpStudy\WWW\csj\trunk\php\project\member\Application\V1_1\Controller\BarController.class.php 第 152 行.

[ 2018-03-15T14:32:04+08:00 ] 127.0.0.1 /csj/trunk/php/project/member/index.php/v1.1/bar/barAdd
INFO: [ app_init ] --START--
INFO: Run Behavior\BuildLiteBehavior [ RunTime:0.000000s ]
INFO: [ app_init ] --END-- [ RunTime:0.000000s ]
INFO: [ app_begin ] --START--
INFO: Run Behavior\ReadHtmlCacheBehavior [ RunTime:0.000000s ]
INFO: [ app_begin ] --END-- [ RunTime:0.000000s ]
SQL: SHOW COLUMNS FROM `api_order` [ RunTime:0.0440s ]
SQL: SHOW COLUMNS FROM `api_bar` [ RunTime:0.0430s ]
SQL: SHOW COLUMNS FROM `api_bar_member` [ RunTime:0.0420s ]
SQL: SHOW COLUMNS FROM `api_member` [ RunTime:0.0430s ]
SQL: SELECT `realname`,`tel`,`sex`,`avatar`,`age` FROM `api_member` WHERE `id` = 14 LIMIT 1   [ RunTime:0.0430s ]

[ 2018-03-15T14:32:19+08:00 ] 127.0.0.1 /csj/trunk/php/project/member/index.php/v1.1/bar/barAdd
INFO: [ app_init ] --START--
INFO: Run Behavior\BuildLiteBehavior [ RunTime:0.000000s ]
INFO: [ app_init ] --END-- [ RunTime:0.001000s ]
INFO: [ app_begin ] --START--
INFO: Run Behavior\ReadHtmlCacheBehavior [ RunTime:0.001000s ]
INFO: [ app_begin ] --END-- [ RunTime:0.001000s ]
SQL: SHOW COLUMNS FROM `api_order` [ RunTime:0.0440s ]
SQL: SHOW COLUMNS FROM `api_bar` [ RunTime:0.0430s ]
SQL: SHOW COLUMNS FROM `api_bar_member` [ RunTime:0.0410s ]
SQL: SHOW COLUMNS FROM `api_member` [ RunTime:0.0420s ]
SQL: SELECT `realname`,`tel`,`sex`,`avatar`,`age` FROM `api_member` WHERE `id` = 14 LIMIT 1   [ RunTime:0.0420s ]

[ 2018-03-15T14:32:50+08:00 ] 127.0.0.1 /csj/trunk/php/project/member/index.php/v1.1/bar/barAdd
INFO: [ app_init ] --START--
INFO: Run Behavior\BuildLiteBehavior [ RunTime:0.000000s ]
INFO: [ app_init ] --END-- [ RunTime:0.000000s ]
INFO: [ app_begin ] --START--
INFO: Run Behavior\ReadHtmlCacheBehavior [ RunTime:0.000000s ]
INFO: [ app_begin ] --END-- [ RunTime:0.000000s ]
SQL: SHOW COLUMNS FROM `api_order` [ RunTime:0.0420s ]
SQL: SHOW COLUMNS FROM `api_bar` [ RunTime:0.0410s ]
SQL: SHOW COLUMNS FROM `api_bar_member` [ RunTime:0.0400s ]
SQL: SHOW COLUMNS FROM `api_member` [ RunTime:0.0430s ]
SQL: SELECT `realname`,`tel`,`sex`,`avatar`,`age` FROM `api_member` WHERE `id` = 14 LIMIT 1   [ RunTime:0.0410s ]

[ 2018-03-15T16:20:13+08:00 ] 127.0.0.1 /csj/trunk/php/project/member/index.php/v1.1/bar/barAdd
INFO: [ app_init ] --START--
INFO: Run Behavior\BuildLiteBehavior [ RunTime:0.000000s ]
INFO: [ app_init ] --END-- [ RunTime:0.001000s ]
INFO: [ app_begin ] --START--
INFO: Run Behavior\ReadHtmlCacheBehavior [ RunTime:0.000000s ]
INFO: [ app_begin ] --END-- [ RunTime:0.000000s ]
SQL: SHOW COLUMNS FROM `api_order` [ RunTime:0.0440s ]
SQL: SHOW COLUMNS FROM `api_bar` [ RunTime:0.0420s ]
SQL: SHOW COLUMNS FROM `api_bar_member` [ RunTime:0.0420s ]
SQL: SHOW COLUMNS FROM `api_member` [ RunTime:0.0430s ]
SQL: SELECT `realname`,`tel`,`sex`,`avatar`,`age` FROM `api_member` WHERE `id` = 14 LIMIT 1   [ RunTime:0.0410s ]
SQL: SHOW COLUMNS FROM `api_goods_pack` [ RunTime:0.0420s ]
SQL: SELECT * FROM `api_goods_pack` WHERE `id` IN (1,2,3,5) AND `status` = 1  [ RunTime:0.0420s ]
SQL: SHOW COLUMNS FROM `api_merchant` [ RunTime:0.0420s ]
SQL: SELECT `sanpack_stock`,`kapack_stock` FROM `api_merchant` WHERE `id` = 1 LIMIT 1   [ RunTime:0.0410s ]
SQL: SHOW COLUMNS FROM `api_goods_pack_stock` [ RunTime:0.0420s ]
SQL: SELECT `goods_id`,`day_sales` FROM `api_goods_pack_stock` WHERE `date` = 20180320 AND `merchant_id` = 1  [ RunTime:0.0410s ]

[ 2018-03-15T16:20:33+08:00 ] 127.0.0.1 /csj/trunk/php/project/member/index.php/v1.1/bar/barAdd
INFO: [ app_init ] --START--
INFO: Run Behavior\BuildLiteBehavior [ RunTime:0.000000s ]
INFO: [ app_init ] --END-- [ RunTime:0.001000s ]
INFO: [ app_begin ] --START--
INFO: Run Behavior\ReadHtmlCacheBehavior [ RunTime:0.001000s ]
INFO: [ app_begin ] --END-- [ RunTime:0.001000s ]
SQL: SHOW COLUMNS FROM `api_order` [ RunTime:0.0480s ]
SQL: SHOW COLUMNS FROM `api_bar` [ RunTime:0.0460s ]
SQL: SHOW COLUMNS FROM `api_bar_member` [ RunTime:0.0460s ]
SQL: SHOW COLUMNS FROM `api_member` [ RunTime:0.0460s ]
SQL: SELECT `realname`,`tel`,`sex`,`avatar`,`age` FROM `api_member` WHERE `id` = 14 LIMIT 1   [ RunTime:0.0450s ]
SQL: SHOW COLUMNS FROM `api_goods_pack` [ RunTime:0.0460s ]
SQL: SELECT * FROM `api_goods_pack` WHERE `id` IN (1,2,3,5) AND `status` = 1  [ RunTime:0.0460s ]
SQL: SHOW COLUMNS FROM `api_merchant` [ RunTime:0.0460s ]
SQL: SELECT `sanpack_stock`,`kapack_stock` FROM `api_merchant` WHERE `id` = 1 LIMIT 1   [ RunTime:0.0450s ]
SQL: SHOW COLUMNS FROM `api_goods_pack_stock` [ RunTime:0.0470s ]
SQL: SELECT `goods_id`,`day_sales` FROM `api_goods_pack_stock` WHERE `date` = 20180320 AND `merchant_id` = 1  [ RunTime:0.0450s ]

[ 2018-03-15T16:22:11+08:00 ] 127.0.0.1 /csj/trunk/php/project/member/index.php/v1.1/bar/barAdd
INFO: [ app_init ] --START--
INFO: Run Behavior\BuildLiteBehavior [ RunTime:0.000000s ]
INFO: [ app_init ] --END-- [ RunTime:0.000000s ]
INFO: [ app_begin ] --START--
INFO: Run Behavior\ReadHtmlCacheBehavior [ RunTime:0.000000s ]
INFO: [ app_begin ] --END-- [ RunTime:0.000000s ]
SQL: SHOW COLUMNS FROM `api_order` [ RunTime:0.0470s ]
SQL: SHOW COLUMNS FROM `api_bar` [ RunTime:0.0450s ]
SQL: SHOW COLUMNS FROM `api_bar_member` [ RunTime:0.0460s ]
SQL: SHOW COLUMNS FROM `api_member` [ RunTime:0.0480s ]
SQL: SELECT `realname`,`tel`,`sex`,`avatar`,`age` FROM `api_member` WHERE `id` = 14 LIMIT 1   [ RunTime:0.0450s ]
SQL: SHOW COLUMNS FROM `api_goods_pack` [ RunTime:0.0520s ]
SQL: SELECT * FROM `api_goods_pack` WHERE `id` IN (1,2,3,5) AND `status` = 1  [ RunTime:0.0460s ]
SQL: SHOW COLUMNS FROM `api_merchant` [ RunTime:0.0460s ]
SQL: SELECT `sanpack_stock`,`kapack_stock` FROM `api_merchant` WHERE `id` = 1 LIMIT 1   [ RunTime:0.0810s ]
SQL: SHOW COLUMNS FROM `api_goods_pack_stock` [ RunTime:0.0700s ]
SQL: SELECT `goods_id`,`day_sales` FROM `api_goods_pack_stock` WHERE `date` = 20180320 AND `merchant_id` = 1  [ RunTime:0.0460s ]
SQL: SHOW COLUMNS FROM `api_goods_pack` [ RunTime:0.0470s ]

[ 2018-03-15T16:32:04+08:00 ] 127.0.0.1 /csj/trunk/php/project/member/index.php/v1.1/bar/barAdd
INFO: [ app_init ] --START--
INFO: Run Behavior\BuildLiteBehavior [ RunTime:0.000000s ]
INFO: [ app_init ] --END-- [ RunTime:0.001000s ]
INFO: [ app_begin ] --START--
INFO: Run Behavior\ReadHtmlCacheBehavior [ RunTime:0.001000s ]
INFO: [ app_begin ] --END-- [ RunTime:0.002000s ]
SQL: SHOW COLUMNS FROM `api_order` [ RunTime:0.0440s ]
SQL: SHOW COLUMNS FROM `api_bar` [ RunTime:0.0420s ]
SQL: SHOW COLUMNS FROM `api_bar_member` [ RunTime:0.0420s ]
SQL: SHOW COLUMNS FROM `api_member` [ RunTime:0.0420s ]
SQL: SELECT `realname`,`tel`,`sex`,`avatar`,`age` FROM `api_member` WHERE `id` = 14 LIMIT 1   [ RunTime:0.0390s ]
SQL: SHOW COLUMNS FROM `api_goods_pack` [ RunTime:0.0400s ]
SQL: SELECT * FROM `api_goods_pack` WHERE `id` IN (1,2,3,5) AND `status` = 1  [ RunTime:0.0410s ]
SQL: SHOW COLUMNS FROM `api_merchant` [ RunTime:0.0420s ]
SQL: SELECT `sanpack_stock`,`kapack_stock` FROM `api_merchant` WHERE `id` = 1 LIMIT 1   [ RunTime:0.0420s ]
SQL: SHOW COLUMNS FROM `api_goods_pack_stock` [ RunTime:0.0420s ]
SQL: SELECT `goods_id`,`day_sales` FROM `api_goods_pack_stock` WHERE `date` = 20180320 AND `merchant_id` = 1  [ RunTime:0.0410s ]
SQL: SHOW COLUMNS FROM `api_goods_pack` [ RunTime:0.0430s ]

[ 2018-03-15T16:32:34+08:00 ] 127.0.0.1 /csj/trunk/php/project/member/index.php/v1.1/bar/barAdd
INFO: [ app_init ] --START--
INFO: Run Behavior\BuildLiteBehavior [ RunTime:0.000000s ]
INFO: [ app_init ] --END-- [ RunTime:0.001000s ]
INFO: [ app_begin ] --START--
INFO: Run Behavior\ReadHtmlCacheBehavior [ RunTime:0.001000s ]
INFO: [ app_begin ] --END-- [ RunTime:0.001000s ]
SQL: SHOW COLUMNS FROM `api_order` [ RunTime:0.0430s ]
SQL: SHOW COLUMNS FROM `api_bar` [ RunTime:0.0430s ]
SQL: SHOW COLUMNS FROM `api_bar_member` [ RunTime:0.0420s ]
SQL: SHOW COLUMNS FROM `api_member` [ RunTime:0.0430s ]
SQL: SELECT `realname`,`tel`,`sex`,`avatar`,`age` FROM `api_member` WHERE `id` = 14 LIMIT 1   [ RunTime:0.0420s ]
SQL: SHOW COLUMNS FROM `api_goods_pack` [ RunTime:0.0430s ]
SQL: SELECT * FROM `api_goods_pack` WHERE `id` IN (1,23,24,25) AND `status` = 1  [ RunTime:0.0430s ]
SQL: SHOW COLUMNS FROM `api_merchant` [ RunTime:0.0440s ]
SQL: SELECT `sanpack_stock`,`kapack_stock` FROM `api_merchant` WHERE `id` = 1 LIMIT 1   [ RunTime:0.0420s ]
SQL: SHOW COLUMNS FROM `api_goods_pack_stock` [ RunTime:0.0430s ]
SQL: SELECT `goods_id`,`day_sales` FROM `api_goods_pack_stock` WHERE `date` = 20180320 AND `merchant_id` = 1  [ RunTime:0.0430s ]
SQL: SHOW COLUMNS FROM `api_goods_pack` [ RunTime:0.0430s ]

[ 2018-03-15T16:33:13+08:00 ] 127.0.0.1 /csj/trunk/php/project/member/index.php/v1.1/bar/barAdd
INFO: [ app_init ] --START--
INFO: Run Behavior\BuildLiteBehavior [ RunTime:0.000000s ]
INFO: [ app_init ] --END-- [ RunTime:0.000000s ]
INFO: [ app_begin ] --START--
INFO: Run Behavior\ReadHtmlCacheBehavior [ RunTime:0.001000s ]
INFO: [ app_begin ] --END-- [ RunTime:0.001000s ]
SQL: SHOW COLUMNS FROM `api_order` [ RunTime:0.0460s ]
SQL: SHOW COLUMNS FROM `api_bar` [ RunTime:0.0460s ]
SQL: SHOW COLUMNS FROM `api_bar_member` [ RunTime:0.0450s ]
SQL: SHOW COLUMNS FROM `api_member` [ RunTime:0.0470s ]
SQL: SELECT `realname`,`tel`,`sex`,`avatar`,`age` FROM `api_member` WHERE `id` = 14 LIMIT 1   [ RunTime:0.0450s ]
SQL: SHOW COLUMNS FROM `api_goods_pack` [ RunTime:0.0460s ]
SQL: SELECT * FROM `api_goods_pack` WHERE `id` IN (1,23,24,25) AND `status` = 1  [ RunTime:0.0450s ]
SQL: SHOW COLUMNS FROM `api_merchant` [ RunTime:0.0460s ]
SQL: SELECT `sanpack_stock`,`kapack_stock` FROM `api_merchant` WHERE `id` = 1 LIMIT 1   [ RunTime:0.0450s ]
SQL: SHOW COLUMNS FROM `api_goods_pack_stock` [ RunTime:0.0460s ]
SQL: SELECT `goods_id`,`day_sales` FROM `api_goods_pack_stock` WHERE `date` = 20180320 AND `merchant_id` = 1  [ RunTime:0.0450s ]
SQL: SHOW COLUMNS FROM `api_goods_pack` [ RunTime:0.0450s ]

[ 2018-03-15T17:41:47+08:00 ] 127.0.0.1 /csj/trunk/php/project/member/index.php/v1.1/bar/barAdd
INFO: [ app_init ] --START--
INFO: Run Behavior\BuildLiteBehavior [ RunTime:0.000000s ]
INFO: [ app_init ] --END-- [ RunTime:0.001000s ]
INFO: [ app_begin ] --START--
INFO: Run Behavior\ReadHtmlCacheBehavior [ RunTime:0.000000s ]
INFO: [ app_begin ] --END-- [ RunTime:0.000000s ]
SQL: SHOW COLUMNS FROM `api_order` [ RunTime:0.0380s ]
SQL: SHOW COLUMNS FROM `api_bar` [ RunTime:0.0380s ]
SQL: SHOW COLUMNS FROM `api_bar_member` [ RunTime:0.0380s ]
SQL: SHOW COLUMNS FROM `api_member` [ RunTime:0.0380s ]
SQL: SELECT `realname`,`tel`,`sex`,`avatar`,`age` FROM `api_member` WHERE `id` = 14 LIMIT 1   [ RunTime:0.0370s ]
SQL: SHOW COLUMNS FROM `api_goods_pack` [ RunTime:0.0380s ]
SQL: SELECT * FROM `api_goods_pack` WHERE `id` IN (1,23,24,25) AND `status` = 1  [ RunTime:0.0380s ]
SQL: SHOW COLUMNS FROM `api_merchant` [ RunTime:0.0370s ]
SQL: SELECT `sanpack_stock`,`kapack_stock` FROM `api_merchant` WHERE `id` = 1 LIMIT 1   [ RunTime:0.0360s ]
SQL: SHOW COLUMNS FROM `api_goods_pack_stock` [ RunTime:0.0380s ]
SQL: SELECT `goods_id`,`day_sales` FROM `api_goods_pack_stock` WHERE `date` = 20180320 AND `merchant_id` = 1  [ RunTime:0.0370s ]
SQL: SHOW COLUMNS FROM `api_goods_pack` [ RunTime:0.0360s ]
ERR: ACCESS_REFUSED - Login was refused using authentication mechanism AMQPLAIN. For details see the broker logfile.

[ 2018-03-15T17:43:24+08:00 ] 127.0.0.1 /csj/trunk/php/project/member/index.php/v1.1/bar/barAdd
INFO: [ app_init ] --START--
INFO: Run Behavior\BuildLiteBehavior [ RunTime:0.000000s ]
INFO: [ app_init ] --END-- [ RunTime:0.001000s ]
INFO: [ app_begin ] --START--
INFO: Run Behavior\ReadHtmlCacheBehavior [ RunTime:0.000000s ]
INFO: [ app_begin ] --END-- [ RunTime:0.000000s ]
SQL: SHOW COLUMNS FROM `api_order` [ RunTime:0.0460s ]
SQL: SHOW COLUMNS FROM `api_bar` [ RunTime:0.0460s ]
SQL: SHOW COLUMNS FROM `api_bar_member` [ RunTime:0.0450s ]
SQL: SHOW COLUMNS FROM `api_member` [ RunTime:0.0470s ]
SQL: SELECT `realname`,`tel`,`sex`,`avatar`,`age` FROM `api_member` WHERE `id` = 14 LIMIT 1   [ RunTime:0.0450s ]
SQL: SHOW COLUMNS FROM `api_goods_pack` [ RunTime:0.0480s ]
SQL: SELECT * FROM `api_goods_pack` WHERE `id` IN (1,23,24,25) AND `status` = 1  [ RunTime:0.0450s ]
SQL: SHOW COLUMNS FROM `api_merchant` [ RunTime:0.0450s ]
SQL: SELECT `sanpack_stock`,`kapack_stock` FROM `api_merchant` WHERE `id` = 1 LIMIT 1   [ RunTime:0.0440s ]
SQL: SHOW COLUMNS FROM `api_goods_pack_stock` [ RunTime:0.0460s ]
SQL: SELECT `goods_id`,`day_sales` FROM `api_goods_pack_stock` WHERE `date` = 20180320 AND `merchant_id` = 1  [ RunTime:0.0450s ]
SQL: SHOW COLUMNS FROM `api_goods_pack` [ RunTime:0.0460s ]
ERR: ACCESS_REFUSED - Login was refused using authentication mechanism AMQPLAIN. For details see the broker logfile.

[ 2018-03-15T18:55:05+08:00 ] 127.0.0.1 /csj/trunk/php/project/member/index.php/v1.1/bar/myBarList
INFO: [ app_init ] --START--
INFO: Run Behavior\BuildLiteBehavior [ RunTime:0.000000s ]
INFO: [ app_init ] --END-- [ RunTime:0.000000s ]
INFO: [ app_begin ] --START--
INFO: Run Behavior\ReadHtmlCacheBehavior [ RunTime:0.001000s ]
INFO: [ app_begin ] --END-- [ RunTime:0.001000s ]
SQL: SHOW COLUMNS FROM `api_order` [ RunTime:0.0400s ]
SQL: SHOW COLUMNS FROM `api_bar` [ RunTime:0.0390s ]
SQL: SHOW COLUMNS FROM `api_bar_member` [ RunTime:0.0390s ]
SQL: SELECT api_bar.*,api_member.nickname,api_member.sex,api_member.avatar,api_merchant.begin_time,api_merchant.title,api_comment_barstar.average_star,api_bar_member.pay_status FROM `api_bar` left join api_merchant ON api_merchant.id = api_bar.merchant_id left join api_member ON api_member.id = api_bar.member_id left join api_bar_member ON api_bar_member.member_id=14 left join api_comment_barstar  ON api_comment_barstar.member_id = api_bar.member_id  WHERE api_bar.bar_type = '2' AND api_bar.member_id = '14' AND api_bar.is_xu = 0 LIMIT 0,20   [ RunTime:0.0410s ]
SQL: SELECT COUNT(*) AS tp_count FROM `api_bar` left join api_merchant ON api_merchant.id = api_bar.merchant_id left join api_member ON api_member.id = api_bar.member_id left join api_comment_barstar  ON api_comment_barstar.member_id = api_bar.member_id  WHERE api_bar.bar_type = '2' AND api_bar.member_id = '14' AND api_bar.is_xu = 0 LIMIT 1   [ RunTime:0.0380s ]
SQL: SHOW COLUMNS FROM `api_bar_member` [ RunTime:0.0390s ]
SQL: SELECT COUNT(*) AS tp_count FROM `api_bar_member` WHERE `bar_id` = 144 LIMIT 1   [ RunTime:0.0380s ]
SQL: SELECT COUNT(*) AS tp_count FROM `api_bar_member` WHERE `bar_id` = 144 LIMIT 1   [ RunTime:0.0370s ]

[ 2018-03-15T18:55:56+08:00 ] 127.0.0.1 /csj/trunk/php/project/member/index.php/v1.1/bar/myBarList
INFO: [ app_init ] --START--
INFO: Run Behavior\BuildLiteBehavior [ RunTime:0.000000s ]
INFO: [ app_init ] --END-- [ RunTime:0.000000s ]
INFO: [ app_begin ] --START--
INFO: Run Behavior\ReadHtmlCacheBehavior [ RunTime:0.000000s ]
INFO: [ app_begin ] --END-- [ RunTime:0.000000s ]
SQL: SHOW COLUMNS FROM `api_order` [ RunTime:0.0450s ]
SQL: SHOW COLUMNS FROM `api_bar` [ RunTime:0.0450s ]
SQL: SHOW COLUMNS FROM `api_bar_member` [ RunTime:0.0430s ]
SQL: SELECT api_bar.*,api_member.nickname,api_member.sex,api_member.avatar,api_merchant.begin_time,api_merchant.title,api_comment_barstar.average_star,api_bar_member.pay_status FROM `api_bar` left join api_merchant ON api_merchant.id = api_bar.merchant_id left join api_member ON api_member.id = api_bar.member_id left join api_bar_member ON api_bar_member.member_id=14 left join api_comment_barstar  ON api_comment_barstar.member_id = api_bar.member_id  WHERE api_bar.bar_type = '2' AND api_bar.member_id = '14' AND api_bar.is_xu = 0 LIMIT 0,20   [ RunTime:0.0460s ]

[ 2018-03-15T19:29:24+08:00 ] 127.0.0.1 /csj/trunk/php/project/member/index.php/v1.1/bar/myBarList
INFO: [ app_init ] --START--
INFO: Run Behavior\BuildLiteBehavior [ RunTime:0.000000s ]
INFO: [ app_init ] --END-- [ RunTime:0.001000s ]
INFO: [ app_begin ] --START--
INFO: Run Behavior\ReadHtmlCacheBehavior [ RunTime:0.001000s ]
INFO: [ app_begin ] --END-- [ RunTime:0.001000s ]
SQL: SHOW COLUMNS FROM `api_order` [ RunTime:0.0400s ]
SQL: SHOW COLUMNS FROM `api_bar` [ RunTime:0.0390s ]
SQL: SHOW COLUMNS FROM `api_bar_member` [ RunTime:0.0380s ]
ERR: 1054:Unknown column 'api_bar_member.pay_status' in 'field list'
 [ SQL语句 ] : SELECT api_bar.*,api_member.nickname,api_member.sex,api_member.avatar,api_merchant.begin_time,api_merchant.title,api_comment_barstar.average_star,api_bar_member.pay_status FROM `api_bar` left join api_merchant ON api_merchant.id = api_bar.merchant_id left join api_member ON api_member.id = api_bar.member_id left join api_comment_barstar  ON api_comment_barstar.member_id = api_bar.member_id  WHERE api_bar.bar_type = '2' AND api_bar.member_id = '14' AND api_bar.is_xu = 0 LIMIT 0,20  
ERR: 1054:Unknown column 'api_bar_member.pay_status' in 'field list'
 [ SQL语句 ] : SELECT api_bar.*,api_member.nickname,api_member.sex,api_member.avatar,api_merchant.begin_time,api_merchant.title,api_comment_barstar.average_star,api_bar_member.pay_status FROM `api_bar` left join api_merchant ON api_merchant.id = api_bar.merchant_id left join api_member ON api_member.id = api_bar.member_id left join api_comment_barstar  ON api_comment_barstar.member_id = api_bar.member_id  WHERE api_bar.bar_type = '2' AND api_bar.member_id = '14' AND api_bar.is_xu = 0 LIMIT 0,20  

[ 2018-03-15T19:29:58+08:00 ] 127.0.0.1 /csj/trunk/php/project/member/index.php/v1.1/bar/myBarList
INFO: [ app_init ] --START--
INFO: Run Behavior\BuildLiteBehavior [ RunTime:0.000000s ]
INFO: [ app_init ] --END-- [ RunTime:0.000000s ]
INFO: [ app_begin ] --START--
INFO: Run Behavior\ReadHtmlCacheBehavior [ RunTime:0.000000s ]
INFO: [ app_begin ] --END-- [ RunTime:0.000000s ]
SQL: SHOW COLUMNS FROM `api_order` [ RunTime:0.0430s ]
SQL: SHOW COLUMNS FROM `api_bar` [ RunTime:0.0420s ]
SQL: SHOW COLUMNS FROM `api_bar_member` [ RunTime:0.0400s ]
SQL: SELECT api_bar.*,api_member.nickname,api_member.sex,api_member.avatar,api_merchant.begin_time,api_merchant.title,api_comment_barstar.average_star FROM `api_bar` left join api_merchant ON api_merchant.id = api_bar.merchant_id left join api_member ON api_member.id = api_bar.member_id left join api_comment_barstar  ON api_comment_barstar.member_id = api_bar.member_id  WHERE api_bar.bar_type = '2' AND api_bar.member_id = '14' AND api_bar.is_xu = 0 LIMIT 0,20   [ RunTime:0.0410s ]

[ 2018-03-15T19:30:07+08:00 ] 127.0.0.1 /csj/trunk/php/project/member/index.php/v1.1/bar/myBarList
INFO: [ app_init ] --START--
INFO: Run Behavior\BuildLiteBehavior [ RunTime:0.000000s ]
INFO: [ app_init ] --END-- [ RunTime:0.001000s ]
INFO: [ app_begin ] --START--
INFO: Run Behavior\ReadHtmlCacheBehavior [ RunTime:0.000000s ]
INFO: [ app_begin ] --END-- [ RunTime:0.000000s ]
SQL: SHOW COLUMNS FROM `api_order` [ RunTime:0.0470s ]
SQL: SHOW COLUMNS FROM `api_bar` [ RunTime:0.0460s ]
SQL: SHOW COLUMNS FROM `api_bar_member` [ RunTime:0.0460s ]
SQL: SELECT api_bar.*,api_member.nickname,api_member.sex,api_member.avatar,api_merchant.begin_time,api_merchant.title,api_comment_barstar.average_star FROM `api_bar` left join api_merchant ON api_merchant.id = api_bar.merchant_id left join api_member ON api_member.id = api_bar.member_id left join api_comment_barstar  ON api_comment_barstar.member_id = api_bar.member_id  WHERE api_bar.bar_type = '2' AND api_bar.member_id = '14' AND api_bar.is_xu = 0 LIMIT 0,20   [ RunTime:0.0460s ]
SQL: SELECT COUNT(*) AS tp_count FROM `api_bar` left join api_merchant ON api_merchant.id = api_bar.merchant_id left join api_member ON api_member.id = api_bar.member_id left join api_comment_barstar  ON api_comment_barstar.member_id = api_bar.member_id  WHERE api_bar.bar_type = '2' AND api_bar.member_id = '14' AND api_bar.is_xu = 0 LIMIT 1   [ RunTime:0.0440s ]
SQL: SHOW COLUMNS FROM `api_bar_member` [ RunTime:0.0460s ]
SQL: SELECT COUNT(*) AS tp_count FROM `api_bar_member` WHERE `bar_id` = 144 LIMIT 1   [ RunTime:0.0450s ]
NOTIC: [8] Undefined index: pay_status D:\phpStudy\WWW\csj\trunk\php\project\member\Application\V1_1\Model\BarModel.class.php 第 298 行.

[ 2018-03-15T19:31:04+08:00 ] 127.0.0.1 /csj/trunk/php/project/member/index.php/v1.1/bar/myBarList
INFO: [ app_init ] --START--
INFO: Run Behavior\BuildLiteBehavior [ RunTime:0.000000s ]
INFO: [ app_init ] --END-- [ RunTime:0.001000s ]
INFO: [ app_begin ] --START--
INFO: Run Behavior\ReadHtmlCacheBehavior [ RunTime:0.000000s ]
INFO: [ app_begin ] --END-- [ RunTime:0.000000s ]
SQL: SHOW COLUMNS FROM `api_order` [ RunTime:0.0470s ]
SQL: SHOW COLUMNS FROM `api_bar` [ RunTime:0.0470s ]
SQL: SHOW COLUMNS FROM `api_bar_member` [ RunTime:0.0470s ]
SQL: SELECT api_bar.*,api_member.nickname,api_member.sex,api_member.avatar,api_merchant.begin_time,api_merchant.title,api_comment_barstar.average_star,api_bar_member.pay_status FROM `api_bar` left join api_merchant ON api_merchant.id = api_bar.merchant_id left join api_member ON api_member.id = api_bar.member_id left join api_bar_member ON api_bar_member.member_id=14 left join api_comment_barstar  ON api_comment_barstar.member_id = api_bar.member_id  WHERE api_bar.bar_type = '2' AND api_bar.member_id = '14' AND api_bar.is_xu = 0 LIMIT 0,20   [ RunTime:0.0480s ]

[ 2018-03-15T19:32:15+08:00 ] 127.0.0.1 /csj/trunk/php/project/member/index.php/v1.1/bar/myBarList
INFO: [ app_init ] --START--
INFO: Run Behavior\BuildLiteBehavior [ RunTime:0.000000s ]
INFO: [ app_init ] --END-- [ RunTime:0.001000s ]
INFO: [ app_begin ] --START--
INFO: Run Behavior\ReadHtmlCacheBehavior [ RunTime:0.000000s ]
INFO: [ app_begin ] --END-- [ RunTime:0.001000s ]
SQL: SHOW COLUMNS FROM `api_order` [ RunTime:0.0370s ]
SQL: SHOW COLUMNS FROM `api_bar` [ RunTime:0.0380s ]
SQL: SHOW COLUMNS FROM `api_bar_member` [ RunTime:0.0380s ]
SQL: SELECT api_bar.*,api_member.nickname,api_member.sex,api_member.avatar,api_merchant.begin_time,api_merchant.title,api_comment_barstar.average_star,api_bar_member.pay_status FROM `api_bar` left join api_merchant ON api_merchant.id = api_bar.merchant_id left join api_member ON api_member.id = api_bar.member_id left join api_bar_member ON api_bar_member.bar_id=api_bar.id AND api_bar_member.member_id=14 left join api_comment_barstar  ON api_comment_barstar.member_id = api_bar.member_id  WHERE api_bar.bar_type = '2' AND api_bar.member_id = '14' AND api_bar.is_xu = 0 LIMIT 0,20   [ RunTime:0.0390s ]
SQL: SELECT COUNT(*) AS tp_count FROM `api_bar` left join api_merchant ON api_merchant.id = api_bar.merchant_id left join api_member ON api_member.id = api_bar.member_id left join api_comment_barstar  ON api_comment_barstar.member_id = api_bar.member_id  WHERE api_bar.bar_type = '2' AND api_bar.member_id = '14' AND api_bar.is_xu = 0 LIMIT 1   [ RunTime:0.0360s ]
SQL: SHOW COLUMNS FROM `api_bar_member` [ RunTime:0.0360s ]
SQL: SELECT COUNT(*) AS tp_count FROM `api_bar_member` WHERE `bar_id` = 144 LIMIT 1   [ RunTime:0.0350s ]

