[ 2018-03-22T11:43:52+08:00 ] 127.0.0.1 /csj/trunk/php/project/member/index.php/v1.1/unified/paymentResultBar
INFO: [ app_init ] --START--
INFO: Run Behavior\BuildLiteBehavior [ RunTime:0.000000s ]
INFO: [ app_init ] --END-- [ RunTime:0.001000s ]
INFO: [ app_begin ] --START--
INFO: Run Behavior\ReadHtmlCacheBehavior [ RunTime:0.001000s ]
INFO: [ app_begin ] --END-- [ RunTime:0.001000s ]

[ 2018-03-22T11:44:01+08:00 ] 127.0.0.1 /csj/trunk/php/project/member/index.php/v1.1/unified/paymentResultBar
INFO: [ app_init ] --START--
INFO: Run Behavior\BuildLiteBehavior [ RunTime:0.000000s ]
INFO: [ app_init ] --END-- [ RunTime:0.000000s ]
INFO: [ app_begin ] --START--
INFO: Run Behavior\ReadHtmlCacheBehavior [ RunTime:0.000000s ]
INFO: [ app_begin ] --END-- [ RunTime:0.000000s ]
SQL: SHOW COLUMNS FROM `api_bar_member` [ RunTime:0.0440s ]
SQL: SELECT `pay_status`,api_bar.arrives_time,`order_type`,`begin_time`,`end_time` FROM `api_bar_member` INNER JOIN api_bar ON api_bar.id = api_bar_member.bar_id INNER JOIN api_merchant ON api_merchant.id = api_bar.merchant_id  WHERE api_bar.id = '28' LIMIT 1   [ RunTime:0.0440s ]

[ 2018-03-22T11:44:41+08:00 ] 127.0.0.1 /csj/trunk/php/project/member/index.php/v1.1/unified/paymentResultBar
INFO: [ app_init ] --START--
INFO: Run Behavior\BuildLiteBehavior [ RunTime:0.000000s ]
INFO: [ app_init ] --END-- [ RunTime:0.000000s ]
INFO: [ app_begin ] --START--
INFO: Run Behavior\ReadHtmlCacheBehavior [ RunTime:0.000000s ]
INFO: [ app_begin ] --END-- [ RunTime:0.000000s ]
SQL: SHOW COLUMNS FROM `api_bar_member` [ RunTime:0.0400s ]
SQL: SELECT `pay_status`,api_bar.arrives_time,`order_type`,`begin_time`,`end_time` FROM `api_bar_member` INNER JOIN api_bar ON api_bar.id = api_bar_member.bar_id INNER JOIN api_merchant ON api_merchant.id = api_bar.merchant_id  WHERE api_bar_member.id = '28' LIMIT 1   [ RunTime:0.0390s ]

[ 2018-03-22T11:45:06+08:00 ] 127.0.0.1 /csj/trunk/php/project/member/index.php/v1.1/unified/paymentResultBar
INFO: [ app_init ] --START--
INFO: Run Behavior\BuildLiteBehavior [ RunTime:0.000000s ]
INFO: [ app_init ] --END-- [ RunTime:0.000000s ]
INFO: [ app_begin ] --START--
INFO: Run Behavior\ReadHtmlCacheBehavior [ RunTime:0.002000s ]
INFO: [ app_begin ] --END-- [ RunTime:0.002000s ]
SQL: SHOW COLUMNS FROM `api_bar_member` [ RunTime:0.0450s ]
SQL: SELECT `pay_status`,api_bar.arrives_time,`order_type`,`begin_time`,`end_time` FROM `api_bar_member` INNER JOIN api_bar ON api_bar.id = api_bar_member.bar_id INNER JOIN api_merchant ON api_merchant.id = api_bar.merchant_id  WHERE api_bar_member.id = '28' LIMIT 1   [ RunTime:0.0410s ]

[ 2018-03-22T13:48:56+08:00 ] 127.0.0.1 /csj/trunk/php/project/member/index.php/v1.1/unified/payshow
INFO: [ app_init ] --START--
INFO: Run Behavior\BuildLiteBehavior [ RunTime:0.000000s ]
INFO: [ app_init ] --END-- [ RunTime:0.000000s ]
INFO: [ app_begin ] --START--
INFO: Run Behavior\ReadHtmlCacheBehavior [ RunTime:0.001000s ]
INFO: [ app_begin ] --END-- [ RunTime:0.001000s ]
SQL: SHOW COLUMNS FROM `api_bar_member` [ RunTime:0.0380s ]
SQL: SELECT `id`,`pay_price`,`created_time` FROM `api_bar_member` WHERE `id` = 29 LIMIT 1   [ RunTime:0.0370s ]

[ 2018-03-22T14:09:03+08:00 ] 127.0.0.1 /csj/trunk/php/project/member/index.php/v1.1/unified/payshow
INFO: [ app_init ] --START--
INFO: Run Behavior\BuildLiteBehavior [ RunTime:0.000000s ]
INFO: [ app_init ] --END-- [ RunTime:0.001000s ]
INFO: [ app_begin ] --START--
INFO: Run Behavior\ReadHtmlCacheBehavior [ RunTime:0.000000s ]
INFO: [ app_begin ] --END-- [ RunTime:0.000000s ]

[ 2018-03-22T14:09:26+08:00 ] 127.0.0.1 /csj/trunk/php/project/member/index.php/v1.1/bar/barInfo
INFO: [ app_init ] --START--
INFO: Run Behavior\BuildLiteBehavior [ RunTime:0.000000s ]
INFO: [ app_init ] --END-- [ RunTime:0.000000s ]
INFO: [ app_begin ] --START--
INFO: Run Behavior\ReadHtmlCacheBehavior [ RunTime:0.000000s ]
INFO: [ app_begin ] --END-- [ RunTime:0.000000s ]
SQL: SHOW COLUMNS FROM `api_order` [ RunTime:0.0400s ]
SQL: SHOW COLUMNS FROM `api_bar` [ RunTime:0.0400s ]
SQL: SHOW COLUMNS FROM `api_bar_member` [ RunTime:0.0400s ]
SQL: SELECT * FROM `api_bar` WHERE `id` = 44 LIMIT 1   [ RunTime:0.0410s ]
SQL: SELECT api_bar.*,api_merchant.title,api_merchant.address,api_merchant.begin_time,api_merchant.end_time,api_member.nickname,api_member.sex,api_member.avatar,api_member.signature,api_comment_barstar.average_star,(api_bar.woman_number+api_bar.man_number) as total_number,api_bar_member.pay_status,api_bar_member.pay_type,api_bar_member.id as order_id,api_bar_member.pay_no as order_no FROM `api_bar` left join api_merchant ON api_merchant.id = api_bar.merchant_id left join api_member ON api_member.id = api_bar.member_id left join api_bar_member ON api_bar_member.bar_id = api_bar.id AND api_bar_member.member_id = 20 left join api_comment_barstar ON api_comment_barstar.member_id = api_bar.member_id  WHERE api_bar.id = '44' LIMIT 1   [ RunTime:0.0410s ]

[ 2018-03-22T14:10:29+08:00 ] 127.0.0.1 /csj/trunk/php/project/member/index.php/v1.1/bar/barInfo
INFO: [ app_init ] --START--
INFO: Run Behavior\BuildLiteBehavior [ RunTime:0.000000s ]
INFO: [ app_init ] --END-- [ RunTime:0.000000s ]
INFO: [ app_begin ] --START--
INFO: Run Behavior\ReadHtmlCacheBehavior [ RunTime:0.000000s ]
INFO: [ app_begin ] --END-- [ RunTime:0.000000s ]
SQL: SHOW COLUMNS FROM `api_order` [ RunTime:0.0440s ]
SQL: SHOW COLUMNS FROM `api_bar` [ RunTime:0.0430s ]
SQL: SHOW COLUMNS FROM `api_bar_member` [ RunTime:0.0420s ]
SQL: SELECT * FROM `api_bar` WHERE `id` = 44 LIMIT 1   [ RunTime:0.0430s ]
SQL: SELECT api_bar.*,api_merchant.title,api_merchant.address,api_merchant.begin_time,api_merchant.end_time,api_member.nickname,api_member.sex,api_member.avatar,api_member.signature,api_comment_barstar.average_star,(api_bar.woman_number+api_bar.man_number) as total_number,api_bar_member.pay_status,api_bar_member.pay_type,api_bar_member.id as order_id,api_bar_member.pay_no as order_no FROM `api_bar` left join api_merchant ON api_merchant.id = api_bar.merchant_id left join api_member ON api_member.id = api_bar.member_id left join api_bar_member ON api_bar_member.bar_id = api_bar.id AND api_bar_member.member_id = 20 left join api_comment_barstar ON api_comment_barstar.member_id = api_bar.member_id  WHERE api_bar.id = '44' LIMIT 1   [ RunTime:0.0440s ]

[ 2018-03-22T14:11:51+08:00 ] 127.0.0.1 /csj/trunk/php/project/member/index.php/v1.1/bar/barInfo
INFO: [ app_init ] --START--
INFO: Run Behavior\BuildLiteBehavior [ RunTime:0.000000s ]
INFO: [ app_init ] --END-- [ RunTime:0.001000s ]
INFO: [ app_begin ] --START--
INFO: Run Behavior\ReadHtmlCacheBehavior [ RunTime:0.000000s ]
INFO: [ app_begin ] --END-- [ RunTime:0.001000s ]
SQL: SHOW COLUMNS FROM `api_order` [ RunTime:0.0440s ]
SQL: SHOW COLUMNS FROM `api_bar` [ RunTime:0.0430s ]
SQL: SHOW COLUMNS FROM `api_bar_member` [ RunTime:0.0420s ]
SQL: SELECT * FROM `api_bar` WHERE `id` = 47 LIMIT 1   [ RunTime:0.0430s ]
SQL: SELECT api_bar.*,api_merchant.title,api_merchant.address,api_merchant.begin_time,api_merchant.end_time,api_member.nickname,api_member.sex,api_member.avatar,api_member.signature,api_comment_barstar.average_star,(api_bar.woman_number+api_bar.man_number) as total_number,api_bar_member.pay_status,api_bar_member.pay_type,api_bar_member.id as order_id,api_bar_member.pay_no as order_no FROM `api_bar` left join api_merchant ON api_merchant.id = api_bar.merchant_id left join api_member ON api_member.id = api_bar.member_id left join api_bar_member ON api_bar_member.bar_id = api_bar.id AND api_bar_member.member_id = 20 left join api_comment_barstar ON api_comment_barstar.member_id = api_bar.member_id  WHERE api_bar.id = '47' LIMIT 1   [ RunTime:0.0420s ]

[ 2018-03-22T14:12:04+08:00 ] 127.0.0.1 /csj/trunk/php/project/member/index.php/v1.1/bar/barInfo
INFO: [ app_init ] --START--
INFO: Run Behavior\BuildLiteBehavior [ RunTime:0.000000s ]
INFO: [ app_init ] --END-- [ RunTime:0.000000s ]
INFO: [ app_begin ] --START--
INFO: Run Behavior\ReadHtmlCacheBehavior [ RunTime:0.000000s ]
INFO: [ app_begin ] --END-- [ RunTime:0.000000s ]
SQL: SHOW COLUMNS FROM `api_order` [ RunTime:0.0420s ]
SQL: SHOW COLUMNS FROM `api_bar` [ RunTime:0.0420s ]
SQL: SHOW COLUMNS FROM `api_bar_member` [ RunTime:0.0400s ]
SQL: SELECT * FROM `api_bar` WHERE `id` = 47 LIMIT 1   [ RunTime:0.0400s ]
SQL: SELECT api_bar.*,api_merchant.title,api_merchant.address,api_merchant.begin_time,api_merchant.end_time,api_member.nickname,api_member.sex,api_member.avatar,api_member.signature,api_comment_barstar.average_star,(api_bar.woman_number+api_bar.man_number) as total_number,api_bar_member.pay_status,api_bar_member.pay_type,api_bar_member.id as order_id,api_bar_member.pay_no as order_no FROM `api_bar` left join api_merchant ON api_merchant.id = api_bar.merchant_id left join api_member ON api_member.id = api_bar.member_id left join api_bar_member ON api_bar_member.bar_id = api_bar.id AND api_bar_member.member_id = 20 left join api_comment_barstar ON api_comment_barstar.member_id = api_bar.member_id  WHERE api_bar.id = '47' LIMIT 1   [ RunTime:0.0410s ]

[ 2018-03-22T14:17:51+08:00 ] 127.0.0.1 /csj/trunk/php/project/member/index.php/v1.1/bar/myBarList
INFO: [ app_init ] --START--
INFO: Run Behavior\BuildLiteBehavior [ RunTime:0.000000s ]
INFO: [ app_init ] --END-- [ RunTime:0.001000s ]
INFO: [ app_begin ] --START--
INFO: Run Behavior\ReadHtmlCacheBehavior [ RunTime:0.001000s ]
INFO: [ app_begin ] --END-- [ RunTime:0.001000s ]
SQL: SHOW COLUMNS FROM `api_order` [ RunTime:0.0440s ]
SQL: SHOW COLUMNS FROM `api_bar` [ RunTime:0.0440s ]
SQL: SHOW COLUMNS FROM `api_bar_member` [ RunTime:0.0440s ]
SQL: SHOW COLUMNS FROM `api_bar_member` [ RunTime:0.0430s ]
SQL: SELECT api_bar.*,api_member.nickname,api_member.sex,api_member.avatar,api_merchant.begin_time,api_merchant.title,api_comment_barstar.average_star,api_bar_member.is_evaluate,(select count(id) from api_comment_bar where bar_id = api_bar.id ) as comment_count,api_bar_member.pay_status FROM `api_bar_member` inner join api_bar ON api_bar.id = api_bar_member.bar_id left join api_member ON api_member.id = api_bar.member_id left join api_merchant ON api_merchant.id = api_bar.merchant_id left join api_comment_barstar  ON api_comment_barstar.member_id = api_bar.member_id  WHERE api_bar_member.member_id = '13' AND api_bar.bar_type = '1' LIMIT 0,20   [ RunTime:0.0430s ]
SQL: SELECT COUNT(*) AS tp_count FROM `api_bar_member` inner join api_bar ON api_bar.id = api_bar_member.bar_id left join api_member ON api_member.id = api_bar.member_id left join api_merchant ON api_merchant.id = api_bar.merchant_id left join api_comment_barstar  ON api_comment_barstar.member_id = api_bar.member_id  WHERE api_bar_member.member_id = '13' AND api_bar.bar_type = '1' LIMIT 1   [ RunTime:0.0430s ]
SQL: SELECT COUNT(*) AS tp_count FROM `api_bar_member` WHERE `bar_id` = 44 LIMIT 1   [ RunTime:0.0410s ]

[ 2018-03-22T14:20:22+08:00 ] 127.0.0.1 /csj/trunk/php/project/member/index.php/v1.1/bar/myBarList
INFO: [ app_init ] --START--
INFO: Run Behavior\BuildLiteBehavior [ RunTime:0.000000s ]
INFO: [ app_init ] --END-- [ RunTime:0.001000s ]
INFO: [ app_begin ] --START--
INFO: Run Behavior\ReadHtmlCacheBehavior [ RunTime:0.001000s ]
INFO: [ app_begin ] --END-- [ RunTime:0.001000s ]
SQL: SHOW COLUMNS FROM `api_order` [ RunTime:0.0450s ]
SQL: SHOW COLUMNS FROM `api_bar` [ RunTime:0.0450s ]
SQL: SHOW COLUMNS FROM `api_bar_member` [ RunTime:0.0440s ]
SQL: SHOW COLUMNS FROM `api_bar_member` [ RunTime:0.0440s ]
SQL: SELECT api_bar.*,api_member.nickname,api_member.sex,api_member.avatar,api_merchant.begin_time,api_merchant.title,api_comment_barstar.average_star,api_bar_member.is_evaluate,(select count(id) from api_comment_bar where bar_id = api_bar.id ) as comment_count,api_bar_member.pay_status FROM `api_bar_member` inner join api_bar ON api_bar.id = api_bar_member.bar_id left join api_member ON api_member.id = api_bar.member_id left join api_merchant ON api_merchant.id = api_bar.merchant_id left join api_comment_barstar  ON api_comment_barstar.member_id = api_bar.member_id  WHERE api_bar_member.member_id = '13' AND api_bar.bar_type = '1' LIMIT 0,20   [ RunTime:0.0440s ]
SQL: SELECT COUNT(*) AS tp_count FROM `api_bar_member` inner join api_bar ON api_bar.id = api_bar_member.bar_id left join api_member ON api_member.id = api_bar.member_id left join api_merchant ON api_merchant.id = api_bar.merchant_id left join api_comment_barstar  ON api_comment_barstar.member_id = api_bar.member_id  WHERE api_bar_member.member_id = '13' AND api_bar.bar_type = '1' LIMIT 1   [ RunTime:0.0430s ]
SQL: SELECT COUNT(*) AS tp_count FROM `api_bar_member` WHERE `bar_id` = 44 LIMIT 1   [ RunTime:0.0420s ]

[ 2018-03-22T14:21:33+08:00 ] 127.0.0.1 /csj/trunk/php/project/member/index.php/v1.1/bar/myBarList
INFO: [ app_init ] --START--
INFO: Run Behavior\BuildLiteBehavior [ RunTime:0.000000s ]
INFO: [ app_init ] --END-- [ RunTime:0.001000s ]
INFO: [ app_begin ] --START--
INFO: Run Behavior\ReadHtmlCacheBehavior [ RunTime:0.001000s ]
INFO: [ app_begin ] --END-- [ RunTime:0.001000s ]
SQL: SHOW COLUMNS FROM `api_order` [ RunTime:0.0640s ]
SQL: SHOW COLUMNS FROM `api_bar` [ RunTime:0.0620s ]
SQL: SHOW COLUMNS FROM `api_bar_member` [ RunTime:0.0600s ]
SQL: SHOW COLUMNS FROM `api_bar_member` [ RunTime:0.0570s ]
SQL: SELECT api_bar.*,api_member.nickname,api_member.sex,api_member.avatar,api_merchant.begin_time,api_merchant.title,api_comment_barstar.average_star,api_bar_member.is_evaluate,(select count(id) from api_comment_bar where bar_id = api_bar.id ) as comment_count,api_bar_member.pay_status FROM `api_bar_member` inner join api_bar ON api_bar.id = api_bar_member.bar_id left join api_member ON api_member.id = api_bar.member_id left join api_merchant ON api_merchant.id = api_bar.merchant_id left join api_comment_barstar  ON api_comment_barstar.member_id = api_bar.member_id  WHERE api_bar_member.member_id = '13' AND api_bar.bar_type = '1' LIMIT 0,20   [ RunTime:0.0600s ]
SQL: SELECT COUNT(*) AS tp_count FROM `api_bar_member` inner join api_bar ON api_bar.id = api_bar_member.bar_id left join api_member ON api_member.id = api_bar.member_id left join api_merchant ON api_merchant.id = api_bar.merchant_id left join api_comment_barstar  ON api_comment_barstar.member_id = api_bar.member_id  WHERE api_bar_member.member_id = '13' AND api_bar.bar_type = '1' LIMIT 1   [ RunTime:0.0580s ]
SQL: SELECT COUNT(*) AS tp_count FROM `api_bar_member` WHERE `bar_id` = 44 LIMIT 1   [ RunTime:0.0590s ]

[ 2018-03-22T14:41:32+08:00 ] 127.0.0.1 /csj/trunk/php/project/member/index.php/v1.1/unified/paymentResultBar
INFO: [ app_init ] --START--
INFO: Run Behavior\BuildLiteBehavior [ RunTime:0.000000s ]
INFO: [ app_init ] --END-- [ RunTime:0.000000s ]
INFO: [ app_begin ] --START--
INFO: Run Behavior\ReadHtmlCacheBehavior [ RunTime:0.001000s ]
INFO: [ app_begin ] --END-- [ RunTime:0.001000s ]
SQL: SHOW COLUMNS FROM `api_bar_member` [ RunTime:0.0390s ]
SQL: SELECT `pay_status`,api_bar.arrives_time,`order_type`,`begin_time`,`end_time` FROM `api_bar_member` INNER JOIN api_bar ON api_bar.id = api_bar_member.bar_id INNER JOIN api_merchant ON api_merchant.id = api_bar.merchant_id  WHERE api_bar_member.id = '30' LIMIT 1   [ RunTime:0.0380s ]

[ 2018-03-22T14:45:44+08:00 ] 127.0.0.1 /csj/trunk/php/project/member/index.php/v1.1/unified/paymentResultBar
INFO: [ app_init ] --START--
INFO: Run Behavior\BuildLiteBehavior [ RunTime:0.000000s ]
INFO: [ app_init ] --END-- [ RunTime:0.000000s ]
INFO: [ app_begin ] --START--
INFO: Run Behavior\ReadHtmlCacheBehavior [ RunTime:0.001000s ]
INFO: [ app_begin ] --END-- [ RunTime:0.001000s ]
SQL: SHOW COLUMNS FROM `api_bar_member` [ RunTime:0.0440s ]
SQL: SELECT `pay_status`,api_bar.arrives_time,`order_type`,`begin_time`,`end_time` FROM `api_bar_member` INNER JOIN api_bar ON api_bar.id = api_bar_member.bar_id INNER JOIN api_merchant ON api_merchant.id = api_bar.merchant_id  WHERE api_bar_member.id = '34' LIMIT 1   [ RunTime:0.0430s ]

[ 2018-03-22T14:46:28+08:00 ] 127.0.0.1 /csj/trunk/php/project/member/index.php/v1.1/bar/myBarList
INFO: [ app_init ] --START--
INFO: Run Behavior\BuildLiteBehavior [ RunTime:0.000000s ]
INFO: [ app_init ] --END-- [ RunTime:0.000000s ]
INFO: [ app_begin ] --START--
INFO: Run Behavior\ReadHtmlCacheBehavior [ RunTime:0.001000s ]
INFO: [ app_begin ] --END-- [ RunTime:0.001000s ]
SQL: SHOW COLUMNS FROM `api_order` [ RunTime:0.0380s ]
SQL: SHOW COLUMNS FROM `api_bar` [ RunTime:0.0750s ]
SQL: SHOW COLUMNS FROM `api_bar_member` [ RunTime:0.0830s ]
SQL: SHOW COLUMNS FROM `api_bar_member` [ RunTime:0.0670s ]
SQL: SELECT api_bar.*,api_member.nickname,api_member.sex,api_member.avatar,api_merchant.begin_time,api_merchant.title,api_comment_barstar.average_star,api_bar_member.is_evaluate,(select count(id) from api_comment_bar where bar_id = api_bar.id ) as comment_count,api_bar_member.pay_status FROM `api_bar_member` inner join api_bar ON api_bar.id = api_bar_member.bar_id left join api_member ON api_member.id = api_bar.member_id left join api_merchant ON api_merchant.id = api_bar.merchant_id left join api_comment_barstar  ON api_comment_barstar.member_id = api_bar.member_id  WHERE api_bar_member.member_id = '13' AND api_bar.bar_type = '1' LIMIT 0,20   [ RunTime:0.0490s ]
SQL: SELECT COUNT(*) AS tp_count FROM `api_bar_member` inner join api_bar ON api_bar.id = api_bar_member.bar_id left join api_member ON api_member.id = api_bar.member_id left join api_merchant ON api_merchant.id = api_bar.merchant_id left join api_comment_barstar  ON api_comment_barstar.member_id = api_bar.member_id  WHERE api_bar_member.member_id = '13' AND api_bar.bar_type = '1' LIMIT 1   [ RunTime:0.0480s ]
SQL: SELECT COUNT(*) AS tp_count FROM `api_bar_member` WHERE `bar_id` = 49 LIMIT 1   [ RunTime:0.0480s ]

[ 2018-03-22T14:49:15+08:00 ] 127.0.0.1 /csj/trunk/php/project/member/index.php/v1.1/bar/myBarList
INFO: [ app_init ] --START--
INFO: Run Behavior\BuildLiteBehavior [ RunTime:0.000000s ]
INFO: [ app_init ] --END-- [ RunTime:0.000000s ]
INFO: [ app_begin ] --START--
INFO: Run Behavior\ReadHtmlCacheBehavior [ RunTime:0.000000s ]
INFO: [ app_begin ] --END-- [ RunTime:0.000000s ]
SQL: SHOW COLUMNS FROM `api_order` [ RunTime:0.0410s ]
SQL: SHOW COLUMNS FROM `api_bar` [ RunTime:0.0400s ]
SQL: SHOW COLUMNS FROM `api_bar_member` [ RunTime:0.0390s ]
SQL: SHOW COLUMNS FROM `api_bar_member` [ RunTime:0.0380s ]
SQL: SELECT api_bar.*,api_member.nickname,api_member.sex,api_member.avatar,api_merchant.begin_time,api_merchant.title,api_comment_barstar.average_star,api_bar_member.id as order_id,api_bar_member.is_evaluate,(select count(id) from api_comment_bar where bar_id = api_bar.id ) as comment_count,api_bar_member.pay_status FROM `api_bar_member` inner join api_bar ON api_bar.id = api_bar_member.bar_id left join api_member ON api_member.id = api_bar.member_id left join api_merchant ON api_merchant.id = api_bar.merchant_id left join api_comment_barstar  ON api_comment_barstar.member_id = api_bar.member_id  WHERE api_bar_member.member_id = '13' AND api_bar.bar_type = '1' LIMIT 0,20   [ RunTime:0.0410s ]
SQL: SELECT COUNT(*) AS tp_count FROM `api_bar_member` inner join api_bar ON api_bar.id = api_bar_member.bar_id left join api_member ON api_member.id = api_bar.member_id left join api_merchant ON api_merchant.id = api_bar.merchant_id left join api_comment_barstar  ON api_comment_barstar.member_id = api_bar.member_id  WHERE api_bar_member.member_id = '13' AND api_bar.bar_type = '1' LIMIT 1   [ RunTime:0.0380s ]
SQL: SELECT COUNT(*) AS tp_count FROM `api_bar_member` WHERE `bar_id` = 49 LIMIT 1   [ RunTime:0.0380s ]

[ 2018-03-22T16:45:26+08:00 ] 127.0.0.1 /csj/trunk/php/project/member/index.php/v1.1/bar/barIndex
INFO: [ app_init ] --START--
INFO: Run Behavior\BuildLiteBehavior [ RunTime:0.000000s ]
INFO: [ app_init ] --END-- [ RunTime:0.001000s ]
INFO: [ app_begin ] --START--
INFO: Run Behavior\ReadHtmlCacheBehavior [ RunTime:0.000000s ]
INFO: [ app_begin ] --END-- [ RunTime:0.000000s ]
SQL: SHOW COLUMNS FROM `api_order` [ RunTime:0.0400s ]
SQL: SHOW COLUMNS FROM `api_bar` [ RunTime:0.0380s ]
SQL: SHOW COLUMNS FROM `api_bar_member` [ RunTime:0.0390s ]
SQL: SHOW COLUMNS FROM `api_member_blacklist` [ RunTime:0.0390s ]
SQL: SELECT `black_member_id` FROM `api_member_blacklist` WHERE `member_id` = 14  [ RunTime:0.0370s ]
SQL: SELECT round(2 * 6378.137* ASIN(SQRT(POW(SIN(PI()*(30.67708-c.lat)/360),2)+COS(PI()*30.67708/180)* COS(c.lat * PI()/180)*POW(SIN(PI()*(104.1057-c.lng)/360),2))),1) as juli,a.*,b.nickname,b.avatar,b.sex,b.age,c.title,c.begin_time,d.average_star,(select count(*) from api_bar_member where bar_id=a.id) as count,(a.woman_number + a.man_number) as total_number,(a.woman_number + a.man_number)-(select count(*) from api_bar_member where bar_id=a.id) as rest_number FROM api_bar a left join api_member b ON b.id=a.member_id left join api_merchant c ON c.id=a.merchant_id left join api_comment_barstar d ON d.member_id = a.member_id  WHERE a.bar_type = 2 AND a.bar_status = 1 ORDER BY juli asc LIMIT 0,20   [ RunTime:0.0390s ]

