[ 2018-04-28T11:02:49+08:00 ] 182.138.218.72 /v1.1/goods/seatMap
INFO: [ app_init ] --START--
INFO: Run Behavior\BuildLiteBehavior [ RunTime:0.000016s ]
INFO: [ app_init ] --END-- [ RunTime:0.000099s ]
INFO: [ app_begin ] --START--
INFO: Run Behavior\ReadHtmlCacheBehavior [ RunTime:0.000064s ]
INFO: [ app_begin ] --END-- [ RunTime:0.000132s ]

[ 2018-04-28T11:02:49+08:00 ] 182.138.218.72 /v1.1/merchant/simpleInfo
INFO: [ app_init ] --START--
INFO: Run Behavior\BuildLiteBehavior [ RunTime:0.000017s ]
INFO: [ app_init ] --END-- [ RunTime:0.000119s ]
INFO: [ app_begin ] --START--
INFO: Run Behavior\ReadHtmlCacheBehavior [ RunTime:0.000043s ]
INFO: [ app_begin ] --END-- [ RunTime:0.000109s ]

[ 2018-04-28T11:02:49+08:00 ] 182.138.218.72 /v1.1/goods/seatList
INFO: [ app_init ] --START--
INFO: Run Behavior\BuildLiteBehavior [ RunTime:0.000017s ]
INFO: [ app_init ] --END-- [ RunTime:0.000110s ]
INFO: [ app_begin ] --START--
INFO: Run Behavior\ReadHtmlCacheBehavior [ RunTime:0.000045s ]
INFO: [ app_begin ] --END-- [ RunTime:0.000112s ]

[ 2018-04-28T11:03:01+08:00 ] 125.69.127.92 /v1.1/goods/checkStock
INFO: [ app_init ] --START--
INFO: Run Behavior\BuildLiteBehavior [ RunTime:0.000017s ]
INFO: [ app_init ] --END-- [ RunTime:0.000118s ]
INFO: [ app_begin ] --START--
INFO: Run Behavior\ReadHtmlCacheBehavior [ RunTime:0.000047s ]
INFO: [ app_begin ] --END-- [ RunTime:0.000112s ]

[ 2018-04-28T11:03:03+08:00 ] 125.69.127.92 /v1.1/order/buyGoods
INFO: [ app_init ] --START--
INFO: Run Behavior\BuildLiteBehavior [ RunTime:0.000018s ]
INFO: [ app_init ] --END-- [ RunTime:0.000111s ]
INFO: [ app_begin ] --START--
INFO: Run Behavior\ReadHtmlCacheBehavior [ RunTime:0.000044s ]
INFO: [ app_begin ] --END-- [ RunTime:0.000112s ]

[ 2018-04-28T11:03:03+08:00 ] 125.69.127.92 /v1.1/unified/payshow
INFO: [ app_init ] --START--
INFO: Run Behavior\BuildLiteBehavior [ RunTime:0.000017s ]
INFO: [ app_init ] --END-- [ RunTime:0.000110s ]
INFO: [ app_begin ] --START--
INFO: Run Behavior\ReadHtmlCacheBehavior [ RunTime:0.000045s ]
INFO: [ app_begin ] --END-- [ RunTime:0.000124s ]

[ 2018-04-28T11:03:04+08:00 ] 125.69.127.92 /v1.1/bar/searchList
INFO: [ app_init ] --START--
INFO: Run Behavior\BuildLiteBehavior [ RunTime:0.000019s ]
INFO: [ app_init ] --END-- [ RunTime:0.000140s ]
INFO: [ app_begin ] --START--
INFO: Run Behavior\ReadHtmlCacheBehavior [ RunTime:0.000049s ]
INFO: [ app_begin ] --END-- [ RunTime:0.000124s ]

[ 2018-04-28T11:03:06+08:00 ] 125.69.127.92 /v1.1/member/capital
INFO: [ app_init ] --START--
INFO: Run Behavior\BuildLiteBehavior [ RunTime:0.000017s ]
INFO: [ app_init ] --END-- [ RunTime:0.000137s ]
INFO: [ app_begin ] --START--
INFO: Run Behavior\ReadHtmlCacheBehavior [ RunTime:0.000042s ]
INFO: [ app_begin ] --END-- [ RunTime:0.000109s ]

[ 2018-04-28T11:03:09+08:00 ] 125.69.127.92 /v1.1/bar/barIndex
INFO: [ app_init ] --START--
INFO: Run Behavior\BuildLiteBehavior [ RunTime:0.000025s ]
INFO: [ app_init ] --END-- [ RunTime:0.000183s ]
INFO: [ app_begin ] --START--
INFO: Run Behavior\ReadHtmlCacheBehavior [ RunTime:0.000055s ]
INFO: [ app_begin ] --END-- [ RunTime:0.000125s ]

[ 2018-04-28T11:03:11+08:00 ] 125.69.127.92 /v1.1/member/verifyPayPassword
INFO: [ app_init ] --START--
INFO: Run Behavior\BuildLiteBehavior [ RunTime:0.000017s ]
INFO: [ app_init ] --END-- [ RunTime:0.000119s ]
INFO: [ app_begin ] --START--
INFO: Run Behavior\ReadHtmlCacheBehavior [ RunTime:0.000069s ]
INFO: [ app_begin ] --END-- [ RunTime:0.000153s ]

[ 2018-04-28T11:03:11+08:00 ] 125.69.127.92 /v1.1/unified/payment
ERR: {"id":"127","order_no":"1524884583260923","merchant_id":"1","member_id":"18","contacts_realname":"\u4e50\u4e50","contacts_tel":"13730686533","contacts_sex":"1","total_price":"1199.00","pay_price":"999.00","purchase_price":"1099.00","discount_money":"200.00","status":"1","settlement_status":"0","order_type":"3","payment":"0","description":"","arrives_time":"1524844800","incr_time":"0","created_time":"1524884583","employee_id":"0","employee_realname":"","employee_avatar":"","employee_tel":"0","updated_time":"1524884583","take_time":"0","relation_order_no":"0","cancel_reason":"","top_order_id":"0","is_evaluate":"0","relation_order_id":"0","desk_number":"","card_id":"0","is_bar":"0","is_xu":"0","obegin_time":"1524885420","oend_time":"1524927060"}
[ 2018-04-28T11:03:11+08:00 ] 125.69.127.92 /v1.1/unified/payment
NOTIC: 请求参数格式错误
[ 2018-04-28T11:03:12+08:00 ] 125.69.127.92 /v1.1/unified/payment
INFO: [ app_init ] --START--
INFO: Run Behavior\BuildLiteBehavior [ RunTime:0.000016s ]
INFO: [ app_init ] --END-- [ RunTime:0.000112s ]
INFO: [ app_begin ] --START--
INFO: Run Behavior\ReadHtmlCacheBehavior [ RunTime:0.000042s ]
INFO: [ app_begin ] --END-- [ RunTime:0.000108s ]

[ 2018-04-28T11:03:12+08:00 ] 125.69.127.92 /v1.1/unified/paymentResult
INFO: [ app_init ] --START--
INFO: Run Behavior\BuildLiteBehavior [ RunTime:0.000027s ]
INFO: [ app_init ] --END-- [ RunTime:0.000180s ]
INFO: [ app_begin ] --START--
INFO: Run Behavior\ReadHtmlCacheBehavior [ RunTime:0.000049s ]
INFO: [ app_begin ] --END-- [ RunTime:0.000118s ]
NOTIC: [2] Missing argument 2 for V1_1\Controller\UnifiedOrderController::paymentResultOrder(), called in /mnt/data/kpzapp/member/Application/V1_1/Controller/UnifiedOrderController.class.php on line 736 and defined /mnt/data/kpzapp/member/Application/V1_1/Controller/UnifiedOrderController.class.php 第 753 行.
NOTIC: [8] Undefined variable: buy_type /mnt/data/kpzapp/member/Application/V1_1/Controller/UnifiedOrderController.class.php 第 777 行.
NOTIC: [8] Undefined variable: buy_type /mnt/data/kpzapp/member/Application/V1_1/Controller/UnifiedOrderController.class.php 第 797 行.

[ 2018-04-28T11:03:17+08:00 ] 125.69.127.92 /v1.1/coupon/memberCards
INFO: [ app_init ] --START--
INFO: Run Behavior\BuildLiteBehavior [ RunTime:0.000017s ]
INFO: [ app_init ] --END-- [ RunTime:0.000132s ]
INFO: [ app_begin ] --START--
INFO: Run Behavior\ReadHtmlCacheBehavior [ RunTime:0.000047s ]
INFO: [ app_begin ] --END-- [ RunTime:0.000117s ]

[ 2018-04-28T11:03:21+08:00 ] 125.69.127.92 /v1.1/coupon/cardsCenter
INFO: [ app_init ] --START--
INFO: Run Behavior\BuildLiteBehavior [ RunTime:0.000018s ]
INFO: [ app_init ] --END-- [ RunTime:0.000133s ]
INFO: [ app_begin ] --START--
INFO: Run Behavior\ReadHtmlCacheBehavior [ RunTime:0.000054s ]
INFO: [ app_begin ] --END-- [ RunTime:0.000123s ]

[ 2018-04-28T11:03:21+08:00 ] 125.69.127.92 /v1.1/order/orderDetail
INFO: [ app_init ] --START--
INFO: Run Behavior\BuildLiteBehavior [ RunTime:0.000019s ]
INFO: [ app_init ] --END-- [ RunTime:0.000127s ]
INFO: [ app_begin ] --START--
INFO: Run Behavior\ReadHtmlCacheBehavior [ RunTime:0.000045s ]
INFO: [ app_begin ] --END-- [ RunTime:0.000113s ]

[ 2018-04-28T11:03:22+08:00 ] 125.69.127.92 /v1.1/coupon/cardsCenter
INFO: [ app_init ] --START--
INFO: Run Behavior\BuildLiteBehavior [ RunTime:0.000018s ]
INFO: [ app_init ] --END-- [ RunTime:0.000116s ]
INFO: [ app_begin ] --START--
INFO: Run Behavior\ReadHtmlCacheBehavior [ RunTime:0.000044s ]
INFO: [ app_begin ] --END-- [ RunTime:0.000110s ]

[ 2018-04-28T11:03:29+08:00 ] 125.69.127.92 /v1.1/merchant/nearbyMerchant
INFO: [ app_init ] --START--
INFO: Run Behavior\BuildLiteBehavior [ RunTime:0.000026s ]
INFO: [ app_init ] --END-- [ RunTime:0.000175s ]
INFO: [ app_begin ] --START--
INFO: Run Behavior\ReadHtmlCacheBehavior [ RunTime:0.000051s ]
INFO: [ app_begin ] --END-- [ RunTime:0.000119s ]

[ 2018-04-28T11:03:31+08:00 ] 125.69.127.92 /v1.1/Member/verifyToken
INFO: [ app_init ] --START--
INFO: Run Behavior\BuildLiteBehavior [ RunTime:0.000017s ]
INFO: [ app_init ] --END-- [ RunTime:0.000113s ]
INFO: [ app_begin ] --START--
INFO: Run Behavior\ReadHtmlCacheBehavior [ RunTime:0.000042s ]
INFO: [ app_begin ] --END-- [ RunTime:0.000106s ]

[ 2018-04-28T11:03:31+08:00 ] 125.69.127.92 /v1.1/order/myOrderList
INFO: [ app_init ] --START--
INFO: Run Behavior\BuildLiteBehavior [ RunTime:0.000017s ]
INFO: [ app_init ] --END-- [ RunTime:0.000119s ]
INFO: [ app_begin ] --START--
INFO: Run Behavior\ReadHtmlCacheBehavior [ RunTime:0.000043s ]
INFO: [ app_begin ] --END-- [ RunTime:0.000108s ]

[ 2018-04-28T11:03:32+08:00 ] 125.69.127.92 /v1.1/Member/verifyToken
INFO: [ app_init ] --START--
INFO: Run Behavior\BuildLiteBehavior [ RunTime:0.000024s ]
INFO: [ app_init ] --END-- [ RunTime:0.000175s ]
INFO: [ app_begin ] --START--
INFO: Run Behavior\ReadHtmlCacheBehavior [ RunTime:0.000070s ]
INFO: [ app_begin ] --END-- [ RunTime:0.000220s ]

[ 2018-04-28T11:03:32+08:00 ] 125.69.127.92 /v1.1/order/myOrderList
INFO: [ app_init ] --START--
INFO: Run Behavior\BuildLiteBehavior [ RunTime:0.000018s ]
INFO: [ app_init ] --END-- [ RunTime:0.000129s ]
INFO: [ app_begin ] --START--
INFO: Run Behavior\ReadHtmlCacheBehavior [ RunTime:0.000061s ]
INFO: [ app_begin ] --END-- [ RunTime:0.000144s ]

[ 2018-04-28T11:03:38+08:00 ] 125.69.127.92 /v1.1/coupon/getPubcard
INFO: [ app_init ] --START--
INFO: Run Behavior\BuildLiteBehavior [ RunTime:0.000020s ]
INFO: [ app_init ] --END-- [ RunTime:0.000134s ]
INFO: [ app_begin ] --START--
INFO: Run Behavior\ReadHtmlCacheBehavior [ RunTime:0.000052s ]
INFO: [ app_begin ] --END-- [ RunTime:0.000136s ]
NOTIC: [8] Undefined index: attach_time /mnt/data/kpzapp/member/Application/V1_1/Model/CouponModel.class.php 第 602 行.
NOTIC: [8] Undefined index: attach_time /mnt/data/kpzapp/member/Application/V1_1/Model/CouponModel.class.php 第 602 行.

[ 2018-04-28T11:03:38+08:00 ] 125.69.127.92 /v1.1/merchant/preordainCycle
INFO: [ app_init ] --START--
INFO: Run Behavior\BuildLiteBehavior [ RunTime:0.000017s ]
INFO: [ app_init ] --END-- [ RunTime:0.000112s ]
INFO: [ app_begin ] --START--
INFO: Run Behavior\ReadHtmlCacheBehavior [ RunTime:0.000043s ]
INFO: [ app_begin ] --END-- [ RunTime:0.000110s ]

[ 2018-04-28T11:03:38+08:00 ] 125.69.127.92 /v1.1/merchant/simpleInfo
INFO: [ app_init ] --START--
INFO: Run Behavior\BuildLiteBehavior [ RunTime:0.000017s ]
INFO: [ app_init ] --END-- [ RunTime:0.000109s ]
INFO: [ app_begin ] --START--
INFO: Run Behavior\ReadHtmlCacheBehavior [ RunTime:0.000051s ]
INFO: [ app_begin ] --END-- [ RunTime:0.000118s ]

[ 2018-04-28T11:03:38+08:00 ] 125.69.127.92 /v1.1/Employee/employeeList
INFO: [ app_init ] --START--
INFO: Run Behavior\BuildLiteBehavior [ RunTime:0.000018s ]
INFO: [ app_init ] --END-- [ RunTime:0.000105s ]
INFO: [ app_begin ] --START--
INFO: Run Behavior\ReadHtmlCacheBehavior [ RunTime:0.000046s ]
INFO: [ app_begin ] --END-- [ RunTime:0.000113s ]

[ 2018-04-28T11:03:38+08:00 ] 125.69.127.92 /v1.1/goods/packList
INFO: [ app_init ] --START--
INFO: Run Behavior\BuildLiteBehavior [ RunTime:0.000016s ]
INFO: [ app_init ] --END-- [ RunTime:0.000110s ]
INFO: [ app_begin ] --START--
INFO: Run Behavior\ReadHtmlCacheBehavior [ RunTime:0.000055s ]
INFO: [ app_begin ] --END-- [ RunTime:0.000122s ]

[ 2018-04-28T11:03:38+08:00 ] 125.69.127.92 /v1.1/goods/packList
INFO: [ app_init ] --START--
INFO: Run Behavior\BuildLiteBehavior [ RunTime:0.000017s ]
INFO: [ app_init ] --END-- [ RunTime:0.000107s ]
INFO: [ app_begin ] --START--
INFO: Run Behavior\ReadHtmlCacheBehavior [ RunTime:0.000044s ]
INFO: [ app_begin ] --END-- [ RunTime:0.000112s ]

[ 2018-04-28T11:03:45+08:00 ] 125.69.127.92 /v1.1/Member/verifyToken
INFO: [ app_init ] --START--
INFO: Run Behavior\BuildLiteBehavior [ RunTime:0.000017s ]
INFO: [ app_init ] --END-- [ RunTime:0.000119s ]
INFO: [ app_begin ] --START--
INFO: Run Behavior\ReadHtmlCacheBehavior [ RunTime:0.000047s ]
INFO: [ app_begin ] --END-- [ RunTime:0.000117s ]

[ 2018-04-28T11:03:45+08:00 ] 125.69.127.92 /v1.1/member/verifyBindPhoneNumber
INFO: [ app_init ] --START--
INFO: Run Behavior\BuildLiteBehavior [ RunTime:0.000018s ]
INFO: [ app_init ] --END-- [ RunTime:0.000135s ]
INFO: [ app_begin ] --START--
INFO: Run Behavior\ReadHtmlCacheBehavior [ RunTime:0.000066s ]
INFO: [ app_begin ] --END-- [ RunTime:0.000151s ]

[ 2018-04-28T11:03:45+08:00 ] 125.69.127.92 /v1.1/goods/checkStock
INFO: [ app_init ] --START--
INFO: Run Behavior\BuildLiteBehavior [ RunTime:0.000017s ]
INFO: [ app_init ] --END-- [ RunTime:0.000126s ]
INFO: [ app_begin ] --START--
INFO: Run Behavior\ReadHtmlCacheBehavior [ RunTime:0.000042s ]
INFO: [ app_begin ] --END-- [ RunTime:0.000108s ]

[ 2018-04-28T11:03:45+08:00 ] 125.69.127.92 /v1.1/member/capital
INFO: [ app_init ] --START--
INFO: Run Behavior\BuildLiteBehavior [ RunTime:0.000018s ]
INFO: [ app_init ] --END-- [ RunTime:0.000116s ]
INFO: [ app_begin ] --START--
INFO: Run Behavior\ReadHtmlCacheBehavior [ RunTime:0.000046s ]
INFO: [ app_begin ] --END-- [ RunTime:0.000153s ]

[ 2018-04-28T11:03:45+08:00 ] 125.69.127.92 /v1.1/Merchant/merchantDetail
INFO: [ app_init ] --START--
INFO: Run Behavior\BuildLiteBehavior [ RunTime:0.000018s ]
INFO: [ app_init ] --END-- [ RunTime:0.000118s ]
INFO: [ app_begin ] --START--
INFO: Run Behavior\ReadHtmlCacheBehavior [ RunTime:0.000043s ]
INFO: [ app_begin ] --END-- [ RunTime:0.000112s ]

[ 2018-04-28T11:03:45+08:00 ] 125.69.127.92 /v1.1/contacts/contactsList
INFO: [ app_init ] --START--
INFO: Run Behavior\BuildLiteBehavior [ RunTime:0.000015s ]
INFO: [ app_init ] --END-- [ RunTime:0.000101s ]
INFO: [ app_begin ] --START--
INFO: Run Behavior\ReadHtmlCacheBehavior [ RunTime:0.000041s ]
INFO: [ app_begin ] --END-- [ RunTime:0.000123s ]

[ 2018-04-28T11:03:45+08:00 ] 125.69.127.92 /v1.1/coupon/useFulCard
INFO: [ app_init ] --START--
INFO: Run Behavior\BuildLiteBehavior [ RunTime:0.000016s ]
INFO: [ app_init ] --END-- [ RunTime:0.000126s ]
INFO: [ app_begin ] --START--
INFO: Run Behavior\ReadHtmlCacheBehavior [ RunTime:0.000043s ]
INFO: [ app_begin ] --END-- [ RunTime:0.000110s ]

[ 2018-04-28T11:03:45+08:00 ] 125.69.127.92 /v1.1/ad/advert
INFO: [ app_init ] --START--
INFO: Run Behavior\BuildLiteBehavior [ RunTime:0.000017s ]
INFO: [ app_init ] --END-- [ RunTime:0.000112s ]
INFO: [ app_begin ] --START--
INFO: Run Behavior\ReadHtmlCacheBehavior [ RunTime:0.000045s ]
INFO: [ app_begin ] --END-- [ RunTime:0.000172s ]

[ 2018-04-28T11:03:47+08:00 ] 125.69.127.92 /v1.1/goods/checkStock
INFO: [ app_init ] --START--
INFO: Run Behavior\BuildLiteBehavior [ RunTime:0.000018s ]
INFO: [ app_init ] --END-- [ RunTime:0.000121s ]
INFO: [ app_begin ] --START--
INFO: Run Behavior\ReadHtmlCacheBehavior [ RunTime:0.000052s ]
INFO: [ app_begin ] --END-- [ RunTime:0.000134s ]

[ 2018-04-28T11:03:47+08:00 ] 125.69.127.92 /v1.1/member/wxlogin
INFO: [ app_init ] --START--
INFO: Run Behavior\BuildLiteBehavior [ RunTime:0.000018s ]
INFO: [ app_init ] --END-- [ RunTime:0.000128s ]
INFO: [ app_begin ] --START--
INFO: Run Behavior\ReadHtmlCacheBehavior [ RunTime:0.000042s ]
INFO: [ app_begin ] --END-- [ RunTime:0.000109s ]
NOTIC: [8] Undefined index: id /mnt/data/kpzapp/member/Application/V1_1/Controller/MemberController.class.php 第 179 行.

[ 2018-04-28T11:03:48+08:00 ] 125.69.127.92 /v1.1/coupon/indexCards
INFO: [ app_init ] --START--
INFO: Run Behavior\BuildLiteBehavior [ RunTime:0.000026s ]
INFO: [ app_init ] --END-- [ RunTime:0.000161s ]
INFO: [ app_begin ] --START--
INFO: Run Behavior\ReadHtmlCacheBehavior [ RunTime:0.000046s ]
INFO: [ app_begin ] --END-- [ RunTime:0.000111s ]

[ 2018-04-28T11:03:48+08:00 ] 125.69.127.92 /v1.1/member/verifyBindPhoneNumber
INFO: [ app_init ] --START--
INFO: Run Behavior\BuildLiteBehavior [ RunTime:0.000018s ]
INFO: [ app_init ] --END-- [ RunTime:0.000142s ]
INFO: [ app_begin ] --START--
INFO: Run Behavior\ReadHtmlCacheBehavior [ RunTime:0.000055s ]
INFO: [ app_begin ] --END-- [ RunTime:0.000122s ]

[ 2018-04-28T11:03:48+08:00 ] 125.69.127.92 /v1.1/coupon/getPubcard
INFO: [ app_init ] --START--
INFO: Run Behavior\BuildLiteBehavior [ RunTime:0.000015s ]
INFO: [ app_init ] --END-- [ RunTime:0.000096s ]
INFO: [ app_begin ] --START--
INFO: Run Behavior\ReadHtmlCacheBehavior [ RunTime:0.000044s ]
INFO: [ app_begin ] --END-- [ RunTime:0.000175s ]
NOTIC: [8] Undefined index: attach_time /mnt/data/kpzapp/member/Application/V1_1/Model/CouponModel.class.php 第 602 行.
NOTIC: [8] Undefined index: attach_time /mnt/data/kpzapp/member/Application/V1_1/Model/CouponModel.class.php 第 602 行.

[ 2018-04-28T11:03:48+08:00 ] 125.69.127.92 /v1.1/Merchant/nearbyMerchant
INFO: [ app_init ] --START--
INFO: Run Behavior\BuildLiteBehavior [ RunTime:0.000017s ]
INFO: [ app_init ] --END-- [ RunTime:0.000118s ]
INFO: [ app_begin ] --START--
INFO: Run Behavior\ReadHtmlCacheBehavior [ RunTime:0.000071s ]
INFO: [ app_begin ] --END-- [ RunTime:0.000142s ]

[ 2018-04-28T11:03:48+08:00 ] 125.69.127.92 /v1.1/order/buyGoods
INFO: [ app_init ] --START--
INFO: Run Behavior\BuildLiteBehavior [ RunTime:0.000015s ]
INFO: [ app_init ] --END-- [ RunTime:0.000100s ]
INFO: [ app_begin ] --START--
INFO: Run Behavior\ReadHtmlCacheBehavior [ RunTime:0.000046s ]
INFO: [ app_begin ] --END-- [ RunTime:0.000132s ]

[ 2018-04-28T11:03:48+08:00 ] 125.69.127.92 /v1.1/unified/payshow
INFO: [ app_init ] --START--
INFO: Run Behavior\BuildLiteBehavior [ RunTime:0.000021s ]
INFO: [ app_init ] --END-- [ RunTime:0.000146s ]
INFO: [ app_begin ] --START--
INFO: Run Behavior\ReadHtmlCacheBehavior [ RunTime:0.000044s ]
INFO: [ app_begin ] --END-- [ RunTime:0.000123s ]

[ 2018-04-28T11:03:51+08:00 ] 125.69.127.92 /v1.1/merchant/simpleInfo
INFO: [ app_init ] --START--
INFO: Run Behavior\BuildLiteBehavior [ RunTime:0.000022s ]
INFO: [ app_init ] --END-- [ RunTime:0.000150s ]
INFO: [ app_begin ] --START--
INFO: Run Behavior\ReadHtmlCacheBehavior [ RunTime:0.000055s ]
INFO: [ app_begin ] --END-- [ RunTime:0.000146s ]

[ 2018-04-28T11:03:51+08:00 ] 125.69.127.92 /v1.1/Employee/employeeList
INFO: [ app_init ] --START--
INFO: Run Behavior\BuildLiteBehavior [ RunTime:0.000015s ]
INFO: [ app_init ] --END-- [ RunTime:0.000097s ]
INFO: [ app_begin ] --START--
INFO: Run Behavior\ReadHtmlCacheBehavior [ RunTime:0.000041s ]
INFO: [ app_begin ] --END-- [ RunTime:0.000123s ]

[ 2018-04-28T11:03:51+08:00 ] 125.69.127.92 /v1.1/coupon/getPubcard
INFO: [ app_init ] --START--
INFO: Run Behavior\BuildLiteBehavior [ RunTime:0.000018s ]
INFO: [ app_init ] --END-- [ RunTime:0.000133s ]
INFO: [ app_begin ] --START--
INFO: Run Behavior\ReadHtmlCacheBehavior [ RunTime:0.000055s ]
INFO: [ app_begin ] --END-- [ RunTime:0.000125s ]
NOTIC: [8] Undefined index: attach_time /mnt/data/kpzapp/member/Application/V1_1/Model/CouponModel.class.php 第 602 行.
NOTIC: [8] Undefined index: attach_time /mnt/data/kpzapp/member/Application/V1_1/Model/CouponModel.class.php 第 602 行.

[ 2018-04-28T11:03:51+08:00 ] 125.69.127.92 /v1.1/merchant/preordainCycle
INFO: [ app_init ] --START--
INFO: Run Behavior\BuildLiteBehavior [ RunTime:0.000018s ]
INFO: [ app_init ] --END-- [ RunTime:0.000111s ]
INFO: [ app_begin ] --START--
INFO: Run Behavior\ReadHtmlCacheBehavior [ RunTime:0.000045s ]
INFO: [ app_begin ] --END-- [ RunTime:0.000109s ]

[ 2018-04-28T11:03:51+08:00 ] 125.69.127.92 /v1.1/goods/packList
INFO: [ app_init ] --START--
INFO: Run Behavior\BuildLiteBehavior [ RunTime:0.000018s ]
INFO: [ app_init ] --END-- [ RunTime:0.000123s ]
INFO: [ app_begin ] --START--
INFO: Run Behavior\ReadHtmlCacheBehavior [ RunTime:0.000044s ]
INFO: [ app_begin ] --END-- [ RunTime:0.000109s ]

[ 2018-04-28T11:03:51+08:00 ] 125.69.127.92 /v1.1/goods/packList
INFO: [ app_init ] --START--
INFO: Run Behavior\BuildLiteBehavior [ RunTime:0.000017s ]
INFO: [ app_init ] --END-- [ RunTime:0.000109s ]
INFO: [ app_begin ] --START--
INFO: Run Behavior\ReadHtmlCacheBehavior [ RunTime:0.000044s ]
INFO: [ app_begin ] --END-- [ RunTime:0.000131s ]

[ 2018-04-28T11:03:52+08:00 ] 125.69.127.92 /v1.1/member/capital
INFO: [ app_init ] --START--
INFO: Run Behavior\BuildLiteBehavior [ RunTime:0.000025s ]
INFO: [ app_init ] --END-- [ RunTime:0.000158s ]
INFO: [ app_begin ] --START--
INFO: Run Behavior\ReadHtmlCacheBehavior [ RunTime:0.000059s ]
INFO: [ app_begin ] --END-- [ RunTime:0.000153s ]

[ 2018-04-28T11:03:53+08:00 ] 125.69.127.92 /v1.1/merchant/simpleInfo
INFO: [ app_init ] --START--
INFO: Run Behavior\BuildLiteBehavior [ RunTime:0.000017s ]
INFO: [ app_init ] --END-- [ RunTime:0.000110s ]
INFO: [ app_begin ] --START--
INFO: Run Behavior\ReadHtmlCacheBehavior [ RunTime:0.000042s ]
INFO: [ app_begin ] --END-- [ RunTime:0.000108s ]

[ 2018-04-28T11:03:53+08:00 ] 125.69.127.92 /v1.1/goods/seatMap
INFO: [ app_init ] --START--
INFO: Run Behavior\BuildLiteBehavior [ RunTime:0.000065s ]
INFO: [ app_init ] --END-- [ RunTime:0.000152s ]
INFO: [ app_begin ] --START--
INFO: Run Behavior\ReadHtmlCacheBehavior [ RunTime:0.000040s ]
INFO: [ app_begin ] --END-- [ RunTime:0.000106s ]

[ 2018-04-28T11:03:54+08:00 ] 125.69.127.92 /v1.1/goods/seatList
INFO: [ app_init ] --START--
INFO: Run Behavior\BuildLiteBehavior [ RunTime:0.000015s ]
INFO: [ app_init ] --END-- [ RunTime:0.000126s ]
INFO: [ app_begin ] --START--
INFO: Run Behavior\ReadHtmlCacheBehavior [ RunTime:0.000040s ]
INFO: [ app_begin ] --END-- [ RunTime:0.000105s ]

[ 2018-04-28T11:03:54+08:00 ] 125.69.127.92 /v1.1/member/verifyPayPassword
INFO: [ app_init ] --START--
INFO: Run Behavior\BuildLiteBehavior [ RunTime:0.000018s ]
INFO: [ app_init ] --END-- [ RunTime:0.000112s ]
INFO: [ app_begin ] --START--
INFO: Run Behavior\ReadHtmlCacheBehavior [ RunTime:0.000043s ]
INFO: [ app_begin ] --END-- [ RunTime:0.000109s ]

[ 2018-04-28T11:03:54+08:00 ] 125.69.127.92 /v1.1/unified/payment
ERR: {"id":"128","order_no":"1524884628652495","merchant_id":"1","member_id":"18","contacts_realname":"\u4e50\u4e50","contacts_tel":"13730686533","contacts_sex":"1","total_price":"599.00","pay_price":"399.00","purchase_price":"499.00","discount_money":"200.00","status":"1","settlement_status":"0","order_type":"3","payment":"0","description":"","arrives_time":"1524844800","incr_time":"0","created_time":"1524884628","employee_id":"0","employee_realname":"","employee_avatar":"","employee_tel":"0","updated_time":"1524884628","take_time":"0","relation_order_no":"0","cancel_reason":"","top_order_id":"0","is_evaluate":"0","relation_order_id":"0","desk_number":"","card_id":"0","is_bar":"0","is_xu":"0","obegin_time":"1524885420","oend_time":"1524927060"}
[ 2018-04-28T11:03:54+08:00 ] 125.69.127.92 /v1.1/unified/payment
NOTIC: 请求参数格式错误
[ 2018-04-28T11:03:55+08:00 ] 125.69.127.92 /v1.1/unified/payment
INFO: [ app_init ] --START--
INFO: Run Behavior\BuildLiteBehavior [ RunTime:0.000032s ]
INFO: [ app_init ] --END-- [ RunTime:0.000127s ]
INFO: [ app_begin ] --START--
INFO: Run Behavior\ReadHtmlCacheBehavior [ RunTime:0.000044s ]
INFO: [ app_begin ] --END-- [ RunTime:0.000120s ]

[ 2018-04-28T11:03:55+08:00 ] 125.69.127.92 /v1.1/unified/paymentResult
INFO: [ app_init ] --START--
INFO: Run Behavior\BuildLiteBehavior [ RunTime:0.000019s ]
INFO: [ app_init ] --END-- [ RunTime:0.000127s ]
INFO: [ app_begin ] --START--
INFO: Run Behavior\ReadHtmlCacheBehavior [ RunTime:0.000043s ]
INFO: [ app_begin ] --END-- [ RunTime:0.000109s ]
NOTIC: [2] Missing argument 2 for V1_1\Controller\UnifiedOrderController::paymentResultOrder(), called in /mnt/data/kpzapp/member/Application/V1_1/Controller/UnifiedOrderController.class.php on line 736 and defined /mnt/data/kpzapp/member/Application/V1_1/Controller/UnifiedOrderController.class.php 第 753 行.
NOTIC: [8] Undefined variable: buy_type /mnt/data/kpzapp/member/Application/V1_1/Controller/UnifiedOrderController.class.php 第 777 行.
NOTIC: [8] Undefined variable: buy_type /mnt/data/kpzapp/member/Application/V1_1/Controller/UnifiedOrderController.class.php 第 797 行.

[ 2018-04-28T11:03:58+08:00 ] 125.69.127.92 /v1.1/order/orderDetail
INFO: [ app_init ] --START--
INFO: Run Behavior\BuildLiteBehavior [ RunTime:0.000018s ]
INFO: [ app_init ] --END-- [ RunTime:0.000114s ]
INFO: [ app_begin ] --START--
INFO: Run Behavior\ReadHtmlCacheBehavior [ RunTime:0.000042s ]
INFO: [ app_begin ] --END-- [ RunTime:0.000110s ]

[ 2018-04-28T11:04:11+08:00 ] 125.69.127.92 /v1.1/merchant/preordainCycle
INFO: [ app_init ] --START--
INFO: Run Behavior\BuildLiteBehavior [ RunTime:0.000026s ]
INFO: [ app_init ] --END-- [ RunTime:0.000187s ]
INFO: [ app_begin ] --START--
INFO: Run Behavior\ReadHtmlCacheBehavior [ RunTime:0.000056s ]
INFO: [ app_begin ] --END-- [ RunTime:0.000151s ]

[ 2018-04-28T11:04:11+08:00 ] 125.69.127.92 /v1.1/Employee/employeeList
INFO: [ app_init ] --START--
INFO: Run Behavior\BuildLiteBehavior [ RunTime:0.000015s ]
INFO: [ app_init ] --END-- [ RunTime:0.000101s ]
INFO: [ app_begin ] --START--
INFO: Run Behavior\ReadHtmlCacheBehavior [ RunTime:0.000043s ]
INFO: [ app_begin ] --END-- [ RunTime:0.000109s ]

[ 2018-04-28T11:04:11+08:00 ] 125.69.127.92 /v1.1/merchant/simpleInfo
INFO: [ app_init ] --START--
INFO: Run Behavior\BuildLiteBehavior [ RunTime:0.000047s ]
INFO: [ app_init ] --END-- [ RunTime:0.000183s ]
INFO: [ app_begin ] --START--
INFO: Run Behavior\ReadHtmlCacheBehavior [ RunTime:0.000043s ]
INFO: [ app_begin ] --END-- [ RunTime:0.000112s ]

[ 2018-04-28T11:04:11+08:00 ] 125.69.127.92 /v1.1/goods/packList
INFO: [ app_init ] --START--
INFO: Run Behavior\BuildLiteBehavior [ RunTime:0.000019s ]
INFO: [ app_init ] --END-- [ RunTime:0.000121s ]
INFO: [ app_begin ] --START--
INFO: Run Behavior\ReadHtmlCacheBehavior [ RunTime:0.000045s ]
INFO: [ app_begin ] --END-- [ RunTime:0.000139s ]

[ 2018-04-28T11:04:11+08:00 ] 125.69.127.92 /v1.1/goods/packList
INFO: [ app_init ] --START--
INFO: Run Behavior\BuildLiteBehavior [ RunTime:0.000017s ]
INFO: [ app_init ] --END-- [ RunTime:0.000109s ]
INFO: [ app_begin ] --START--
INFO: Run Behavior\ReadHtmlCacheBehavior [ RunTime:0.000041s ]
INFO: [ app_begin ] --END-- [ RunTime:0.000112s ]

[ 2018-04-28T11:04:12+08:00 ] 125.69.127.92 /v1.1/coupon/getPubcard
INFO: [ app_init ] --START--
INFO: Run Behavior\BuildLiteBehavior [ RunTime:0.000026s ]
INFO: [ app_init ] --END-- [ RunTime:0.000198s ]
INFO: [ app_begin ] --START--
INFO: Run Behavior\ReadHtmlCacheBehavior [ RunTime:0.000042s ]
INFO: [ app_begin ] --END-- [ RunTime:0.000108s ]
NOTIC: [8] Undefined index: attach_time /mnt/data/kpzapp/member/Application/V1_1/Model/CouponModel.class.php 第 602 行.
NOTIC: [8] Undefined index: attach_time /mnt/data/kpzapp/member/Application/V1_1/Model/CouponModel.class.php 第 602 行.

[ 2018-04-28T11:04:14+08:00 ] 125.69.127.92 /v1.1/bar/myBarList
INFO: [ app_init ] --START--
INFO: Run Behavior\BuildLiteBehavior [ RunTime:0.000017s ]
INFO: [ app_init ] --END-- [ RunTime:0.000119s ]
INFO: [ app_begin ] --START--
INFO: Run Behavior\ReadHtmlCacheBehavior [ RunTime:0.000046s ]
INFO: [ app_begin ] --END-- [ RunTime:0.000110s ]

[ 2018-04-28T11:04:16+08:00 ] 125.69.127.92 /v1.1/bar/wineBarList
INFO: [ app_init ] --START--
INFO: Run Behavior\BuildLiteBehavior [ RunTime:0.000018s ]
INFO: [ app_init ] --END-- [ RunTime:0.000110s ]
INFO: [ app_begin ] --START--
INFO: Run Behavior\ReadHtmlCacheBehavior [ RunTime:0.000045s ]
INFO: [ app_begin ] --END-- [ RunTime:0.000113s ]

[ 2018-04-28T11:05:11+08:00 ] 125.69.127.92 /v1.1/Member/verifyToken
INFO: [ app_init ] --START--
INFO: Run Behavior\BuildLiteBehavior [ RunTime:0.000018s ]
INFO: [ app_init ] --END-- [ RunTime:0.000148s ]
INFO: [ app_begin ] --START--
INFO: Run Behavior\ReadHtmlCacheBehavior [ RunTime:0.000046s ]
INFO: [ app_begin ] --END-- [ RunTime:0.000111s ]

[ 2018-04-28T11:05:11+08:00 ] 125.69.127.92 /v1.1/member/verifyBindPhoneNumber
INFO: [ app_init ] --START--
INFO: Run Behavior\BuildLiteBehavior [ RunTime:0.000018s ]
INFO: [ app_init ] --END-- [ RunTime:0.000111s ]
INFO: [ app_begin ] --START--
INFO: Run Behavior\ReadHtmlCacheBehavior [ RunTime:0.000039s ]
INFO: [ app_begin ] --END-- [ RunTime:0.000104s ]

[ 2018-04-28T11:05:12+08:00 ] 125.69.127.92 /v1.1/goods/checkStock
INFO: [ app_init ] --START--
INFO: Run Behavior\BuildLiteBehavior [ RunTime:0.000017s ]
INFO: [ app_init ] --END-- [ RunTime:0.000133s ]
INFO: [ app_begin ] --START--
INFO: Run Behavior\ReadHtmlCacheBehavior [ RunTime:0.000044s ]
INFO: [ app_begin ] --END-- [ RunTime:0.000110s ]

[ 2018-04-28T11:05:12+08:00 ] 125.69.127.92 /v1.1/Merchant/merchantDetail
INFO: [ app_init ] --START--
INFO: Run Behavior\BuildLiteBehavior [ RunTime:0.000018s ]
INFO: [ app_init ] --END-- [ RunTime:0.000112s ]
INFO: [ app_begin ] --START--
INFO: Run Behavior\ReadHtmlCacheBehavior [ RunTime:0.000041s ]
INFO: [ app_begin ] --END-- [ RunTime:0.000107s ]

[ 2018-04-28T11:05:12+08:00 ] 125.69.127.92 /v1.1/member/capital
INFO: [ app_init ] --START--
INFO: Run Behavior\BuildLiteBehavior [ RunTime:0.000017s ]
INFO: [ app_init ] --END-- [ RunTime:0.000103s ]
INFO: [ app_begin ] --START--
INFO: Run Behavior\ReadHtmlCacheBehavior [ RunTime:0.000039s ]
INFO: [ app_begin ] --END-- [ RunTime:0.000103s ]

[ 2018-04-28T11:05:12+08:00 ] 125.69.127.92 /v1.1/contacts/contactsList
INFO: [ app_init ] --START--
INFO: Run Behavior\BuildLiteBehavior [ RunTime:0.000017s ]
INFO: [ app_init ] --END-- [ RunTime:0.000116s ]
INFO: [ app_begin ] --START--
INFO: Run Behavior\ReadHtmlCacheBehavior [ RunTime:0.000041s ]
INFO: [ app_begin ] --END-- [ RunTime:0.000116s ]

[ 2018-04-28T11:05:12+08:00 ] 125.69.127.92 /v1.1/coupon/useFulCard
INFO: [ app_init ] --START--
INFO: Run Behavior\BuildLiteBehavior [ RunTime:0.000016s ]
INFO: [ app_init ] --END-- [ RunTime:0.000111s ]
INFO: [ app_begin ] --START--
INFO: Run Behavior\ReadHtmlCacheBehavior [ RunTime:0.000041s ]
INFO: [ app_begin ] --END-- [ RunTime:0.000114s ]

[ 2018-04-28T11:05:20+08:00 ] 125.69.127.92 /v1.1/goods/checkStock
INFO: [ app_init ] --START--
INFO: Run Behavior\BuildLiteBehavior [ RunTime:0.000037s ]
INFO: [ app_init ] --END-- [ RunTime:0.000149s ]
INFO: [ app_begin ] --START--
INFO: Run Behavior\ReadHtmlCacheBehavior [ RunTime:0.000044s ]
INFO: [ app_begin ] --END-- [ RunTime:0.000110s ]

[ 2018-04-28T11:05:21+08:00 ] 125.69.127.92 /v1.1/order/buyGoods
INFO: [ app_init ] --START--
INFO: Run Behavior\BuildLiteBehavior [ RunTime:0.000017s ]
INFO: [ app_init ] --END-- [ RunTime:0.000122s ]
INFO: [ app_begin ] --START--
INFO: Run Behavior\ReadHtmlCacheBehavior [ RunTime:0.000042s ]
INFO: [ app_begin ] --END-- [ RunTime:0.000110s ]

[ 2018-04-28T11:05:22+08:00 ] 125.69.127.92 /v1.1/unified/payshow
INFO: [ app_init ] --START--
INFO: Run Behavior\BuildLiteBehavior [ RunTime:0.000021s ]
INFO: [ app_init ] --END-- [ RunTime:0.000147s ]
INFO: [ app_begin ] --START--
INFO: Run Behavior\ReadHtmlCacheBehavior [ RunTime:0.000055s ]
INFO: [ app_begin ] --END-- [ RunTime:0.000143s ]

[ 2018-04-28T11:05:23+08:00 ] 125.69.127.92 /v1.1/member/capital
INFO: [ app_init ] --START--
INFO: Run Behavior\BuildLiteBehavior [ RunTime:0.000017s ]
INFO: [ app_init ] --END-- [ RunTime:0.000145s ]
INFO: [ app_begin ] --START--
INFO: Run Behavior\ReadHtmlCacheBehavior [ RunTime:0.000045s ]
INFO: [ app_begin ] --END-- [ RunTime:0.000111s ]

[ 2018-04-28T11:05:26+08:00 ] 125.69.127.92 /v1.1/member/verifyPayPassword
INFO: [ app_init ] --START--
INFO: Run Behavior\BuildLiteBehavior [ RunTime:0.000024s ]
INFO: [ app_init ] --END-- [ RunTime:0.000132s ]
INFO: [ app_begin ] --START--
INFO: Run Behavior\ReadHtmlCacheBehavior [ RunTime:0.000066s ]
INFO: [ app_begin ] --END-- [ RunTime:0.000133s ]

[ 2018-04-28T11:05:26+08:00 ] 125.69.127.92 /v1.1/member/verifyPayPassword
INFO: [ app_init ] --START--
INFO: Run Behavior\BuildLiteBehavior [ RunTime:0.000017s ]
INFO: [ app_init ] --END-- [ RunTime:0.000110s ]
INFO: [ app_begin ] --START--
INFO: Run Behavior\ReadHtmlCacheBehavior [ RunTime:0.000042s ]
INFO: [ app_begin ] --END-- [ RunTime:0.000109s ]

[ 2018-04-28T11:05:26+08:00 ] 125.69.127.92 /v1.1/member/verifyPayPassword
INFO: [ app_init ] --START--
INFO: Run Behavior\BuildLiteBehavior [ RunTime:0.000016s ]
INFO: [ app_init ] --END-- [ RunTime:0.000112s ]
INFO: [ app_begin ] --START--
INFO: Run Behavior\ReadHtmlCacheBehavior [ RunTime:0.000042s ]
INFO: [ app_begin ] --END-- [ RunTime:0.000108s ]

[ 2018-04-28T11:05:26+08:00 ] 125.69.127.92 /v1.1/unified/payment
ERR: {"id":"129","order_no":"1524884721731481","merchant_id":"1","member_id":"5","contacts_realname":"\u848b\u4ee4","contacts_tel":"18780087200","contacts_sex":"1","total_price":"1199.00","pay_price":"999.00","purchase_price":"1099.00","discount_money":"200.00","status":"1","settlement_status":"0","order_type":"3","payment":"0","description":"","arrives_time":"1524844800","incr_time":"0","created_time":"1524884721","employee_id":"0","employee_realname":"","employee_avatar":"","employee_tel":"0","updated_time":"1524884721","take_time":"0","relation_order_no":"0","cancel_reason":"","top_order_id":"0","is_evaluate":"0","relation_order_id":"0","desk_number":"","card_id":"0","is_bar":"0","is_xu":"0","obegin_time":"1524885420","oend_time":"1524927060"}
[ 2018-04-28T11:05:27+08:00 ] 125.69.127.92 /v1.1/unified/payment
ERR: {"id":"129","order_no":"1524884721731481","merchant_id":"1","member_id":"5","contacts_realname":"\u848b\u4ee4","contacts_tel":"18780087200","contacts_sex":"1","total_price":"1199.00","pay_price":"999.00","purchase_price":"1099.00","discount_money":"200.00","status":"7","settlement_status":"0","order_type":"3","payment":"1","description":"","arrives_time":"1524844800","incr_time":"0","created_time":"1524884721","employee_id":"0","employee_realname":"","employee_avatar":"","employee_tel":"0","updated_time":"1524884721","take_time":"0","relation_order_no":"0","cancel_reason":"","top_order_id":"0","is_evaluate":"0","relation_order_id":"0","desk_number":"","card_id":"0","is_bar":"0","is_xu":"0","obegin_time":"1524885420","oend_time":"1524927060"}
[ 2018-04-28T11:05:27+08:00 ] 125.69.127.92 /v1.1/unified/payment
INFO: [ app_init ] --START--
INFO: Run Behavior\BuildLiteBehavior [ RunTime:0.000023s ]
INFO: [ app_init ] --END-- [ RunTime:0.000119s ]
INFO: [ app_begin ] --START--
INFO: Run Behavior\ReadHtmlCacheBehavior [ RunTime:0.000042s ]
INFO: [ app_begin ] --END-- [ RunTime:0.000109s ]

[ 2018-04-28T11:05:27+08:00 ] 125.69.127.92 /v1.1/unified/payment
ERR: {"id":"129","order_no":"1524884721731481","merchant_id":"1","member_id":"5","contacts_realname":"\u848b\u4ee4","contacts_tel":"18780087200","contacts_sex":"1","total_price":"1199.00","pay_price":"999.00","purchase_price":"1099.00","discount_money":"200.00","status":"7","settlement_status":"0","order_type":"3","payment":"1","description":"","arrives_time":"1524844800","incr_time":"0","created_time":"1524884721","employee_id":"0","employee_realname":"","employee_avatar":"","employee_tel":"0","updated_time":"1524884721","take_time":"0","relation_order_no":"0","cancel_reason":"","top_order_id":"0","is_evaluate":"0","relation_order_id":"0","desk_number":"","card_id":"0","is_bar":"0","is_xu":"0","obegin_time":"1524885420","oend_time":"1524927060"}
[ 2018-04-28T11:05:27+08:00 ] 125.69.127.92 /v1.1/unified/payment
INFO: [ app_init ] --START--
INFO: Run Behavior\BuildLiteBehavior [ RunTime:0.000017s ]
INFO: [ app_init ] --END-- [ RunTime:0.000109s ]
INFO: [ app_begin ] --START--
INFO: Run Behavior\ReadHtmlCacheBehavior [ RunTime:0.000041s ]
INFO: [ app_begin ] --END-- [ RunTime:0.000106s ]

[ 2018-04-28T11:05:27+08:00 ] 125.69.127.92 /v1.1/unified/payment
NOTIC: 请求参数格式错误
[ 2018-04-28T11:05:28+08:00 ] 125.69.127.92 /v1.1/unified/payment
INFO: [ app_init ] --START--
INFO: Run Behavior\BuildLiteBehavior [ RunTime:0.000017s ]
INFO: [ app_init ] --END-- [ RunTime:0.000109s ]
INFO: [ app_begin ] --START--
INFO: Run Behavior\ReadHtmlCacheBehavior [ RunTime:0.000043s ]
INFO: [ app_begin ] --END-- [ RunTime:0.000113s ]

[ 2018-04-28T11:05:28+08:00 ] 125.69.127.92 /v1.1/unified/paymentResult
INFO: [ app_init ] --START--
INFO: Run Behavior\BuildLiteBehavior [ RunTime:0.000017s ]
INFO: [ app_init ] --END-- [ RunTime:0.000137s ]
INFO: [ app_begin ] --START--
INFO: Run Behavior\ReadHtmlCacheBehavior [ RunTime:0.000040s ]
INFO: [ app_begin ] --END-- [ RunTime:0.000105s ]
NOTIC: [2] Missing argument 2 for V1_1\Controller\UnifiedOrderController::paymentResultOrder(), called in /mnt/data/kpzapp/member/Application/V1_1/Controller/UnifiedOrderController.class.php on line 736 and defined /mnt/data/kpzapp/member/Application/V1_1/Controller/UnifiedOrderController.class.php 第 753 行.
NOTIC: [8] Undefined variable: buy_type /mnt/data/kpzapp/member/Application/V1_1/Controller/UnifiedOrderController.class.php 第 777 行.
NOTIC: [8] Undefined variable: buy_type /mnt/data/kpzapp/member/Application/V1_1/Controller/UnifiedOrderController.class.php 第 797 行.

[ 2018-04-28T11:05:40+08:00 ] 125.69.127.92 /v1.1/bar/myBarList
INFO: [ app_init ] --START--
INFO: Run Behavior\BuildLiteBehavior [ RunTime:0.000018s ]
INFO: [ app_init ] --END-- [ RunTime:0.000118s ]
INFO: [ app_begin ] --START--
INFO: Run Behavior\ReadHtmlCacheBehavior [ RunTime:0.000049s ]
INFO: [ app_begin ] --END-- [ RunTime:0.000120s ]

[ 2018-04-28T11:05:41+08:00 ] 125.69.127.92 /v1.1/member/vipInfo
INFO: [ app_init ] --START--
INFO: Run Behavior\BuildLiteBehavior [ RunTime:0.000018s ]
INFO: [ app_init ] --END-- [ RunTime:0.000116s ]
INFO: [ app_begin ] --START--
INFO: Run Behavior\ReadHtmlCacheBehavior [ RunTime:0.000042s ]
INFO: [ app_begin ] --END-- [ RunTime:0.000107s ]

[ 2018-04-28T11:05:44+08:00 ] 125.69.127.92 /v1.1/merchant/nearbyMerchant
INFO: [ app_init ] --START--
INFO: Run Behavior\BuildLiteBehavior [ RunTime:0.000017s ]
INFO: [ app_init ] --END-- [ RunTime:0.000110s ]
INFO: [ app_begin ] --START--
INFO: Run Behavior\ReadHtmlCacheBehavior [ RunTime:0.000041s ]
INFO: [ app_begin ] --END-- [ RunTime:0.000122s ]

[ 2018-04-28T11:05:45+08:00 ] 125.69.127.92 /v1.1/bar/barIndex
INFO: [ app_init ] --START--
INFO: Run Behavior\BuildLiteBehavior [ RunTime:0.000018s ]
INFO: [ app_init ] --END-- [ RunTime:0.000125s ]
INFO: [ app_begin ] --START--
INFO: Run Behavior\ReadHtmlCacheBehavior [ RunTime:0.000042s ]
INFO: [ app_begin ] --END-- [ RunTime:0.000105s ]

[ 2018-04-28T11:05:47+08:00 ] 125.69.127.92 /v1.1/member/vipInfo
INFO: [ app_init ] --START--
INFO: Run Behavior\BuildLiteBehavior [ RunTime:0.000018s ]
INFO: [ app_init ] --END-- [ RunTime:0.000115s ]
INFO: [ app_begin ] --START--
INFO: Run Behavior\ReadHtmlCacheBehavior [ RunTime:0.000046s ]
INFO: [ app_begin ] --END-- [ RunTime:0.000110s ]

[ 2018-04-28T11:05:55+08:00 ] 125.69.127.92 /v1.1/member/vipInfo
INFO: [ app_init ] --START--
INFO: Run Behavior\BuildLiteBehavior [ RunTime:0.000018s ]
INFO: [ app_init ] --END-- [ RunTime:0.000118s ]
INFO: [ app_begin ] --START--
INFO: Run Behavior\ReadHtmlCacheBehavior [ RunTime:0.000043s ]
INFO: [ app_begin ] --END-- [ RunTime:0.000107s ]

[ 2018-04-28T11:05:56+08:00 ] 125.69.127.92 /v1.1/member/vipInfo
INFO: [ app_init ] --START--
INFO: Run Behavior\BuildLiteBehavior [ RunTime:0.000021s ]
INFO: [ app_init ] --END-- [ RunTime:0.000134s ]
INFO: [ app_begin ] --START--
INFO: Run Behavior\ReadHtmlCacheBehavior [ RunTime:0.000060s ]
INFO: [ app_begin ] --END-- [ RunTime:0.000155s ]

[ 2018-04-28T11:06:01+08:00 ] 125.69.127.92 /v1.1/member/vipInfo
INFO: [ app_init ] --START--
INFO: Run Behavior\BuildLiteBehavior [ RunTime:0.000018s ]
INFO: [ app_init ] --END-- [ RunTime:0.000112s ]
INFO: [ app_begin ] --START--
INFO: Run Behavior\ReadHtmlCacheBehavior [ RunTime:0.000043s ]
INFO: [ app_begin ] --END-- [ RunTime:0.000110s ]

[ 2018-04-28T11:06:16+08:00 ] 125.69.127.92 /v1.1/Member/verifyToken
INFO: [ app_init ] --START--
INFO: Run Behavior\BuildLiteBehavior [ RunTime:0.000017s ]
INFO: [ app_init ] --END-- [ RunTime:0.000132s ]
INFO: [ app_begin ] --START--
INFO: Run Behavior\ReadHtmlCacheBehavior [ RunTime:0.000042s ]
INFO: [ app_begin ] --END-- [ RunTime:0.000107s ]

[ 2018-04-28T11:06:16+08:00 ] 125.69.127.92 /v1.1/bar/barIndex
INFO: [ app_init ] --START--
INFO: Run Behavior\BuildLiteBehavior [ RunTime:0.000018s ]
INFO: [ app_init ] --END-- [ RunTime:0.000114s ]
INFO: [ app_begin ] --START--
INFO: Run Behavior\ReadHtmlCacheBehavior [ RunTime:0.000042s ]
INFO: [ app_begin ] --END-- [ RunTime:0.000105s ]

[ 2018-04-28T11:06:21+08:00 ] 182.138.218.72 /v1.1/ad/advert
INFO: [ app_init ] --START--
INFO: Run Behavior\BuildLiteBehavior [ RunTime:0.000025s ]
INFO: [ app_init ] --END-- [ RunTime:0.000168s ]
INFO: [ app_begin ] --START--
INFO: Run Behavior\ReadHtmlCacheBehavior [ RunTime:0.000060s ]
INFO: [ app_begin ] --END-- [ RunTime:0.000132s ]

[ 2018-04-28T11:06:21+08:00 ] 182.138.218.72 /v1.1/Merchant/nearbyMerchant
INFO: [ app_init ] --START--
INFO: Run Behavior\BuildLiteBehavior [ RunTime:0.000017s ]
INFO: [ app_init ] --END-- [ RunTime:0.000117s ]
INFO: [ app_begin ] --START--
INFO: Run Behavior\ReadHtmlCacheBehavior [ RunTime:0.000060s ]
INFO: [ app_begin ] --END-- [ RunTime:0.000137s ]

[ 2018-04-28T11:06:22+08:00 ] 182.138.218.72 /v1.1/member/wxlogin
INFO: [ app_init ] --START--
INFO: Run Behavior\BuildLiteBehavior [ RunTime:0.000023s ]
INFO: [ app_init ] --END-- [ RunTime:0.000121s ]
INFO: [ app_begin ] --START--
INFO: Run Behavior\ReadHtmlCacheBehavior [ RunTime:0.000044s ]
INFO: [ app_begin ] --END-- [ RunTime:0.000114s ]
NOTIC: [8] Undefined index: id /mnt/data/kpzapp/member/Application/V1_1/Controller/MemberController.class.php 第 179 行.

[ 2018-04-28T11:06:22+08:00 ] 182.138.218.72 /v1.1/coupon/indexCards
INFO: [ app_init ] --START--
INFO: Run Behavior\BuildLiteBehavior [ RunTime:0.000017s ]
INFO: [ app_init ] --END-- [ RunTime:0.000112s ]
INFO: [ app_begin ] --START--
INFO: Run Behavior\ReadHtmlCacheBehavior [ RunTime:0.000042s ]
INFO: [ app_begin ] --END-- [ RunTime:0.000110s ]

[ 2018-04-28T11:06:22+08:00 ] 182.138.218.72 /v1.1/member/verifyBindPhoneNumber
INFO: [ app_init ] --START--
INFO: Run Behavior\BuildLiteBehavior [ RunTime:0.000017s ]
INFO: [ app_init ] --END-- [ RunTime:0.000119s ]
INFO: [ app_begin ] --START--
INFO: Run Behavior\ReadHtmlCacheBehavior [ RunTime:0.000048s ]
INFO: [ app_begin ] --END-- [ RunTime:0.000120s ]

[ 2018-04-28T11:06:22+08:00 ] 182.138.218.72 /v1.1/coupon/getPubcard
INFO: [ app_init ] --START--
INFO: Run Behavior\BuildLiteBehavior [ RunTime:0.000017s ]
INFO: [ app_init ] --END-- [ RunTime:0.000113s ]
INFO: [ app_begin ] --START--
INFO: Run Behavior\ReadHtmlCacheBehavior [ RunTime:0.000043s ]
INFO: [ app_begin ] --END-- [ RunTime:0.000110s ]
NOTIC: [8] Undefined index: attach_time /mnt/data/kpzapp/member/Application/V1_1/Model/CouponModel.class.php 第 602 行.
NOTIC: [8] Undefined index: attach_time /mnt/data/kpzapp/member/Application/V1_1/Model/CouponModel.class.php 第 602 行.

[ 2018-04-28T11:06:23+08:00 ] 182.138.218.72 /v1.1/merchant/simpleInfo
INFO: [ app_init ] --START--
INFO: Run Behavior\BuildLiteBehavior [ RunTime:0.000016s ]
INFO: [ app_init ] --END-- [ RunTime:0.000131s ]
INFO: [ app_begin ] --START--
INFO: Run Behavior\ReadHtmlCacheBehavior [ RunTime:0.000047s ]
INFO: [ app_begin ] --END-- [ RunTime:0.000117s ]

[ 2018-04-28T11:06:23+08:00 ] 182.138.218.72 /v1.1/Employee/employeeList
INFO: [ app_init ] --START--
INFO: Run Behavior\BuildLiteBehavior [ RunTime:0.000015s ]
INFO: [ app_init ] --END-- [ RunTime:0.000095s ]
INFO: [ app_begin ] --START--
INFO: Run Behavior\ReadHtmlCacheBehavior [ RunTime:0.000039s ]
INFO: [ app_begin ] --END-- [ RunTime:0.000107s ]

[ 2018-04-28T11:06:23+08:00 ] 182.138.218.72 /v1.1/coupon/getPubcard
INFO: [ app_init ] --START--
INFO: Run Behavior\BuildLiteBehavior [ RunTime:0.000017s ]
INFO: [ app_init ] --END-- [ RunTime:0.000119s ]
INFO: [ app_begin ] --START--
INFO: Run Behavior\ReadHtmlCacheBehavior [ RunTime:0.000053s ]
INFO: [ app_begin ] --END-- [ RunTime:0.000133s ]
NOTIC: [8] Undefined index: attach_time /mnt/data/kpzapp/member/Application/V1_1/Model/CouponModel.class.php 第 602 行.
NOTIC: [8] Undefined index: attach_time /mnt/data/kpzapp/member/Application/V1_1/Model/CouponModel.class.php 第 602 行.

[ 2018-04-28T11:06:23+08:00 ] 182.138.218.72 /v1.1/merchant/preordainCycle
INFO: [ app_init ] --START--
INFO: Run Behavior\BuildLiteBehavior [ RunTime:0.000016s ]
INFO: [ app_init ] --END-- [ RunTime:0.000106s ]
INFO: [ app_begin ] --START--
INFO: Run Behavior\ReadHtmlCacheBehavior [ RunTime:0.000041s ]
INFO: [ app_begin ] --END-- [ RunTime:0.000106s ]

[ 2018-04-28T11:06:23+08:00 ] 182.138.218.72 /v1.1/goods/packList
INFO: [ app_init ] --START--
INFO: Run Behavior\BuildLiteBehavior [ RunTime:0.000018s ]
INFO: [ app_init ] --END-- [ RunTime:0.000117s ]
INFO: [ app_begin ] --START--
INFO: Run Behavior\ReadHtmlCacheBehavior [ RunTime:0.000044s ]
INFO: [ app_begin ] --END-- [ RunTime:0.000117s ]

[ 2018-04-28T11:06:23+08:00 ] 182.138.218.72 /v1.1/goods/packList
INFO: [ app_init ] --START--
INFO: Run Behavior\BuildLiteBehavior [ RunTime:0.000015s ]
INFO: [ app_init ] --END-- [ RunTime:0.000099s ]
INFO: [ app_begin ] --START--
INFO: Run Behavior\ReadHtmlCacheBehavior [ RunTime:0.000063s ]
INFO: [ app_begin ] --END-- [ RunTime:0.000138s ]

[ 2018-04-28T11:06:27+08:00 ] 182.138.218.72 /v1.1/goods/seatMap
INFO: [ app_init ] --START--
INFO: Run Behavior\BuildLiteBehavior [ RunTime:0.000021s ]
INFO: [ app_init ] --END-- [ RunTime:0.000148s ]
INFO: [ app_begin ] --START--
INFO: Run Behavior\ReadHtmlCacheBehavior [ RunTime:0.000040s ]
INFO: [ app_begin ] --END-- [ RunTime:0.000106s ]

[ 2018-04-28T11:06:27+08:00 ] 182.138.218.72 /v1.1/merchant/simpleInfo
INFO: [ app_init ] --START--
INFO: Run Behavior\BuildLiteBehavior [ RunTime:0.000024s ]
INFO: [ app_init ] --END-- [ RunTime:0.000178s ]
INFO: [ app_begin ] --START--
INFO: Run Behavior\ReadHtmlCacheBehavior [ RunTime:0.000069s ]
INFO: [ app_begin ] --END-- [ RunTime:0.000174s ]

[ 2018-04-28T11:06:27+08:00 ] 182.138.218.72 /v1.1/goods/seatList
INFO: [ app_init ] --START--
INFO: Run Behavior\BuildLiteBehavior [ RunTime:0.000018s ]
INFO: [ app_init ] --END-- [ RunTime:0.000112s ]
INFO: [ app_begin ] --START--
INFO: Run Behavior\ReadHtmlCacheBehavior [ RunTime:0.000048s ]
INFO: [ app_begin ] --END-- [ RunTime:0.000113s ]

[ 2018-04-28T11:06:50+08:00 ] 125.69.127.92 /v1.1/Member/verifyToken
INFO: [ app_init ] --START--
INFO: Run Behavior\BuildLiteBehavior [ RunTime:0.000017s ]
INFO: [ app_init ] --END-- [ RunTime:0.000117s ]
INFO: [ app_begin ] --START--
INFO: Run Behavior\ReadHtmlCacheBehavior [ RunTime:0.000046s ]
INFO: [ app_begin ] --END-- [ RunTime:0.000111s ]

[ 2018-04-28T11:06:50+08:00 ] 125.69.127.92 /v1.1/order/myOrderList
INFO: [ app_init ] --START--
INFO: Run Behavior\BuildLiteBehavior [ RunTime:0.000018s ]
INFO: [ app_init ] --END-- [ RunTime:0.000115s ]
INFO: [ app_begin ] --START--
INFO: Run Behavior\ReadHtmlCacheBehavior [ RunTime:0.000056s ]
INFO: [ app_begin ] --END-- [ RunTime:0.000192s ]

[ 2018-04-28T11:06:53+08:00 ] 125.69.127.92 /v1.1/comment/commentBaseInfo
INFO: [ app_init ] --START--
INFO: Run Behavior\BuildLiteBehavior [ RunTime:0.000026s ]
INFO: [ app_init ] --END-- [ RunTime:0.000155s ]
INFO: [ app_begin ] --START--
INFO: Run Behavior\ReadHtmlCacheBehavior [ RunTime:0.000049s ]
INFO: [ app_begin ] --END-- [ RunTime:0.000114s ]

[ 2018-04-28T11:06:58+08:00 ] 125.69.127.92 /v1.1/ad/advert
INFO: [ app_init ] --START--
INFO: Run Behavior\BuildLiteBehavior [ RunTime:0.000018s ]
INFO: [ app_init ] --END-- [ RunTime:0.000184s ]
INFO: [ app_begin ] --START--
INFO: Run Behavior\ReadHtmlCacheBehavior [ RunTime:0.000056s ]
INFO: [ app_begin ] --END-- [ RunTime:0.000143s ]

[ 2018-04-28T11:06:58+08:00 ] 125.69.127.92 /v1.1/coupon/indexCards
INFO: [ app_init ] --START--
INFO: Run Behavior\BuildLiteBehavior [ RunTime:0.000016s ]
INFO: [ app_init ] --END-- [ RunTime:0.000101s ]
INFO: [ app_begin ] --START--
INFO: Run Behavior\ReadHtmlCacheBehavior [ RunTime:0.000043s ]
INFO: [ app_begin ] --END-- [ RunTime:0.000117s ]

[ 2018-04-28T11:06:58+08:00 ] 125.69.127.92 /v1.1/merchant/nearbyMerchant
INFO: [ app_init ] --START--
INFO: Run Behavior\BuildLiteBehavior [ RunTime:0.000016s ]
INFO: [ app_init ] --END-- [ RunTime:0.000120s ]
INFO: [ app_begin ] --START--
INFO: Run Behavior\ReadHtmlCacheBehavior [ RunTime:0.000042s ]
INFO: [ app_begin ] --END-- [ RunTime:0.000127s ]

[ 2018-04-28T11:06:58+08:00 ] 125.69.127.92 /v1.1/bar/searchList
INFO: [ app_init ] --START--
INFO: Run Behavior\BuildLiteBehavior [ RunTime:0.000015s ]
INFO: [ app_init ] --END-- [ RunTime:0.000110s ]
INFO: [ app_begin ] --START--
INFO: Run Behavior\ReadHtmlCacheBehavior [ RunTime:0.000042s ]
INFO: [ app_begin ] --END-- [ RunTime:0.000110s ]

[ 2018-04-28T11:06:58+08:00 ] 125.69.127.92 /v1.1/bar/barIndex
INFO: [ app_init ] --START--
INFO: Run Behavior\BuildLiteBehavior [ RunTime:0.000024s ]
INFO: [ app_init ] --END-- [ RunTime:0.000133s ]
INFO: [ app_begin ] --START--
INFO: Run Behavior\ReadHtmlCacheBehavior [ RunTime:0.000044s ]
INFO: [ app_begin ] --END-- [ RunTime:0.000109s ]

[ 2018-04-28T11:06:58+08:00 ] 125.69.127.92 /v1.1/member/vipInfo
INFO: [ app_init ] --START--
INFO: Run Behavior\BuildLiteBehavior [ RunTime:0.000017s ]
INFO: [ app_init ] --END-- [ RunTime:0.000101s ]
INFO: [ app_begin ] --START--
INFO: Run Behavior\ReadHtmlCacheBehavior [ RunTime:0.000042s ]
INFO: [ app_begin ] --END-- [ RunTime:0.000114s ]

[ 2018-04-28T11:06:58+08:00 ] 125.69.127.92 /v1.1/goods/recharge
INFO: [ app_init ] --START--
INFO: Run Behavior\BuildLiteBehavior [ RunTime:0.000024s ]
INFO: [ app_init ] --END-- [ RunTime:0.000203s ]
INFO: [ app_begin ] --START--
INFO: Run Behavior\ReadHtmlCacheBehavior [ RunTime:0.000049s ]
INFO: [ app_begin ] --END-- [ RunTime:0.000141s ]

[ 2018-04-28T11:06:58+08:00 ] 125.69.127.92 /v1.1/merchant/nearbyMerchant
INFO: [ app_init ] --START--
INFO: Run Behavior\BuildLiteBehavior [ RunTime:0.000017s ]
INFO: [ app_init ] --END-- [ RunTime:0.000110s ]
INFO: [ app_begin ] --START--
INFO: Run Behavior\ReadHtmlCacheBehavior [ RunTime:0.000063s ]
INFO: [ app_begin ] --END-- [ RunTime:0.000171s ]

[ 2018-04-28T11:07:00+08:00 ] 125.69.127.92 /v1.1/comment/submitComment
INFO: [ app_init ] --START--
INFO: Run Behavior\BuildLiteBehavior [ RunTime:0.000017s ]
INFO: [ app_init ] --END-- [ RunTime:0.000123s ]
INFO: [ app_begin ] --START--
INFO: Run Behavior\ReadHtmlCacheBehavior [ RunTime:0.000042s ]
INFO: [ app_begin ] --END-- [ RunTime:0.000108s ]

[ 2018-04-28T11:07:00+08:00 ] 125.69.127.92 /v1.1/merchant/simpleInfo
INFO: [ app_init ] --START--
INFO: Run Behavior\BuildLiteBehavior [ RunTime:0.000018s ]
INFO: [ app_init ] --END-- [ RunTime:0.000118s ]
INFO: [ app_begin ] --START--
INFO: Run Behavior\ReadHtmlCacheBehavior [ RunTime:0.000045s ]
INFO: [ app_begin ] --END-- [ RunTime:0.000138s ]

[ 2018-04-28T11:07:00+08:00 ] 125.69.127.92 /v1.1/goods/packList
INFO: [ app_init ] --START--
INFO: Run Behavior\BuildLiteBehavior [ RunTime:0.000017s ]
INFO: [ app_init ] --END-- [ RunTime:0.000121s ]
INFO: [ app_begin ] --START--
INFO: Run Behavior\ReadHtmlCacheBehavior [ RunTime:0.000043s ]
INFO: [ app_begin ] --END-- [ RunTime:0.000110s ]

[ 2018-04-28T11:07:00+08:00 ] 125.69.127.92 /v1.1/Member/verifyToken
INFO: [ app_init ] --START--
INFO: Run Behavior\BuildLiteBehavior [ RunTime:0.000017s ]
INFO: [ app_init ] --END-- [ RunTime:0.000111s ]
INFO: [ app_begin ] --START--
INFO: Run Behavior\ReadHtmlCacheBehavior [ RunTime:0.000043s ]
INFO: [ app_begin ] --END-- [ RunTime:0.000111s ]

[ 2018-04-28T11:07:00+08:00 ] 125.69.127.92 /v1.1/order/myOrderList
INFO: [ app_init ] --START--
INFO: Run Behavior\BuildLiteBehavior [ RunTime:0.000018s ]
INFO: [ app_init ] --END-- [ RunTime:0.000118s ]
INFO: [ app_begin ] --START--
INFO: Run Behavior\ReadHtmlCacheBehavior [ RunTime:0.000042s ]
INFO: [ app_begin ] --END-- [ RunTime:0.000106s ]

[ 2018-04-28T11:07:02+08:00 ] 125.69.127.92 /v1.1/Member/verifyToken
INFO: [ app_init ] --START--
INFO: Run Behavior\BuildLiteBehavior [ RunTime:0.000018s ]
INFO: [ app_init ] --END-- [ RunTime:0.000122s ]
INFO: [ app_begin ] --START--
INFO: Run Behavior\ReadHtmlCacheBehavior [ RunTime:0.000048s ]
INFO: [ app_begin ] --END-- [ RunTime:0.000112s ]

[ 2018-04-28T11:07:03+08:00 ] 125.69.127.92 /v1.1/bar/barIndex
INFO: [ app_init ] --START--
INFO: Run Behavior\BuildLiteBehavior [ RunTime:0.000017s ]
INFO: [ app_init ] --END-- [ RunTime:0.000115s ]
INFO: [ app_begin ] --START--
INFO: Run Behavior\ReadHtmlCacheBehavior [ RunTime:0.000043s ]
INFO: [ app_begin ] --END-- [ RunTime:0.000118s ]

[ 2018-04-28T11:07:04+08:00 ] 125.69.127.92 /v1.1/Member/verifyToken
INFO: [ app_init ] --START--
INFO: Run Behavior\BuildLiteBehavior [ RunTime:0.000026s ]
INFO: [ app_init ] --END-- [ RunTime:0.000167s ]
INFO: [ app_begin ] --START--
INFO: Run Behavior\ReadHtmlCacheBehavior [ RunTime:0.000133s ]
INFO: [ app_begin ] --END-- [ RunTime:0.000234s ]

[ 2018-04-28T11:07:04+08:00 ] 125.69.127.92 /v1.1/bar/barIndex
INFO: [ app_init ] --START--
INFO: Run Behavior\BuildLiteBehavior [ RunTime:0.000017s ]
INFO: [ app_init ] --END-- [ RunTime:0.000119s ]
INFO: [ app_begin ] --START--
INFO: Run Behavior\ReadHtmlCacheBehavior [ RunTime:0.000040s ]
INFO: [ app_begin ] --END-- [ RunTime:0.000105s ]

[ 2018-04-28T11:07:04+08:00 ] 125.69.127.92 /v1.1/contacts/contactsList
INFO: [ app_init ] --START--
INFO: Run Behavior\BuildLiteBehavior [ RunTime:0.000016s ]
INFO: [ app_init ] --END-- [ RunTime:0.000103s ]
INFO: [ app_begin ] --START--
INFO: Run Behavior\ReadHtmlCacheBehavior [ RunTime:0.000039s ]
INFO: [ app_begin ] --END-- [ RunTime:0.000115s ]

[ 2018-04-28T11:07:04+08:00 ] 125.69.127.92 /v1.1/tips/submitOrder
INFO: [ app_init ] --START--
INFO: Run Behavior\BuildLiteBehavior [ RunTime:0.000016s ]
INFO: [ app_init ] --END-- [ RunTime:0.000099s ]
INFO: [ app_begin ] --START--
INFO: Run Behavior\ReadHtmlCacheBehavior [ RunTime:0.000040s ]
INFO: [ app_begin ] --END-- [ RunTime:0.000108s ]

[ 2018-04-28T11:07:04+08:00 ] 125.69.127.92 /v1.1/tips/firmOrder
INFO: [ app_init ] --START--
INFO: Run Behavior\BuildLiteBehavior [ RunTime:0.000017s ]
INFO: [ app_init ] --END-- [ RunTime:0.000113s ]
INFO: [ app_begin ] --START--
INFO: Run Behavior\ReadHtmlCacheBehavior [ RunTime:0.000041s ]
INFO: [ app_begin ] --END-- [ RunTime:0.000106s ]

[ 2018-04-28T11:07:04+08:00 ] 125.69.127.92 /v1.1/coupon/useFulCard
INFO: [ app_init ] --START--
INFO: Run Behavior\BuildLiteBehavior [ RunTime:0.000015s ]
INFO: [ app_init ] --END-- [ RunTime:0.000141s ]
INFO: [ app_begin ] --START--
INFO: Run Behavior\ReadHtmlCacheBehavior [ RunTime:0.000041s ]
INFO: [ app_begin ] --END-- [ RunTime:0.000115s ]

[ 2018-04-28T11:07:07+08:00 ] 125.69.127.92 /v1.1/ad/advert
INFO: [ app_init ] --START--
INFO: Run Behavior\BuildLiteBehavior [ RunTime:0.000018s ]
INFO: [ app_init ] --END-- [ RunTime:0.000118s ]
INFO: [ app_begin ] --START--
INFO: Run Behavior\ReadHtmlCacheBehavior [ RunTime:0.000048s ]
INFO: [ app_begin ] --END-- [ RunTime:0.000112s ]

[ 2018-04-28T11:07:07+08:00 ] 125.69.127.92 /v1.1/order/buyGoods
INFO: [ app_init ] --START--
INFO: Run Behavior\BuildLiteBehavior [ RunTime:0.000017s ]
INFO: [ app_init ] --END-- [ RunTime:0.000112s ]
INFO: [ app_begin ] --START--
INFO: Run Behavior\ReadHtmlCacheBehavior [ RunTime:0.000046s ]
INFO: [ app_begin ] --END-- [ RunTime:0.000114s ]

[ 2018-04-28T11:07:07+08:00 ] 125.69.127.92 /v1.1/merchant/nearbyMerchant
INFO: [ app_init ] --START--
INFO: Run Behavior\BuildLiteBehavior [ RunTime:0.000018s ]
INFO: [ app_init ] --END-- [ RunTime:0.000117s ]
INFO: [ app_begin ] --START--
INFO: Run Behavior\ReadHtmlCacheBehavior [ RunTime:0.000042s ]
INFO: [ app_begin ] --END-- [ RunTime:0.000106s ]

[ 2018-04-28T11:07:07+08:00 ] 125.69.127.92 /v1.1/member/capital
INFO: [ app_init ] --START--
INFO: Run Behavior\BuildLiteBehavior [ RunTime:0.000017s ]
INFO: [ app_init ] --END-- [ RunTime:0.000112s ]
INFO: [ app_begin ] --START--
INFO: Run Behavior\ReadHtmlCacheBehavior [ RunTime:0.000060s ]
INFO: [ app_begin ] --END-- [ RunTime:0.000158s ]

[ 2018-04-28T11:07:07+08:00 ] 125.69.127.92 /v1.1/unified/payshow
INFO: [ app_init ] --START--
INFO: Run Behavior\BuildLiteBehavior [ RunTime:0.000016s ]
INFO: [ app_init ] --END-- [ RunTime:0.000119s ]
INFO: [ app_begin ] --START--
INFO: Run Behavior\ReadHtmlCacheBehavior [ RunTime:0.000040s ]
INFO: [ app_begin ] --END-- [ RunTime:0.000107s ]

[ 2018-04-28T11:07:07+08:00 ] 125.69.127.92 /v1.1/member/capital
INFO: [ app_init ] --START--
INFO: Run Behavior\BuildLiteBehavior [ RunTime:0.000015s ]
INFO: [ app_init ] --END-- [ RunTime:0.000101s ]
INFO: [ app_begin ] --START--
INFO: Run Behavior\ReadHtmlCacheBehavior [ RunTime:0.000042s ]
INFO: [ app_begin ] --END-- [ RunTime:0.000108s ]

[ 2018-04-28T11:07:08+08:00 ] 125.69.127.92 /v1.1/spread/promotion
INFO: [ app_init ] --START--
INFO: Run Behavior\BuildLiteBehavior [ RunTime:0.000018s ]
INFO: [ app_init ] --END-- [ RunTime:0.000112s ]
INFO: [ app_begin ] --START--
INFO: Run Behavior\ReadHtmlCacheBehavior [ RunTime:0.000044s ]
INFO: [ app_begin ] --END-- [ RunTime:0.000111s ]

[ 2018-04-28T11:07:08+08:00 ] 125.69.127.92 /v1.1/member/vipInfo
INFO: [ app_init ] --START--
INFO: Run Behavior\BuildLiteBehavior [ RunTime:0.000025s ]
INFO: [ app_init ] --END-- [ RunTime:0.000166s ]
INFO: [ app_begin ] --START--
INFO: Run Behavior\ReadHtmlCacheBehavior [ RunTime:0.000044s ]
INFO: [ app_begin ] --END-- [ RunTime:0.000112s ]

[ 2018-04-28T11:07:08+08:00 ] 125.69.127.92 /v1.1/goods/recharge
INFO: [ app_init ] --START--
INFO: Run Behavior\BuildLiteBehavior [ RunTime:0.000018s ]
INFO: [ app_init ] --END-- [ RunTime:0.000137s ]
INFO: [ app_begin ] --START--
INFO: Run Behavior\ReadHtmlCacheBehavior [ RunTime:0.000043s ]
INFO: [ app_begin ] --END-- [ RunTime:0.000133s ]

[ 2018-04-28T11:07:09+08:00 ] 125.69.127.92 /v1.1/bar/myBarList
INFO: [ app_init ] --START--
INFO: Run Behavior\BuildLiteBehavior [ RunTime:0.000021s ]
INFO: [ app_init ] --END-- [ RunTime:0.000131s ]
INFO: [ app_begin ] --START--
INFO: Run Behavior\ReadHtmlCacheBehavior [ RunTime:0.000043s ]
INFO: [ app_begin ] --END-- [ RunTime:0.000109s ]

[ 2018-04-28T11:07:12+08:00 ] 125.69.127.92 /v1.1/bar/myBarList
INFO: [ app_init ] --START--
INFO: Run Behavior\BuildLiteBehavior [ RunTime:0.000017s ]
INFO: [ app_init ] --END-- [ RunTime:0.000116s ]
INFO: [ app_begin ] --START--
INFO: Run Behavior\ReadHtmlCacheBehavior [ RunTime:0.000054s ]
INFO: [ app_begin ] --END-- [ RunTime:0.000126s ]

[ 2018-04-28T11:07:12+08:00 ] 125.69.127.92 /v1.1/member/verifyPayPassword
INFO: [ app_init ] --START--
INFO: Run Behavior\BuildLiteBehavior [ RunTime:0.000025s ]
INFO: [ app_init ] --END-- [ RunTime:0.000189s ]
INFO: [ app_begin ] --START--
INFO: Run Behavior\ReadHtmlCacheBehavior [ RunTime:0.000059s ]
INFO: [ app_begin ] --END-- [ RunTime:0.000132s ]

[ 2018-04-28T11:07:12+08:00 ] 125.69.127.92 /v1.1/unified/payment
ERR: {"id":"130","order_no":"1524884827305783","merchant_id":"1","member_id":"16","contacts_realname":"\u4e2d\u79cb","contacts_tel":"17711397236","contacts_sex":"1","total_price":"599.05","pay_price":"399.01","purchase_price":"499.03","discount_money":"200.04","status":"1","settlement_status":"0","order_type":"3","payment":"0","description":"","arrives_time":"1524844800","incr_time":"0","created_time":"1524884827","employee_id":"0","employee_realname":"","employee_avatar":"","employee_tel":"0","updated_time":"1524884827","take_time":"0","relation_order_no":"0","cancel_reason":"","top_order_id":"0","is_evaluate":"0","relation_order_id":"0","desk_number":"","card_id":"0","is_bar":"0","is_xu":"0","obegin_time":"1524885420","oend_time":"1524927060"}
[ 2018-04-28T11:07:13+08:00 ] 125.69.127.92 /v1.1/unified/payment
NOTIC: 请求参数格式错误
[ 2018-04-28T11:07:13+08:00 ] 125.69.127.92 /v1.1/bar/wineBarList
INFO: [ app_init ] --START--
INFO: Run Behavior\BuildLiteBehavior [ RunTime:0.000018s ]
INFO: [ app_init ] --END-- [ RunTime:0.000138s ]
INFO: [ app_begin ] --START--
INFO: Run Behavior\ReadHtmlCacheBehavior [ RunTime:0.000055s ]
INFO: [ app_begin ] --END-- [ RunTime:0.000141s ]

[ 2018-04-28T11:07:13+08:00 ] 125.69.127.92 /v1.1/unified/payment
INFO: [ app_init ] --START--
INFO: Run Behavior\BuildLiteBehavior [ RunTime:0.000028s ]
INFO: [ app_init ] --END-- [ RunTime:0.000183s ]
INFO: [ app_begin ] --START--
INFO: Run Behavior\ReadHtmlCacheBehavior [ RunTime:0.000050s ]
INFO: [ app_begin ] --END-- [ RunTime:0.000120s ]

[ 2018-04-28T11:07:19+08:00 ] 125.69.127.92 /v1.1/unified/paymentResult
INFO: [ app_init ] --START--
INFO: Run Behavior\BuildLiteBehavior [ RunTime:0.000017s ]
INFO: [ app_init ] --END-- [ RunTime:0.000117s ]
INFO: [ app_begin ] --START--
INFO: Run Behavior\ReadHtmlCacheBehavior [ RunTime:0.000050s ]
INFO: [ app_begin ] --END-- [ RunTime:0.000120s ]
NOTIC: [2] Missing argument 2 for V1_1\Controller\UnifiedOrderController::paymentResultOrder(), called in /mnt/data/kpzapp/member/Application/V1_1/Controller/UnifiedOrderController.class.php on line 736 and defined /mnt/data/kpzapp/member/Application/V1_1/Controller/UnifiedOrderController.class.php 第 753 行.
NOTIC: [8] Undefined variable: buy_type /mnt/data/kpzapp/member/Application/V1_1/Controller/UnifiedOrderController.class.php 第 777 行.
NOTIC: [8] Undefined variable: buy_type /mnt/data/kpzapp/member/Application/V1_1/Controller/UnifiedOrderController.class.php 第 797 行.

[ 2018-04-28T11:07:21+08:00 ] 125.69.127.92 /v1.1/order/orderDetail
INFO: [ app_init ] --START--
INFO: Run Behavior\BuildLiteBehavior [ RunTime:0.000018s ]
INFO: [ app_init ] --END-- [ RunTime:0.000115s ]
INFO: [ app_begin ] --START--
INFO: Run Behavior\ReadHtmlCacheBehavior [ RunTime:0.000059s ]
INFO: [ app_begin ] --END-- [ RunTime:0.000128s ]

[ 2018-04-28T11:07:37+08:00 ] 125.69.127.92 /v1.1/ad/advert
INFO: [ app_init ] --START--
INFO: Run Behavior\BuildLiteBehavior [ RunTime:0.000019s ]
INFO: [ app_init ] --END-- [ RunTime:0.000128s ]
INFO: [ app_begin ] --START--
INFO: Run Behavior\ReadHtmlCacheBehavior [ RunTime:0.000045s ]
INFO: [ app_begin ] --END-- [ RunTime:0.000111s ]

[ 2018-04-28T11:07:38+08:00 ] 125.69.127.92 /v1.1/member/wxlogin
INFO: [ app_init ] --START--
INFO: Run Behavior\BuildLiteBehavior [ RunTime:0.000017s ]
INFO: [ app_init ] --END-- [ RunTime:0.000111s ]
INFO: [ app_begin ] --START--
INFO: Run Behavior\ReadHtmlCacheBehavior [ RunTime:0.000044s ]
INFO: [ app_begin ] --END-- [ RunTime:0.000113s ]
NOTIC: [8] Undefined index: id /mnt/data/kpzapp/member/Application/V1_1/Controller/MemberController.class.php 第 179 行.

[ 2018-04-28T11:07:39+08:00 ] 125.69.127.92 /v1.1/coupon/indexCards
INFO: [ app_init ] --START--
INFO: Run Behavior\BuildLiteBehavior [ RunTime:0.000024s ]
INFO: [ app_init ] --END-- [ RunTime:0.000121s ]
INFO: [ app_begin ] --START--
INFO: Run Behavior\ReadHtmlCacheBehavior [ RunTime:0.000050s ]
INFO: [ app_begin ] --END-- [ RunTime:0.000128s ]

[ 2018-04-28T11:07:39+08:00 ] 125.69.127.92 /v1.1/member/verifyBindPhoneNumber
INFO: [ app_init ] --START--
INFO: Run Behavior\BuildLiteBehavior [ RunTime:0.000019s ]
INFO: [ app_init ] --END-- [ RunTime:0.000123s ]
INFO: [ app_begin ] --START--
INFO: Run Behavior\ReadHtmlCacheBehavior [ RunTime:0.000060s ]
INFO: [ app_begin ] --END-- [ RunTime:0.000164s ]

[ 2018-04-28T11:07:39+08:00 ] 125.69.127.92 /v1.1/coupon/getPubcard
INFO: [ app_init ] --START--
INFO: Run Behavior\BuildLiteBehavior [ RunTime:0.000016s ]
INFO: [ app_init ] --END-- [ RunTime:0.000122s ]
INFO: [ app_begin ] --START--
INFO: Run Behavior\ReadHtmlCacheBehavior [ RunTime:0.000042s ]
INFO: [ app_begin ] --END-- [ RunTime:0.000106s ]
NOTIC: [8] Undefined index: attach_time /mnt/data/kpzapp/member/Application/V1_1/Model/CouponModel.class.php 第 602 行.
NOTIC: [8] Undefined index: attach_time /mnt/data/kpzapp/member/Application/V1_1/Model/CouponModel.class.php 第 602 行.

[ 2018-04-28T11:07:40+08:00 ] 125.69.127.92 /v1.1/Merchant/nearbyMerchant
INFO: [ app_init ] --START--
INFO: Run Behavior\BuildLiteBehavior [ RunTime:0.000018s ]
INFO: [ app_init ] --END-- [ RunTime:0.000117s ]
INFO: [ app_begin ] --START--
INFO: Run Behavior\ReadHtmlCacheBehavior [ RunTime:0.000046s ]
INFO: [ app_begin ] --END-- [ RunTime:0.000109s ]

[ 2018-04-28T11:07:42+08:00 ] 125.69.127.92 /v1.1/Employee/employeeList
INFO: [ app_init ] --START--
INFO: Run Behavior\BuildLiteBehavior [ RunTime:0.000021s ]
INFO: [ app_init ] --END-- [ RunTime:0.000145s ]
INFO: [ app_begin ] --START--
INFO: Run Behavior\ReadHtmlCacheBehavior [ RunTime:0.000049s ]
INFO: [ app_begin ] --END-- [ RunTime:0.000117s ]

[ 2018-04-28T11:07:42+08:00 ] 125.69.127.92 /v1.1/merchant/simpleInfo
INFO: [ app_init ] --START--
INFO: Run Behavior\BuildLiteBehavior [ RunTime:0.000015s ]
INFO: [ app_init ] --END-- [ RunTime:0.000097s ]
INFO: [ app_begin ] --START--
INFO: Run Behavior\ReadHtmlCacheBehavior [ RunTime:0.000052s ]
INFO: [ app_begin ] --END-- [ RunTime:0.000155s ]

[ 2018-04-28T11:07:42+08:00 ] 125.69.127.92 /v1.1/coupon/getPubcard
INFO: [ app_init ] --START--
INFO: Run Behavior\BuildLiteBehavior [ RunTime:0.000017s ]
INFO: [ app_init ] --END-- [ RunTime:0.000098s ]
INFO: [ app_begin ] --START--
INFO: Run Behavior\ReadHtmlCacheBehavior [ RunTime:0.000067s ]
INFO: [ app_begin ] --END-- [ RunTime:0.000153s ]
NOTIC: [8] Undefined index: attach_time /mnt/data/kpzapp/member/Application/V1_1/Model/CouponModel.class.php 第 602 行.
NOTIC: [8] Undefined index: attach_time /mnt/data/kpzapp/member/Application/V1_1/Model/CouponModel.class.php 第 602 行.

[ 2018-04-28T11:07:43+08:00 ] 125.69.127.92 /v1.1/merchant/preordainCycle
INFO: [ app_init ] --START--
INFO: Run Behavior\BuildLiteBehavior [ RunTime:0.000023s ]
INFO: [ app_init ] --END-- [ RunTime:0.000167s ]
INFO: [ app_begin ] --START--
INFO: Run Behavior\ReadHtmlCacheBehavior [ RunTime:0.000044s ]
INFO: [ app_begin ] --END-- [ RunTime:0.000109s ]

[ 2018-04-28T11:07:43+08:00 ] 125.69.127.92 /v1.1/goods/packList
INFO: [ app_init ] --START--
INFO: Run Behavior\BuildLiteBehavior [ RunTime:0.000016s ]
INFO: [ app_init ] --END-- [ RunTime:0.000099s ]
INFO: [ app_begin ] --START--
INFO: Run Behavior\ReadHtmlCacheBehavior [ RunTime:0.000044s ]
INFO: [ app_begin ] --END-- [ RunTime:0.000131s ]

[ 2018-04-28T11:07:43+08:00 ] 125.69.127.92 /v1.1/goods/packList
INFO: [ app_init ] --START--
INFO: Run Behavior\BuildLiteBehavior [ RunTime:0.000015s ]
INFO: [ app_init ] --END-- [ RunTime:0.000100s ]
INFO: [ app_begin ] --START--
INFO: Run Behavior\ReadHtmlCacheBehavior [ RunTime:0.000041s ]
INFO: [ app_begin ] --END-- [ RunTime:0.000113s ]

[ 2018-04-28T11:07:45+08:00 ] 125.69.127.92 /v1.1/Member/verifyToken
INFO: [ app_init ] --START--
INFO: Run Behavior\BuildLiteBehavior [ RunTime:0.000017s ]
INFO: [ app_init ] --END-- [ RunTime:0.000111s ]
INFO: [ app_begin ] --START--
INFO: Run Behavior\ReadHtmlCacheBehavior [ RunTime:0.000042s ]
INFO: [ app_begin ] --END-- [ RunTime:0.000108s ]

[ 2018-04-28T11:07:45+08:00 ] 125.69.127.92 /v1.1/member/verifyBindPhoneNumber
INFO: [ app_init ] --START--
INFO: Run Behavior\BuildLiteBehavior [ RunTime:0.000025s ]
INFO: [ app_init ] --END-- [ RunTime:0.000125s ]
INFO: [ app_begin ] --START--
INFO: Run Behavior\ReadHtmlCacheBehavior [ RunTime:0.000039s ]
INFO: [ app_begin ] --END-- [ RunTime:0.000105s ]

[ 2018-04-28T11:07:46+08:00 ] 125.69.127.92 /v1.1/goods/checkStock
INFO: [ app_init ] --START--
INFO: Run Behavior\BuildLiteBehavior [ RunTime:0.000017s ]
INFO: [ app_init ] --END-- [ RunTime:0.000116s ]
INFO: [ app_begin ] --START--
INFO: Run Behavior\ReadHtmlCacheBehavior [ RunTime:0.000060s ]
INFO: [ app_begin ] --END-- [ RunTime:0.000143s ]

[ 2018-04-28T11:07:46+08:00 ] 125.69.127.92 /v1.1/member/capital
INFO: [ app_init ] --START--
INFO: Run Behavior\BuildLiteBehavior [ RunTime:0.000016s ]
INFO: [ app_init ] --END-- [ RunTime:0.000101s ]
INFO: [ app_begin ] --START--
INFO: Run Behavior\ReadHtmlCacheBehavior [ RunTime:0.000048s ]
INFO: [ app_begin ] --END-- [ RunTime:0.000129s ]

[ 2018-04-28T11:07:46+08:00 ] 125.69.127.92 /v1.1/contacts/contactsList
INFO: [ app_init ] --START--
INFO: Run Behavior\BuildLiteBehavior [ RunTime:0.000017s ]
INFO: [ app_init ] --END-- [ RunTime:0.000109s ]
INFO: [ app_begin ] --START--
INFO: Run Behavior\ReadHtmlCacheBehavior [ RunTime:0.000042s ]
INFO: [ app_begin ] --END-- [ RunTime:0.000110s ]

[ 2018-04-28T11:07:46+08:00 ] 125.69.127.92 /v1.1/Merchant/merchantDetail
INFO: [ app_init ] --START--
INFO: Run Behavior\BuildLiteBehavior [ RunTime:0.000021s ]
INFO: [ app_init ] --END-- [ RunTime:0.000152s ]
INFO: [ app_begin ] --START--
INFO: Run Behavior\ReadHtmlCacheBehavior [ RunTime:0.000054s ]
INFO: [ app_begin ] --END-- [ RunTime:0.000133s ]

[ 2018-04-28T11:07:46+08:00 ] 125.69.127.92 /v1.1/coupon/useFulCard
INFO: [ app_init ] --START--
INFO: Run Behavior\BuildLiteBehavior [ RunTime:0.000015s ]
INFO: [ app_init ] --END-- [ RunTime:0.000100s ]
INFO: [ app_begin ] --START--
INFO: Run Behavior\ReadHtmlCacheBehavior [ RunTime:0.000039s ]
INFO: [ app_begin ] --END-- [ RunTime:0.000105s ]

[ 2018-04-28T11:07:48+08:00 ] 125.69.127.92 /v1.1/goods/checkStock
INFO: [ app_init ] --START--
INFO: Run Behavior\BuildLiteBehavior [ RunTime:0.000017s ]
INFO: [ app_init ] --END-- [ RunTime:0.000112s ]
INFO: [ app_begin ] --START--
INFO: Run Behavior\ReadHtmlCacheBehavior [ RunTime:0.000043s ]
INFO: [ app_begin ] --END-- [ RunTime:0.000118s ]

[ 2018-04-28T11:07:49+08:00 ] 125.69.127.92 /v1.1/order/buyGoods
INFO: [ app_init ] --START--
INFO: Run Behavior\BuildLiteBehavior [ RunTime:0.000024s ]
INFO: [ app_init ] --END-- [ RunTime:0.000164s ]
INFO: [ app_begin ] --START--
INFO: Run Behavior\ReadHtmlCacheBehavior [ RunTime:0.000045s ]
INFO: [ app_begin ] --END-- [ RunTime:0.000111s ]

[ 2018-04-28T11:07:49+08:00 ] 125.69.127.92 /v1.1/unified/payshow
INFO: [ app_init ] --START--
INFO: Run Behavior\BuildLiteBehavior [ RunTime:0.000027s ]
INFO: [ app_init ] --END-- [ RunTime:0.000179s ]
INFO: [ app_begin ] --START--
INFO: Run Behavior\ReadHtmlCacheBehavior [ RunTime:0.000045s ]
INFO: [ app_begin ] --END-- [ RunTime:0.000123s ]

[ 2018-04-28T11:07:52+08:00 ] 125.69.127.92 /v1.1/member/capital
INFO: [ app_init ] --START--
INFO: Run Behavior\BuildLiteBehavior [ RunTime:0.000018s ]
INFO: [ app_init ] --END-- [ RunTime:0.000119s ]
INFO: [ app_begin ] --START--
INFO: Run Behavior\ReadHtmlCacheBehavior [ RunTime:0.000044s ]
INFO: [ app_begin ] --END-- [ RunTime:0.000108s ]

[ 2018-04-28T11:07:55+08:00 ] 125.69.127.92 /v1.1/member/verifyPayPassword
INFO: [ app_init ] --START--
INFO: Run Behavior\BuildLiteBehavior [ RunTime:0.000018s ]
INFO: [ app_init ] --END-- [ RunTime:0.000119s ]
INFO: [ app_begin ] --START--
INFO: Run Behavior\ReadHtmlCacheBehavior [ RunTime:0.000061s ]
INFO: [ app_begin ] --END-- [ RunTime:0.000128s ]

[ 2018-04-28T11:07:55+08:00 ] 125.69.127.92 /v1.1/unified/payment
ERR: {"id":"131","order_no":"1524884869563356","merchant_id":"1","member_id":"19","contacts_realname":"\u5b59\u609f\u7a7a","contacts_tel":"18681272839","contacts_sex":"1","total_price":"2.00","pay_price":"0.04","purchase_price":"1.00","discount_money":"1.96","status":"1","settlement_status":"0","order_type":"3","payment":"0","description":"","arrives_time":"1524844800","incr_time":"0","created_time":"1524884869","employee_id":"0","employee_realname":"","employee_avatar":"","employee_tel":"0","updated_time":"1524884869","take_time":"0","relation_order_no":"0","cancel_reason":"","top_order_id":"0","is_evaluate":"0","relation_order_id":"0","desk_number":"","card_id":"0","is_bar":"0","is_xu":"0","obegin_time":"1524885420","oend_time":"1524927060"}
[ 2018-04-28T11:07:56+08:00 ] 125.69.127.92 /v1.1/unified/payment
NOTIC: 请求参数格式错误
[ 2018-04-28T11:07:57+08:00 ] 125.69.127.92 /v1.1/unified/payment
INFO: [ app_init ] --START--
INFO: Run Behavior\BuildLiteBehavior [ RunTime:0.000017s ]
INFO: [ app_init ] --END-- [ RunTime:0.000111s ]
INFO: [ app_begin ] --START--
INFO: Run Behavior\ReadHtmlCacheBehavior [ RunTime:0.000042s ]
INFO: [ app_begin ] --END-- [ RunTime:0.000107s ]

[ 2018-04-28T11:08:01+08:00 ] 125.69.127.92 /v1.1/unified/paymentResult
INFO: [ app_init ] --START--
INFO: Run Behavior\BuildLiteBehavior [ RunTime:0.000026s ]
INFO: [ app_init ] --END-- [ RunTime:0.000181s ]
INFO: [ app_begin ] --START--
INFO: Run Behavior\ReadHtmlCacheBehavior [ RunTime:0.000050s ]
INFO: [ app_begin ] --END-- [ RunTime:0.000144s ]
NOTIC: [2] Missing argument 2 for V1_1\Controller\UnifiedOrderController::paymentResultOrder(), called in /mnt/data/kpzapp/member/Application/V1_1/Controller/UnifiedOrderController.class.php on line 736 and defined /mnt/data/kpzapp/member/Application/V1_1/Controller/UnifiedOrderController.class.php 第 753 行.
NOTIC: [8] Undefined variable: buy_type /mnt/data/kpzapp/member/Application/V1_1/Controller/UnifiedOrderController.class.php 第 777 行.
NOTIC: [8] Undefined variable: buy_type /mnt/data/kpzapp/member/Application/V1_1/Controller/UnifiedOrderController.class.php 第 797 行.

[ 2018-04-28T11:08:03+08:00 ] 125.69.127.92 /v1.1/ad/advert
INFO: [ app_init ] --START--
INFO: Run Behavior\BuildLiteBehavior [ RunTime:0.000036s ]
INFO: [ app_init ] --END-- [ RunTime:0.000139s ]
INFO: [ app_begin ] --START--
INFO: Run Behavior\ReadHtmlCacheBehavior [ RunTime:0.000040s ]
INFO: [ app_begin ] --END-- [ RunTime:0.000105s ]

[ 2018-04-28T11:08:04+08:00 ] 125.69.127.92 /v1.1/member/wxlogin
INFO: [ app_init ] --START--
INFO: Run Behavior\BuildLiteBehavior [ RunTime:0.000024s ]
INFO: [ app_init ] --END-- [ RunTime:0.000161s ]
INFO: [ app_begin ] --START--
INFO: Run Behavior\ReadHtmlCacheBehavior [ RunTime:0.000056s ]
INFO: [ app_begin ] --END-- [ RunTime:0.000131s ]
NOTIC: [8] Undefined index: id /mnt/data/kpzapp/member/Application/V1_1/Controller/MemberController.class.php 第 179 行.

[ 2018-04-28T11:08:04+08:00 ] 125.69.127.92 /v1.1/coupon/indexCards
INFO: [ app_init ] --START--
INFO: Run Behavior\BuildLiteBehavior [ RunTime:0.000017s ]
INFO: [ app_init ] --END-- [ RunTime:0.000112s ]
INFO: [ app_begin ] --START--
INFO: Run Behavior\ReadHtmlCacheBehavior [ RunTime:0.000058s ]
INFO: [ app_begin ] --END-- [ RunTime:0.000126s ]

[ 2018-04-28T11:08:05+08:00 ] 125.69.127.92 /v1.1/Merchant/nearbyMerchant
INFO: [ app_init ] --START--
INFO: Run Behavior\BuildLiteBehavior [ RunTime:0.000018s ]
INFO: [ app_init ] --END-- [ RunTime:0.000111s ]
INFO: [ app_begin ] --START--
INFO: Run Behavior\ReadHtmlCacheBehavior [ RunTime:0.000043s ]
INFO: [ app_begin ] --END-- [ RunTime:0.000110s ]

[ 2018-04-28T11:08:05+08:00 ] 125.69.127.92 /v1.1/member/verifyBindPhoneNumber
INFO: [ app_init ] --START--
INFO: Run Behavior\BuildLiteBehavior [ RunTime:0.000015s ]
INFO: [ app_init ] --END-- [ RunTime:0.000101s ]
INFO: [ app_begin ] --START--
INFO: Run Behavior\ReadHtmlCacheBehavior [ RunTime:0.000044s ]
INFO: [ app_begin ] --END-- [ RunTime:0.000113s ]

[ 2018-04-28T11:08:05+08:00 ] 125.69.127.92 /v1.1/coupon/getPubcard
INFO: [ app_init ] --START--
INFO: Run Behavior\BuildLiteBehavior [ RunTime:0.000030s ]
INFO: [ app_init ] --END-- [ RunTime:0.000125s ]
INFO: [ app_begin ] --START--
INFO: Run Behavior\ReadHtmlCacheBehavior [ RunTime:0.000043s ]
INFO: [ app_begin ] --END-- [ RunTime:0.000106s ]
NOTIC: [8] Undefined index: attach_time /mnt/data/kpzapp/member/Application/V1_1/Model/CouponModel.class.php 第 602 行.
NOTIC: [8] Undefined index: attach_time /mnt/data/kpzapp/member/Application/V1_1/Model/CouponModel.class.php 第 602 行.

[ 2018-04-28T11:08:06+08:00 ] 125.69.127.92 /v1.1/Member/verifyToken
INFO: [ app_init ] --START--
INFO: Run Behavior\BuildLiteBehavior [ RunTime:0.000017s ]
INFO: [ app_init ] --END-- [ RunTime:0.000115s ]
INFO: [ app_begin ] --START--
INFO: Run Behavior\ReadHtmlCacheBehavior [ RunTime:0.000048s ]
INFO: [ app_begin ] --END-- [ RunTime:0.000114s ]

[ 2018-04-28T11:08:06+08:00 ] 125.69.127.92 /v1.1/member/vipInfo
INFO: [ app_init ] --START--
INFO: Run Behavior\BuildLiteBehavior [ RunTime:0.000018s ]
INFO: [ app_init ] --END-- [ RunTime:0.000109s ]
INFO: [ app_begin ] --START--
INFO: Run Behavior\ReadHtmlCacheBehavior [ RunTime:0.000073s ]
INFO: [ app_begin ] --END-- [ RunTime:0.000140s ]

[ 2018-04-28T11:08:06+08:00 ] 125.69.127.92 /v1.1/goods/recharge
INFO: [ app_init ] --START--
INFO: Run Behavior\BuildLiteBehavior [ RunTime:0.000021s ]
INFO: [ app_init ] --END-- [ RunTime:0.000133s ]
INFO: [ app_begin ] --START--
INFO: Run Behavior\ReadHtmlCacheBehavior [ RunTime:0.000045s ]
INFO: [ app_begin ] --END-- [ RunTime:0.000114s ]

[ 2018-04-28T11:08:08+08:00 ] 125.69.127.92 /v1.1/Member/verifyToken
INFO: [ app_init ] --START--
INFO: Run Behavior\BuildLiteBehavior [ RunTime:0.000026s ]
INFO: [ app_init ] --END-- [ RunTime:0.000136s ]
INFO: [ app_begin ] --START--
INFO: Run Behavior\ReadHtmlCacheBehavior [ RunTime:0.000046s ]
INFO: [ app_begin ] --END-- [ RunTime:0.000116s ]

[ 2018-04-28T11:08:08+08:00 ] 125.69.127.92 /v1.1/bar/barIndex
INFO: [ app_init ] --START--
INFO: Run Behavior\BuildLiteBehavior [ RunTime:0.000018s ]
INFO: [ app_init ] --END-- [ RunTime:0.000112s ]
INFO: [ app_begin ] --START--
INFO: Run Behavior\ReadHtmlCacheBehavior [ RunTime:0.000045s ]
INFO: [ app_begin ] --END-- [ RunTime:0.000116s ]

[ 2018-04-28T11:08:13+08:00 ] 125.69.127.92 /v1.1/Member/verifyToken
INFO: [ app_init ] --START--
INFO: Run Behavior\BuildLiteBehavior [ RunTime:0.000019s ]
INFO: [ app_init ] --END-- [ RunTime:0.000120s ]
INFO: [ app_begin ] --START--
INFO: Run Behavior\ReadHtmlCacheBehavior [ RunTime:0.000047s ]
INFO: [ app_begin ] --END-- [ RunTime:0.000126s ]

[ 2018-04-28T11:08:13+08:00 ] 125.69.127.92 /v1.1/bar/barIndex
INFO: [ app_init ] --START--
INFO: Run Behavior\BuildLiteBehavior [ RunTime:0.000018s ]
INFO: [ app_init ] --END-- [ RunTime:0.000110s ]
INFO: [ app_begin ] --START--
INFO: Run Behavior\ReadHtmlCacheBehavior [ RunTime:0.000045s ]
INFO: [ app_begin ] --END-- [ RunTime:0.000112s ]

[ 2018-04-28T11:08:16+08:00 ] 125.69.127.92 /v1.1/order/orderDetail
INFO: [ app_init ] --START--
INFO: Run Behavior\BuildLiteBehavior [ RunTime:0.000019s ]
INFO: [ app_init ] --END-- [ RunTime:0.000143s ]
INFO: [ app_begin ] --START--
INFO: Run Behavior\ReadHtmlCacheBehavior [ RunTime:0.000044s ]
INFO: [ app_begin ] --END-- [ RunTime:0.000110s ]

[ 2018-04-28T11:08:27+08:00 ] 125.69.127.92 /v1.1/Member/verifyToken
INFO: [ app_init ] --START--
INFO: Run Behavior\BuildLiteBehavior [ RunTime:0.000024s ]
INFO: [ app_init ] --END-- [ RunTime:0.000130s ]
INFO: [ app_begin ] --START--
INFO: Run Behavior\ReadHtmlCacheBehavior [ RunTime:0.000051s ]
INFO: [ app_begin ] --END-- [ RunTime:0.000122s ]

[ 2018-04-28T11:08:27+08:00 ] 125.69.127.92 /v1.1/member/verifyBindPhoneNumber
INFO: [ app_init ] --START--
INFO: Run Behavior\BuildLiteBehavior [ RunTime:0.000017s ]
INFO: [ app_init ] --END-- [ RunTime:0.000112s ]
INFO: [ app_begin ] --START--
INFO: Run Behavior\ReadHtmlCacheBehavior [ RunTime:0.000043s ]
INFO: [ app_begin ] --END-- [ RunTime:0.000107s ]

[ 2018-04-28T11:08:27+08:00 ] 125.69.127.92 /v1.1/goods/checkStock
INFO: [ app_init ] --START--
INFO: Run Behavior\BuildLiteBehavior [ RunTime:0.000017s ]
INFO: [ app_init ] --END-- [ RunTime:0.000111s ]
INFO: [ app_begin ] --START--
INFO: Run Behavior\ReadHtmlCacheBehavior [ RunTime:0.000044s ]
INFO: [ app_begin ] --END-- [ RunTime:0.000116s ]

[ 2018-04-28T11:08:28+08:00 ] 125.69.127.92 /v1.1/member/capital
INFO: [ app_init ] --START--
INFO: Run Behavior\BuildLiteBehavior [ RunTime:0.000032s ]
INFO: [ app_init ] --END-- [ RunTime:0.000198s ]
INFO: [ app_begin ] --START--
INFO: Run Behavior\ReadHtmlCacheBehavior [ RunTime:0.000050s ]
INFO: [ app_begin ] --END-- [ RunTime:0.000122s ]

[ 2018-04-28T11:08:28+08:00 ] 125.69.127.92 /v1.1/Merchant/merchantDetail
INFO: [ app_init ] --START--
INFO: Run Behavior\BuildLiteBehavior [ RunTime:0.000016s ]
INFO: [ app_init ] --END-- [ RunTime:0.000103s ]
INFO: [ app_begin ] --START--
INFO: Run Behavior\ReadHtmlCacheBehavior [ RunTime:0.000042s ]
INFO: [ app_begin ] --END-- [ RunTime:0.000108s ]

[ 2018-04-28T11:08:28+08:00 ] 125.69.127.92 /v1.1/contacts/contactsList
INFO: [ app_init ] --START--
INFO: Run Behavior\BuildLiteBehavior [ RunTime:0.000015s ]
INFO: [ app_init ] --END-- [ RunTime:0.000098s ]
INFO: [ app_begin ] --START--
INFO: Run Behavior\ReadHtmlCacheBehavior [ RunTime:0.000058s ]
INFO: [ app_begin ] --END-- [ RunTime:0.000132s ]

[ 2018-04-28T11:08:28+08:00 ] 125.69.127.92 /v1.1/coupon/useFulCard
INFO: [ app_init ] --START--
INFO: Run Behavior\BuildLiteBehavior [ RunTime:0.000017s ]
INFO: [ app_init ] --END-- [ RunTime:0.000108s ]
INFO: [ app_begin ] --START--
INFO: Run Behavior\ReadHtmlCacheBehavior [ RunTime:0.000042s ]
INFO: [ app_begin ] --END-- [ RunTime:0.000107s ]

[ 2018-04-28T11:08:36+08:00 ] 125.69.127.92 /v1.1/goods/checkStock
INFO: [ app_init ] --START--
INFO: Run Behavior\BuildLiteBehavior [ RunTime:0.000017s ]
INFO: [ app_init ] --END-- [ RunTime:0.000145s ]
INFO: [ app_begin ] --START--
INFO: Run Behavior\ReadHtmlCacheBehavior [ RunTime:0.000050s ]
INFO: [ app_begin ] --END-- [ RunTime:0.000150s ]

[ 2018-04-28T11:08:38+08:00 ] 125.69.127.92 /v1.1/order/buyGoods
INFO: [ app_init ] --START--
INFO: Run Behavior\BuildLiteBehavior [ RunTime:0.000017s ]
INFO: [ app_init ] --END-- [ RunTime:0.000116s ]
INFO: [ app_begin ] --START--
INFO: Run Behavior\ReadHtmlCacheBehavior [ RunTime:0.000046s ]
INFO: [ app_begin ] --END-- [ RunTime:0.000116s ]

[ 2018-04-28T11:08:38+08:00 ] 125.69.127.92 /v1.1/unified/payshow
INFO: [ app_init ] --START--
INFO: Run Behavior\BuildLiteBehavior [ RunTime:0.000018s ]
INFO: [ app_init ] --END-- [ RunTime:0.000109s ]
INFO: [ app_begin ] --START--
INFO: Run Behavior\ReadHtmlCacheBehavior [ RunTime:0.000049s ]
INFO: [ app_begin ] --END-- [ RunTime:0.000114s ]

[ 2018-04-28T11:08:40+08:00 ] 125.69.127.92 /v1.1/member/capital
INFO: [ app_init ] --START--
INFO: Run Behavior\BuildLiteBehavior [ RunTime:0.000017s ]
INFO: [ app_init ] --END-- [ RunTime:0.000118s ]
INFO: [ app_begin ] --START--
INFO: Run Behavior\ReadHtmlCacheBehavior [ RunTime:0.000064s ]
INFO: [ app_begin ] --END-- [ RunTime:0.000136s ]

[ 2018-04-28T11:08:42+08:00 ] 125.69.127.92 /v1.1/Member/verifyToken
INFO: [ app_init ] --START--
INFO: Run Behavior\BuildLiteBehavior [ RunTime:0.000018s ]
INFO: [ app_init ] --END-- [ RunTime:0.000113s ]
INFO: [ app_begin ] --START--
INFO: Run Behavior\ReadHtmlCacheBehavior [ RunTime:0.000042s ]
INFO: [ app_begin ] --END-- [ RunTime:0.000108s ]

[ 2018-04-28T11:08:43+08:00 ] 125.69.127.92 /v1.1/bar/barIndex
INFO: [ app_init ] --START--
INFO: Run Behavior\BuildLiteBehavior [ RunTime:0.000025s ]
INFO: [ app_init ] --END-- [ RunTime:0.000168s ]
INFO: [ app_begin ] --START--
INFO: Run Behavior\ReadHtmlCacheBehavior [ RunTime:0.000044s ]
INFO: [ app_begin ] --END-- [ RunTime:0.000111s ]

[ 2018-04-28T11:08:45+08:00 ] 125.69.127.92 /v1.1/member/verifyPayPassword
INFO: [ app_init ] --START--
INFO: Run Behavior\BuildLiteBehavior [ RunTime:0.000018s ]
INFO: [ app_init ] --END-- [ RunTime:0.000128s ]
INFO: [ app_begin ] --START--
INFO: Run Behavior\ReadHtmlCacheBehavior [ RunTime:0.000042s ]
INFO: [ app_begin ] --END-- [ RunTime:0.000123s ]

[ 2018-04-28T11:08:46+08:00 ] 125.69.127.92 /v1.1/member/verifyPayPassword
INFO: [ app_init ] --START--
INFO: Run Behavior\BuildLiteBehavior [ RunTime:0.000018s ]
INFO: [ app_init ] --END-- [ RunTime:0.000119s ]
INFO: [ app_begin ] --START--
INFO: Run Behavior\ReadHtmlCacheBehavior [ RunTime:0.000045s ]
INFO: [ app_begin ] --END-- [ RunTime:0.000112s ]

[ 2018-04-28T11:08:46+08:00 ] 125.69.127.92 /v1.1/unified/payment
ERR: {"id":"132","order_no":"1524884918593719","merchant_id":"1","member_id":"5","contacts_realname":"\u848b\u4ee4","contacts_tel":"18780087200","contacts_sex":"1","total_price":"1199.00","pay_price":"999.00","purchase_price":"1099.00","discount_money":"200.00","status":"1","settlement_status":"0","order_type":"3","payment":"0","description":"","arrives_time":"1524844800","incr_time":"0","created_time":"1524884918","employee_id":"0","employee_realname":"","employee_avatar":"","employee_tel":"0","updated_time":"1524884918","take_time":"0","relation_order_no":"0","cancel_reason":"","top_order_id":"0","is_evaluate":"0","relation_order_id":"0","desk_number":"","card_id":"0","is_bar":"0","is_xu":"0","obegin_time":"1524885420","oend_time":"1524927060"}
[ 2018-04-28T11:08:46+08:00 ] 125.69.127.92 /v1.1/unified/payment
ERR: {"id":"132","order_no":"1524884918593719","merchant_id":"1","member_id":"5","contacts_realname":"\u848b\u4ee4","contacts_tel":"18780087200","contacts_sex":"1","total_price":"1199.00","pay_price":"999.00","purchase_price":"1099.00","discount_money":"200.00","status":"7","settlement_status":"0","order_type":"3","payment":"1","description":"","arrives_time":"1524844800","incr_time":"0","created_time":"1524884918","employee_id":"0","employee_realname":"","employee_avatar":"","employee_tel":"0","updated_time":"1524884918","take_time":"0","relation_order_no":"0","cancel_reason":"","top_order_id":"0","is_evaluate":"0","relation_order_id":"0","desk_number":"","card_id":"0","is_bar":"0","is_xu":"0","obegin_time":"1524885420","oend_time":"1524927060"}
[ 2018-04-28T11:08:46+08:00 ] 125.69.127.92 /v1.1/unified/payment
INFO: [ app_init ] --START--
INFO: Run Behavior\BuildLiteBehavior [ RunTime:0.000017s ]
INFO: [ app_init ] --END-- [ RunTime:0.000142s ]
INFO: [ app_begin ] --START--
INFO: Run Behavior\ReadHtmlCacheBehavior [ RunTime:0.000044s ]
INFO: [ app_begin ] --END-- [ RunTime:0.000112s ]

[ 2018-04-28T11:08:46+08:00 ] 125.69.127.92 /v1.1/unified/payment
NOTIC: 请求参数格式错误
[ 2018-04-28T11:08:47+08:00 ] 125.69.127.92 /v1.1/unified/payment
INFO: [ app_init ] --START--
INFO: Run Behavior\BuildLiteBehavior [ RunTime:0.000017s ]
INFO: [ app_init ] --END-- [ RunTime:0.000120s ]
INFO: [ app_begin ] --START--
INFO: Run Behavior\ReadHtmlCacheBehavior [ RunTime:0.000045s ]
INFO: [ app_begin ] --END-- [ RunTime:0.000112s ]

[ 2018-04-28T11:08:48+08:00 ] 125.69.127.92 /v1.1/unified/paymentResult
INFO: [ app_init ] --START--
INFO: Run Behavior\BuildLiteBehavior [ RunTime:0.000023s ]
INFO: [ app_init ] --END-- [ RunTime:0.000121s ]
INFO: [ app_begin ] --START--
INFO: Run Behavior\ReadHtmlCacheBehavior [ RunTime:0.000043s ]
INFO: [ app_begin ] --END-- [ RunTime:0.000108s ]
NOTIC: [2] Missing argument 2 for V1_1\Controller\UnifiedOrderController::paymentResultOrder(), called in /mnt/data/kpzapp/member/Application/V1_1/Controller/UnifiedOrderController.class.php on line 736 and defined /mnt/data/kpzapp/member/Application/V1_1/Controller/UnifiedOrderController.class.php 第 753 行.
NOTIC: [8] Undefined variable: buy_type /mnt/data/kpzapp/member/Application/V1_1/Controller/UnifiedOrderController.class.php 第 777 行.
NOTIC: [8] Undefined variable: buy_type /mnt/data/kpzapp/member/Application/V1_1/Controller/UnifiedOrderController.class.php 第 797 行.

[ 2018-04-28T11:08:48+08:00 ] 125.69.127.92 /v1.1/Member/verifyToken
INFO: [ app_init ] --START--
INFO: Run Behavior\BuildLiteBehavior [ RunTime:0.000019s ]
INFO: [ app_init ] --END-- [ RunTime:0.000114s ]
INFO: [ app_begin ] --START--
INFO: Run Behavior\ReadHtmlCacheBehavior [ RunTime:0.000048s ]
INFO: [ app_begin ] --END-- [ RunTime:0.000115s ]

[ 2018-04-28T11:08:48+08:00 ] 125.69.127.92 /v1.1/order/myOrderList
INFO: [ app_init ] --START--
INFO: Run Behavior\BuildLiteBehavior [ RunTime:0.000018s ]
INFO: [ app_init ] --END-- [ RunTime:0.000111s ]
INFO: [ app_begin ] --START--
INFO: Run Behavior\ReadHtmlCacheBehavior [ RunTime:0.000040s ]
INFO: [ app_begin ] --END-- [ RunTime:0.000104s ]

[ 2018-04-28T11:08:51+08:00 ] 125.69.127.92 /v1.1/order/orderDetail
INFO: [ app_init ] --START--
INFO: Run Behavior\BuildLiteBehavior [ RunTime:0.000018s ]
INFO: [ app_init ] --END-- [ RunTime:0.000120s ]
INFO: [ app_begin ] --START--
INFO: Run Behavior\ReadHtmlCacheBehavior [ RunTime:0.000048s ]
INFO: [ app_begin ] --END-- [ RunTime:0.000120s ]

[ 2018-04-28T11:08:52+08:00 ] 125.69.127.92 /v1.1/Member/verifyToken
INFO: [ app_init ] --START--
INFO: Run Behavior\BuildLiteBehavior [ RunTime:0.000018s ]
INFO: [ app_init ] --END-- [ RunTime:0.000108s ]
INFO: [ app_begin ] --START--
INFO: Run Behavior\ReadHtmlCacheBehavior [ RunTime:0.000043s ]
INFO: [ app_begin ] --END-- [ RunTime:0.000109s ]

[ 2018-04-28T11:08:52+08:00 ] 125.69.127.92 /v1.1/order/myOrderList
INFO: [ app_init ] --START--
INFO: Run Behavior\BuildLiteBehavior [ RunTime:0.000017s ]
INFO: [ app_init ] --END-- [ RunTime:0.000104s ]
INFO: [ app_begin ] --START--
INFO: Run Behavior\ReadHtmlCacheBehavior [ RunTime:0.000041s ]
INFO: [ app_begin ] --END-- [ RunTime:0.000112s ]

[ 2018-04-28T11:08:55+08:00 ] 125.69.127.92 /v1.1/order/orderDetail
INFO: [ app_init ] --START--
INFO: Run Behavior\BuildLiteBehavior [ RunTime:0.000018s ]
INFO: [ app_init ] --END-- [ RunTime:0.000113s ]
INFO: [ app_begin ] --START--
INFO: Run Behavior\ReadHtmlCacheBehavior [ RunTime:0.000049s ]
INFO: [ app_begin ] --END-- [ RunTime:0.000119s ]

[ 2018-04-28T11:08:55+08:00 ] 125.69.127.92 /v1.1/order/orderDetail
INFO: [ app_init ] --START--
INFO: Run Behavior\BuildLiteBehavior [ RunTime:0.000017s ]
INFO: [ app_init ] --END-- [ RunTime:0.000109s ]
INFO: [ app_begin ] --START--
INFO: Run Behavior\ReadHtmlCacheBehavior [ RunTime:0.000044s ]
INFO: [ app_begin ] --END-- [ RunTime:0.000111s ]

[ 2018-04-28T11:09:19+08:00 ] 125.69.127.92 /v1.1/Member/verifyToken
INFO: [ app_init ] --START--
INFO: Run Behavior\BuildLiteBehavior [ RunTime:0.000018s ]
INFO: [ app_init ] --END-- [ RunTime:0.000119s ]
INFO: [ app_begin ] --START--
INFO: Run Behavior\ReadHtmlCacheBehavior [ RunTime:0.000056s ]
INFO: [ app_begin ] --END-- [ RunTime:0.000142s ]

[ 2018-04-28T11:09:19+08:00 ] 125.69.127.92 /v1.1/member/verifyBindPhoneNumber
INFO: [ app_init ] --START--
INFO: Run Behavior\BuildLiteBehavior [ RunTime:0.000017s ]
INFO: [ app_init ] --END-- [ RunTime:0.000108s ]
INFO: [ app_begin ] --START--
INFO: Run Behavior\ReadHtmlCacheBehavior [ RunTime:0.000038s ]
INFO: [ app_begin ] --END-- [ RunTime:0.000103s ]

[ 2018-04-28T11:09:19+08:00 ] 125.69.127.92 /v1.1/goods/checkStock
INFO: [ app_init ] --START--
INFO: Run Behavior\BuildLiteBehavior [ RunTime:0.000019s ]
INFO: [ app_init ] --END-- [ RunTime:0.000121s ]
INFO: [ app_begin ] --START--
INFO: Run Behavior\ReadHtmlCacheBehavior [ RunTime:0.000042s ]
INFO: [ app_begin ] --END-- [ RunTime:0.000107s ]

