[ 2018-03-22T10:21:22+08:00 ] 127.0.0.1 /csj/trunk/php/project/member/index.php/pay/wxXcxNotify
INFO: [ app_init ] --START--
INFO: Run Behavior\BuildLiteBehavior [ RunTime:0.000000s ]
INFO: [ app_init ] --END-- [ RunTime:0.003000s ]
INFO: [ app_begin ] --START--
INFO: Run Behavior\ReadHtmlCacheBehavior [ RunTime:0.001000s ]
INFO: [ app_begin ] --END-- [ RunTime:0.001000s ]

[ 2018-03-22T10:21:50+08:00 ] 127.0.0.1 /csj/trunk/php/project/member/index.php/pay/wxXcxNotify
INFO: [ app_init ] --START--
INFO: Run Behavior\BuildLiteBehavior [ RunTime:0.000000s ]
INFO: [ app_init ] --END-- [ RunTime:0.000000s ]
INFO: [ app_begin ] --START--
INFO: Run Behavior\ReadHtmlCacheBehavior [ RunTime:0.000000s ]
INFO: [ app_begin ] --END-- [ RunTime:0.000000s ]
NOTIC: [2] ksort() expects parameter 1 to be array, boolean given D:\phpStudy\WWW\csj\trunk\php\project\member\Application\Home\Controller\WxpayController.class.php 第 178 行.
NOTIC: [2] http_build_query(): Parameter 1 expected to be Array or Object.  Incorrect value given D:\phpStudy\WWW\csj\trunk\php\project\member\Application\Home\Controller\WxpayController.class.php 第 179 行.

[ 2018-03-22T10:22:42+08:00 ] 127.0.0.1 /csj/trunk/php/project/member/index.php/pay/wxXcxNotify
INFO: [ app_init ] --START--
INFO: Run Behavior\BuildLiteBehavior [ RunTime:0.000000s ]
INFO: [ app_init ] --END-- [ RunTime:0.001000s ]
INFO: [ app_begin ] --START--
INFO: Run Behavior\ReadHtmlCacheBehavior [ RunTime:0.001000s ]
INFO: [ app_begin ] --END-- [ RunTime:0.001000s ]

[ 2018-03-22T10:25:48+08:00 ] 127.0.0.1 /csj/trunk/php/project/member/index.php/pay/wxXcxNotify
INFO: [ app_init ] --START--
INFO: Run Behavior\BuildLiteBehavior [ RunTime:0.000000s ]
INFO: [ app_init ] --END-- [ RunTime:0.000000s ]
INFO: [ app_begin ] --START--
INFO: Run Behavior\ReadHtmlCacheBehavior [ RunTime:0.000000s ]
INFO: [ app_begin ] --END-- [ RunTime:0.000000s ]

[ 2018-03-22T10:27:07+08:00 ] 127.0.0.1 /csj/trunk/php/project/member/index.php/pay/wxXcxNotify
INFO: [ app_init ] --START--
INFO: Run Behavior\BuildLiteBehavior [ RunTime:0.000000s ]
INFO: [ app_init ] --END-- [ RunTime:0.001000s ]
INFO: [ app_begin ] --START--
INFO: Run Behavior\ReadHtmlCacheBehavior [ RunTime:0.001000s ]
INFO: [ app_begin ] --END-- [ RunTime:0.001000s ]

[ 2018-03-22T10:27:58+08:00 ] 127.0.0.1 /csj/trunk/php/project/member/index.php/pay/wxXcxNotify
INFO: [ app_init ] --START--
INFO: Run Behavior\BuildLiteBehavior [ RunTime:0.000000s ]
INFO: [ app_init ] --END-- [ RunTime:0.000000s ]
INFO: [ app_begin ] --START--
INFO: Run Behavior\ReadHtmlCacheBehavior [ RunTime:0.000000s ]
INFO: [ app_begin ] --END-- [ RunTime:0.000000s ]
NOTIC: [8] Undefined index: sign D:\phpStudy\WWW\csj\trunk\php\project\member\Application\Home\Controller\PayController.class.php 第 130 行.

[ 2018-03-22T10:28:29+08:00 ] 127.0.0.1 /csj/trunk/php/project/member/index.php/pay/wxXcxNotify
INFO: [ app_init ] --START--
INFO: Run Behavior\BuildLiteBehavior [ RunTime:0.000000s ]
INFO: [ app_init ] --END-- [ RunTime:0.000000s ]
INFO: [ app_begin ] --START--
INFO: Run Behavior\ReadHtmlCacheBehavior [ RunTime:0.000000s ]
INFO: [ app_begin ] --END-- [ RunTime:0.000000s ]

[ 2018-03-22T10:28:54+08:00 ] 127.0.0.1 /csj/trunk/php/project/member/index.php/pay/wxXcxNotify
INFO: [ app_init ] --START--
INFO: Run Behavior\BuildLiteBehavior [ RunTime:0.000000s ]
INFO: [ app_init ] --END-- [ RunTime:0.000000s ]
INFO: [ app_begin ] --START--
INFO: Run Behavior\ReadHtmlCacheBehavior [ RunTime:0.000000s ]
INFO: [ app_begin ] --END-- [ RunTime:0.000000s ]

[ 2018-03-22T10:29:43+08:00 ] 127.0.0.1 /csj/trunk/php/project/member/index.php/pay/wxXcxNotify
INFO: [ app_init ] --START--
INFO: Run Behavior\BuildLiteBehavior [ RunTime:0.000000s ]
INFO: [ app_init ] --END-- [ RunTime:0.000000s ]
INFO: [ app_begin ] --START--
INFO: Run Behavior\ReadHtmlCacheBehavior [ RunTime:0.000000s ]
INFO: [ app_begin ] --END-- [ RunTime:0.000000s ]

[ 2018-03-22T10:30:18+08:00 ] 127.0.0.1 /csj/trunk/php/project/member/index.php/pay/wxXcxNotify
INFO: [ app_init ] --START--
INFO: Run Behavior\BuildLiteBehavior [ RunTime:0.000000s ]
INFO: [ app_init ] --END-- [ RunTime:0.000000s ]
INFO: [ app_begin ] --START--
INFO: Run Behavior\ReadHtmlCacheBehavior [ RunTime:0.000000s ]
INFO: [ app_begin ] --END-- [ RunTime:0.000000s ]
NOTIC: [2] ksort() expects parameter 1 to be array, boolean given D:\phpStudy\WWW\csj\trunk\php\project\member\Application\Home\Controller\WxpayController.class.php 第 178 行.
NOTIC: [2] http_build_query(): Parameter 1 expected to be Array or Object.  Incorrect value given D:\phpStudy\WWW\csj\trunk\php\project\member\Application\Home\Controller\WxpayController.class.php 第 179 行.

[ 2018-03-22T10:30:40+08:00 ] 127.0.0.1 /csj/trunk/php/project/member/index.php/pay/wxXcxNotify
INFO: [ app_init ] --START--
INFO: Run Behavior\BuildLiteBehavior [ RunTime:0.000000s ]
INFO: [ app_init ] --END-- [ RunTime:0.001000s ]
INFO: [ app_begin ] --START--
INFO: Run Behavior\ReadHtmlCacheBehavior [ RunTime:0.001000s ]
INFO: [ app_begin ] --END-- [ RunTime:0.001000s ]

[ 2018-03-22T10:56:14+08:00 ] 127.0.0.1 /csj/trunk/php/project/member/index.php/pay/wxXcxNotify
INFO: [ app_init ] --START--
INFO: Run Behavior\BuildLiteBehavior [ RunTime:0.000000s ]
INFO: [ app_init ] --END-- [ RunTime:0.000000s ]
INFO: [ app_begin ] --START--
INFO: Run Behavior\ReadHtmlCacheBehavior [ RunTime:0.000000s ]
INFO: [ app_begin ] --END-- [ RunTime:0.000000s ]
NOTIC: [2] simplexml_load_string(): Entity: line 2: parser error : Extra content at the end of the document D:\phpStudy\WWW\csj\trunk\php\project\ThinkPHP\Library\Org\Util\Tools.class.php 第 232 行.
NOTIC: [2] simplexml_load_string(): &lt;bank_type&gt;&lt;![CDATA[CFT]]&gt;&lt;/bank_type&gt; D:\phpStudy\WWW\csj\trunk\php\project\ThinkPHP\Library\Org\Util\Tools.class.php 第 232 行.
NOTIC: [2] simplexml_load_string(): ^ D:\phpStudy\WWW\csj\trunk\php\project\ThinkPHP\Library\Org\Util\Tools.class.php 第 232 行.
NOTIC: [2] ksort() expects parameter 1 to be array, boolean given D:\phpStudy\WWW\csj\trunk\php\project\ThinkPHP\Library\Org\Util\Tools.class.php 第 403 行.
NOTIC: [2] http_build_query(): Parameter 1 expected to be Array or Object.  Incorrect value given D:\phpStudy\WWW\csj\trunk\php\project\ThinkPHP\Library\Org\Util\Tools.class.php 第 404 行.

[ 2018-03-22T10:56:44+08:00 ] 127.0.0.1 /csj/trunk/php/project/member/index.php/pay/wxXcxNotify
INFO: [ app_init ] --START--
INFO: Run Behavior\BuildLiteBehavior [ RunTime:0.000000s ]
INFO: [ app_init ] --END-- [ RunTime:0.001000s ]
INFO: [ app_begin ] --START--
INFO: Run Behavior\ReadHtmlCacheBehavior [ RunTime:0.000000s ]
INFO: [ app_begin ] --END-- [ RunTime:0.000000s ]
NOTIC: [2] simplexml_load_string(): Entity: line 2: parser error : Extra content at the end of the document D:\phpStudy\WWW\csj\trunk\php\project\ThinkPHP\Library\Org\Util\Tools.class.php 第 232 行.
NOTIC: [2] simplexml_load_string(): &lt;bank_type&gt;&lt;![CDATA[CFT]]&gt;&lt;/bank_type&gt; D:\phpStudy\WWW\csj\trunk\php\project\ThinkPHP\Library\Org\Util\Tools.class.php 第 232 行.
NOTIC: [2] simplexml_load_string(): ^ D:\phpStudy\WWW\csj\trunk\php\project\ThinkPHP\Library\Org\Util\Tools.class.php 第 232 行.
NOTIC: [2] ksort() expects parameter 1 to be array, boolean given D:\phpStudy\WWW\csj\trunk\php\project\ThinkPHP\Library\Org\Util\Tools.class.php 第 403 行.
NOTIC: [2] http_build_query(): Parameter 1 expected to be Array or Object.  Incorrect value given D:\phpStudy\WWW\csj\trunk\php\project\ThinkPHP\Library\Org\Util\Tools.class.php 第 404 行.

[ 2018-03-22T10:57:11+08:00 ] 127.0.0.1 /csj/trunk/php/project/member/index.php/pay/wxXcxNotify
INFO: [ app_init ] --START--
INFO: Run Behavior\BuildLiteBehavior [ RunTime:0.000000s ]
INFO: [ app_init ] --END-- [ RunTime:0.001000s ]
INFO: [ app_begin ] --START--
INFO: Run Behavior\ReadHtmlCacheBehavior [ RunTime:0.001000s ]
INFO: [ app_begin ] --END-- [ RunTime:0.001000s ]
NOTIC: [2] simplexml_load_string(): Entity: line 2: parser error : Extra content at the end of the document D:\phpStudy\WWW\csj\trunk\php\project\ThinkPHP\Library\Org\Util\Tools.class.php 第 232 行.
NOTIC: [2] simplexml_load_string(): &lt;bank_type&gt;&lt;![CDATA[CFT]]&gt;&lt;/bank_type&gt; D:\phpStudy\WWW\csj\trunk\php\project\ThinkPHP\Library\Org\Util\Tools.class.php 第 232 行.
NOTIC: [2] simplexml_load_string(): ^ D:\phpStudy\WWW\csj\trunk\php\project\ThinkPHP\Library\Org\Util\Tools.class.php 第 232 行.
NOTIC: [2] ksort() expects parameter 1 to be array, boolean given D:\phpStudy\WWW\csj\trunk\php\project\ThinkPHP\Library\Org\Util\Tools.class.php 第 403 行.
NOTIC: [2] http_build_query(): Parameter 1 expected to be Array or Object.  Incorrect value given D:\phpStudy\WWW\csj\trunk\php\project\ThinkPHP\Library\Org\Util\Tools.class.php 第 404 行.

[ 2018-03-22T10:57:53+08:00 ] 127.0.0.1 /csj/trunk/php/project/member/index.php/pay/wxXcxNotify
INFO: [ app_init ] --START--
INFO: Run Behavior\BuildLiteBehavior [ RunTime:0.000000s ]
INFO: [ app_init ] --END-- [ RunTime:0.001000s ]
INFO: [ app_begin ] --START--
INFO: Run Behavior\ReadHtmlCacheBehavior [ RunTime:0.000000s ]
INFO: [ app_begin ] --END-- [ RunTime:0.000000s ]
NOTIC: [2] simplexml_load_string(): Entity: line 2: parser error : Extra content at the end of the document D:\phpStudy\WWW\csj\trunk\php\project\ThinkPHP\Library\Org\Util\Tools.class.php 第 232 行.
NOTIC: [2] simplexml_load_string(): &lt;bank_type&gt;&lt;![CDATA[CFT]]&gt;&lt;/bank_type&gt; D:\phpStudy\WWW\csj\trunk\php\project\ThinkPHP\Library\Org\Util\Tools.class.php 第 232 行.
NOTIC: [2] simplexml_load_string(): ^ D:\phpStudy\WWW\csj\trunk\php\project\ThinkPHP\Library\Org\Util\Tools.class.php 第 232 行.
NOTIC: [2] ksort() expects parameter 1 to be array, boolean given D:\phpStudy\WWW\csj\trunk\php\project\ThinkPHP\Library\Org\Util\Tools.class.php 第 403 行.
NOTIC: [2] http_build_query(): Parameter 1 expected to be Array or Object.  Incorrect value given D:\phpStudy\WWW\csj\trunk\php\project\ThinkPHP\Library\Org\Util\Tools.class.php 第 404 行.

[ 2018-03-22T10:59:16+08:00 ] 127.0.0.1 /csj/trunk/php/project/member/index.php/pay/wxXcxNotify
INFO: [ app_init ] --START--
INFO: Run Behavior\BuildLiteBehavior [ RunTime:0.000000s ]
INFO: [ app_init ] --END-- [ RunTime:0.001000s ]
INFO: [ app_begin ] --START--
INFO: Run Behavior\ReadHtmlCacheBehavior [ RunTime:0.001000s ]
INFO: [ app_begin ] --END-- [ RunTime:0.001000s ]
NOTIC: [2] simplexml_load_string(): Entity: line 2: parser error : Extra content at the end of the document D:\phpStudy\WWW\csj\trunk\php\project\ThinkPHP\Library\Org\Util\Tools.class.php 第 232 行.
NOTIC: [2] simplexml_load_string(): &lt;bank_type&gt;&lt;![CDATA[CFT]]&gt;&lt;/bank_type&gt; D:\phpStudy\WWW\csj\trunk\php\project\ThinkPHP\Library\Org\Util\Tools.class.php 第 232 行.
NOTIC: [2] simplexml_load_string(): ^ D:\phpStudy\WWW\csj\trunk\php\project\ThinkPHP\Library\Org\Util\Tools.class.php 第 232 行.
NOTIC: [2] ksort() expects parameter 1 to be array, boolean given D:\phpStudy\WWW\csj\trunk\php\project\ThinkPHP\Library\Org\Util\Tools.class.php 第 403 行.
NOTIC: [2] http_build_query(): Parameter 1 expected to be Array or Object.  Incorrect value given D:\phpStudy\WWW\csj\trunk\php\project\ThinkPHP\Library\Org\Util\Tools.class.php 第 404 行.

[ 2018-03-22T11:00:04+08:00 ] 127.0.0.1 /csj/trunk/php/project/member/index.php/pay/wxXcxNotify
INFO: [ app_init ] --START--
INFO: Run Behavior\BuildLiteBehavior [ RunTime:0.000000s ]
INFO: [ app_init ] --END-- [ RunTime:0.000000s ]
INFO: [ app_begin ] --START--
INFO: Run Behavior\ReadHtmlCacheBehavior [ RunTime:0.000000s ]
INFO: [ app_begin ] --END-- [ RunTime:0.000000s ]
NOTIC: [2] simplexml_load_string(): Entity: line 2: parser error : Extra content at the end of the document D:\phpStudy\WWW\csj\trunk\php\project\ThinkPHP\Library\Org\Util\Tools.class.php 第 232 行.
NOTIC: [2] simplexml_load_string(): &lt;bank_type&gt;&lt;![CDATA[CFT]]&gt;&lt;/bank_type&gt; D:\phpStudy\WWW\csj\trunk\php\project\ThinkPHP\Library\Org\Util\Tools.class.php 第 232 行.
NOTIC: [2] simplexml_load_string(): ^ D:\phpStudy\WWW\csj\trunk\php\project\ThinkPHP\Library\Org\Util\Tools.class.php 第 232 行.

[ 2018-03-22T11:01:14+08:00 ] 127.0.0.1 /csj/trunk/php/project/member/index.php/pay/wxXcxNotify
INFO: [ app_init ] --START--
INFO: Run Behavior\BuildLiteBehavior [ RunTime:0.000000s ]
INFO: [ app_init ] --END-- [ RunTime:0.001000s ]
INFO: [ app_begin ] --START--
INFO: Run Behavior\ReadHtmlCacheBehavior [ RunTime:0.000000s ]
INFO: [ app_begin ] --END-- [ RunTime:0.000000s ]
NOTIC: [2] simplexml_load_string(): Entity: line 2: parser error : Extra content at the end of the document D:\phpStudy\WWW\csj\trunk\php\project\ThinkPHP\Library\Org\Util\Tools.class.php 第 232 行.
NOTIC: [2] simplexml_load_string(): &lt;bank_type&gt;&lt;![CDATA[CFT]]&gt;&lt;/bank_type&gt; D:\phpStudy\WWW\csj\trunk\php\project\ThinkPHP\Library\Org\Util\Tools.class.php 第 232 行.
NOTIC: [2] simplexml_load_string(): ^ D:\phpStudy\WWW\csj\trunk\php\project\ThinkPHP\Library\Org\Util\Tools.class.php 第 232 行.

[ 2018-03-22T11:01:58+08:00 ] 127.0.0.1 /csj/trunk/php/project/member/index.php/pay/wxXcxNotify
INFO: [ app_init ] --START--
INFO: Run Behavior\BuildLiteBehavior [ RunTime:0.000000s ]
INFO: [ app_init ] --END-- [ RunTime:0.000000s ]
INFO: [ app_begin ] --START--
INFO: Run Behavior\ReadHtmlCacheBehavior [ RunTime:0.001000s ]
INFO: [ app_begin ] --END-- [ RunTime:0.001000s ]

[ 2018-03-22T11:02:23+08:00 ] 127.0.0.1 /csj/trunk/php/project/member/index.php/pay/wxXcxNotify
INFO: [ app_init ] --START--
INFO: Run Behavior\BuildLiteBehavior [ RunTime:0.000000s ]
INFO: [ app_init ] --END-- [ RunTime:0.000000s ]
INFO: [ app_begin ] --START--
INFO: Run Behavior\ReadHtmlCacheBehavior [ RunTime:0.000000s ]
INFO: [ app_begin ] --END-- [ RunTime:0.000000s ]
SQL: SHOW COLUMNS FROM `api_bar_member` [ RunTime:0.0440s ]
SQL: SHOW COLUMNS FROM `api_bar_member` [ RunTime:0.0440s ]
ERR: 1052:Column 'id' in where clause is ambiguous
 [ SQL语句 ] : SELECT api_bar.*,api_bar_member.pay_status,api_bar_member.member_id as current_member_id,api_bar_member.pay_price as order_price FROM `api_bar_member` join api_bar ON api_bar.id=api_bar_member.bar_id  WHERE `id` = '22' LIMIT 1  
ERR: 1052:Column 'id' in where clause is ambiguous
 [ SQL语句 ] : SELECT api_bar.*,api_bar_member.pay_status,api_bar_member.member_id as current_member_id,api_bar_member.pay_price as order_price FROM `api_bar_member` join api_bar ON api_bar.id=api_bar_member.bar_id  WHERE `id` = '22' LIMIT 1  

[ 2018-03-22T11:03:23+08:00 ] 127.0.0.1 /csj/trunk/php/project/member/index.php/pay/wxXcxNotify
INFO: [ app_init ] --START--
INFO: Run Behavior\BuildLiteBehavior [ RunTime:0.000000s ]
INFO: [ app_init ] --END-- [ RunTime:0.000000s ]
INFO: [ app_begin ] --START--
INFO: Run Behavior\ReadHtmlCacheBehavior [ RunTime:0.000000s ]
INFO: [ app_begin ] --END-- [ RunTime:0.000000s ]
SQL: SHOW COLUMNS FROM `api_bar_member` [ RunTime:0.0560s ]
SQL: SHOW COLUMNS FROM `api_bar_member` [ RunTime:0.0430s ]
SQL: SELECT api_bar.*,api_bar_member.pay_status,api_bar_member.member_id as current_member_id,api_bar_member.pay_price as order_price FROM `api_bar_member` join api_bar ON api_bar.id=api_bar_member.bar_id  WHERE api_bar_member.id = '22' LIMIT 1   [ RunTime:0.0550s ]
NOTIC: [8] Undefined index: status D:\phpStudy\WWW\csj\trunk\php\project\member\Application\Home\Model\V1_1\BarMemberModel.class.php 第 38 行.

[ 2018-03-22T11:11:34+08:00 ] 127.0.0.1 /csj/trunk/php/project/member/index.php/pay/wxXcxNotify
INFO: [ app_init ] --START--
INFO: Run Behavior\BuildLiteBehavior [ RunTime:0.000000s ]
INFO: [ app_init ] --END-- [ RunTime:0.000000s ]
INFO: [ app_begin ] --START--
INFO: Run Behavior\ReadHtmlCacheBehavior [ RunTime:0.000000s ]
INFO: [ app_begin ] --END-- [ RunTime:0.000000s ]
SQL: SHOW COLUMNS FROM `api_bar_member` [ RunTime:0.0440s ]
SQL: SHOW COLUMNS FROM `api_bar_member` [ RunTime:0.0430s ]
SQL: SELECT api_bar.*,api_bar_member.pay_status,api_bar_member.member_id as current_member_id,api_bar_member.pay_price as order_price FROM `api_bar_member` join api_bar ON api_bar.id=api_bar_member.bar_id  WHERE api_bar_member.id = '24' LIMIT 1   [ RunTime:0.0440s ]
NOTIC: [8] Undefined index: status D:\phpStudy\WWW\csj\trunk\php\project\member\Application\Home\Model\V1_1\BarMemberModel.class.php 第 38 行.

[ 2018-03-22T11:13:50+08:00 ] 127.0.0.1 /csj/trunk/php/project/member/index.php/pay/wxXcxNotify
INFO: [ app_init ] --START--
INFO: Run Behavior\BuildLiteBehavior [ RunTime:0.000000s ]
INFO: [ app_init ] --END-- [ RunTime:0.000000s ]
INFO: [ app_begin ] --START--
INFO: Run Behavior\ReadHtmlCacheBehavior [ RunTime:0.000000s ]
INFO: [ app_begin ] --END-- [ RunTime:0.000000s ]

[ 2018-03-22T11:14:19+08:00 ] 127.0.0.1 /csj/trunk/php/project/member/index.php/pay/wxXcxNotify
INFO: [ app_init ] --START--
INFO: Run Behavior\BuildLiteBehavior [ RunTime:0.000000s ]
INFO: [ app_init ] --END-- [ RunTime:0.001000s ]
INFO: [ app_begin ] --START--
INFO: Run Behavior\ReadHtmlCacheBehavior [ RunTime:0.000000s ]
INFO: [ app_begin ] --END-- [ RunTime:0.000000s ]

[ 2018-03-22T11:14:35+08:00 ] 127.0.0.1 /csj/trunk/php/project/member/index.php/pay/wxXcxNotify
INFO: [ app_init ] --START--
INFO: Run Behavior\BuildLiteBehavior [ RunTime:0.000000s ]
INFO: [ app_init ] --END-- [ RunTime:0.000000s ]
INFO: [ app_begin ] --START--
INFO: Run Behavior\ReadHtmlCacheBehavior [ RunTime:0.000000s ]
INFO: [ app_begin ] --END-- [ RunTime:0.000000s ]

[ 2018-03-22T11:15:00+08:00 ] 127.0.0.1 /csj/trunk/php/project/member/index.php/pay/wxXcxNotify
INFO: [ app_init ] --START--
INFO: Run Behavior\BuildLiteBehavior [ RunTime:0.000000s ]
INFO: [ app_init ] --END-- [ RunTime:0.000000s ]
INFO: [ app_begin ] --START--
INFO: Run Behavior\ReadHtmlCacheBehavior [ RunTime:0.001000s ]
INFO: [ app_begin ] --END-- [ RunTime:0.001000s ]

[ 2018-03-22T11:15:28+08:00 ] 127.0.0.1 /csj/trunk/php/project/member/index.php/pay/wxXcxNotify
INFO: [ app_init ] --START--
INFO: Run Behavior\BuildLiteBehavior [ RunTime:0.000000s ]
INFO: [ app_init ] --END-- [ RunTime:0.001000s ]
INFO: [ app_begin ] --START--
INFO: Run Behavior\ReadHtmlCacheBehavior [ RunTime:0.000000s ]
INFO: [ app_begin ] --END-- [ RunTime:0.000000s ]

[ 2018-03-22T11:16:39+08:00 ] 127.0.0.1 /csj/trunk/php/project/member/index.php/pay/wxXcxNotify
INFO: [ app_init ] --START--
INFO: Run Behavior\BuildLiteBehavior [ RunTime:0.000000s ]
INFO: [ app_init ] --END-- [ RunTime:0.000000s ]
INFO: [ app_begin ] --START--
INFO: Run Behavior\ReadHtmlCacheBehavior [ RunTime:0.000000s ]
INFO: [ app_begin ] --END-- [ RunTime:0.000000s ]

[ 2018-03-22T11:17:19+08:00 ] 127.0.0.1 /csj/trunk/php/project/member/index.php/pay/wxXcxNotify
INFO: [ app_init ] --START--
INFO: Run Behavior\BuildLiteBehavior [ RunTime:0.000000s ]
INFO: [ app_init ] --END-- [ RunTime:0.000000s ]
INFO: [ app_begin ] --START--
INFO: Run Behavior\ReadHtmlCacheBehavior [ RunTime:0.000000s ]
INFO: [ app_begin ] --END-- [ RunTime:0.000000s ]
SQL: SHOW COLUMNS FROM `api_bar_member` [ RunTime:0.0390s ]
SQL: SHOW COLUMNS FROM `api_bar_member` [ RunTime:0.0390s ]
SQL: SELECT api_bar.*,api_bar_member.pay_status,api_bar_member.member_id as current_member_id,api_bar_member.pay_price as order_price FROM `api_bar_member` join api_bar ON api_bar.id=api_bar_member.bar_id  WHERE api_bar_member.id = '24' LIMIT 1   [ RunTime:0.0390s ]
NOTIC: [8] Undefined index: status D:\phpStudy\WWW\csj\trunk\php\project\member\Application\Home\Model\V1_1\BarMemberModel.class.php 第 38 行.

[ 2018-03-22T11:17:40+08:00 ] 127.0.0.1 /csj/trunk/php/project/member/index.php/pay/wxXcxNotify
INFO: [ app_init ] --START--
INFO: Run Behavior\BuildLiteBehavior [ RunTime:0.000000s ]
INFO: [ app_init ] --END-- [ RunTime:0.000000s ]
INFO: [ app_begin ] --START--
INFO: Run Behavior\ReadHtmlCacheBehavior [ RunTime:0.000000s ]
INFO: [ app_begin ] --END-- [ RunTime:0.000000s ]
SQL: SHOW COLUMNS FROM `api_bar_member` [ RunTime:0.0430s ]
SQL: SHOW COLUMNS FROM `api_bar_member` [ RunTime:0.0420s ]
SQL: SELECT api_bar.*,api_bar_member.pay_status,api_bar_member.member_id as current_member_id,api_bar_member.pay_price as order_price FROM `api_bar_member` join api_bar ON api_bar.id=api_bar_member.bar_id  WHERE api_bar_member.id = '24' LIMIT 1   [ RunTime:0.0410s ]

[ 2018-03-22T11:18:20+08:00 ] 127.0.0.1 /csj/trunk/php/project/member/index.php/pay/wxXcxNotify
INFO: [ app_init ] --START--
INFO: Run Behavior\BuildLiteBehavior [ RunTime:0.000000s ]
INFO: [ app_init ] --END-- [ RunTime:0.001000s ]
INFO: [ app_begin ] --START--
INFO: Run Behavior\ReadHtmlCacheBehavior [ RunTime:0.000000s ]
INFO: [ app_begin ] --END-- [ RunTime:0.000000s ]
SQL: SHOW COLUMNS FROM `api_bar_member` [ RunTime:0.0400s ]
SQL: SHOW COLUMNS FROM `api_bar_member` [ RunTime:0.0400s ]
SQL: SELECT api_bar.*,api_bar_member.pay_status,api_bar_member.member_id as current_member_id,api_bar_member.pay_price as order_price FROM `api_bar_member` join api_bar ON api_bar.id=api_bar_member.bar_id  WHERE api_bar_member.id = '24' LIMIT 1   [ RunTime:0.0400s ]
NOTIC: [8] Undefined index: status D:\phpStudy\WWW\csj\trunk\php\project\member\Application\Home\Model\V1_1\BarMemberModel.class.php 第 38 行.

[ 2018-03-22T11:18:46+08:00 ] 127.0.0.1 /csj/trunk/php/project/member/index.php/pay/wxXcxNotify
INFO: [ app_init ] --START--
INFO: Run Behavior\BuildLiteBehavior [ RunTime:0.000000s ]
INFO: [ app_init ] --END-- [ RunTime:0.001000s ]
INFO: [ app_begin ] --START--
INFO: Run Behavior\ReadHtmlCacheBehavior [ RunTime:0.000000s ]
INFO: [ app_begin ] --END-- [ RunTime:0.000000s ]
SQL: SHOW COLUMNS FROM `api_bar_member` [ RunTime:0.0430s ]
SQL: SHOW COLUMNS FROM `api_bar_member` [ RunTime:0.0430s ]
SQL: SELECT api_bar.*,api_bar_member.pay_status,api_bar_member.member_id as current_member_id,api_bar_member.pay_price as order_price FROM `api_bar_member` join api_bar ON api_bar.id=api_bar_member.bar_id  WHERE api_bar_member.id = '24' LIMIT 1   [ RunTime:0.0430s ]
NOTIC: [8] Undefined index: status D:\phpStudy\WWW\csj\trunk\php\project\member\Application\Home\Model\V1_1\BarMemberModel.class.php 第 38 行.

[ 2018-03-22T11:19:14+08:00 ] 127.0.0.1 /csj/trunk/php/project/member/index.php/pay/wxXcxNotify
INFO: [ app_init ] --START--
INFO: Run Behavior\BuildLiteBehavior [ RunTime:0.000000s ]
INFO: [ app_init ] --END-- [ RunTime:0.000000s ]
INFO: [ app_begin ] --START--
INFO: Run Behavior\ReadHtmlCacheBehavior [ RunTime:0.001000s ]
INFO: [ app_begin ] --END-- [ RunTime:0.001000s ]

[ 2018-03-22T11:19:36+08:00 ] 127.0.0.1 /csj/trunk/php/project/member/index.php/pay/wxXcxNotify
INFO: [ app_init ] --START--
INFO: Run Behavior\BuildLiteBehavior [ RunTime:0.000000s ]
INFO: [ app_init ] --END-- [ RunTime:0.001000s ]
INFO: [ app_begin ] --START--
INFO: Run Behavior\ReadHtmlCacheBehavior [ RunTime:0.001000s ]
INFO: [ app_begin ] --END-- [ RunTime:0.001000s ]
SQL: SHOW COLUMNS FROM `api_bar_member` [ RunTime:0.0440s ]
SQL: SHOW COLUMNS FROM `api_bar_member` [ RunTime:0.0390s ]
SQL: SELECT api_bar.*,api_bar_member.pay_status,api_bar_member.member_id as current_member_id,api_bar_member.pay_price as order_price FROM `api_bar_member` join api_bar ON api_bar.id=api_bar_member.bar_id  WHERE api_bar_member.id = '24' LIMIT 1   [ RunTime:0.0400s ]
NOTIC: [8] Undefined index: status D:\phpStudy\WWW\csj\trunk\php\project\member\Application\Home\Model\V1_1\BarMemberModel.class.php 第 38 行.

[ 2018-03-22T11:20:12+08:00 ] 127.0.0.1 /csj/trunk/php/project/member/index.php/pay/wxXcxNotify
INFO: [ app_init ] --START--
INFO: Run Behavior\BuildLiteBehavior [ RunTime:0.000000s ]
INFO: [ app_init ] --END-- [ RunTime:0.001000s ]
INFO: [ app_begin ] --START--
INFO: Run Behavior\ReadHtmlCacheBehavior [ RunTime:0.000000s ]
INFO: [ app_begin ] --END-- [ RunTime:0.000000s ]
SQL: SHOW COLUMNS FROM `api_bar_member` [ RunTime:0.0380s ]
SQL: SHOW COLUMNS FROM `api_bar_member` [ RunTime:0.0390s ]
SQL: SELECT api_bar.*,api_bar_member.pay_status,api_bar_member.member_id as current_member_id,api_bar_member.pay_price as order_price FROM `api_bar_member` join api_bar ON api_bar.id=api_bar_member.bar_id  WHERE api_bar_member.id = '24' LIMIT 1   [ RunTime:0.0390s ]

[ 2018-03-22T11:20:32+08:00 ] 127.0.0.1 /csj/trunk/php/project/member/index.php/pay/wxXcxNotify
INFO: [ app_init ] --START--
INFO: Run Behavior\BuildLiteBehavior [ RunTime:0.000000s ]
INFO: [ app_init ] --END-- [ RunTime:0.000000s ]
INFO: [ app_begin ] --START--
INFO: Run Behavior\ReadHtmlCacheBehavior [ RunTime:0.000000s ]
INFO: [ app_begin ] --END-- [ RunTime:0.000000s ]
SQL: SHOW COLUMNS FROM `api_bar_member` [ RunTime:0.0430s ]
SQL: SHOW COLUMNS FROM `api_bar_member` [ RunTime:0.0410s ]
SQL: SELECT api_bar.*,api_bar_member.pay_status,api_bar_member.member_id as current_member_id,api_bar_member.pay_price as order_price FROM `api_bar_member` join api_bar ON api_bar.id=api_bar_member.bar_id  WHERE api_bar_member.id = '24' LIMIT 1   [ RunTime:0.0410s ]
NOTIC: [8] Undefined index: status D:\phpStudy\WWW\csj\trunk\php\project\member\Application\Home\Model\V1_1\BarMemberModel.class.php 第 36 行.

[ 2018-03-22T11:20:57+08:00 ] 127.0.0.1 /csj/trunk/php/project/member/index.php/pay/wxXcxNotify
INFO: [ app_init ] --START--
INFO: Run Behavior\BuildLiteBehavior [ RunTime:0.000000s ]
INFO: [ app_init ] --END-- [ RunTime:0.001000s ]
INFO: [ app_begin ] --START--
INFO: Run Behavior\ReadHtmlCacheBehavior [ RunTime:0.000000s ]
INFO: [ app_begin ] --END-- [ RunTime:0.000000s ]
SQL: SHOW COLUMNS FROM `api_bar_member` [ RunTime:0.0420s ]
SQL: SHOW COLUMNS FROM `api_bar_member` [ RunTime:0.0440s ]
SQL: SELECT api_bar.*,api_bar_member.pay_status,api_bar_member.member_id as current_member_id,api_bar_member.pay_price as order_price FROM `api_bar_member` join api_bar ON api_bar.id=api_bar_member.bar_id  WHERE api_bar_member.id = '24' LIMIT 1   [ RunTime:0.0420s ]

[ 2018-03-22T11:21:26+08:00 ] 127.0.0.1 /csj/trunk/php/project/member/index.php/pay/wxXcxNotify
INFO: [ app_init ] --START--
INFO: Run Behavior\BuildLiteBehavior [ RunTime:0.000000s ]
INFO: [ app_init ] --END-- [ RunTime:0.000000s ]
INFO: [ app_begin ] --START--
INFO: Run Behavior\ReadHtmlCacheBehavior [ RunTime:0.001000s ]
INFO: [ app_begin ] --END-- [ RunTime:0.001000s ]
SQL: SHOW COLUMNS FROM `api_bar_member` [ RunTime:0.0430s ]
SQL: SHOW COLUMNS FROM `api_bar_member` [ RunTime:0.0430s ]
SQL: SELECT api_bar.*,api_bar_member.pay_status,api_bar_member.member_id as current_member_id,api_bar_member.pay_price as order_price FROM `api_bar_member` join api_bar ON api_bar.id=api_bar_member.bar_id  WHERE api_bar_member.id = '24' LIMIT 1   [ RunTime:0.0410s ]

[ 2018-03-22T11:21:38+08:00 ] 127.0.0.1 /csj/trunk/php/project/member/index.php/pay/wxXcxNotify
INFO: [ app_init ] --START--
INFO: Run Behavior\BuildLiteBehavior [ RunTime:0.000000s ]
INFO: [ app_init ] --END-- [ RunTime:0.000000s ]
INFO: [ app_begin ] --START--
INFO: Run Behavior\ReadHtmlCacheBehavior [ RunTime:0.000000s ]
INFO: [ app_begin ] --END-- [ RunTime:0.000000s ]
SQL: SHOW COLUMNS FROM `api_bar_member` [ RunTime:0.0420s ]
SQL: SHOW COLUMNS FROM `api_bar_member` [ RunTime:0.0420s ]
SQL: SELECT api_bar.*,api_bar_member.pay_status,api_bar_member.member_id as current_member_id,api_bar_member.pay_price as order_price FROM `api_bar_member` join api_bar ON api_bar.id=api_bar_member.bar_id  WHERE api_bar_member.id = '24' LIMIT 1   [ RunTime:0.0420s ]
SQL: UPDATE `api_bar_member` SET `pay_status`='2',`pay_type`='2',`updated_time`='1521688898' WHERE `id` = 24 [ RunTime:0.0410s ]

[ 2018-03-22T11:22:15+08:00 ] 127.0.0.1 /csj/trunk/php/project/member/index.php/pay/wxXcxNotify
INFO: [ app_init ] --START--
INFO: Run Behavior\BuildLiteBehavior [ RunTime:0.000000s ]
INFO: [ app_init ] --END-- [ RunTime:0.000000s ]
INFO: [ app_begin ] --START--
INFO: Run Behavior\ReadHtmlCacheBehavior [ RunTime:0.000000s ]
INFO: [ app_begin ] --END-- [ RunTime:0.000000s ]
SQL: SHOW COLUMNS FROM `api_bar_member` [ RunTime:0.0430s ]
SQL: SHOW COLUMNS FROM `api_bar_member` [ RunTime:0.0430s ]
SQL: SELECT api_bar.*,api_bar_member.pay_status,api_bar_member.member_id as current_member_id,api_bar_member.pay_price as order_price FROM `api_bar_member` join api_bar ON api_bar.id=api_bar_member.bar_id  WHERE api_bar_member.id = '24' LIMIT 1   [ RunTime:0.0430s ]
SQL: UPDATE `api_bar_member` SET `pay_status`='2',`pay_type`='2',`updated_time`='1521688935' WHERE `id` = 24 [ RunTime:0.0410s ]

[ 2018-03-22T11:22:25+08:00 ] 127.0.0.1 /csj/trunk/php/project/member/index.php/pay/wxXcxNotify
INFO: [ app_init ] --START--
INFO: Run Behavior\BuildLiteBehavior [ RunTime:0.000000s ]
INFO: [ app_init ] --END-- [ RunTime:0.000000s ]
INFO: [ app_begin ] --START--
INFO: Run Behavior\ReadHtmlCacheBehavior [ RunTime:0.000000s ]
INFO: [ app_begin ] --END-- [ RunTime:0.000000s ]
SQL: SHOW COLUMNS FROM `api_bar_member` [ RunTime:0.0400s ]
SQL: SHOW COLUMNS FROM `api_bar_member` [ RunTime:0.0390s ]
SQL: SELECT api_bar.*,api_bar_member.pay_status,api_bar_member.member_id as current_member_id,api_bar_member.pay_price as order_price FROM `api_bar_member` join api_bar ON api_bar.id=api_bar_member.bar_id  WHERE api_bar_member.id = '24' LIMIT 1   [ RunTime:0.0400s ]
SQL: UPDATE `api_bar_member` SET `pay_status`='2',`pay_type`='2',`updated_time`='1521688945' WHERE `id` = 24 [ RunTime:0.0380s ]
SQL: SHOW COLUMNS FROM `api_payment_record` [ RunTime:0.0390s ]
SQL: INSERT INTO `api_payment_record` (`member_id`,`merchant_id`,`order_id`,`order_no`,`appid`,`mch_id`,`trade_type`,`order_fee`,`receipt_fee`,`trade_no`,`end_time`,`pay_type`,`buy_type`,`payment`,`created_time`) VALUES ('13','1','24','4521688074004555','wxa69e89cc7261ae4f','1496908062','JSAPI','0.01','0.01','4200000063201803223242640183','1521688094','1','3','2','1521688945') [ RunTime:0.0370s ]
SQL: SELECT COUNT(*) AS tp_count FROM `api_bar_member` WHERE `bar_id` = 34 AND `pay_status` = 2 LIMIT 1   [ RunTime:0.0370s ]
SQL: SHOW COLUMNS FROM `api_bar` [ RunTime:0.0390s ]
SQL: UPDATE `api_bar` SET `bar_status`='2',`updated_time`='1521688945' WHERE `id` = 34 [ RunTime:0.0380s ]
SQL: SHOW COLUMNS FROM `api_order` [ RunTime:0.0390s ]
SQL: INSERT INTO `api_order` (`order_no`,`merchant_id`,`member_id`,`contacts_realname`,`contacts_tel`,`contacts_sex`,`total_price`,`pay_price`,`purchase_price`,`settlement_status`,`order_type`,`payment`,`description`,`arrives_time`,`created_time`,`updated_time`,`take_time`,`top_order_id`,`is_evaluate`,`is_bar`,`is_xu`) VALUES ('3521688074001625','1','13','','15184454658','2','0.01','0.01','0.00','0','2','0','水电费黄飞鸿','1521648000','1521688074','1521688945','1521648000','0','0','1','0') [ RunTime:0.0370s ]
SQL: SHOW COLUMNS FROM `api_bar_order` [ RunTime:0.0390s ]
SQL: INSERT INTO `api_bar_order` (`order_id`,`bar_id`) VALUES ('52','34') [ RunTime:0.0380s ]

[ 2018-03-22T11:22:45+08:00 ] 127.0.0.1 /csj/trunk/php/project/member/index.php/pay/wxXcxNotify
INFO: [ app_init ] --START--
INFO: Run Behavior\BuildLiteBehavior [ RunTime:0.000000s ]
INFO: [ app_init ] --END-- [ RunTime:0.000000s ]
INFO: [ app_begin ] --START--
INFO: Run Behavior\ReadHtmlCacheBehavior [ RunTime:0.000000s ]
INFO: [ app_begin ] --END-- [ RunTime:0.000000s ]
SQL: SHOW COLUMNS FROM `api_bar_member` [ RunTime:0.0490s ]
SQL: SHOW COLUMNS FROM `api_bar_member` [ RunTime:0.0430s ]
SQL: SELECT api_bar.*,api_bar_member.pay_status,api_bar_member.member_id as current_member_id,api_bar_member.pay_price as order_price FROM `api_bar_member` join api_bar ON api_bar.id=api_bar_member.bar_id  WHERE api_bar_member.id = '24' LIMIT 1   [ RunTime:0.0430s ]
SQL: UPDATE `api_bar_member` SET `pay_status`='2',`pay_type`='2',`updated_time`='1521688965' WHERE `id` = 24 [ RunTime:0.0410s ]
SQL: SHOW COLUMNS FROM `api_payment_record` [ RunTime:0.0430s ]
SQL: INSERT INTO `api_payment_record` (`member_id`,`merchant_id`,`order_id`,`order_no`,`appid`,`mch_id`,`trade_type`,`order_fee`,`receipt_fee`,`trade_no`,`end_time`,`pay_type`,`buy_type`,`payment`,`created_time`) VALUES ('13','1','24','4521688074004555','wxa69e89cc7261ae4f','1496908062','JSAPI','0.01','0.01','4200000063201803223242640183','1521688094','1','3','2','1521688965') [ RunTime:0.0420s ]

[ 2018-03-22T11:23:14+08:00 ] 127.0.0.1 /csj/trunk/php/project/member/index.php/pay/wxXcxNotify
INFO: [ app_init ] --START--
INFO: Run Behavior\BuildLiteBehavior [ RunTime:0.000000s ]
INFO: [ app_init ] --END-- [ RunTime:0.000000s ]
INFO: [ app_begin ] --START--
INFO: Run Behavior\ReadHtmlCacheBehavior [ RunTime:0.000000s ]
INFO: [ app_begin ] --END-- [ RunTime:0.000000s ]
SQL: SHOW COLUMNS FROM `api_bar_member` [ RunTime:0.0450s ]
SQL: SHOW COLUMNS FROM `api_bar_member` [ RunTime:0.0440s ]
SQL: SELECT api_bar.*,api_bar_member.pay_status,api_bar_member.member_id as current_member_id,api_bar_member.pay_price as order_price FROM `api_bar_member` join api_bar ON api_bar.id=api_bar_member.bar_id  WHERE api_bar_member.id = '24' LIMIT 1   [ RunTime:0.0440s ]
SQL: UPDATE `api_bar_member` SET `pay_status`='2',`pay_type`='2',`updated_time`='1521688994' WHERE `id` = 24 [ RunTime:0.0420s ]
SQL: SHOW COLUMNS FROM `api_payment_record` [ RunTime:0.0430s ]
SQL: INSERT INTO `api_payment_record` (`member_id`,`merchant_id`,`order_id`,`order_no`,`appid`,`mch_id`,`trade_type`,`order_fee`,`receipt_fee`,`trade_no`,`end_time`,`pay_type`,`buy_type`,`payment`,`created_time`) VALUES ('13','1','24','4521688074004555','wxa69e89cc7261ae4f','1496908062','JSAPI','0.01','0.01','4200000063201803223242640183','1521688094','1','3','2','1521688994') [ RunTime:0.0420s ]
SQL: SELECT COUNT(*) AS tp_count FROM `api_bar_member` WHERE `bar_id` = 34 AND `pay_status` = 2 LIMIT 1   [ RunTime:0.0420s ]

[ 2018-03-22T11:23:40+08:00 ] 127.0.0.1 /csj/trunk/php/project/member/index.php/pay/wxXcxNotify
INFO: [ app_init ] --START--
INFO: Run Behavior\BuildLiteBehavior [ RunTime:0.000000s ]
INFO: [ app_init ] --END-- [ RunTime:0.000000s ]
INFO: [ app_begin ] --START--
INFO: Run Behavior\ReadHtmlCacheBehavior [ RunTime:0.000000s ]
INFO: [ app_begin ] --END-- [ RunTime:0.000000s ]
SQL: SHOW COLUMNS FROM `api_bar_member` [ RunTime:0.0400s ]
SQL: SHOW COLUMNS FROM `api_bar_member` [ RunTime:0.0390s ]
SQL: SELECT api_bar.*,api_bar_member.pay_status,api_bar_member.member_id as current_member_id,api_bar_member.pay_price as order_price FROM `api_bar_member` join api_bar ON api_bar.id=api_bar_member.bar_id  WHERE api_bar_member.id = '24' LIMIT 1   [ RunTime:0.0410s ]
SQL: UPDATE `api_bar_member` SET `pay_status`='2',`pay_type`='2',`updated_time`='1521689020' WHERE `id` = 24 [ RunTime:0.0390s ]
SQL: SHOW COLUMNS FROM `api_payment_record` [ RunTime:0.0380s ]
SQL: INSERT INTO `api_payment_record` (`member_id`,`merchant_id`,`order_id`,`order_no`,`appid`,`mch_id`,`trade_type`,`order_fee`,`receipt_fee`,`trade_no`,`end_time`,`pay_type`,`buy_type`,`payment`,`created_time`) VALUES ('13','1','24','4521688074004555','wxa69e89cc7261ae4f','1496908062','JSAPI','0.01','0.01','4200000063201803223242640183','1521688094','1','3','2','1521689020') [ RunTime:0.0370s ]
SQL: SELECT COUNT(*) AS tp_count FROM `api_bar_member` WHERE `bar_id` = 34 AND `pay_status` = 2 LIMIT 1   [ RunTime:0.0370s ]

[ 2018-03-22T11:24:02+08:00 ] 127.0.0.1 /csj/trunk/php/project/member/index.php/pay/wxXcxNotify
INFO: [ app_init ] --START--
INFO: Run Behavior\BuildLiteBehavior [ RunTime:0.000000s ]
INFO: [ app_init ] --END-- [ RunTime:0.000000s ]
INFO: [ app_begin ] --START--
INFO: Run Behavior\ReadHtmlCacheBehavior [ RunTime:0.000000s ]
INFO: [ app_begin ] --END-- [ RunTime:0.000000s ]
SQL: SHOW COLUMNS FROM `api_bar_member` [ RunTime:0.0390s ]
SQL: SHOW COLUMNS FROM `api_bar_member` [ RunTime:0.0380s ]
SQL: SELECT api_bar.*,api_bar_member.pay_status,api_bar_member.member_id as current_member_id,api_bar_member.pay_price as order_price FROM `api_bar_member` join api_bar ON api_bar.id=api_bar_member.bar_id  WHERE api_bar_member.id = '24' LIMIT 1   [ RunTime:0.0390s ]
SQL: UPDATE `api_bar_member` SET `pay_status`='2',`pay_type`='2',`updated_time`='1521689042' WHERE `id` = 24 [ RunTime:0.0370s ]
SQL: SHOW COLUMNS FROM `api_payment_record` [ RunTime:0.0390s ]
SQL: INSERT INTO `api_payment_record` (`member_id`,`merchant_id`,`order_id`,`order_no`,`appid`,`mch_id`,`trade_type`,`order_fee`,`receipt_fee`,`trade_no`,`end_time`,`pay_type`,`buy_type`,`payment`,`created_time`) VALUES ('13','1','24','4521688074004555','wxa69e89cc7261ae4f','1496908062','JSAPI','0.01','0.01','4200000063201803223242640183','1521688094','1','3','2','1521689042') [ RunTime:0.0380s ]
SQL: SELECT COUNT(*) AS tp_count FROM `api_bar_member` WHERE `bar_id` = 34 AND `pay_status` = 2 LIMIT 1   [ RunTime:0.0380s ]

[ 2018-03-22T11:25:11+08:00 ] 127.0.0.1 /csj/trunk/php/project/member/index.php/pay/wxXcxNotify
INFO: [ app_init ] --START--
INFO: Run Behavior\BuildLiteBehavior [ RunTime:0.000000s ]
INFO: [ app_init ] --END-- [ RunTime:0.000000s ]
INFO: [ app_begin ] --START--
INFO: Run Behavior\ReadHtmlCacheBehavior [ RunTime:0.000000s ]
INFO: [ app_begin ] --END-- [ RunTime:0.000000s ]
SQL: SHOW COLUMNS FROM `api_bar_member` [ RunTime:0.0430s ]
SQL: SHOW COLUMNS FROM `api_bar_member` [ RunTime:0.0440s ]
SQL: SELECT api_bar.*,api_bar_member.pay_status,api_bar_member.member_id as current_member_id,api_bar_member.pay_price as order_price FROM `api_bar_member` join api_bar ON api_bar.id=api_bar_member.bar_id  WHERE api_bar_member.id = '24' LIMIT 1   [ RunTime:0.0430s ]
SQL: UPDATE `api_bar_member` SET `pay_status`='2',`pay_type`='2',`updated_time`='1521689111' WHERE `id` = 24 [ RunTime:0.0410s ]
SQL: SHOW COLUMNS FROM `api_payment_record` [ RunTime:0.0440s ]
SQL: INSERT INTO `api_payment_record` (`member_id`,`merchant_id`,`order_id`,`order_no`,`appid`,`mch_id`,`trade_type`,`order_fee`,`receipt_fee`,`trade_no`,`end_time`,`pay_type`,`buy_type`,`payment`,`created_time`) VALUES ('13','1','24','4521688074004555','wxa69e89cc7261ae4f','1496908062','JSAPI','0.01','0.01','4200000063201803223242640183','1521688094','1','3','2','1521689111') [ RunTime:0.0420s ]
SQL: SELECT COUNT(*) AS tp_count FROM `api_bar_member` WHERE `bar_id` = 34 AND `pay_status` = 2 LIMIT 1   [ RunTime:0.0420s ]
SQL: SHOW COLUMNS FROM `api_bar` [ RunTime:0.0440s ]
SQL: UPDATE `api_bar` SET `bar_status`='2',`updated_time`='1521689111' WHERE `id` = 34 [ RunTime:0.0420s ]
SQL: SHOW COLUMNS FROM `api_order` [ RunTime:0.0430s ]
SQL: INSERT INTO `api_order` (`order_no`,`merchant_id`,`member_id`,`contacts_realname`,`contacts_tel`,`contacts_sex`,`total_price`,`pay_price`,`purchase_price`,`settlement_status`,`order_type`,`payment`,`description`,`arrives_time`,`created_time`,`updated_time`,`take_time`,`top_order_id`,`is_evaluate`,`is_bar`,`is_xu`) VALUES ('3521688074001625','1','13','','15184454658','2','0.01','0.01','0.00','0','2','0','水电费黄飞鸿','1521648000','1521688074','1521689111','1521648000','0','0','1','0') [ RunTime:0.0430s ]
SQL: SHOW COLUMNS FROM `api_bar_order` [ RunTime:0.0430s ]
SQL: INSERT INTO `api_bar_order` (`order_id`,`bar_id`) VALUES ('53','34') [ RunTime:0.0410s ]

[ 2018-03-22T11:26:12+08:00 ] 127.0.0.1 /csj/trunk/php/project/member/index.php/pay/wxXcxNotify
INFO: [ app_init ] --START--
INFO: Run Behavior\BuildLiteBehavior [ RunTime:0.000000s ]
INFO: [ app_init ] --END-- [ RunTime:0.000000s ]
INFO: [ app_begin ] --START--
INFO: Run Behavior\ReadHtmlCacheBehavior [ RunTime:0.001000s ]
INFO: [ app_begin ] --END-- [ RunTime:0.001000s ]
SQL: SHOW COLUMNS FROM `api_bar_member` [ RunTime:0.0430s ]
SQL: SHOW COLUMNS FROM `api_bar_member` [ RunTime:0.0410s ]
SQL: SELECT api_bar.*,api_bar_member.pay_status,api_bar_member.member_id as current_member_id,api_bar_member.pay_price as order_price FROM `api_bar_member` join api_bar ON api_bar.id=api_bar_member.bar_id  WHERE api_bar_member.id = '24' LIMIT 1   [ RunTime:0.0420s ]
SQL: UPDATE `api_bar_member` SET `pay_status`='2',`pay_type`='2',`updated_time`='1521689171' WHERE `id` = 24 [ RunTime:0.0410s ]
SQL: SHOW COLUMNS FROM `api_payment_record` [ RunTime:0.0430s ]
SQL: INSERT INTO `api_payment_record` (`member_id`,`merchant_id`,`order_id`,`order_no`,`appid`,`mch_id`,`trade_type`,`order_fee`,`receipt_fee`,`trade_no`,`end_time`,`pay_type`,`buy_type`,`payment`,`created_time`) VALUES ('13','1','24','4521688074004555','wxa69e89cc7261ae4f','1496908062','JSAPI','0.01','0.01','4200000063201803223242640183','1521688094','1','3','2','1521689171') [ RunTime:0.0420s ]
SQL: SELECT COUNT(*) AS tp_count FROM `api_bar_member` WHERE `bar_id` = 34 AND `pay_status` = 2 LIMIT 1   [ RunTime:0.0420s ]
SQL: SHOW COLUMNS FROM `api_bar` [ RunTime:0.0420s ]
SQL: UPDATE `api_bar` SET `bar_status`='2',`updated_time`='1521689172' WHERE `id` = 34 [ RunTime:0.0410s ]
SQL: SHOW COLUMNS FROM `api_order` [ RunTime:0.0430s ]
SQL: INSERT INTO `api_order` (`order_no`,`merchant_id`,`member_id`,`contacts_realname`,`contacts_tel`,`contacts_sex`,`total_price`,`pay_price`,`purchase_price`,`settlement_status`,`order_type`,`payment`,`description`,`arrives_time`,`created_time`,`updated_time`,`take_time`,`top_order_id`,`is_evaluate`,`is_bar`,`is_xu`) VALUES ('3521688074001625','1','13','','15184454658','2','0.01','0.01','0.00','0','2','0','水电费黄飞鸿','1521648000','1521688074','1521689171','1521648000','0','0','1','0') [ RunTime:0.0420s ]
SQL: SHOW COLUMNS FROM `api_bar_order` [ RunTime:0.0420s ]
SQL: INSERT INTO `api_bar_order` (`order_id`,`bar_id`) VALUES ('54','34') [ RunTime:0.0410s ]
SQL: SHOW COLUMNS FROM `api_bar_pack` [ RunTime:0.0440s ]
SQL: SELECT * FROM `api_bar_pack` WHERE `bar_id` = 34 LIMIT 1   [ RunTime:0.0420s ]
SQL: SHOW COLUMNS FROM `api_order_pack` [ RunTime:0.0420s ]
SQL: INSERT INTO `api_order_pack` (`order_id`,`goods_pack_id`,`title`,`amount`,`price`,`image`,`merchant_id`,`member_id`,`pack_description`,`purchase_price`,`market_price`,`goods_type`) VALUES ('54','4','卡座套餐2','1','0.01','/goods_20180320_ugd1521527013jukb208.jpg','1','13','卡座套餐2卡座套餐2','220.00','210.00','2') [ RunTime:0.0410s ]

[ 2018-03-22T11:26:51+08:00 ] 127.0.0.1 /csj/trunk/php/project/member/index.php/pay/wxXcxNotify
INFO: [ app_init ] --START--
INFO: Run Behavior\BuildLiteBehavior [ RunTime:0.000000s ]
INFO: [ app_init ] --END-- [ RunTime:0.000000s ]
INFO: [ app_begin ] --START--
INFO: Run Behavior\ReadHtmlCacheBehavior [ RunTime:0.000000s ]
INFO: [ app_begin ] --END-- [ RunTime:0.000000s ]
SQL: SHOW COLUMNS FROM `api_bar_member` [ RunTime:0.0390s ]
SQL: SHOW COLUMNS FROM `api_bar_member` [ RunTime:0.0380s ]
SQL: SELECT api_bar.*,api_bar_member.pay_status,api_bar_member.member_id as current_member_id,api_bar_member.pay_price as order_price FROM `api_bar_member` join api_bar ON api_bar.id=api_bar_member.bar_id  WHERE api_bar_member.id = '24' LIMIT 1   [ RunTime:0.0390s ]
SQL: UPDATE `api_bar_member` SET `pay_status`='2',`pay_type`='2',`updated_time`='1521689210' WHERE `id` = 24 [ RunTime:0.0370s ]
SQL: SHOW COLUMNS FROM `api_payment_record` [ RunTime:0.0390s ]
SQL: INSERT INTO `api_payment_record` (`member_id`,`merchant_id`,`order_id`,`order_no`,`appid`,`mch_id`,`trade_type`,`order_fee`,`receipt_fee`,`trade_no`,`end_time`,`pay_type`,`buy_type`,`payment`,`created_time`) VALUES ('13','1','24','4521688074004555','wxa69e89cc7261ae4f','1496908062','JSAPI','0.01','0.01','4200000063201803223242640183','1521688094','1','3','2','1521689210') [ RunTime:0.0380s ]
SQL: SELECT COUNT(*) AS tp_count FROM `api_bar_member` WHERE `bar_id` = 34 AND `pay_status` = 2 LIMIT 1   [ RunTime:0.0380s ]
SQL: SHOW COLUMNS FROM `api_bar` [ RunTime:0.0390s ]
SQL: UPDATE `api_bar` SET `bar_status`='2',`updated_time`='1521689210' WHERE `id` = 34 [ RunTime:0.0370s ]
SQL: SHOW COLUMNS FROM `api_order` [ RunTime:0.0390s ]
SQL: INSERT INTO `api_order` (`order_no`,`merchant_id`,`member_id`,`contacts_realname`,`contacts_tel`,`contacts_sex`,`total_price`,`pay_price`,`purchase_price`,`settlement_status`,`order_type`,`payment`,`description`,`arrives_time`,`created_time`,`updated_time`,`take_time`,`top_order_id`,`is_evaluate`,`is_bar`,`is_xu`) VALUES ('3521688074001625','1','13','','15184454658','2','0.01','0.01','0.00','0','2','0','水电费黄飞鸿','1521648000','1521688074','1521689210','1521648000','0','0','1','0') [ RunTime:0.0370s ]
SQL: SHOW COLUMNS FROM `api_bar_order` [ RunTime:0.0370s ]
SQL: INSERT INTO `api_bar_order` (`order_id`,`bar_id`) VALUES ('56','34') [ RunTime:0.0380s ]
SQL: SHOW COLUMNS FROM `api_bar_pack` [ RunTime:0.0390s ]
SQL: SELECT * FROM `api_bar_pack` WHERE `bar_id` = 34 LIMIT 1   [ RunTime:0.0380s ]
SQL: SHOW COLUMNS FROM `api_order_pack` [ RunTime:0.0390s ]
SQL: INSERT INTO `api_order_pack` (`order_id`,`goods_pack_id`,`title`,`amount`,`price`,`image`,`merchant_id`,`member_id`,`pack_description`,`purchase_price`,`market_price`,`goods_type`) VALUES ('56','4','卡座套餐2','1','0.01','/goods_20180320_ugd1521527013jukb208.jpg','1','13','卡座套餐2卡座套餐2','220.00','210.00','2') [ RunTime:0.0380s ]
SQL: SHOW COLUMNS FROM `api_message_employee` [ RunTime:0.0390s ]
SQL: INSERT INTO `api_message_employee` (`employee_id`,`content`,`order_no`,`order_id`,`created_time`,`type`,`merchant_id`,`msg_type`) VALUES ('0','拼吧支付新订单|客人：，拼购了卡座套餐。','3521688074001625','56','1521689211','3','1','1') [ RunTime:0.0370s ]

[ 2018-03-22T11:27:20+08:00 ] 127.0.0.1 /csj/trunk/php/project/member/index.php/pay/wxXcxNotify
INFO: [ app_init ] --START--
INFO: Run Behavior\BuildLiteBehavior [ RunTime:0.000000s ]
INFO: [ app_init ] --END-- [ RunTime:0.001000s ]
INFO: [ app_begin ] --START--
INFO: Run Behavior\ReadHtmlCacheBehavior [ RunTime:0.001000s ]
INFO: [ app_begin ] --END-- [ RunTime:0.001000s ]
SQL: SHOW COLUMNS FROM `api_bar_member` [ RunTime:0.0430s ]
SQL: SHOW COLUMNS FROM `api_bar_member` [ RunTime:0.0420s ]
SQL: SELECT api_bar.*,api_bar_member.pay_status,api_bar_member.member_id as current_member_id,api_bar_member.pay_price as order_price FROM `api_bar_member` join api_bar ON api_bar.id=api_bar_member.bar_id  WHERE api_bar_member.id = '24' LIMIT 1   [ RunTime:0.0430s ]
SQL: UPDATE `api_bar_member` SET `pay_status`='2',`pay_type`='2',`updated_time`='1521689239' WHERE `id` = 24 [ RunTime:0.0410s ]
SQL: SHOW COLUMNS FROM `api_payment_record` [ RunTime:0.0430s ]
SQL: INSERT INTO `api_payment_record` (`member_id`,`merchant_id`,`order_id`,`order_no`,`appid`,`mch_id`,`trade_type`,`order_fee`,`receipt_fee`,`trade_no`,`end_time`,`pay_type`,`buy_type`,`payment`,`created_time`) VALUES ('13','1','24','4521688074004555','wxa69e89cc7261ae4f','1496908062','JSAPI','0.01','0.01','4200000063201803223242640183','1521688094','1','3','2','1521689239') [ RunTime:0.0410s ]
SQL: SELECT COUNT(*) AS tp_count FROM `api_bar_member` WHERE `bar_id` = 34 AND `pay_status` = 2 LIMIT 1   [ RunTime:0.0410s ]
SQL: SHOW COLUMNS FROM `api_bar` [ RunTime:0.0430s ]
SQL: UPDATE `api_bar` SET `bar_status`='2',`updated_time`='1521689239' WHERE `id` = 34 [ RunTime:0.0410s ]
SQL: SHOW COLUMNS FROM `api_order` [ RunTime:0.0430s ]
SQL: INSERT INTO `api_order` (`order_no`,`merchant_id`,`member_id`,`contacts_realname`,`contacts_tel`,`contacts_sex`,`total_price`,`pay_price`,`purchase_price`,`settlement_status`,`order_type`,`payment`,`description`,`arrives_time`,`created_time`,`updated_time`,`take_time`,`top_order_id`,`is_evaluate`,`is_bar`,`is_xu`) VALUES ('3521688074001625','1','13','','15184454658','2','0.01','0.01','0.00','0','2','0','水电费黄飞鸿','1521648000','1521688074','1521689239','1521648000','0','0','1','0') [ RunTime:0.0420s ]
SQL: SHOW COLUMNS FROM `api_bar_order` [ RunTime:0.0430s ]
SQL: INSERT INTO `api_bar_order` (`order_id`,`bar_id`) VALUES ('57','34') [ RunTime:0.0430s ]
SQL: SHOW COLUMNS FROM `api_bar_pack` [ RunTime:0.0430s ]
SQL: SELECT * FROM `api_bar_pack` WHERE `bar_id` = 34 LIMIT 1   [ RunTime:0.0410s ]
SQL: SHOW COLUMNS FROM `api_order_pack` [ RunTime:0.0420s ]
SQL: INSERT INTO `api_order_pack` (`order_id`,`goods_pack_id`,`title`,`amount`,`price`,`image`,`merchant_id`,`member_id`,`pack_description`,`purchase_price`,`market_price`,`goods_type`) VALUES ('57','4','卡座套餐2','1','0.01','/goods_20180320_ugd1521527013jukb208.jpg','1','13','卡座套餐2卡座套餐2','220.00','210.00','2') [ RunTime:0.0410s ]
SQL: SHOW COLUMNS FROM `api_message_employee` [ RunTime:0.0430s ]
SQL: INSERT INTO `api_message_employee` (`employee_id`,`content`,`order_no`,`order_id`,`created_time`,`type`,`merchant_id`,`msg_type`) VALUES ('0','拼吧支付新订单|客人：，拼购了卡座套餐。','3521688074001625','57','1521689239','3','1','1') [ RunTime:0.0410s ]
SQL: SELECT * FROM `api_bar_member` WHERE `bar_id` = 34 AND `pay_status` = 2  [ RunTime:0.0420s ]
SQL: SHOW COLUMNS FROM `api_merchant` [ RunTime:0.0410s ]
SQL: SELECT * FROM `api_merchant` WHERE `id` = 1 LIMIT 1   [ RunTime:0.0420s ]
NOTIC: [8] Undefined index: nickname D:\phpStudy\WWW\csj\trunk\php\project\member\Application\Home\Model\V1_1\BarMemberModel.class.php 第 342 行.

[ 2018-03-22T11:28:47+08:00 ] 127.0.0.1 /csj/trunk/php/project/member/index.php/pay/wxXcxNotify
INFO: [ app_init ] --START--
INFO: Run Behavior\BuildLiteBehavior [ RunTime:0.000000s ]
INFO: [ app_init ] --END-- [ RunTime:0.001000s ]
INFO: [ app_begin ] --START--
INFO: Run Behavior\ReadHtmlCacheBehavior [ RunTime:0.001000s ]
INFO: [ app_begin ] --END-- [ RunTime:0.001000s ]
SQL: SHOW COLUMNS FROM `api_bar_member` [ RunTime:0.0430s ]
SQL: SHOW COLUMNS FROM `api_bar_member` [ RunTime:0.0430s ]
SQL: SELECT api_bar.*,api_bar_member.pay_status,api_bar_member.member_id as current_member_id,api_bar_member.pay_price as order_price FROM `api_bar_member` join api_bar ON api_bar.id=api_bar_member.bar_id  WHERE api_bar_member.id = '24' LIMIT 1   [ RunTime:0.0440s ]

[ 2018-03-22T11:29:30+08:00 ] 127.0.0.1 /csj/trunk/php/project/member/index.php/pay/wxXcxNotify
INFO: [ app_init ] --START--
INFO: Run Behavior\BuildLiteBehavior [ RunTime:0.000000s ]
INFO: [ app_init ] --END-- [ RunTime:0.000000s ]
INFO: [ app_begin ] --START--
INFO: Run Behavior\ReadHtmlCacheBehavior [ RunTime:0.000000s ]
INFO: [ app_begin ] --END-- [ RunTime:0.000000s ]
SQL: SHOW COLUMNS FROM `api_bar_member` [ RunTime:0.0420s ]
SQL: SHOW COLUMNS FROM `api_bar_member` [ RunTime:0.0420s ]
SQL: SELECT api_bar.*,api_bar_member.pay_status,api_bar_member.member_id as current_member_id,api_bar_member.pay_price as order_price FROM `api_bar_member` join api_bar ON api_bar.id=api_bar_member.bar_id  WHERE api_bar_member.id = '24' LIMIT 1   [ RunTime:0.0390s ]

[ 2018-03-22T11:30:05+08:00 ] 127.0.0.1 /csj/trunk/php/project/member/index.php/pay/wxXcxNotify
INFO: [ app_init ] --START--
INFO: Run Behavior\BuildLiteBehavior [ RunTime:0.000000s ]
INFO: [ app_init ] --END-- [ RunTime:0.000000s ]
INFO: [ app_begin ] --START--
INFO: Run Behavior\ReadHtmlCacheBehavior [ RunTime:0.000000s ]
INFO: [ app_begin ] --END-- [ RunTime:0.000000s ]
SQL: SHOW COLUMNS FROM `api_bar_member` [ RunTime:0.0430s ]
SQL: SHOW COLUMNS FROM `api_bar_member` [ RunTime:0.0380s ]
SQL: SELECT api_bar.*,api_bar_member.pay_status,api_bar_member.member_id as current_member_id,api_bar_member.pay_price as order_price FROM `api_bar_member` join api_bar ON api_bar.id=api_bar_member.bar_id  WHERE api_bar_member.id = '24' LIMIT 1   [ RunTime:0.0390s ]
SQL: UPDATE `api_bar_member` SET `pay_status`='2',`pay_type`='2',`updated_time`='1521689405' WHERE `id` = 24 [ RunTime:0.0360s ]
SQL: SHOW COLUMNS FROM `api_payment_record` [ RunTime:0.0400s ]
SQL: INSERT INTO `api_payment_record` (`member_id`,`merchant_id`,`order_id`,`order_no`,`appid`,`mch_id`,`trade_type`,`order_fee`,`receipt_fee`,`trade_no`,`end_time`,`pay_type`,`buy_type`,`payment`,`created_time`) VALUES ('13','1','24','4521688074004555','wxa69e89cc7261ae4f','1496908062','JSAPI','0.01','0.01','4200000063201803223242640183','1521688094','1','3','2','1521689405') [ RunTime:0.0390s ]
SQL: SELECT COUNT(*) AS tp_count FROM `api_bar_member` WHERE `bar_id` = 34 AND `pay_status` = 2 LIMIT 1   [ RunTime:0.0380s ]
SQL: SHOW COLUMNS FROM `api_bar` [ RunTime:0.0400s ]
SQL: UPDATE `api_bar` SET `bar_status`='2',`updated_time`='1521689405' WHERE `id` = 34 [ RunTime:0.0360s ]
SQL: SHOW COLUMNS FROM `api_order` [ RunTime:0.0380s ]
ERR: 1062:Duplicate entry '3521688074001625' for key 'order_no'
 [ SQL语句 ] : INSERT INTO `api_order` (`order_no`,`merchant_id`,`member_id`,`contacts_realname`,`contacts_tel`,`contacts_sex`,`total_price`,`pay_price`,`purchase_price`,`settlement_status`,`order_type`,`payment`,`description`,`arrives_time`,`created_time`,`updated_time`,`take_time`,`top_order_id`,`is_evaluate`,`is_bar`,`is_xu`) VALUES ('3521688074001625','1','13','','15184454658','2','0.01','0.01','0.00','0','2','0','水电费黄飞鸿','1521648000','1521688074','1521689405','1521648000','0','0','1','0')
ERR: 1062:Duplicate entry '3521688074001625' for key 'order_no'
 [ SQL语句 ] : INSERT INTO `api_order` (`order_no`,`merchant_id`,`member_id`,`contacts_realname`,`contacts_tel`,`contacts_sex`,`total_price`,`pay_price`,`purchase_price`,`settlement_status`,`order_type`,`payment`,`description`,`arrives_time`,`created_time`,`updated_time`,`take_time`,`top_order_id`,`is_evaluate`,`is_bar`,`is_xu`) VALUES ('3521688074001625','1','13','','15184454658','2','0.01','0.01','0.00','0','2','0','水电费黄飞鸿','1521648000','1521688074','1521689405','1521648000','0','0','1','0')

